2021-07-27 10:10:53,957 - writeCaseYaml.py - DEBUG: 从F:/pythoncode/learn_pytest_20200720/data/目录下，读取文件kkk.chlsj
2021-07-27 10:10:53,979 - mkDir.py - DEBUG: logs目录已存在：F:/pythoncode/learn_pytest_20200720/page/home
2021-07-27 10:10:54,541 - initializePremise.py - INFO: 执行测试用例前置接口
2021-07-27 10:10:54,542 - apiSend.py - INFO: ================================================================================
2021-07-27 10:10:54,542 - apiSend.py - DEBUG: 请求头处理结果：{'Authorization': 'Bearer 456df6890aa2b770ab2438d673c1bc81', 'X-Liuyi-App-Key': '6682119c5d55765c882bd2d9997df2c1'}
2021-07-27 10:10:54,542 - apiSend.py - DEBUG: 请求参数处理结果：{'aaa': '123'}
2021-07-27 10:10:54,542 - apiSend.py - DEBUG: host处理结果： api.652615.com
2021-07-27 10:10:54,542 - apiSend.py - INFO: 请求接口：famous_list
2021-07-27 10:10:54,542 - apiSend.py - INFO: 请求头: {'Authorization': 'Bearer 456df6890aa2b770ab2438d673c1bc81', 'X-Liuyi-App-Key': '6682119c5d55765c882bd2d9997df2c1'}
2021-07-27 10:10:54,543 - apiSend.py - INFO: 请求参数: {'aaa': '123'}
2021-07-27 10:10:54,543 - apiSend.py - INFO: 请求方法: GET
2021-07-27 10:10:54,547 - connectionpool.py - DEBUG: Starting new HTTP connection (1): api.652615.com:80
2021-07-27 10:10:54,622 - connectionpool.py - DEBUG: http://api.652615.com:80 "GET /liuyi/rest79/user/first_in?aaa=123 HTTP/1.1" 200 53
2021-07-27 10:10:54,623 - apiSend.py - INFO: 请求接口结果：
 (200, {'code': 200, 'data': {'first': 0, 'type': 1}, 'message': ''})
2021-07-27 10:10:54,623 - readResultRelevance.py - DEBUG: 从返回结果中根据关联键['type']提取值
2021-07-27 10:10:54,700 - readResultRelevance.py - DEBUG: 提取后，关联键对象
{'type': 1}
2021-07-27 10:10:54,720 - apiSend.py - INFO: ================================================================================
2021-07-27 10:10:54,721 - apiSend.py - DEBUG: 请求头处理结果：{'Authorization': 'Bearer 456df6890aa2b770ab2438d673c1bc81', 'X-Liuyi-App-Key': '56a4e68905234a46f413f7011376d2e0', 'X-Liuyi-Device-ID': '1B71FD42-A458-4E9A-9A0D-94AE0827AE7A'}
2021-07-27 10:10:54,721 - apiSend.py - DEBUG: 请求参数处理结果：{'pageNo': '1', 'pageSize': '5', 'type': 1}
2021-07-27 10:10:54,721 - apiSend.py - DEBUG: host处理结果： api.652615.com
2021-07-27 10:10:54,721 - apiSend.py - INFO: 请求接口：famous_list
2021-07-27 10:10:54,721 - apiSend.py - INFO: 请求头: {'Authorization': 'Bearer 456df6890aa2b770ab2438d673c1bc81', 'X-Liuyi-App-Key': '56a4e68905234a46f413f7011376d2e0', 'X-Liuyi-Device-ID': '1B71FD42-A458-4E9A-9A0D-94AE0827AE7A'}
2021-07-27 10:10:54,721 - apiSend.py - INFO: 请求参数: {'pageNo': '1', 'pageSize': '5', 'type': 1}
2021-07-27 10:10:54,721 - apiSend.py - INFO: 请求方法: GET
2021-07-27 10:10:54,723 - connectionpool.py - DEBUG: Starting new HTTP connection (1): api.652615.com:80
2021-07-27 10:10:54,814 - connectionpool.py - DEBUG: http://api.652615.com:80 "GET /liuyi/rest72/home/famous_list?pageNo=1&pageSize=5&type=1 HTTP/1.1" 200 2890
2021-07-27 10:10:54,815 - apiSend.py - INFO: 请求接口结果：
 (200, {'code': 200, 'data': [{'cover': 'http://image.652615.com/2020/10/cc069bbbaae24043947c072758a3d23a.png', 'detail': '手机认证 放心到账', 'id': '1036060062887886848', 'loanMax': 60000, 'loanMin': 5000, 'loanTerm': '三个月', 'loanUrl': 'https://nnyjapi.chaojibaobei.net/api/c/qrvz', 'logo': 'http://image.652615.com/2021/07/a472f381880d47f2b5cefde5acc44f6e.png', 'numbers': 7566, 'passing': 0, 'rate': 0.03, 'rateType': 0, 'seal': '会员专享贷', 'sealLogo': 'http://image.652615.com/2021/05/dbb6926c4134493788e72b5e59f91bab.png', 'termMax': 3, 'termMaxType': 0, 'termMin': 1, 'termMinType': 0, 'title': '融银分期', 'vipLimit': 0}, {'cover': 'http://image.652615.com/2020/10/55fb0100c27342dc9c959ffb1a7a5885.png', 'detail': '大额度 快速审核', 'id': '1060946072540250112', 'loanMax': 20000, 'loanMin': 2000, 'loanTerm': '12', 'loanUrl': 'https://jsfk.h5.xuejiefq.com/#/dc?push_str=sd123', 'logo': 'http://image.652615.com/2021/07/a9dec031b1f44cf8ad8ee931e154a308.png', 'numbers': 6722, 'passing': 0, 'rate': 0.02, 'rateType': 0, 'seal': '会员助力贷', 'sealLogo': 'http://image.652615.com/2020/12/eed3abe9bf364c32b700799fbcafacf2.png', 'termMax': 12, 'termMaxType': 1, 'termMin': 1, 'termMinType': 1, 'title': '极速放款', 'vipLimit': 0}, {'cover': 'http://image.652615.com/2020/07/a83dfdc77fb44a41a8f7a8f788dff81e.png', 'detail': '今日申请，线上审核', 'id': '1058839024428089344', 'loanMax': 50000, 'loanMin': 2000, 'loanTerm': '12', 'loanUrl': 'http://d.ryfcn.com/qj73', 'logo': 'http://image.652615.com/2021/07/8a2b4cb86fe5490da47b2e40878de8e4.png', 'numbers': 7929, 'passing': 0, 'rate': 0.02, 'rateType': 1, 'seal': '会员专享', 'sealLogo': 'http://image.652615.com/2021/04/edf7132ba7454c0e9f4d21d9cb6feef6.png', 'termMax': 12, 'termMaxType': 1, 'termMin': 1, 'termMinType': 1, 'title': '开薪优品', 'vipLimit': 0}, {'cover': 'http://image.652615.com/2020/11/893c603027394466837847912b4c3e81.png', 'detail': '必下款，随取随用', 'id': '1060987874181873664', 'loanMax': 200000, 'loanMin': 2000, 'loanTerm': '12', 'loanUrl': 'http://d.ryfcn.com/2lra', 'logo': 'http://image.652615.com/2021/07/83c62f589df341e780bcc5fd0d70d639.png', 'numbers': 7992, 'passing': 0, 'rate': 0.03, 'rateType': 0, 'seal': '会员分期贷', 'sealLogo': 'http://image.652615.com/2021/01/584dce86dcb84ae99413605fd439b30f.png', 'termMax': 12, 'termMaxType': 1, 'termMin': 1, 'termMinType': 1, 'title': '甜橙分期', 'vipLimit': 0}, {'cover': 'http://image.652615.com/2020/09/3efb8650361f44a2834e8324f05217d2.png', 'detail': '好额度 免征信', 'id': '1037087330611412992', 'loanMax': 45000, 'loanMin': 5000, 'loanTerm': '三个月', 'loanUrl': 'https://ysfq.shxyit.cn/74NkSm', 'logo': 'http://image.652615.com/2021/07/f3ea5862d17a4694b36afc4b606a18d6.png', 'numbers': 10642, 'passing': 0, 'rate': 0.02, 'rateType': 0, 'seal': '会员专属贷', 'sealLogo': 'http://image.652615.com/2020/09/3295041c3f814941b843e7a5fb60269c.png', 'termMax': 3, 'termMaxType': 0, 'termMin': 1, 'termMinType': 0, 'title': '嘀嗒分期-极速', 'vipLimit': 0}], 'message': ''})
2021-07-27 10:16:56,058 - writeCaseYaml.py - DEBUG: 从F:/pythoncode/learn_pytest_20200720/data/目录下，读取文件kkk.chlsj
2021-07-27 10:16:56,058 - mkDir.py - DEBUG: logs目录已存在：F:/pythoncode/learn_pytest_20200720/page/home
2021-07-27 10:16:56,560 - initializePremise.py - INFO: 执行测试用例前置接口
2021-07-27 10:16:56,560 - apiSend.py - INFO: ================================================================================
2021-07-27 10:16:56,561 - apiSend.py - DEBUG: 请求头处理结果：{'Authorization': 'Bearer 456df6890aa2b770ab2438d673c1bc81', 'X-Liuyi-App-Key': '6682119c5d55765c882bd2d9997df2c1'}
2021-07-27 10:16:56,561 - apiSend.py - DEBUG: 请求参数处理结果：{'aaa': '123'}
2021-07-27 10:16:56,561 - apiSend.py - DEBUG: host处理结果： api.652615.com
2021-07-27 10:16:56,561 - apiSend.py - INFO: 请求接口：famous_list
2021-07-27 10:16:56,561 - apiSend.py - INFO: 请求头: {'Authorization': 'Bearer 456df6890aa2b770ab2438d673c1bc81', 'X-Liuyi-App-Key': '6682119c5d55765c882bd2d9997df2c1'}
2021-07-27 10:16:56,561 - apiSend.py - INFO: 请求参数: {'aaa': '123'}
2021-07-27 10:16:56,561 - apiSend.py - INFO: 请求方法: GET
2021-07-27 10:16:56,564 - connectionpool.py - DEBUG: Starting new HTTP connection (1): api.652615.com:80
2021-07-27 10:16:56,650 - connectionpool.py - DEBUG: http://api.652615.com:80 "GET /liuyi/rest79/user/first_in?aaa=123 HTTP/1.1" 200 53
2021-07-27 10:16:56,651 - apiSend.py - INFO: 请求接口结果：
 (200, {'code': 200, 'data': {'first': 0, 'type': 1}, 'message': ''})
2021-07-27 10:16:56,651 - readResultRelevance.py - DEBUG: 从返回结果中根据关联键['type']提取值
2021-07-27 10:16:56,651 - readResultRelevance.py - DEBUG: 提取后，关联键对象
{'type': 1}
2021-07-27 10:16:56,670 - apiSend.py - INFO: ================================================================================
2021-07-27 10:16:56,671 - apiSend.py - DEBUG: 请求头处理结果：{'Authorization': 'Bearer 456df6890aa2b770ab2438d673c1bc81', 'X-Liuyi-App-Key': '56a4e68905234a46f413f7011376d2e0', 'X-Liuyi-Device-ID': '1B71FD42-A458-4E9A-9A0D-94AE0827AE7A'}
2021-07-27 10:16:56,671 - apiSend.py - DEBUG: 请求参数处理结果：{'pageNo': '1', 'pageSize': '5', 'type': 1}
2021-07-27 10:16:56,671 - apiSend.py - DEBUG: host处理结果： api.652615.com
2021-07-27 10:16:56,671 - apiSend.py - INFO: 请求接口：famous_list
2021-07-27 10:16:56,671 - apiSend.py - INFO: 请求头: {'Authorization': 'Bearer 456df6890aa2b770ab2438d673c1bc81', 'X-Liuyi-App-Key': '56a4e68905234a46f413f7011376d2e0', 'X-Liuyi-Device-ID': '1B71FD42-A458-4E9A-9A0D-94AE0827AE7A'}
2021-07-27 10:16:56,671 - apiSend.py - INFO: 请求参数: {'pageNo': '1', 'pageSize': '5', 'type': 1}
2021-07-27 10:16:56,671 - apiSend.py - INFO: 请求方法: GET
2021-07-27 10:16:56,673 - connectionpool.py - DEBUG: Starting new HTTP connection (1): api.652615.com:80
2021-07-27 10:16:56,772 - connectionpool.py - DEBUG: http://api.652615.com:80 "GET /liuyi/rest72/home/famous_list?pageNo=1&pageSize=5&type=1 HTTP/1.1" 200 2919
2021-07-27 10:16:56,772 - apiSend.py - INFO: 请求接口结果：
 (200, {'code': 200, 'data': [{'cover': 'http://image.652615.com/2021/06/c38164a603134cb297d82b2d0187b804.png', 'detail': '全新口子，资金充足', 'id': '1037091369302540288', 'loanMax': 100000, 'loanMin': 4000, 'loanTerm': '三个月', 'loanUrl': 'https://xyqb-app.scyouka.cn/?invite=Ep3vzd&channel=jzEqzy', 'logo': 'http://image.652615.com/2021/07/e960660d35ff488d9dd36be8346ad1e9.png', 'numbers': 3882, 'passing': 0, 'rate': 0.02, 'rateType': 0, 'seal': '会员大额贷', 'sealLogo': 'http://image.652615.com/2020/09/5295059a529d40a7ad95fca6bc56c085.png', 'termMax': 3, 'termMaxType': 0, 'termMin': 1, 'termMinType': 0, 'title': '信用优享', 'vipLimit': 0}, {'cover': 'http://image.652615.com/2020/10/cc069bbbaae24043947c072758a3d23a.png', 'detail': '手机认证 放心到账', 'id': '1036060062887886848', 'loanMax': 60000, 'loanMin': 5000, 'loanTerm': '三个月', 'loanUrl': 'https://nnyjapi.chaojibaobei.net/api/c/qrvz', 'logo': 'http://image.652615.com/2021/07/a472f381880d47f2b5cefde5acc44f6e.png', 'numbers': 7566, 'passing': 0, 'rate': 0.03, 'rateType': 0, 'seal': '会员专享贷', 'sealLogo': 'http://image.652615.com/2021/05/dbb6926c4134493788e72b5e59f91bab.png', 'termMax': 3, 'termMaxType': 0, 'termMin': 1, 'termMinType': 0, 'title': '融银分期', 'vipLimit': 0}, {'cover': 'http://image.652615.com/2020/10/55fb0100c27342dc9c959ffb1a7a5885.png', 'detail': '大额度 快速审核', 'id': '1060946072540250112', 'loanMax': 20000, 'loanMin': 2000, 'loanTerm': '12', 'loanUrl': 'https://jsfk.h5.xuejiefq.com/#/dc?push_str=sd123', 'logo': 'http://image.652615.com/2021/07/a9dec031b1f44cf8ad8ee931e154a308.png', 'numbers': 6722, 'passing': 0, 'rate': 0.02, 'rateType': 0, 'seal': '会员助力贷', 'sealLogo': 'http://image.652615.com/2020/12/eed3abe9bf364c32b700799fbcafacf2.png', 'termMax': 12, 'termMaxType': 1, 'termMin': 1, 'termMinType': 1, 'title': '极速放款', 'vipLimit': 0}, {'cover': 'http://image.652615.com/2020/07/a83dfdc77fb44a41a8f7a8f788dff81e.png', 'detail': '今日申请，线上审核', 'id': '1058839024428089344', 'loanMax': 50000, 'loanMin': 2000, 'loanTerm': '12', 'loanUrl': 'http://d.ryfcn.com/qj73', 'logo': 'http://image.652615.com/2021/07/8a2b4cb86fe5490da47b2e40878de8e4.png', 'numbers': 7929, 'passing': 0, 'rate': 0.02, 'rateType': 1, 'seal': '会员专享', 'sealLogo': 'http://image.652615.com/2021/04/edf7132ba7454c0e9f4d21d9cb6feef6.png', 'termMax': 12, 'termMaxType': 1, 'termMin': 1, 'termMinType': 1, 'title': '开薪优品', 'vipLimit': 0}, {'cover': 'http://image.652615.com/2020/11/893c603027394466837847912b4c3e81.png', 'detail': '必下款，随取随用', 'id': '1060987874181873664', 'loanMax': 200000, 'loanMin': 2000, 'loanTerm': '12', 'loanUrl': 'http://d.ryfcn.com/2lra', 'logo': 'http://image.652615.com/2021/07/83c62f589df341e780bcc5fd0d70d639.png', 'numbers': 7992, 'passing': 0, 'rate': 0.03, 'rateType': 0, 'seal': '会员分期贷', 'sealLogo': 'http://image.652615.com/2021/01/584dce86dcb84ae99413605fd439b30f.png', 'termMax': 12, 'termMaxType': 1, 'termMin': 1, 'termMinType': 1, 'title': '甜橙分期', 'vipLimit': 0}], 'message': ''})
2021-07-27 10:38:09,827 - writeCaseYaml.py - DEBUG: 从F:/pythoncode/learn_pytest_20200720/data/目录下，读取文件kkk.chlsj
2021-07-27 10:38:09,828 - mkDir.py - DEBUG: logs目录已存在：F:/pythoncode/learn_pytest_20200720/page/home
2021-07-27 10:38:10,450 - initializePremise.py - INFO: 执行测试用例前置接口
2021-07-27 10:38:10,450 - apiSend.py - INFO: ================================================================================
2021-07-27 10:38:10,450 - apiSend.py - DEBUG: 请求头处理结果：{'Authorization': 'Bearer 456df6890aa2b770ab2438d673c1bc81', 'X-Liuyi-App-Key': '6682119c5d55765c882bd2d9997df2c1'}
2021-07-27 10:38:10,450 - apiSend.py - DEBUG: 请求参数处理结果：{'aaa': '123'}
2021-07-27 10:38:10,451 - apiSend.py - DEBUG: host处理结果： api.652615.com
2021-07-27 10:38:10,451 - apiSend.py - INFO: 请求接口：famous_list
2021-07-27 10:38:10,451 - apiSend.py - INFO: 请求头: {'Authorization': 'Bearer 456df6890aa2b770ab2438d673c1bc81', 'X-Liuyi-App-Key': '6682119c5d55765c882bd2d9997df2c1'}
2021-07-27 10:38:10,451 - apiSend.py - INFO: 请求参数: {'aaa': '123'}
2021-07-27 10:38:10,474 - apiSend.py - INFO: 请求方法: GET
2021-07-27 10:38:10,477 - connectionpool.py - DEBUG: Starting new HTTP connection (1): api.652615.com:80
2021-07-27 10:38:10,559 - connectionpool.py - DEBUG: http://api.652615.com:80 "GET /liuyi/rest79/user/first_in?aaa=123 HTTP/1.1" 200 53
2021-07-27 10:38:10,560 - apiSend.py - INFO: 请求接口结果：
 (200, {'code': 200, 'data': {'first': 0, 'type': 1}, 'message': ''})
2021-07-27 10:38:10,561 - readResultRelevance.py - DEBUG: 从返回结果中根据关联键['type']提取值
2021-07-27 10:38:10,561 - readResultRelevance.py - DEBUG: 提取后，关联键对象
{'type': 1}
2021-07-27 10:38:10,583 - apiSend.py - INFO: ================================================================================
2021-07-27 10:38:10,583 - apiSend.py - DEBUG: 请求头处理结果：{'Authorization': 'Bearer 456df6890aa2b770ab2438d673c1bc81', 'X-Liuyi-App-Key': '56a4e68905234a46f413f7011376d2e0', 'X-Liuyi-Device-ID': '1B71FD42-A458-4E9A-9A0D-94AE0827AE7A'}
2021-07-27 10:38:10,583 - apiSend.py - DEBUG: 请求参数处理结果：{'pageNo': '1', 'pageSize': '5', 'type': 1}
2021-07-27 10:38:10,583 - apiSend.py - DEBUG: host处理结果： api.652615.com
2021-07-27 10:38:10,584 - apiSend.py - INFO: 请求接口：famous_list
2021-07-27 10:38:10,584 - apiSend.py - INFO: 请求头: {'Authorization': 'Bearer 456df6890aa2b770ab2438d673c1bc81', 'X-Liuyi-App-Key': '56a4e68905234a46f413f7011376d2e0', 'X-Liuyi-Device-ID': '1B71FD42-A458-4E9A-9A0D-94AE0827AE7A'}
2021-07-27 10:38:10,584 - apiSend.py - INFO: 请求参数: {'pageNo': '1', 'pageSize': '5', 'type': 1}
2021-07-27 10:38:10,587 - apiSend.py - INFO: 请求方法: GET
2021-07-27 10:38:10,588 - connectionpool.py - DEBUG: Starting new HTTP connection (1): api.652615.com:80
2021-07-27 10:38:10,685 - connectionpool.py - DEBUG: http://api.652615.com:80 "GET /liuyi/rest72/home/famous_list?pageNo=1&pageSize=5&type=1 HTTP/1.1" 200 2933
2021-07-27 10:38:10,686 - apiSend.py - INFO: 请求接口结果：
 (200, {'code': 200, 'data': [{'cover': 'http://image.652615.com/2020/10/cc069bbbaae24043947c072758a3d23a.png', 'detail': '手机认证 放心到账', 'id': '1036060062887886848', 'loanMax': 60000, 'loanMin': 5000, 'loanTerm': '三个月', 'loanUrl': 'https://nnyjapi.chaojibaobei.net/api/c/qrvz', 'logo': 'http://image.652615.com/2021/07/a472f381880d47f2b5cefde5acc44f6e.png', 'numbers': 7566, 'passing': 0, 'rate': 0.03, 'rateType': 0, 'seal': '会员专享贷', 'sealLogo': 'http://image.652615.com/2021/05/dbb6926c4134493788e72b5e59f91bab.png', 'termMax': 3, 'termMaxType': 0, 'termMin': 1, 'termMinType': 0, 'title': '融银分期', 'vipLimit': 0}, {'cover': 'http://image.652615.com/2021/06/c38164a603134cb297d82b2d0187b804.png', 'detail': '全新口子，资金充足', 'id': '1037091369302540288', 'loanMax': 100000, 'loanMin': 4000, 'loanTerm': '三个月', 'loanUrl': 'https://xyqb-app.scyouka.cn/?invite=Ep3vzd&channel=jzEqzy', 'logo': 'http://image.652615.com/2021/07/e960660d35ff488d9dd36be8346ad1e9.png', 'numbers': 3882, 'passing': 0, 'rate': 0.02, 'rateType': 0, 'seal': '会员大额贷', 'sealLogo': 'http://image.652615.com/2020/09/5295059a529d40a7ad95fca6bc56c085.png', 'termMax': 3, 'termMaxType': 0, 'termMin': 1, 'termMinType': 0, 'title': '信用优享', 'vipLimit': 0}, {'cover': 'http://image.652615.com/2020/10/55fb0100c27342dc9c959ffb1a7a5885.png', 'detail': '大额度 快速审核', 'id': '1060946072540250112', 'loanMax': 20000, 'loanMin': 2000, 'loanTerm': '12', 'loanUrl': 'https://jsfk.h5.xuejiefq.com/#/dc?push_str=sd123', 'logo': 'http://image.652615.com/2021/07/a9dec031b1f44cf8ad8ee931e154a308.png', 'numbers': 6722, 'passing': 0, 'rate': 0.02, 'rateType': 0, 'seal': '会员助力贷', 'sealLogo': 'http://image.652615.com/2020/12/eed3abe9bf364c32b700799fbcafacf2.png', 'termMax': 12, 'termMaxType': 1, 'termMin': 1, 'termMinType': 1, 'title': '极速放款', 'vipLimit': 0}, {'cover': 'http://image.652615.com/2020/07/a83dfdc77fb44a41a8f7a8f788dff81e.png', 'detail': '今日申请，线上审核', 'id': '1058839024428089344', 'loanMax': 50000, 'loanMin': 2000, 'loanTerm': '12', 'loanUrl': 'http://d.ryfcn.com/qj73', 'logo': 'http://image.652615.com/2021/07/8a2b4cb86fe5490da47b2e40878de8e4.png', 'numbers': 7929, 'passing': 0, 'rate': 0.02, 'rateType': 1, 'seal': '会员专享', 'sealLogo': 'http://image.652615.com/2021/04/edf7132ba7454c0e9f4d21d9cb6feef6.png', 'termMax': 12, 'termMaxType': 1, 'termMin': 1, 'termMinType': 1, 'title': '开薪优品', 'vipLimit': 0}, {'cover': 'http://image.652615.com/2020/09/3efb8650361f44a2834e8324f05217d2.png', 'detail': '好额度 免征信', 'id': '1037087330611412992', 'loanMax': 45000, 'loanMin': 5000, 'loanTerm': '三个月', 'loanUrl': 'https://ysfq.shxyit.cn/74NkSm', 'logo': 'http://image.652615.com/2021/07/f3ea5862d17a4694b36afc4b606a18d6.png', 'numbers': 10642, 'passing': 0, 'rate': 0.02, 'rateType': 0, 'seal': '会员专属贷', 'sealLogo': 'http://image.652615.com/2020/09/3295041c3f814941b843e7a5fb60269c.png', 'termMax': 3, 'termMaxType': 0, 'termMin': 1, 'termMinType': 0, 'title': '嘀嗒分期-极速', 'vipLimit': 0}], 'message': ''})
2021-07-27 11:05:36,535 - writeCaseYaml.py - DEBUG: 从F:/pythoncode/learn_pytest_20200720/data/目录下，读取文件douban.chlsj
2021-07-27 11:05:36,536 - writeCaseYaml.py - ERROR: 未找到parameter: Expecting value: line 1 column 1 (char 0)
2021-07-27 11:20:52,791 - writeCaseYaml.py - DEBUG: 从F:/pythoncode/learn_pytest_20200720/data/目录下，读取文件douban.chlsj
2021-07-27 11:20:52,792 - writeCaseYaml.py - ERROR: 未找到parameter: Expecting value: line 1 column 1 (char 0)
2021-07-27 11:27:07,877 - writeCaseYaml.py - DEBUG: 从F:/pythoncode/learn_pytest_20200720/data/目录下，读取文件douban.chlsj
2021-07-27 11:27:07,877 - writeCaseYaml.py - ERROR: 未找到parameter: Expecting value: line 1 column 1 (char 0)
2021-07-27 11:29:15,453 - writeCaseYaml.py - DEBUG: 从F:/pythoncode/learn_pytest_20200720/data/目录下，读取文件douban.chlsj
2021-07-27 11:29:15,454 - writeCaseYaml.py - ERROR: 未找到parameter: local variable 'key' referenced before assignment
2021-07-27 11:31:39,069 - writeCaseYaml.py - DEBUG: 从F:/pythoncode/learn_pytest_20200720/data/目录下，读取文件douban.chlsj
2021-07-27 11:31:39,069 - writeCaseYaml.py - ERROR: 未找到parameter: list index out of range
2021-07-27 11:34:26,935 - writeCaseYaml.py - DEBUG: 从F:/pythoncode/learn_pytest_20200720/data/目录下，读取文件douban.chlsj
2021-07-27 11:34:26,936 - writeCaseYaml.py - ERROR: 未找到parameter: Expecting value: line 1 column 1 (char 0)
2021-07-27 11:35:01,531 - writeCaseYaml.py - DEBUG: 从F:/pythoncode/learn_pytest_20200720/data/目录下，读取文件douban.chlsj
2021-07-27 11:35:01,532 - writeCaseYaml.py - ERROR: 未找到parameter: Expecting value: line 1 column 1 (char 0)
2021-07-27 11:38:36,243 - writeCaseYaml.py - DEBUG: 从F:/pythoncode/learn_pytest_20200720/data/目录下，读取文件douban.chlsj
2021-07-27 11:38:36,244 - mkDir.py - DEBUG: logs目录已存在：F:/pythoncode/learn_pytest_20200720/page
2021-07-27 11:38:36,246 - writeCaseYaml.py - DEBUG: 从F:/pythoncode/learn_pytest_20200720/page/目录下，写入测试文件F:/pythoncode/learn_pytest_20200720/page//api.yml
2021-07-27 11:38:36,252 - mkDir.py - DEBUG: logs目录已存在：F:/pythoncode/learn_pytest_20200720/testcase
2021-07-27 11:45:10,739 - writeCaseYaml.py - DEBUG: 从F:/pythoncode/learn_pytest_20200720/data/目录下，读取文件douban.chlsj
2021-07-27 11:45:10,740 - mkDir.py - DEBUG: logs目录已存在：F:/pythoncode/learn_pytest_20200720/page
2021-07-27 11:45:44,829 - writeCaseYaml.py - DEBUG: 从F:/pythoncode/learn_pytest_20200720/data/目录下，读取文件douban.chlsj
2021-07-27 11:45:44,830 - mkDir.py - DEBUG: logs目录已存在：F:/pythoncode/learn_pytest_20200720/page
2021-07-27 11:45:44,832 - writeCaseYaml.py - DEBUG: 从F:/pythoncode/learn_pytest_20200720/page/目录下，写入测试文件F:/pythoncode/learn_pytest_20200720/page//api.yml
2021-07-27 11:45:44,838 - mkDir.py - DEBUG: logs目录已存在：F:/pythoncode/learn_pytest_20200720/testcase
2021-07-27 13:30:36,678 - writeCaseYaml.py - DEBUG: 从F:/pythoncode/learn_pytest_20200720/data/目录下，读取文件douban.chlsj
2021-07-27 13:30:36,679 - mkDir.py - DEBUG: logs目录已存在：F:/pythoncode/learn_pytest_20200720/page
2021-07-27 13:30:53,043 - writeCaseYaml.py - DEBUG: 从F:/pythoncode/learn_pytest_20200720/data/目录下，读取文件douban.chlsj
2021-07-27 13:30:53,044 - mkDir.py - DEBUG: logs目录已存在：F:/pythoncode/learn_pytest_20200720/page
2021-07-27 13:30:53,046 - writeCaseYaml.py - DEBUG: 从F:/pythoncode/learn_pytest_20200720/page/目录下，写入测试文件F:/pythoncode/learn_pytest_20200720/page//api.yml
2021-07-27 13:30:53,052 - mkDir.py - DEBUG: logs目录已存在：F:/pythoncode/learn_pytest_20200720/testcase/home
2021-07-27 13:31:45,608 - writeCaseYaml.py - DEBUG: 从F:/pythoncode/learn_pytest_20200720/data/目录下，读取文件douban.chlsj
2021-07-27 13:31:45,608 - mkDir.py - DEBUG: logs目录已存在：F:/pythoncode/learn_pytest_20200720/page
2021-07-27 13:31:55,598 - writeCaseYaml.py - DEBUG: 从F:/pythoncode/learn_pytest_20200720/data/目录下，读取文件douban.chlsj
2021-07-27 13:31:55,599 - mkDir.py - DEBUG: logs目录已存在：F:/pythoncode/learn_pytest_20200720/page
2021-07-27 13:33:21,985 - writeCaseYaml.py - DEBUG: 从F:/pythoncode/learn_pytest_20200720/data/目录下，读取文件douban.chlsj
2021-07-27 13:33:21,986 - mkDir.py - DEBUG: logs目录已存在：F:/pythoncode/learn_pytest_20200720/page
2021-07-27 13:33:21,987 - writeCaseYaml.py - DEBUG: 从F:/pythoncode/learn_pytest_20200720/data/目录下，读取文件kkk.chlsj
2021-07-27 13:33:22,088 - writeCaseYaml.py - DEBUG: 从F:/pythoncode/learn_pytest_20200720/page/home目录下，写入测试文件F:/pythoncode/learn_pytest_20200720/page/home/famous_list.yml
2021-07-27 13:34:28,251 - writeCaseYaml.py - DEBUG: 从F:/pythoncode/learn_pytest_20200720/data/目录下，读取文件douban.chlsj
2021-07-27 13:34:28,255 - writeCaseYaml.py - DEBUG: 从F:/pythoncode/learn_pytest_20200720/page/home目录下，写入测试文件F:/pythoncode/learn_pytest_20200720/page/home/api.yml
2021-07-27 13:34:28,260 - writeCaseYaml.py - DEBUG: 从F:/pythoncode/learn_pytest_20200720/data/目录下，读取文件kkk.chlsj
2021-07-27 13:34:28,262 - writeCaseYaml.py - DEBUG: 从F:/pythoncode/learn_pytest_20200720/page/homehome目录下，写入测试文件F:/pythoncode/learn_pytest_20200720/page/homehome/famous_list.yml
2021-07-27 13:34:28,266 - mkDir.py - DEBUG: logs目录已存在：F:/pythoncode/learn_pytest_20200720/testcase/home
2021-07-27 13:34:28,267 - mkDir.py - DEBUG: logs目录已存在：F:/pythoncode/learn_pytest_20200720/testcase/homehome
2021-07-27 13:39:29,133 - writeCaseYaml.py - DEBUG: 从F:/pythoncode/learn_pytest_20200720/data/目录下，读取文件douban.chlsj
2021-07-27 13:39:29,134 - mkDir.py - DEBUG: logs目录已存在：F:/pythoncode/learn_pytest_20200720/page
2021-07-27 13:39:29,136 - writeCaseYaml.py - DEBUG: 从F:/pythoncode/learn_pytest_20200720/page/目录下，写入测试文件F:/pythoncode/learn_pytest_20200720/page//api.yml
2021-07-27 13:39:29,141 - writeCaseYaml.py - DEBUG: 从F:/pythoncode/learn_pytest_20200720/data/目录下，读取文件kkk.chlsj
2021-07-27 13:39:29,144 - writeCaseYaml.py - DEBUG: 从F:/pythoncode/learn_pytest_20200720/page/home目录下，写入测试文件F:/pythoncode/learn_pytest_20200720/page/home/famous_list.yml
2021-07-27 13:39:29,148 - mkDir.py - DEBUG: logs目录已存在：F:/pythoncode/learn_pytest_20200720/testcase
2021-07-27 13:44:14,408 - writeCaseYaml.py - DEBUG: 从F:/pythoncode/learn_pytest_20200720/data/目录下，读取文件douban.chlsj
2021-07-27 13:44:14,411 - writeCaseYaml.py - DEBUG: 从F:/pythoncode/learn_pytest_20200720/page/目录下，写入测试文件F:/pythoncode/learn_pytest_20200720/page//api.yml
2021-07-27 13:44:14,416 - writeCaseYaml.py - DEBUG: 从F:/pythoncode/learn_pytest_20200720/data/目录下，读取文件kkk.chlsj
2021-07-27 13:44:41,455 - writeCaseYaml.py - DEBUG: 从F:/pythoncode/learn_pytest_20200720/data/目录下，读取文件douban.chlsj
2021-07-27 13:44:41,456 - writeCaseYaml.py - DEBUG: 从F:/pythoncode/learn_pytest_20200720/data/目录下，读取文件kkk.chlsj
2021-07-27 13:46:14,359 - writeCaseYaml.py - DEBUG: 从F:/pythoncode/learn_pytest_20200720/data/目录下，读取文件douban.chlsj
2021-07-27 13:46:14,360 - mkDir.py - DEBUG: logs目录已存在：F:/pythoncode/learn_pytest_20200720/page
2021-07-27 13:46:14,363 - writeCaseYaml.py - DEBUG: 从F:/pythoncode/learn_pytest_20200720/page/目录下，写入测试文件F:/pythoncode/learn_pytest_20200720/page//api.yml
2021-07-27 13:46:14,368 - mkDir.py - DEBUG: logs目录已存在：F:/pythoncode/learn_pytest_20200720/testcase
2021-07-27 13:48:12,119 - writeCaseYaml.py - DEBUG: 从F:/pythoncode/learn_pytest_20200720/data/目录下，读取文件douban.chlsj
2021-07-27 13:48:12,120 - mkDir.py - DEBUG: logs目录已存在：F:/pythoncode/learn_pytest_20200720/page
2021-07-27 13:48:26,154 - writeCaseYaml.py - DEBUG: 从F:/pythoncode/learn_pytest_20200720/data/目录下，读取文件douban.chlsj
2021-07-27 13:48:26,155 - mkDir.py - DEBUG: logs目录已存在：F:/pythoncode/learn_pytest_20200720/page
2021-07-27 13:50:22,766 - writeCaseYaml.py - DEBUG: 从F:/pythoncode/learn_pytest_20200720/data/目录下，读取文件douban.chlsj
2021-07-27 13:50:22,767 - mkDir.py - DEBUG: logs目录已存在：F:/pythoncode/learn_pytest_20200720/page
2021-07-27 15:26:02,924 - writeCaseYaml.py - DEBUG: 从F:/pythoncode/learn_pytest_20200720/data/目录下，读取文件douban.chlsj
2021-07-27 15:26:02,924 - mkDir.py - DEBUG: logs目录已存在：F:/pythoncode/learn_pytest_20200720/page
2021-07-27 15:26:02,927 - writeCaseYaml.py - DEBUG: 从F:/pythoncode/learn_pytest_20200720/page目录下，写入测试文件F:/pythoncode/learn_pytest_20200720/page/api.yml
2021-07-27 15:26:02,933 - mkDir.py - DEBUG: logs目录已存在：F:/pythoncode/learn_pytest_20200720/testcase
2021-07-27 15:27:31,784 - writeCaseYaml.py - DEBUG: 从F:/pythoncode/learn_pytest_20200720/data/目录下，读取文件douban.chlsj
2021-07-27 15:27:31,784 - mkDir.py - DEBUG: logs目录已存在：F:/pythoncode/learn_pytest_20200720/page
2021-07-27 15:27:31,785 - writeCaseYaml.py - DEBUG: 从F:/pythoncode/learn_pytest_20200720/data/目录下，读取文件kkk.chlsj
2021-07-27 15:27:31,812 - writeCaseYaml.py - DEBUG: 从F:/pythoncode/learn_pytest_20200720/pagehome目录下，写入测试文件F:/pythoncode/learn_pytest_20200720/pagehome/famous_list.yml
2021-07-27 15:32:55,733 - writeCaseYaml.py - DEBUG: 从F:/pythoncode/learn_pytest_20200720/data/目录下，读取文件douban.chlsj
2021-07-27 15:32:55,734 - mkDir.py - DEBUG: logs目录已存在：F:/pythoncode/learn_pytest_20200720/page
2021-07-27 15:32:55,736 - writeCaseYaml.py - DEBUG: 从F:/pythoncode/learn_pytest_20200720/page目录下，写入测试文件F:/pythoncode/learn_pytest_20200720/page/api.yml
2021-07-27 15:32:55,742 - writeCaseYaml.py - DEBUG: 从F:/pythoncode/learn_pytest_20200720/data/目录下，读取文件kkk.chlsj
2021-07-27 15:32:55,745 - writeCaseYaml.py - DEBUG: 从F:/pythoncode/learn_pytest_20200720/pagehome目录下，写入测试文件F:/pythoncode/learn_pytest_20200720/pagehome/famous_list.yml
2021-07-27 15:32:55,751 - mkDir.py - DEBUG: logs目录已存在：F:/pythoncode/learn_pytest_20200720/testcase
2021-07-27 15:38:27,630 - writeCaseYaml.py - DEBUG: 从F:/pythoncode/learn_pytest_20200720/data/目录下，读取文件douban.chlsj
2021-07-27 15:38:27,631 - mkDir.py - DEBUG: logs目录已存在：F:/pythoncode/learn_pytest_20200720/page
2021-07-27 15:38:27,633 - writeCaseYaml.py - DEBUG: 从F:/pythoncode/learn_pytest_20200720/page目录下，写入测试文件F:/pythoncode/learn_pytest_20200720/page/api.yml
2021-07-27 15:38:27,638 - writeCaseYaml.py - DEBUG: 从F:/pythoncode/learn_pytest_20200720/data/目录下，读取文件kkk.chlsj
2021-07-27 15:38:27,641 - writeCaseYaml.py - DEBUG: 从F:/pythoncode/learn_pytest_20200720/pagehome目录下，写入测试文件F:/pythoncode/learn_pytest_20200720/pagehome/famous_list.yml
2021-07-27 15:38:27,647 - mkDir.py - DEBUG: logs目录已存在：F:/pythoncode/learn_pytest_20200720/testcase
2021-07-27 16:09:11,198 - writeCaseYaml.py - DEBUG: 从F:/pythoncode/learn_pytest_20200720/data/目录下，读取文件douban.chlsj
2021-07-27 16:09:54,313 - writeCaseYaml.py - DEBUG: 从F:/pythoncode/learn_pytest_20200720/data/目录下，读取文件douban.chlsj
2021-07-27 16:09:54,314 - mkDir.py - DEBUG: logs目录已存在：F:/pythoncode/learn_pytest_20200720/page
2021-07-27 16:10:41,221 - writeCaseYaml.py - DEBUG: 从F:/pythoncode/learn_pytest_20200720/data/目录下，读取文件douban.chlsj
2021-07-27 16:10:41,222 - mkDir.py - DEBUG: logs目录已存在：F:/pythoncode/learn_pytest_20200720/page
2021-07-27 16:10:41,223 - writeCaseYaml.py - DEBUG: 从F:/pythoncode/learn_pytest_20200720/page目录下，写入测试文件F:/pythoncode/learn_pytest_20200720/page/api.yml
2021-07-27 16:10:41,228 - mkDir.py - DEBUG: logs目录已存在：F:/pythoncode/learn_pytest_20200720/testcase
2021-07-27 16:11:41,123 - writeCaseYaml.py - DEBUG: 从F:/pythoncode/learn_pytest_20200720/data/目录下，读取文件douban.chlsj
2021-07-27 16:11:41,124 - mkDir.py - DEBUG: logs目录已存在：F:/pythoncode/learn_pytest_20200720/page
2021-07-27 16:11:41,127 - writeCaseYaml.py - DEBUG: 从F:/pythoncode/learn_pytest_20200720/page目录下，写入测试文件F:/pythoncode/learn_pytest_20200720/page/api.yml
2021-07-27 16:11:41,134 - mkDir.py - DEBUG: logs目录已存在：F:/pythoncode/learn_pytest_20200720/testcase
2021-07-27 16:12:45,828 - writeCaseYaml.py - DEBUG: 从F:/pythoncode/learn_pytest_20200720/data/目录下，读取文件douban.chlsj
2021-07-27 16:12:45,829 - mkDir.py - DEBUG: logs目录已存在：F:/pythoncode/learn_pytest_20200720/page
2021-07-27 16:12:45,832 - writeCaseYaml.py - DEBUG: 从F:/pythoncode/learn_pytest_20200720/page目录下，写入测试文件F:/pythoncode/learn_pytest_20200720/page/api.yml
2021-07-27 16:12:45,838 - mkDir.py - DEBUG: logs目录已存在：F:/pythoncode/learn_pytest_20200720/testcase
2021-07-27 16:16:31,749 - writeCaseYaml.py - DEBUG: 从F:/pythoncode/learn_pytest_20200720/data/目录下，读取文件douban.chlsj
2021-07-27 16:16:31,750 - mkDir.py - DEBUG: logs目录已存在：F:/pythoncode/learn_pytest_20200720/page
2021-07-27 16:16:31,752 - writeCaseYaml.py - DEBUG: 从F:/pythoncode/learn_pytest_20200720/page目录下，写入测试文件F:/pythoncode/learn_pytest_20200720/page/api.yml
2021-07-27 16:16:31,757 - mkDir.py - DEBUG: logs目录已存在：F:/pythoncode/learn_pytest_20200720/testcase
2021-07-27 16:23:03,640 - writeCaseYaml.py - DEBUG: 从F:/pythoncode/learn_pytest_20200720/data/目录下，读取文件douban.chlsj
2021-07-27 16:23:03,641 - mkDir.py - DEBUG: logs目录已存在：F:/pythoncode/learn_pytest_20200720/page
2021-07-27 16:23:03,644 - writeCaseYaml.py - DEBUG: 从F:/pythoncode/learn_pytest_20200720/page目录下，写入测试文件F:/pythoncode/learn_pytest_20200720/page/api.yml
2021-07-27 16:23:03,649 - mkDir.py - DEBUG: logs目录已存在：F:/pythoncode/learn_pytest_20200720/testcase
2021-07-27 16:23:27,937 - writeCaseYaml.py - DEBUG: 从F:/pythoncode/learn_pytest_20200720/data/目录下，读取文件douban.chlsj
2021-07-27 16:23:27,938 - mkDir.py - DEBUG: logs目录已存在：F:/pythoncode/learn_pytest_20200720/page
2021-07-27 16:23:27,940 - writeCaseYaml.py - DEBUG: 从F:/pythoncode/learn_pytest_20200720/page目录下，写入测试文件F:/pythoncode/learn_pytest_20200720/page/api.yml
2021-07-27 16:23:27,946 - mkDir.py - DEBUG: logs目录已存在：F:/pythoncode/learn_pytest_20200720/testcase
2021-07-27 16:24:09,424 - writeCaseYaml.py - DEBUG: 从F:/pythoncode/learn_pytest_20200720/data/目录下，读取文件douban.chlsj
2021-07-27 16:24:09,425 - mkDir.py - DEBUG: logs目录已存在：F:/pythoncode/learn_pytest_20200720/page
2021-07-27 16:24:30,287 - writeCaseYaml.py - DEBUG: 从F:/pythoncode/learn_pytest_20200720/data/目录下，读取文件douban.chlsj
2021-07-27 16:24:30,288 - mkDir.py - DEBUG: logs目录已存在：F:/pythoncode/learn_pytest_20200720/page
2021-07-27 16:25:01,740 - writeCaseYaml.py - DEBUG: 从F:/pythoncode/learn_pytest_20200720/data/目录下，读取文件douban.chlsj
2021-07-27 16:25:01,741 - mkDir.py - DEBUG: logs目录已存在：F:/pythoncode/learn_pytest_20200720/page
2021-07-27 16:25:27,490 - writeCaseYaml.py - DEBUG: 从F:/pythoncode/learn_pytest_20200720/data/目录下，读取文件douban.chlsj
2021-07-27 16:25:27,491 - mkDir.py - DEBUG: logs目录已存在：F:/pythoncode/learn_pytest_20200720/page
2021-07-27 16:36:14,516 - writeCaseYaml.py - DEBUG: 从F:/pythoncode/learn_pytest_20200720/data/目录下，读取文件douban.chlsj
2021-07-27 16:36:14,517 - mkDir.py - DEBUG: logs目录已存在：F:/pythoncode/learn_pytest_20200720/page
2021-07-27 16:36:14,519 - writeCaseYaml.py - DEBUG: 从F:/pythoncode/learn_pytest_20200720/page目录下，写入测试文件F:/pythoncode/learn_pytest_20200720/page/api.yml
2021-07-27 16:36:14,525 - mkDir.py - DEBUG: logs目录已存在：F:/pythoncode/learn_pytest_20200720/testcase
2021-07-27 16:36:42,142 - writeCaseYaml.py - DEBUG: 从F:/pythoncode/learn_pytest_20200720/data/目录下，读取文件douban.chlsj
2021-07-27 16:36:42,143 - mkDir.py - DEBUG: logs目录已存在：F:/pythoncode/learn_pytest_20200720/page
2021-07-27 16:36:42,709 - initializePremise.py - INFO: 执行测试用例前置接口
2021-07-27 16:36:42,811 - apiSend.py - INFO: ================================================================================
2021-07-27 16:36:42,811 - apiSend.py - DEBUG: 请求头处理结果：{'method': 'GET', 'authority': 'movie.querydata.org', 'scheme': 'https', 'path': '/api?id=1302425', 'cache-control': 'max-age=0', 'upgrade-insecure-requests': '1', 'user-agent': 'Mozilla/5.0 (Windows NT 10.0; WOW64) AppleWebKit/537.36 (KHTML, like Gecko) Chrome/72.0.3626.121 Safari/537.36', 'accept': 'text/html,application/xhtml+xml,application/xml;q=0.9,image/webp,image/apng,*/*;q=0.8', 'accept-encoding': 'gzip, deflate, br', 'accept-language': 'zh-CN,zh;q=0.9'}
2021-07-27 16:36:42,811 - apiSend.py - DEBUG: 请求参数处理结果：{'id': '1302425', 'aaa': 'bbb'}
2021-07-27 16:36:42,811 - apiSend.py - DEBUG: host处理结果： movie.querydata.org
2021-07-27 16:36:42,811 - apiSend.py - INFO: 请求接口：api
2021-07-27 16:36:42,811 - apiSend.py - INFO: 请求头: {'method': 'GET', 'authority': 'movie.querydata.org', 'scheme': 'https', 'path': '/api?id=1302425', 'cache-control': 'max-age=0', 'upgrade-insecure-requests': '1', 'user-agent': 'Mozilla/5.0 (Windows NT 10.0; WOW64) AppleWebKit/537.36 (KHTML, like Gecko) Chrome/72.0.3626.121 Safari/537.36', 'accept': 'text/html,application/xhtml+xml,application/xml;q=0.9,image/webp,image/apng,*/*;q=0.8', 'accept-encoding': 'gzip, deflate, br', 'accept-language': 'zh-CN,zh;q=0.9'}
2021-07-27 16:36:42,811 - apiSend.py - INFO: 请求参数: {'id': '1302425', 'aaa': 'bbb'}
2021-07-27 16:36:42,811 - apiSend.py - INFO: 请求方法: GET
2021-07-27 16:36:42,814 - connectionpool.py - DEBUG: Starting new HTTPS connection (1): movie.querydata.org:443
2021-07-27 16:36:46,027 - connectionpool.py - DEBUG: https://movie.querydata.org:443 "GET /api?id=1302425&aaa=bbb HTTP/1.1" 200 3491
2021-07-27 16:36:46,033 - apiSend.py - INFO: 请求接口结果：
 (200, {'id': '5f9687a4ee3680299115b936', 'originalName': '喜≈王', 'imdbVotes': 6198, 'imdbRating': '7.3', 'rottenVotes': 0, 'rottenRating': 'null', 'doubanId': '1302425', 'imdbId': 'tt0188766', 'alias': 'King of Comedy', 'doubanVotes': 716023, 'doubanRating': '8.8', 'year': '1999', 'type': 'Movie', 'duration': 5340, 'dateReleased': '1999-02-13T08:00:00.000+08:00', 'totalSeasons': None, 'episodes': None, 'data': [{'genre': '喜剧/剧情/爱情', 'name': '喜剧之王', 'lang': 'Cn', 'language': '粤语', 'poster': 'https://image.querydata.org/movie/poster/1603700644142-bfg461.jpg', 'description': '尹天仇（周星驰 饰）一直醉心戏剧，想成为一名演员，平时除了做跑龙套以外，还会在街坊福利会里开设演员训练班。此时舞小姐柳飘飘在妈妈桑的带领下来到这里要求学做戏，原来柳飘飘有一段非常不愉快的经历，在尹天仇...', 'country': '中国香港'}, {'genre': 'Art House & International/Comedy/Drama/Romance', 'name': 'King of Comedy', 'lang': 'En', 'language': 'Cantonese', 'poster': 'https://image.querydata.org/movie/poster/1603700645577-984a39.jpg', 'description': 'A bar girl hires a struggling actor to give her acting lessons so that she can feign a greater interest in her customers. The longer they work together, the more they find they have in common.', 'country': 'Hong Kong'}], 'director': [{'data': [{'name': '周星驰', 'lang': 'Cn'}, {'name': 'Stephen Chow', 'lang': 'En'}]}, {'data': [{'name': '李力持', 'lang': 'Cn'}, {'name': 'Lik-Chi Lee', 'lang': 'En'}]}], 'actor': [{'data': [{'name': '吴孟达', 'lang': 'Cn'}, {'name': 'Man Tat Ng', 'lang': 'En'}]}, {'data': [{'name': '周星驰', 'lang': 'Cn'}, {'name': 'Stephen Chow', 'lang': 'En'}]}, {'data': [{'name': '郑文辉', 'lang': 'Cn'}, {'name': 'Man-Fai Cheng', 'lang': 'En'}]}, {'data': [{'name': '冯勉恒', 'lang': 'Cn'}, {'name': 'Min Hun Fung', 'lang': 'En'}]}, {'data': [{'name': '张柏芝', 'lang': 'Cn'}, {'name': 'Cecilia Cheung', 'lang': 'En'}]}, {'data': [{'name': '莫文蔚', 'lang': 'Cn'}, {'name': 'Karen Mok', 'lang': 'En'}]}, {'data': [{'name': '林子善', 'lang': 'Cn'}, {'name': 'Chi-Sing Lam', 'lang': 'En'}]}, {'data': [{'name': '田启文', 'lang': 'Cn'}, {'name': 'Kai Man Tin', 'lang': 'En'}]}, {'data': [{'name': '李兆基', 'lang': 'Cn'}, {'name': 'Siu-Kei Lee', 'lang': 'En'}]}, {'data': [{'name': '成龙', 'lang': 'Cn'}, {'name': 'Jackie Chan', 'lang': 'En'}]}, {'data': [{'name': '李思捷', 'lang': 'Cn'}, {'name': 'Sze-Chit Lee', 'lang': 'En'}]}, {'data': [{'name': '陈宝骏', 'lang': 'Cn'}, {'name': 'Po-Chun Chan', 'lang': 'En'}]}, {'data': [{'name': '戴龙', 'lang': 'Cn'}, {'name': 'Lung Dai', 'lang': 'En'}]}, {'data': [{'name': '袁富华', 'lang': 'Cn'}, {'name': 'Fu-wah Yuen', 'lang': 'En'}]}, {'data': [{'name': '胡立成', 'lang': 'Cn'}, {'name': 'Licheng Hu', 'lang': 'En'}]}, {'data': [{'name': '叶竞生', 'lang': 'Cn'}, {'name': 'Bobby Yip Kin Sang', 'lang': 'En'}]}, {'data': [{'name': '徐志雄', 'lang': 'Cn'}, {'name': 'Terence Tsui', 'lang': 'En'}]}, {'data': [{'name': '侯焕玲', 'lang': 'Cn'}, {'name': 'Woon Ling Hau', 'lang': 'En'}]}, {'data': [{'name': '郑祖', 'lang': 'Cn'}, {'name': 'Joe Cheng', 'lang': 'En'}]}], 'writer': [{'data': [{'name': '周星驰', 'lang': 'Cn'}, {'name': 'Stephen Chow', 'lang': 'En'}]}, {'data': [{'name': '曾瑾昌', 'lang': 'Cn'}, {'name': 'Kan-Cheung Tsang', 'lang': 'En'}]}, {'data': [{'name': '李敏', 'lang': 'Cn'}, {'name': 'Erica Lee', 'lang': 'En'}]}, {'data': [{'name': '郑文辉', 'lang': 'Cn'}, {'name': 'Man-Fai Cheng', 'lang': 'En'}]}, {'data': [{'name': '冯勉恒', 'lang': 'Cn'}, {'name': 'Min Hun Fung', 'lang': 'En'}]}, {'data': [{'name': '梁嘉杰', 'lang': 'Cn'}, {'name': 'Ka-Kit Leung', 'lang': 'En'}]}]})
2021-07-27 16:36:49,188 - initializePremise.py - INFO: 执行测试用例前置接口
2021-07-27 16:36:49,188 - apiSend.py - INFO: ================================================================================
2021-07-27 16:36:49,189 - apiSend.py - DEBUG: 请求头处理结果：{'method': 'GET', 'authority': 'movie.querydata.org', 'scheme': 'https', 'path': '/api?id=1302425', 'cache-control': 'max-age=0', 'upgrade-insecure-requests': '1', 'user-agent': 'Mozilla/5.0 (Windows NT 10.0; WOW64) AppleWebKit/537.36 (KHTML, like Gecko) Chrome/72.0.3626.121 Safari/537.36', 'accept': 'text/html,application/xhtml+xml,application/xml;q=0.9,image/webp,image/apng,*/*;q=0.8', 'accept-encoding': 'gzip, deflate, br', 'accept-language': 'zh-CN,zh;q=0.9'}
2021-07-27 16:36:49,189 - apiSend.py - DEBUG: 请求参数处理结果：{'id': '1302425', 'aaa': 'bbb'}
2021-07-27 16:36:49,189 - apiSend.py - DEBUG: host处理结果： movie.querydata.org
2021-07-27 16:36:49,189 - apiSend.py - INFO: 请求接口：api
2021-07-27 16:36:49,190 - apiSend.py - INFO: 请求头: {'method': 'GET', 'authority': 'movie.querydata.org', 'scheme': 'https', 'path': '/api?id=1302425', 'cache-control': 'max-age=0', 'upgrade-insecure-requests': '1', 'user-agent': 'Mozilla/5.0 (Windows NT 10.0; WOW64) AppleWebKit/537.36 (KHTML, like Gecko) Chrome/72.0.3626.121 Safari/537.36', 'accept': 'text/html,application/xhtml+xml,application/xml;q=0.9,image/webp,image/apng,*/*;q=0.8', 'accept-encoding': 'gzip, deflate, br', 'accept-language': 'zh-CN,zh;q=0.9'}
2021-07-27 16:36:49,190 - apiSend.py - INFO: 请求参数: {'id': '1302425', 'aaa': 'bbb'}
2021-07-27 16:36:49,190 - apiSend.py - INFO: 请求方法: GET
2021-07-27 16:36:49,194 - connectionpool.py - DEBUG: Starting new HTTPS connection (1): movie.querydata.org:443
2021-07-27 16:36:52,341 - connectionpool.py - DEBUG: https://movie.querydata.org:443 "GET /api?id=1302425&aaa=bbb HTTP/1.1" 200 3491
2021-07-27 16:36:52,348 - apiSend.py - INFO: 请求接口结果：
 (200, {'id': '5f9687a4ee3680299115b936', 'originalName': '喜≈王', 'imdbVotes': 6198, 'imdbRating': '7.3', 'rottenVotes': 0, 'rottenRating': 'null', 'doubanId': '1302425', 'imdbId': 'tt0188766', 'alias': 'King of Comedy', 'doubanVotes': 716023, 'doubanRating': '8.8', 'year': '1999', 'type': 'Movie', 'duration': 5340, 'dateReleased': '1999-02-13T08:00:00.000+08:00', 'totalSeasons': None, 'episodes': None, 'data': [{'genre': '喜剧/剧情/爱情', 'name': '喜剧之王', 'lang': 'Cn', 'language': '粤语', 'poster': 'https://image.querydata.org/movie/poster/1603700644142-bfg461.jpg', 'description': '尹天仇（周星驰 饰）一直醉心戏剧，想成为一名演员，平时除了做跑龙套以外，还会在街坊福利会里开设演员训练班。此时舞小姐柳飘飘在妈妈桑的带领下来到这里要求学做戏，原来柳飘飘有一段非常不愉快的经历，在尹天仇...', 'country': '中国香港'}, {'genre': 'Art House & International/Comedy/Drama/Romance', 'name': 'King of Comedy', 'lang': 'En', 'language': 'Cantonese', 'poster': 'https://image.querydata.org/movie/poster/1603700645577-984a39.jpg', 'description': 'A bar girl hires a struggling actor to give her acting lessons so that she can feign a greater interest in her customers. The longer they work together, the more they find they have in common.', 'country': 'Hong Kong'}], 'director': [{'data': [{'name': '周星驰', 'lang': 'Cn'}, {'name': 'Stephen Chow', 'lang': 'En'}]}, {'data': [{'name': '李力持', 'lang': 'Cn'}, {'name': 'Lik-Chi Lee', 'lang': 'En'}]}], 'actor': [{'data': [{'name': '吴孟达', 'lang': 'Cn'}, {'name': 'Man Tat Ng', 'lang': 'En'}]}, {'data': [{'name': '周星驰', 'lang': 'Cn'}, {'name': 'Stephen Chow', 'lang': 'En'}]}, {'data': [{'name': '郑文辉', 'lang': 'Cn'}, {'name': 'Man-Fai Cheng', 'lang': 'En'}]}, {'data': [{'name': '冯勉恒', 'lang': 'Cn'}, {'name': 'Min Hun Fung', 'lang': 'En'}]}, {'data': [{'name': '张柏芝', 'lang': 'Cn'}, {'name': 'Cecilia Cheung', 'lang': 'En'}]}, {'data': [{'name': '莫文蔚', 'lang': 'Cn'}, {'name': 'Karen Mok', 'lang': 'En'}]}, {'data': [{'name': '林子善', 'lang': 'Cn'}, {'name': 'Chi-Sing Lam', 'lang': 'En'}]}, {'data': [{'name': '田启文', 'lang': 'Cn'}, {'name': 'Kai Man Tin', 'lang': 'En'}]}, {'data': [{'name': '李兆基', 'lang': 'Cn'}, {'name': 'Siu-Kei Lee', 'lang': 'En'}]}, {'data': [{'name': '成龙', 'lang': 'Cn'}, {'name': 'Jackie Chan', 'lang': 'En'}]}, {'data': [{'name': '李思捷', 'lang': 'Cn'}, {'name': 'Sze-Chit Lee', 'lang': 'En'}]}, {'data': [{'name': '陈宝骏', 'lang': 'Cn'}, {'name': 'Po-Chun Chan', 'lang': 'En'}]}, {'data': [{'name': '戴龙', 'lang': 'Cn'}, {'name': 'Lung Dai', 'lang': 'En'}]}, {'data': [{'name': '袁富华', 'lang': 'Cn'}, {'name': 'Fu-wah Yuen', 'lang': 'En'}]}, {'data': [{'name': '胡立成', 'lang': 'Cn'}, {'name': 'Licheng Hu', 'lang': 'En'}]}, {'data': [{'name': '叶竞生', 'lang': 'Cn'}, {'name': 'Bobby Yip Kin Sang', 'lang': 'En'}]}, {'data': [{'name': '徐志雄', 'lang': 'Cn'}, {'name': 'Terence Tsui', 'lang': 'En'}]}, {'data': [{'name': '侯焕玲', 'lang': 'Cn'}, {'name': 'Woon Ling Hau', 'lang': 'En'}]}, {'data': [{'name': '郑祖', 'lang': 'Cn'}, {'name': 'Joe Cheng', 'lang': 'En'}]}], 'writer': [{'data': [{'name': '周星驰', 'lang': 'Cn'}, {'name': 'Stephen Chow', 'lang': 'En'}]}, {'data': [{'name': '曾瑾昌', 'lang': 'Cn'}, {'name': 'Kan-Cheung Tsang', 'lang': 'En'}]}, {'data': [{'name': '李敏', 'lang': 'Cn'}, {'name': 'Erica Lee', 'lang': 'En'}]}, {'data': [{'name': '郑文辉', 'lang': 'Cn'}, {'name': 'Man-Fai Cheng', 'lang': 'En'}]}, {'data': [{'name': '冯勉恒', 'lang': 'Cn'}, {'name': 'Min Hun Fung', 'lang': 'En'}]}, {'data': [{'name': '梁嘉杰', 'lang': 'Cn'}, {'name': 'Ka-Kit Leung', 'lang': 'En'}]}]})
2021-07-27 16:36:55,369 - initializePremise.py - INFO: 执行测试用例前置接口
2021-07-27 16:36:55,369 - apiSend.py - INFO: ================================================================================
2021-07-27 16:36:55,370 - apiSend.py - DEBUG: 请求头处理结果：{'method': 'GET', 'authority': 'movie.querydata.org', 'scheme': 'https', 'path': '/api?id=1302425', 'cache-control': 'max-age=0', 'upgrade-insecure-requests': '1', 'user-agent': 'Mozilla/5.0 (Windows NT 10.0; WOW64) AppleWebKit/537.36 (KHTML, like Gecko) Chrome/72.0.3626.121 Safari/537.36', 'accept': 'text/html,application/xhtml+xml,application/xml;q=0.9,image/webp,image/apng,*/*;q=0.8', 'accept-encoding': 'gzip, deflate, br', 'accept-language': 'zh-CN,zh;q=0.9'}
2021-07-27 16:36:55,370 - apiSend.py - DEBUG: 请求参数处理结果：{'id': '1302425', 'aaa': 'bbb'}
2021-07-27 16:36:55,370 - apiSend.py - DEBUG: host处理结果： movie.querydata.org
2021-07-27 16:36:55,371 - apiSend.py - INFO: 请求接口：api
2021-07-27 16:36:55,371 - apiSend.py - INFO: 请求头: {'method': 'GET', 'authority': 'movie.querydata.org', 'scheme': 'https', 'path': '/api?id=1302425', 'cache-control': 'max-age=0', 'upgrade-insecure-requests': '1', 'user-agent': 'Mozilla/5.0 (Windows NT 10.0; WOW64) AppleWebKit/537.36 (KHTML, like Gecko) Chrome/72.0.3626.121 Safari/537.36', 'accept': 'text/html,application/xhtml+xml,application/xml;q=0.9,image/webp,image/apng,*/*;q=0.8', 'accept-encoding': 'gzip, deflate, br', 'accept-language': 'zh-CN,zh;q=0.9'}
2021-07-27 16:36:55,371 - apiSend.py - INFO: 请求参数: {'id': '1302425', 'aaa': 'bbb'}
2021-07-27 16:36:55,372 - apiSend.py - INFO: 请求方法: GET
2021-07-27 16:36:55,375 - connectionpool.py - DEBUG: Starting new HTTPS connection (1): movie.querydata.org:443
2021-07-27 16:36:59,127 - connectionpool.py - DEBUG: https://movie.querydata.org:443 "GET /api?id=1302425&aaa=bbb HTTP/1.1" 200 3491
2021-07-27 16:36:59,133 - apiSend.py - INFO: 请求接口结果：
 (200, {'id': '5f9687a4ee3680299115b936', 'originalName': '喜≈王', 'imdbVotes': 6198, 'imdbRating': '7.3', 'rottenVotes': 0, 'rottenRating': 'null', 'doubanId': '1302425', 'imdbId': 'tt0188766', 'alias': 'King of Comedy', 'doubanVotes': 716023, 'doubanRating': '8.8', 'year': '1999', 'type': 'Movie', 'duration': 5340, 'dateReleased': '1999-02-13T08:00:00.000+08:00', 'totalSeasons': None, 'episodes': None, 'data': [{'genre': '喜剧/剧情/爱情', 'name': '喜剧之王', 'lang': 'Cn', 'language': '粤语', 'poster': 'https://image.querydata.org/movie/poster/1603700644142-bfg461.jpg', 'description': '尹天仇（周星驰 饰）一直醉心戏剧，想成为一名演员，平时除了做跑龙套以外，还会在街坊福利会里开设演员训练班。此时舞小姐柳飘飘在妈妈桑的带领下来到这里要求学做戏，原来柳飘飘有一段非常不愉快的经历，在尹天仇...', 'country': '中国香港'}, {'genre': 'Art House & International/Comedy/Drama/Romance', 'name': 'King of Comedy', 'lang': 'En', 'language': 'Cantonese', 'poster': 'https://image.querydata.org/movie/poster/1603700645577-984a39.jpg', 'description': 'A bar girl hires a struggling actor to give her acting lessons so that she can feign a greater interest in her customers. The longer they work together, the more they find they have in common.', 'country': 'Hong Kong'}], 'director': [{'data': [{'name': '周星驰', 'lang': 'Cn'}, {'name': 'Stephen Chow', 'lang': 'En'}]}, {'data': [{'name': '李力持', 'lang': 'Cn'}, {'name': 'Lik-Chi Lee', 'lang': 'En'}]}], 'actor': [{'data': [{'name': '吴孟达', 'lang': 'Cn'}, {'name': 'Man Tat Ng', 'lang': 'En'}]}, {'data': [{'name': '周星驰', 'lang': 'Cn'}, {'name': 'Stephen Chow', 'lang': 'En'}]}, {'data': [{'name': '郑文辉', 'lang': 'Cn'}, {'name': 'Man-Fai Cheng', 'lang': 'En'}]}, {'data': [{'name': '冯勉恒', 'lang': 'Cn'}, {'name': 'Min Hun Fung', 'lang': 'En'}]}, {'data': [{'name': '张柏芝', 'lang': 'Cn'}, {'name': 'Cecilia Cheung', 'lang': 'En'}]}, {'data': [{'name': '莫文蔚', 'lang': 'Cn'}, {'name': 'Karen Mok', 'lang': 'En'}]}, {'data': [{'name': '林子善', 'lang': 'Cn'}, {'name': 'Chi-Sing Lam', 'lang': 'En'}]}, {'data': [{'name': '田启文', 'lang': 'Cn'}, {'name': 'Kai Man Tin', 'lang': 'En'}]}, {'data': [{'name': '李兆基', 'lang': 'Cn'}, {'name': 'Siu-Kei Lee', 'lang': 'En'}]}, {'data': [{'name': '成龙', 'lang': 'Cn'}, {'name': 'Jackie Chan', 'lang': 'En'}]}, {'data': [{'name': '李思捷', 'lang': 'Cn'}, {'name': 'Sze-Chit Lee', 'lang': 'En'}]}, {'data': [{'name': '陈宝骏', 'lang': 'Cn'}, {'name': 'Po-Chun Chan', 'lang': 'En'}]}, {'data': [{'name': '戴龙', 'lang': 'Cn'}, {'name': 'Lung Dai', 'lang': 'En'}]}, {'data': [{'name': '袁富华', 'lang': 'Cn'}, {'name': 'Fu-wah Yuen', 'lang': 'En'}]}, {'data': [{'name': '胡立成', 'lang': 'Cn'}, {'name': 'Licheng Hu', 'lang': 'En'}]}, {'data': [{'name': '叶竞生', 'lang': 'Cn'}, {'name': 'Bobby Yip Kin Sang', 'lang': 'En'}]}, {'data': [{'name': '徐志雄', 'lang': 'Cn'}, {'name': 'Terence Tsui', 'lang': 'En'}]}, {'data': [{'name': '侯焕玲', 'lang': 'Cn'}, {'name': 'Woon Ling Hau', 'lang': 'En'}]}, {'data': [{'name': '郑祖', 'lang': 'Cn'}, {'name': 'Joe Cheng', 'lang': 'En'}]}], 'writer': [{'data': [{'name': '周星驰', 'lang': 'Cn'}, {'name': 'Stephen Chow', 'lang': 'En'}]}, {'data': [{'name': '曾瑾昌', 'lang': 'Cn'}, {'name': 'Kan-Cheung Tsang', 'lang': 'En'}]}, {'data': [{'name': '李敏', 'lang': 'Cn'}, {'name': 'Erica Lee', 'lang': 'En'}]}, {'data': [{'name': '郑文辉', 'lang': 'Cn'}, {'name': 'Man-Fai Cheng', 'lang': 'En'}]}, {'data': [{'name': '冯勉恒', 'lang': 'Cn'}, {'name': 'Min Hun Fung', 'lang': 'En'}]}, {'data': [{'name': '梁嘉杰', 'lang': 'Cn'}, {'name': 'Ka-Kit Leung', 'lang': 'En'}]}]})
2021-07-27 16:37:02,153 - initializePremise.py - INFO: 执行测试用例前置接口
2021-07-27 16:37:02,153 - apiSend.py - INFO: ================================================================================
2021-07-27 16:37:02,155 - apiSend.py - DEBUG: 请求头处理结果：{'method': 'GET', 'authority': 'movie.querydata.org', 'scheme': 'https', 'path': '/api?id=1302425', 'cache-control': 'max-age=0', 'upgrade-insecure-requests': '1', 'user-agent': 'Mozilla/5.0 (Windows NT 10.0; WOW64) AppleWebKit/537.36 (KHTML, like Gecko) Chrome/72.0.3626.121 Safari/537.36', 'accept': 'text/html,application/xhtml+xml,application/xml;q=0.9,image/webp,image/apng,*/*;q=0.8', 'accept-encoding': 'gzip, deflate, br', 'accept-language': 'zh-CN,zh;q=0.9'}
2021-07-27 16:37:02,155 - apiSend.py - DEBUG: 请求参数处理结果：{'id': '1302425', 'aaa': 'bbb'}
2021-07-27 16:37:02,155 - apiSend.py - DEBUG: host处理结果： movie.querydata.org
2021-07-27 16:37:02,156 - apiSend.py - INFO: 请求接口：api
2021-07-27 16:37:02,156 - apiSend.py - INFO: 请求头: {'method': 'GET', 'authority': 'movie.querydata.org', 'scheme': 'https', 'path': '/api?id=1302425', 'cache-control': 'max-age=0', 'upgrade-insecure-requests': '1', 'user-agent': 'Mozilla/5.0 (Windows NT 10.0; WOW64) AppleWebKit/537.36 (KHTML, like Gecko) Chrome/72.0.3626.121 Safari/537.36', 'accept': 'text/html,application/xhtml+xml,application/xml;q=0.9,image/webp,image/apng,*/*;q=0.8', 'accept-encoding': 'gzip, deflate, br', 'accept-language': 'zh-CN,zh;q=0.9'}
2021-07-27 16:37:02,157 - apiSend.py - INFO: 请求参数: {'id': '1302425', 'aaa': 'bbb'}
2021-07-27 16:37:02,158 - apiSend.py - INFO: 请求方法: GET
2021-07-27 16:37:02,163 - connectionpool.py - DEBUG: Starting new HTTPS connection (1): movie.querydata.org:443
2021-07-27 16:37:11,661 - connectionpool.py - DEBUG: https://movie.querydata.org:443 "GET /api?id=1302425&aaa=bbb HTTP/1.1" 200 3491
2021-07-27 16:37:11,665 - apiSend.py - INFO: 请求接口结果：
 (200, {'id': '5f9687a4ee3680299115b936', 'originalName': '喜≈王', 'imdbVotes': 6198, 'imdbRating': '7.3', 'rottenVotes': 0, 'rottenRating': 'null', 'doubanId': '1302425', 'imdbId': 'tt0188766', 'alias': 'King of Comedy', 'doubanVotes': 716023, 'doubanRating': '8.8', 'year': '1999', 'type': 'Movie', 'duration': 5340, 'dateReleased': '1999-02-13T08:00:00.000+08:00', 'totalSeasons': None, 'episodes': None, 'data': [{'genre': '喜剧/剧情/爱情', 'name': '喜剧之王', 'lang': 'Cn', 'language': '粤语', 'poster': 'https://image.querydata.org/movie/poster/1603700644142-bfg461.jpg', 'description': '尹天仇（周星驰 饰）一直醉心戏剧，想成为一名演员，平时除了做跑龙套以外，还会在街坊福利会里开设演员训练班。此时舞小姐柳飘飘在妈妈桑的带领下来到这里要求学做戏，原来柳飘飘有一段非常不愉快的经历，在尹天仇...', 'country': '中国香港'}, {'genre': 'Art House & International/Comedy/Drama/Romance', 'name': 'King of Comedy', 'lang': 'En', 'language': 'Cantonese', 'poster': 'https://image.querydata.org/movie/poster/1603700645577-984a39.jpg', 'description': 'A bar girl hires a struggling actor to give her acting lessons so that she can feign a greater interest in her customers. The longer they work together, the more they find they have in common.', 'country': 'Hong Kong'}], 'director': [{'data': [{'name': '周星驰', 'lang': 'Cn'}, {'name': 'Stephen Chow', 'lang': 'En'}]}, {'data': [{'name': '李力持', 'lang': 'Cn'}, {'name': 'Lik-Chi Lee', 'lang': 'En'}]}], 'actor': [{'data': [{'name': '吴孟达', 'lang': 'Cn'}, {'name': 'Man Tat Ng', 'lang': 'En'}]}, {'data': [{'name': '周星驰', 'lang': 'Cn'}, {'name': 'Stephen Chow', 'lang': 'En'}]}, {'data': [{'name': '郑文辉', 'lang': 'Cn'}, {'name': 'Man-Fai Cheng', 'lang': 'En'}]}, {'data': [{'name': '冯勉恒', 'lang': 'Cn'}, {'name': 'Min Hun Fung', 'lang': 'En'}]}, {'data': [{'name': '张柏芝', 'lang': 'Cn'}, {'name': 'Cecilia Cheung', 'lang': 'En'}]}, {'data': [{'name': '莫文蔚', 'lang': 'Cn'}, {'name': 'Karen Mok', 'lang': 'En'}]}, {'data': [{'name': '林子善', 'lang': 'Cn'}, {'name': 'Chi-Sing Lam', 'lang': 'En'}]}, {'data': [{'name': '田启文', 'lang': 'Cn'}, {'name': 'Kai Man Tin', 'lang': 'En'}]}, {'data': [{'name': '李兆基', 'lang': 'Cn'}, {'name': 'Siu-Kei Lee', 'lang': 'En'}]}, {'data': [{'name': '成龙', 'lang': 'Cn'}, {'name': 'Jackie Chan', 'lang': 'En'}]}, {'data': [{'name': '李思捷', 'lang': 'Cn'}, {'name': 'Sze-Chit Lee', 'lang': 'En'}]}, {'data': [{'name': '陈宝骏', 'lang': 'Cn'}, {'name': 'Po-Chun Chan', 'lang': 'En'}]}, {'data': [{'name': '戴龙', 'lang': 'Cn'}, {'name': 'Lung Dai', 'lang': 'En'}]}, {'data': [{'name': '袁富华', 'lang': 'Cn'}, {'name': 'Fu-wah Yuen', 'lang': 'En'}]}, {'data': [{'name': '胡立成', 'lang': 'Cn'}, {'name': 'Licheng Hu', 'lang': 'En'}]}, {'data': [{'name': '叶竞生', 'lang': 'Cn'}, {'name': 'Bobby Yip Kin Sang', 'lang': 'En'}]}, {'data': [{'name': '徐志雄', 'lang': 'Cn'}, {'name': 'Terence Tsui', 'lang': 'En'}]}, {'data': [{'name': '侯焕玲', 'lang': 'Cn'}, {'name': 'Woon Ling Hau', 'lang': 'En'}]}, {'data': [{'name': '郑祖', 'lang': 'Cn'}, {'name': 'Joe Cheng', 'lang': 'En'}]}], 'writer': [{'data': [{'name': '周星驰', 'lang': 'Cn'}, {'name': 'Stephen Chow', 'lang': 'En'}]}, {'data': [{'name': '曾瑾昌', 'lang': 'Cn'}, {'name': 'Kan-Cheung Tsang', 'lang': 'En'}]}, {'data': [{'name': '李敏', 'lang': 'Cn'}, {'name': 'Erica Lee', 'lang': 'En'}]}, {'data': [{'name': '郑文辉', 'lang': 'Cn'}, {'name': 'Man-Fai Cheng', 'lang': 'En'}]}, {'data': [{'name': '冯勉恒', 'lang': 'Cn'}, {'name': 'Min Hun Fung', 'lang': 'En'}]}, {'data': [{'name': '梁嘉杰', 'lang': 'Cn'}, {'name': 'Ka-Kit Leung', 'lang': 'En'}]}]})
2021-07-27 16:38:16,141 - writeCaseYaml.py - DEBUG: 从F:/pythoncode/learn_pytest_20200720/data/目录下，读取文件douban.chlsj
2021-07-27 16:38:16,142 - mkDir.py - DEBUG: logs目录已存在：F:/pythoncode/learn_pytest_20200720/page
2021-07-27 16:38:16,760 - initializePremise.py - INFO: 执行测试用例前置接口
2021-07-27 16:38:16,760 - apiSend.py - INFO: ================================================================================
2021-07-27 16:38:16,760 - apiSend.py - DEBUG: 请求头处理结果：{'method': 'GET', 'authority': 'movie.querydata.org', 'scheme': 'https', 'path': '/api?id=1302425', 'cache-control': 'max-age=0', 'upgrade-insecure-requests': '1', 'user-agent': 'Mozilla/5.0 (Windows NT 10.0; WOW64) AppleWebKit/537.36 (KHTML, like Gecko) Chrome/72.0.3626.121 Safari/537.36', 'accept': 'text/html,application/xhtml+xml,application/xml;q=0.9,image/webp,image/apng,*/*;q=0.8', 'accept-encoding': 'gzip, deflate, br', 'accept-language': 'zh-CN,zh;q=0.9'}
2021-07-27 16:38:16,760 - apiSend.py - DEBUG: 请求参数处理结果：{'id': '1302425', 'aaa': 'bbb'}
2021-07-27 16:38:16,760 - apiSend.py - DEBUG: host处理结果： movie.querydata.org
2021-07-27 16:38:16,760 - apiSend.py - INFO: 请求接口：api
2021-07-27 16:38:16,760 - apiSend.py - INFO: 请求头: {'method': 'GET', 'authority': 'movie.querydata.org', 'scheme': 'https', 'path': '/api?id=1302425', 'cache-control': 'max-age=0', 'upgrade-insecure-requests': '1', 'user-agent': 'Mozilla/5.0 (Windows NT 10.0; WOW64) AppleWebKit/537.36 (KHTML, like Gecko) Chrome/72.0.3626.121 Safari/537.36', 'accept': 'text/html,application/xhtml+xml,application/xml;q=0.9,image/webp,image/apng,*/*;q=0.8', 'accept-encoding': 'gzip, deflate, br', 'accept-language': 'zh-CN,zh;q=0.9'}
2021-07-27 16:38:16,761 - apiSend.py - INFO: 请求参数: {'id': '1302425', 'aaa': 'bbb'}
2021-07-27 16:38:16,761 - apiSend.py - INFO: 请求方法: GET
2021-07-27 16:38:16,763 - connectionpool.py - DEBUG: Starting new HTTPS connection (1): movie.querydata.org:443
2021-07-27 16:38:21,472 - connectionpool.py - DEBUG: https://movie.querydata.org:443 "GET /api?id=1302425&aaa=bbb HTTP/1.1" 200 3491
2021-07-27 16:38:21,477 - apiSend.py - INFO: 请求接口结果：
 (200, {'id': '5f9687a4ee3680299115b936', 'originalName': '喜≈王', 'imdbVotes': 6198, 'imdbRating': '7.3', 'rottenVotes': 0, 'rottenRating': 'null', 'doubanId': '1302425', 'imdbId': 'tt0188766', 'alias': 'King of Comedy', 'doubanVotes': 716023, 'doubanRating': '8.8', 'year': '1999', 'type': 'Movie', 'duration': 5340, 'dateReleased': '1999-02-13T08:00:00.000+08:00', 'totalSeasons': None, 'episodes': None, 'data': [{'genre': '喜剧/剧情/爱情', 'name': '喜剧之王', 'lang': 'Cn', 'language': '粤语', 'poster': 'https://image.querydata.org/movie/poster/1603700644142-bfg461.jpg', 'description': '尹天仇（周星驰 饰）一直醉心戏剧，想成为一名演员，平时除了做跑龙套以外，还会在街坊福利会里开设演员训练班。此时舞小姐柳飘飘在妈妈桑的带领下来到这里要求学做戏，原来柳飘飘有一段非常不愉快的经历，在尹天仇...', 'country': '中国香港'}, {'genre': 'Art House & International/Comedy/Drama/Romance', 'name': 'King of Comedy', 'lang': 'En', 'language': 'Cantonese', 'poster': 'https://image.querydata.org/movie/poster/1603700645577-984a39.jpg', 'description': 'A bar girl hires a struggling actor to give her acting lessons so that she can feign a greater interest in her customers. The longer they work together, the more they find they have in common.', 'country': 'Hong Kong'}], 'director': [{'data': [{'name': '周星驰', 'lang': 'Cn'}, {'name': 'Stephen Chow', 'lang': 'En'}]}, {'data': [{'name': '李力持', 'lang': 'Cn'}, {'name': 'Lik-Chi Lee', 'lang': 'En'}]}], 'actor': [{'data': [{'name': '吴孟达', 'lang': 'Cn'}, {'name': 'Man Tat Ng', 'lang': 'En'}]}, {'data': [{'name': '周星驰', 'lang': 'Cn'}, {'name': 'Stephen Chow', 'lang': 'En'}]}, {'data': [{'name': '郑文辉', 'lang': 'Cn'}, {'name': 'Man-Fai Cheng', 'lang': 'En'}]}, {'data': [{'name': '冯勉恒', 'lang': 'Cn'}, {'name': 'Min Hun Fung', 'lang': 'En'}]}, {'data': [{'name': '张柏芝', 'lang': 'Cn'}, {'name': 'Cecilia Cheung', 'lang': 'En'}]}, {'data': [{'name': '莫文蔚', 'lang': 'Cn'}, {'name': 'Karen Mok', 'lang': 'En'}]}, {'data': [{'name': '林子善', 'lang': 'Cn'}, {'name': 'Chi-Sing Lam', 'lang': 'En'}]}, {'data': [{'name': '田启文', 'lang': 'Cn'}, {'name': 'Kai Man Tin', 'lang': 'En'}]}, {'data': [{'name': '李兆基', 'lang': 'Cn'}, {'name': 'Siu-Kei Lee', 'lang': 'En'}]}, {'data': [{'name': '成龙', 'lang': 'Cn'}, {'name': 'Jackie Chan', 'lang': 'En'}]}, {'data': [{'name': '李思捷', 'lang': 'Cn'}, {'name': 'Sze-Chit Lee', 'lang': 'En'}]}, {'data': [{'name': '陈宝骏', 'lang': 'Cn'}, {'name': 'Po-Chun Chan', 'lang': 'En'}]}, {'data': [{'name': '戴龙', 'lang': 'Cn'}, {'name': 'Lung Dai', 'lang': 'En'}]}, {'data': [{'name': '袁富华', 'lang': 'Cn'}, {'name': 'Fu-wah Yuen', 'lang': 'En'}]}, {'data': [{'name': '胡立成', 'lang': 'Cn'}, {'name': 'Licheng Hu', 'lang': 'En'}]}, {'data': [{'name': '叶竞生', 'lang': 'Cn'}, {'name': 'Bobby Yip Kin Sang', 'lang': 'En'}]}, {'data': [{'name': '徐志雄', 'lang': 'Cn'}, {'name': 'Terence Tsui', 'lang': 'En'}]}, {'data': [{'name': '侯焕玲', 'lang': 'Cn'}, {'name': 'Woon Ling Hau', 'lang': 'En'}]}, {'data': [{'name': '郑祖', 'lang': 'Cn'}, {'name': 'Joe Cheng', 'lang': 'En'}]}], 'writer': [{'data': [{'name': '周星驰', 'lang': 'Cn'}, {'name': 'Stephen Chow', 'lang': 'En'}]}, {'data': [{'name': '曾瑾昌', 'lang': 'Cn'}, {'name': 'Kan-Cheung Tsang', 'lang': 'En'}]}, {'data': [{'name': '李敏', 'lang': 'Cn'}, {'name': 'Erica Lee', 'lang': 'En'}]}, {'data': [{'name': '郑文辉', 'lang': 'Cn'}, {'name': 'Man-Fai Cheng', 'lang': 'En'}]}, {'data': [{'name': '冯勉恒', 'lang': 'Cn'}, {'name': 'Min Hun Fung', 'lang': 'En'}]}, {'data': [{'name': '梁嘉杰', 'lang': 'Cn'}, {'name': 'Ka-Kit Leung', 'lang': 'En'}]}]})
2021-07-27 16:38:21,477 - readResultRelevance.py - DEBUG: 从返回结果中根据关联键id提取值
2021-07-27 16:38:21,477 - readResultRelevance.py - DEBUG: 提取后，关联键对象
{'id': '5f9687a4ee3680299115b936'}
2021-07-27 16:44:06,058 - writeCaseYaml.py - DEBUG: 从F:/pythoncode/learn_pytest_20200720/data/目录下，读取文件douban.chlsj
2021-07-27 16:44:06,059 - mkDir.py - DEBUG: logs目录已存在：F:/pythoncode/learn_pytest_20200720/page
2021-07-27 16:44:39,906 - writeCaseYaml.py - DEBUG: 从F:/pythoncode/learn_pytest_20200720/data/目录下，读取文件douban.chlsj
2021-07-27 16:44:39,907 - mkDir.py - DEBUG: logs目录已存在：F:/pythoncode/learn_pytest_20200720/page
2021-07-27 16:45:43,291 - writeCaseYaml.py - DEBUG: 从F:/pythoncode/learn_pytest_20200720/data/目录下，读取文件douban.chlsj
2021-07-27 16:45:43,292 - mkDir.py - DEBUG: logs目录已存在：F:/pythoncode/learn_pytest_20200720/page
2021-07-27 16:48:49,374 - writeCaseYaml.py - DEBUG: 从F:/pythoncode/learn_pytest_20200720/data/目录下，读取文件douban.chlsj
2021-07-27 16:48:49,375 - mkDir.py - DEBUG: logs目录已存在：F:/pythoncode/learn_pytest_20200720/page
2021-07-27 16:48:49,934 - initializePremise.py - INFO: 执行测试用例前置接口
2021-07-27 16:48:49,934 - apiSend.py - INFO: ================================================================================
2021-07-27 16:48:49,934 - apiSend.py - DEBUG: 请求头处理结果：{'method': 'GET', 'authority': 'movie.querydata.org', 'scheme': 'https', 'path': '/api?id=1302425', 'cache-control': 'max-age=0', 'upgrade-insecure-requests': '1', 'user-agent': 'Mozilla/5.0 (Windows NT 10.0; WOW64) AppleWebKit/537.36 (KHTML, like Gecko) Chrome/72.0.3626.121 Safari/537.36', 'accept': 'text/html,application/xhtml+xml,application/xml;q=0.9,image/webp,image/apng,*/*;q=0.8', 'accept-encoding': 'gzip, deflate, br', 'accept-language': 'zh-CN,zh;q=0.9'}
2021-07-27 16:48:49,934 - apiSend.py - DEBUG: 请求参数处理结果：{'id': '1302425', 'aaa': 'bbb'}
2021-07-27 16:48:49,934 - apiSend.py - DEBUG: host处理结果： movie.querydata.org
2021-07-27 16:48:49,934 - apiSend.py - INFO: 请求接口：api
2021-07-27 16:48:49,934 - apiSend.py - INFO: 请求头: {'method': 'GET', 'authority': 'movie.querydata.org', 'scheme': 'https', 'path': '/api?id=1302425', 'cache-control': 'max-age=0', 'upgrade-insecure-requests': '1', 'user-agent': 'Mozilla/5.0 (Windows NT 10.0; WOW64) AppleWebKit/537.36 (KHTML, like Gecko) Chrome/72.0.3626.121 Safari/537.36', 'accept': 'text/html,application/xhtml+xml,application/xml;q=0.9,image/webp,image/apng,*/*;q=0.8', 'accept-encoding': 'gzip, deflate, br', 'accept-language': 'zh-CN,zh;q=0.9'}
2021-07-27 16:48:49,935 - apiSend.py - INFO: 请求参数: {'id': '1302425', 'aaa': 'bbb'}
2021-07-27 16:48:49,935 - apiSend.py - INFO: 请求方法: GET
2021-07-27 16:48:49,938 - connectionpool.py - DEBUG: Starting new HTTPS connection (1): movie.querydata.org:443
2021-07-27 16:48:55,348 - connectionpool.py - DEBUG: https://movie.querydata.org:443 "GET /api?id=1302425&aaa=bbb HTTP/1.1" 200 3491
2021-07-27 16:48:55,354 - apiSend.py - INFO: 请求接口结果：
 (200, {'id': '5f9687a4ee3680299115b936', 'originalName': '喜≈王', 'imdbVotes': 6198, 'imdbRating': '7.3', 'rottenVotes': 0, 'rottenRating': 'null', 'doubanId': '1302425', 'imdbId': 'tt0188766', 'alias': 'King of Comedy', 'doubanVotes': 716023, 'doubanRating': '8.8', 'year': '1999', 'type': 'Movie', 'duration': 5340, 'dateReleased': '1999-02-13T08:00:00.000+08:00', 'totalSeasons': None, 'episodes': None, 'data': [{'genre': '喜剧/剧情/爱情', 'name': '喜剧之王', 'lang': 'Cn', 'language': '粤语', 'poster': 'https://image.querydata.org/movie/poster/1603700644142-bfg461.jpg', 'description': '尹天仇（周星驰 饰）一直醉心戏剧，想成为一名演员，平时除了做跑龙套以外，还会在街坊福利会里开设演员训练班。此时舞小姐柳飘飘在妈妈桑的带领下来到这里要求学做戏，原来柳飘飘有一段非常不愉快的经历，在尹天仇...', 'country': '中国香港'}, {'genre': 'Art House & International/Comedy/Drama/Romance', 'name': 'King of Comedy', 'lang': 'En', 'language': 'Cantonese', 'poster': 'https://image.querydata.org/movie/poster/1603700645577-984a39.jpg', 'description': 'A bar girl hires a struggling actor to give her acting lessons so that she can feign a greater interest in her customers. The longer they work together, the more they find they have in common.', 'country': 'Hong Kong'}], 'director': [{'data': [{'name': '周星驰', 'lang': 'Cn'}, {'name': 'Stephen Chow', 'lang': 'En'}]}, {'data': [{'name': '李力持', 'lang': 'Cn'}, {'name': 'Lik-Chi Lee', 'lang': 'En'}]}], 'actor': [{'data': [{'name': '吴孟达', 'lang': 'Cn'}, {'name': 'Man Tat Ng', 'lang': 'En'}]}, {'data': [{'name': '周星驰', 'lang': 'Cn'}, {'name': 'Stephen Chow', 'lang': 'En'}]}, {'data': [{'name': '郑文辉', 'lang': 'Cn'}, {'name': 'Man-Fai Cheng', 'lang': 'En'}]}, {'data': [{'name': '冯勉恒', 'lang': 'Cn'}, {'name': 'Min Hun Fung', 'lang': 'En'}]}, {'data': [{'name': '张柏芝', 'lang': 'Cn'}, {'name': 'Cecilia Cheung', 'lang': 'En'}]}, {'data': [{'name': '莫文蔚', 'lang': 'Cn'}, {'name': 'Karen Mok', 'lang': 'En'}]}, {'data': [{'name': '林子善', 'lang': 'Cn'}, {'name': 'Chi-Sing Lam', 'lang': 'En'}]}, {'data': [{'name': '田启文', 'lang': 'Cn'}, {'name': 'Kai Man Tin', 'lang': 'En'}]}, {'data': [{'name': '李兆基', 'lang': 'Cn'}, {'name': 'Siu-Kei Lee', 'lang': 'En'}]}, {'data': [{'name': '成龙', 'lang': 'Cn'}, {'name': 'Jackie Chan', 'lang': 'En'}]}, {'data': [{'name': '李思捷', 'lang': 'Cn'}, {'name': 'Sze-Chit Lee', 'lang': 'En'}]}, {'data': [{'name': '陈宝骏', 'lang': 'Cn'}, {'name': 'Po-Chun Chan', 'lang': 'En'}]}, {'data': [{'name': '戴龙', 'lang': 'Cn'}, {'name': 'Lung Dai', 'lang': 'En'}]}, {'data': [{'name': '袁富华', 'lang': 'Cn'}, {'name': 'Fu-wah Yuen', 'lang': 'En'}]}, {'data': [{'name': '胡立成', 'lang': 'Cn'}, {'name': 'Licheng Hu', 'lang': 'En'}]}, {'data': [{'name': '叶竞生', 'lang': 'Cn'}, {'name': 'Bobby Yip Kin Sang', 'lang': 'En'}]}, {'data': [{'name': '徐志雄', 'lang': 'Cn'}, {'name': 'Terence Tsui', 'lang': 'En'}]}, {'data': [{'name': '侯焕玲', 'lang': 'Cn'}, {'name': 'Woon Ling Hau', 'lang': 'En'}]}, {'data': [{'name': '郑祖', 'lang': 'Cn'}, {'name': 'Joe Cheng', 'lang': 'En'}]}], 'writer': [{'data': [{'name': '周星驰', 'lang': 'Cn'}, {'name': 'Stephen Chow', 'lang': 'En'}]}, {'data': [{'name': '曾瑾昌', 'lang': 'Cn'}, {'name': 'Kan-Cheung Tsang', 'lang': 'En'}]}, {'data': [{'name': '李敏', 'lang': 'Cn'}, {'name': 'Erica Lee', 'lang': 'En'}]}, {'data': [{'name': '郑文辉', 'lang': 'Cn'}, {'name': 'Man-Fai Cheng', 'lang': 'En'}]}, {'data': [{'name': '冯勉恒', 'lang': 'Cn'}, {'name': 'Min Hun Fung', 'lang': 'En'}]}, {'data': [{'name': '梁嘉杰', 'lang': 'Cn'}, {'name': 'Ka-Kit Leung', 'lang': 'En'}]}]})
2021-07-27 16:48:55,355 - readResultRelevance.py - DEBUG: 从返回结果中根据关联键id提取值
2021-07-27 16:48:55,356 - readResultRelevance.py - DEBUG: 提取后，关联键对象
{'id': '5f9687a4ee3680299115b936'}
