2021-08-06 11:41:36,637 - writeCaseYaml.py - DEBUG: 从F:/pythoncode/learn_pytest_20200720/data/目录下，读取文件first.chlsj
2021-08-06 11:41:36,769 - mkDir.py - DEBUG: logs目录已存在：F:/pythoncode/learn_pytest_20200720/page/user
2021-08-06 11:41:36,788 - writeCaseYaml.py - DEBUG: 从F:/pythoncode/learn_pytest_20200720/data/目录下，读取文件five.chlsj
2021-08-06 11:41:36,831 - mkDir.py - DEBUG: logs目录已存在：F:/pythoncode/learn_pytest_20200720/page/home
2021-08-06 11:41:36,877 - writeCaseYaml.py - DEBUG: 从F:/pythoncode/learn_pytest_20200720/data/目录下，读取文件four.chlsj
2021-08-06 11:41:36,916 - mkDir.py - DEBUG: logs目录已存在：F:/pythoncode/learn_pytest_20200720/page/home
2021-08-06 11:41:36,920 - writeCaseYaml.py - DEBUG: 从F:/pythoncode/learn_pytest_20200720/data/目录下，读取文件second.chlsj
2021-08-06 11:41:36,962 - mkDir.py - DEBUG: logs目录已存在：F:/pythoncode/learn_pytest_20200720/page/user
2021-08-06 11:41:36,965 - writeCaseYaml.py - DEBUG: 从F:/pythoncode/learn_pytest_20200720/data/目录下，读取文件three.chlsj
2021-08-06 11:41:37,008 - mkDir.py - DEBUG: logs目录已存在：F:/pythoncode/learn_pytest_20200720/page/home
2021-08-06 11:41:45,378 - apiSend.py - INFO: ================================================================================
2021-08-06 11:41:45,378 - apiSend.py - DEBUG: 请求头处理结果：{'Host': 'api.652615.com', 'X-Liuyi-App-Key': 'fa2f1a6dc9726b1ed50f3a4d430a9e67', 'Accept': 'application/json, text/plain, */*', 'Authorization': 'Bearer 9b5f39bae4784a8db7863d4fd3eea20b', 'Accept-Language': 'zh-cn', 'Accept-Encoding': 'gzip, deflate', 'Content-Type': 'application/x-www-form-urlencoded;charset=utf-8', 'X-Liuyi-Device-ID': 'fa2f1a6dc9726b1ed50f3a4d430a9e67', 'Origin': 'http://rest56.652615.com', 'User-Agent': 'Mozilla/5.0 (iPhone; CPU iPhone OS 12_5_2 like Mac OS X) AppleWebKit/605.1.15 (KHTML, like Gecko) Mobile/15E148', 'Referer': 'http://rest56.652615.com/?appKey=fa2f1a6dc9726b1ed50f3a4d430a9e67&deviceId=fa2f1a6dc9726b1ed50f3a4d430a9e67&wechat=0', 'Connection': 'keep-alive'}
2021-08-06 11:41:45,408 - apiSend.py - DEBUG: 请求参数处理结果：{'time': 1628157076}
2021-08-06 11:41:45,409 - apiSend.py - DEBUG: host处理结果： api.652615.com
2021-08-06 11:41:45,409 - apiSend.py - INFO: 请求接口：edugao
2021-08-06 11:41:45,409 - apiSend.py - INFO: 请求头: {'Host': 'api.652615.com', 'X-Liuyi-App-Key': 'fa2f1a6dc9726b1ed50f3a4d430a9e67', 'Accept': 'application/json, text/plain, */*', 'Authorization': 'Bearer 9b5f39bae4784a8db7863d4fd3eea20b', 'Accept-Language': 'zh-cn', 'Accept-Encoding': 'gzip, deflate', 'Content-Type': 'application/x-www-form-urlencoded;charset=utf-8', 'X-Liuyi-Device-ID': 'fa2f1a6dc9726b1ed50f3a4d430a9e67', 'Origin': 'http://rest56.652615.com', 'User-Agent': 'Mozilla/5.0 (iPhone; CPU iPhone OS 12_5_2 like Mac OS X) AppleWebKit/605.1.15 (KHTML, like Gecko) Mobile/15E148', 'Referer': 'http://rest56.652615.com/?appKey=fa2f1a6dc9726b1ed50f3a4d430a9e67&deviceId=fa2f1a6dc9726b1ed50f3a4d430a9e67&wechat=0', 'Connection': 'keep-alive'}
2021-08-06 11:41:45,409 - apiSend.py - INFO: 请求参数: {'time': 1628157076}
2021-08-06 11:41:45,409 - apiSend.py - INFO: 请求方法: GET
2021-08-06 11:41:45,419 - connectionpool.py - DEBUG: Starting new HTTP connection (1): api.652615.com:80
2021-08-06 11:41:45,577 - connectionpool.py - DEBUG: http://api.652615.com:80 "GET /liuyi/rest76/home/edugao?time=1628157076 HTTP/1.1" 200 1315
2021-08-06 11:41:45,606 - apiSend.py - INFO: 请求接口结果：
 (200, {'code': 200, 'data': [{'applyProcess': 94, 'cover': 'http://image.652615.com/2021/07/3a79ee72da554b6780117298f58b257b.png', 'detail': '新用户注册 送好礼', 'id': '1070832215790419968', 'loanMax': 30000, 'loanMin': 8000, 'loanTerm': '12', 'loanUrl': 'https://h5.shanying-inc.com/eros-front/promoteChannel/midPage?uuid=3c32515cf8864938a5d3a61095a78d0e', 'logo': 'http://image.652615.com/2021/07/266dde805cf44b678cdc0f8d5e507845.png', 'numbers': 8823, 'passing': 0, 'rate': 0.03, 'rateType': 1, 'seal': '会员普贷', 'sealLogo': 'http://image.652615.com/2021/04/538031ad077142839159b9128aece342.png', 'tags': '', 'termMax': 12, 'termMaxType': 1, 'termMin': 1, 'termMinType': 1, 'title': '普咚花', 'vipLimit': 1}, {'applyProcess': 90, 'cover': 'http://image.652615.com/2021/07/fcde43c30f024582a1bb2eeb961797c0.png', 'detail': '5万额度，轻松借款', 'id': '1037092466658295808', 'loanMax': 50000, 'loanMin': 3000, 'loanTerm': '三个月', 'loanUrl': 'https://www.sutuiwang.cc/index/channel/show/?code=Jf9ZQV', 'logo': 'http://image.652615.com/2021/08/5519508c5c7b4aa5ad29a52d6a91767b.png', 'numbers': 9877, 'passing': 0, 'rate': 0.02, 'rateType': 0, 'seal': '会员极速贷', 'sealLogo': 'http://image.652615.com/2021/05/ed5700df7a3c48d6955ccb2743c081e8.png', 'tags': '', 'termMax': 12, 'termMaxType': 0, 'termMin': 1, 'termMinType': 0, 'title': '贷小二', 'vipLimit': 0}], 'message': ''})
2021-08-06 11:41:45,649 - apiSend.py - INFO: ================================================================================
2021-08-06 11:41:45,650 - apiSend.py - DEBUG: 请求头处理结果：{'Host': 'api.652615.com', 'X-Liuyi-App-Key': 'fa2f1a6dc9726b1ed50f3a4d430a9e67', 'Accept': 'application/json, text/plain, */*', 'Authorization': 'Bearer 9b5f39bae4784a8db7863d4fd3eea20b', 'Accept-Language': 'zh-cn', 'Accept-Encoding': 'gzip, deflate', 'Content-Type': 'application/x-www-form-urlencoded;charset=utf-8', 'X-Liuyi-Device-ID': 'fa2f1a6dc9726b1ed50f3a4d430a9e67', 'Origin': 'http://rest56.652615.com', 'User-Agent': 'Mozilla/5.0 (iPhone; CPU iPhone OS 12_5_2 like Mac OS X) AppleWebKit/605.1.15 (KHTML, like Gecko) Mobile/15E148', 'Referer': 'http://rest56.652615.com/?appKey=fa2f1a6dc9726b1ed50f3a4d430a9e67&deviceId=fa2f1a6dc9726b1ed50f3a4d430a9e67&wechat=0', 'Connection': 'keep-alive'}
2021-08-06 11:41:45,650 - apiSend.py - DEBUG: 请求参数处理结果：{'time': 1628151452}
2021-08-06 11:41:45,651 - apiSend.py - DEBUG: host处理结果： api.652615.com
2021-08-06 11:41:45,651 - apiSend.py - INFO: 请求接口：meirijingxuan
2021-08-06 11:41:45,651 - apiSend.py - INFO: 请求头: {'Host': 'api.652615.com', 'X-Liuyi-App-Key': 'fa2f1a6dc9726b1ed50f3a4d430a9e67', 'Accept': 'application/json, text/plain, */*', 'Authorization': 'Bearer 9b5f39bae4784a8db7863d4fd3eea20b', 'Accept-Language': 'zh-cn', 'Accept-Encoding': 'gzip, deflate', 'Content-Type': 'application/x-www-form-urlencoded;charset=utf-8', 'X-Liuyi-Device-ID': 'fa2f1a6dc9726b1ed50f3a4d430a9e67', 'Origin': 'http://rest56.652615.com', 'User-Agent': 'Mozilla/5.0 (iPhone; CPU iPhone OS 12_5_2 like Mac OS X) AppleWebKit/605.1.15 (KHTML, like Gecko) Mobile/15E148', 'Referer': 'http://rest56.652615.com/?appKey=fa2f1a6dc9726b1ed50f3a4d430a9e67&deviceId=fa2f1a6dc9726b1ed50f3a4d430a9e67&wechat=0', 'Connection': 'keep-alive'}
2021-08-06 11:41:45,651 - apiSend.py - INFO: 请求参数: {'time': 1628151452}
2021-08-06 11:41:45,651 - apiSend.py - INFO: 请求方法: GET
2021-08-06 11:41:45,655 - connectionpool.py - DEBUG: Starting new HTTP connection (1): api.652615.com:80
2021-08-06 11:41:45,788 - connectionpool.py - DEBUG: http://api.652615.com:80 "GET /liuyi/rest76/home/meirijingxuan?time=1628151452 HTTP/1.1" 200 3268
2021-08-06 11:41:45,791 - apiSend.py - INFO: 请求接口结果：
 (200, {'code': 200, 'data': [{'applyProcess': 94, 'cover': 'http://image.652615.com/2020/07/ae8c2bbc9dfa4a058ed11573c03b04bd.png', 'detail': '随借随还 30秒审批 1分钟到账', 'id': '1070461949172318208', 'loanMax': 30000, 'loanMin': 2000, 'loanTerm': '12', 'loanUrl': 'https://stg.shantaokeji.cn/channel/tjhChannelRegister.html?channel=zhangshanghua1', 'logo': 'http://image.652615.com/2021/07/9eb7451d9a404839aadcd625c1027b41.png', 'numbers': 4274, 'passing': 0, 'rate': 0.02, 'rateType': 1, 'seal': '会员淘金贷', 'sealLogo': 'http://image.652615.com/2020/12/cba7cf5f81ff4a4ebe38deb765950416.png', 'tags': '', 'termMax': 12, 'termMaxType': 1, 'termMin': 1, 'termMinType': 1, 'title': '淘金荟', 'vipLimit': 1}, {'applyProcess': 92, 'cover': 'http://image.652615.com/2021/07/3a79ee72da554b6780117298f58b257b.png', 'detail': '新用户注册 送好礼', 'id': '1070832215790419968', 'loanMax': 30000, 'loanMin': 8000, 'loanTerm': '12', 'loanUrl': 'https://h5.shanying-inc.com/eros-front/promoteChannel/midPage?uuid=3c32515cf8864938a5d3a61095a78d0e', 'logo': 'http://image.652615.com/2021/07/266dde805cf44b678cdc0f8d5e507845.png', 'numbers': 8823, 'passing': 0, 'rate': 0.03, 'rateType': 1, 'seal': '会员普贷', 'sealLogo': 'http://image.652615.com/2021/04/538031ad077142839159b9128aece342.png', 'tags': '', 'termMax': 12, 'termMaxType': 1, 'termMin': 1, 'termMinType': 1, 'title': '普咚花', 'vipLimit': 1}, {'applyProcess': 92, 'cover': 'http://image.652615.com/2020/03/25d2cc9eed024710b0d0135c286c18fb.png', 'detail': '简单申请坐等下款', 'id': '1070384239261794304', 'loanMax': 50000, 'loanMin': 2000, 'loanTerm': '12', 'loanUrl': 'https://jr.ly.com/mkt-wechat/activity/h5/AII6NJ?media=dczhangshanghua&woa=tc#/', 'logo': 'http://image.652615.com/2021/07/535306f96bfc45559ec3b895008a7642.png', 'numbers': 4341, 'passing': 0, 'rate': 0.02, 'rateType': 1, 'seal': '会员工薪贷', 'sealLogo': 'http://image.652615.com/2020/11/d875036b615c4d0882a429cc62ace768.png', 'tags': '', 'termMax': 12, 'termMaxType': 1, 'termMin': 1, 'termMinType': 1, 'title': '提钱游', 'vipLimit': 1}, {'applyProcess': 89, 'cover': 'http://image.652615.com/2021/06/772f218b02234b9fb7a1aa1422dbb9f1.png', 'detail': '一键申请 快到账', 'id': '1037112896605421568', 'loanMax': 30000, 'loanMin': 6000, 'loanTerm': '三个月', 'loanUrl': 'https://h5.channel.dai365.cn/lhq/register-new/tBK5FhEiIHzm7Kr5.html', 'logo': 'http://image.652615.com/2021/08/befaa59cf75c48b6bd0277463324d956.png', 'numbers': 38245, 'passing': 0, 'rate': 0.02, 'rateType': 0, 'seal': '会员工薪贷', 'sealLogo': 'http://image.652615.com/2020/09/2a23278c407b4c44865baae25278de64.png', 'tags': '极速下款', 'termMax': 12, 'termMaxType': 1, 'termMin': 1, 'termMinType': 1, 'title': '零花钱', 'vipLimit': 1}, {'applyProcess': 93, 'cover': 'http://image.652615.com/2020/03/25d2cc9eed024710b0d0135c286c18fb.png', 'detail': '持信用卡用户 必到账', 'id': '1051953181695705088', 'loanMax': 50000, 'loanMin': 2000, 'loanTerm': '6', 'loanUrl': 'https://tg.51gjj.com/act/request/link_redirect/download/1078/', 'logo': 'http://image.652615.com/2021/07/57ac0b695db8479a8e63700c612f99d2.png', 'numbers': 6379, 'passing': 0, 'rate': 0.02, 'rateType': 0, 'seal': '会员信用贷', 'sealLogo': 'http://image.652615.com/2020/10/ab15f900a77e4f33a14f7432f68881ed.png', 'tags': '', 'termMax': 12, 'termMaxType': 1, 'termMin': 1, 'termMinType': 1, 'title': '51公积金-首月减息', 'vipLimit': 1}], 'message': ''})
2021-08-06 11:41:45,815 - apiSend.py - INFO: ================================================================================
2021-08-06 11:41:45,816 - apiSend.py - DEBUG: 请求头处理结果：{'Host': 'api.652615.com', 'X-Liuyi-App-Key': 'fa2f1a6dc9726b1ed50f3a4d430a9e67', 'Accept': 'application/json, text/plain, */*', 'Authorization': 'Bearer 9b5f39bae4784a8db7863d4fd3eea20b', 'Accept-Language': 'zh-cn', 'Accept-Encoding': 'gzip, deflate', 'Content-Type': 'application/x-www-form-urlencoded;charset=utf-8', 'X-Liuyi-Device-ID': 'fa2f1a6dc9726b1ed50f3a4d430a9e67', 'Origin': 'http://rest56.652615.com', 'User-Agent': 'Mozilla/5.0 (iPhone; CPU iPhone OS 12_5_2 like Mac OS X) AppleWebKit/605.1.15 (KHTML, like Gecko) Mobile/15E148', 'Referer': 'http://rest56.652615.com/?appKey=fa2f1a6dc9726b1ed50f3a4d430a9e67&deviceId=fa2f1a6dc9726b1ed50f3a4d430a9e67&wechat=0', 'Connection': 'keep-alive'}
2021-08-06 11:41:45,817 - apiSend.py - DEBUG: 请求参数处理结果：{'pageNo': '1', 'pageSize': '5'}
2021-08-06 11:41:45,817 - apiSend.py - DEBUG: host处理结果： api.652615.com
2021-08-06 11:41:45,818 - apiSend.py - INFO: 请求接口：youxuantuijian
2021-08-06 11:41:45,819 - apiSend.py - INFO: 请求头: {'Host': 'api.652615.com', 'X-Liuyi-App-Key': 'fa2f1a6dc9726b1ed50f3a4d430a9e67', 'Accept': 'application/json, text/plain, */*', 'Authorization': 'Bearer 9b5f39bae4784a8db7863d4fd3eea20b', 'Accept-Language': 'zh-cn', 'Accept-Encoding': 'gzip, deflate', 'Content-Type': 'application/x-www-form-urlencoded;charset=utf-8', 'X-Liuyi-Device-ID': 'fa2f1a6dc9726b1ed50f3a4d430a9e67', 'Origin': 'http://rest56.652615.com', 'User-Agent': 'Mozilla/5.0 (iPhone; CPU iPhone OS 12_5_2 like Mac OS X) AppleWebKit/605.1.15 (KHTML, like Gecko) Mobile/15E148', 'Referer': 'http://rest56.652615.com/?appKey=fa2f1a6dc9726b1ed50f3a4d430a9e67&deviceId=fa2f1a6dc9726b1ed50f3a4d430a9e67&wechat=0', 'Connection': 'keep-alive'}
2021-08-06 11:41:45,820 - apiSend.py - INFO: 请求参数: {'pageNo': '1', 'pageSize': '5'}
2021-08-06 11:41:45,821 - apiSend.py - INFO: 请求方法: GET
2021-08-06 11:41:45,829 - connectionpool.py - DEBUG: Starting new HTTP connection (1): api.652615.com:80
2021-08-06 11:41:45,974 - connectionpool.py - DEBUG: http://api.652615.com:80 "GET /liuyi/rest76/home/youxuantuijian?pageNo=1&pageSize=5 HTTP/1.1" 200 3233
2021-08-06 11:41:45,975 - apiSend.py - INFO: 请求接口结果：
 (200, {'code': 200, 'data': [{'applyProcess': 97, 'cover': 'http://image.652615.com/2021/07/fcde43c30f024582a1bb2eeb961797c0.png', 'detail': '5万额度，轻松借款', 'id': '1037092466658295808', 'loanMax': 50000, 'loanMin': 3000, 'loanTerm': '三个月', 'loanUrl': 'https://www.sutuiwang.cc/index/channel/show/?code=Jf9ZQV', 'logo': 'http://image.652615.com/2021/08/5519508c5c7b4aa5ad29a52d6a91767b.png', 'numbers': 9877, 'passing': 0, 'rate': 0.02, 'rateType': 0, 'seal': '会员极速贷', 'sealLogo': 'http://image.652615.com/2021/05/ed5700df7a3c48d6955ccb2743c081e8.png', 'tags': '', 'termMax': 12, 'termMaxType': 0, 'termMin': 1, 'termMinType': 0, 'title': '贷小二', 'vipLimit': 0}, {'applyProcess': 97, 'cover': 'http://image.652615.com/2021/06/4128870cdbba4c5fbadd41bffe73c9d9.png', 'detail': '好额度 易申请', 'id': '1037096592884547584', 'loanMax': 100000, 'loanMin': 5000, 'loanTerm': '三个月 ', 'loanUrl': 'http://qyapi.kaibeikeji.cn/web/mk/regist01?channel=827', 'logo': 'http://image.652615.com/2021/08/adfa2066ee7e4c369612754411c996c0.png', 'numbers': 6432, 'passing': 0, 'rate': 0.02, 'rateType': 0, 'seal': '会员爱借', 'sealLogo': 'http://image.652615.com/2021/03/c4edcf172b0c470cb47a12dd0266817d.png', 'tags': '', 'termMax': 36, 'termMaxType': 0, 'termMin': 1, 'termMinType': 0, 'title': '花花优品', 'vipLimit': 0}, {'applyProcess': 90, 'cover': 'http://image.652615.com/2020/07/ae8c2bbc9dfa4a058ed11573c03b04bd.png', 'detail': '随借随还 30秒审批 1分钟到账', 'id': '1070461949172318208', 'loanMax': 30000, 'loanMin': 2000, 'loanTerm': '12', 'loanUrl': 'https://stg.shantaokeji.cn/channel/tjhChannelRegister.html?channel=zhangshanghua1', 'logo': 'http://image.652615.com/2021/07/9eb7451d9a404839aadcd625c1027b41.png', 'numbers': 4274, 'passing': 0, 'rate': 0.02, 'rateType': 1, 'seal': '会员淘金贷', 'sealLogo': 'http://image.652615.com/2020/12/cba7cf5f81ff4a4ebe38deb765950416.png', 'tags': '', 'termMax': 12, 'termMaxType': 1, 'termMin': 1, 'termMinType': 1, 'title': '淘金荟', 'vipLimit': 1}, {'applyProcess': 92, 'cover': 'http://image.652615.com/2021/06/772f218b02234b9fb7a1aa1422dbb9f1.png', 'detail': '一键申请 快到账', 'id': '1037112896605421568', 'loanMax': 30000, 'loanMin': 6000, 'loanTerm': '三个月', 'loanUrl': 'https://h5.channel.dai365.cn/lhq/register-new/tBK5FhEiIHzm7Kr5.html', 'logo': 'http://image.652615.com/2021/08/befaa59cf75c48b6bd0277463324d956.png', 'numbers': 38245, 'passing': 0, 'rate': 0.02, 'rateType': 0, 'seal': '会员工薪贷', 'sealLogo': 'http://image.652615.com/2020/09/2a23278c407b4c44865baae25278de64.png', 'tags': '极速下款', 'termMax': 12, 'termMaxType': 1, 'termMin': 1, 'termMinType': 1, 'title': '零花钱', 'vipLimit': 1}, {'applyProcess': 91, 'cover': 'http://image.652615.com/2021/07/3a79ee72da554b6780117298f58b257b.png', 'detail': '新用户注册 送好礼', 'id': '1070832215790419968', 'loanMax': 30000, 'loanMin': 8000, 'loanTerm': '12', 'loanUrl': 'https://h5.shanying-inc.com/eros-front/promoteChannel/midPage?uuid=3c32515cf8864938a5d3a61095a78d0e', 'logo': 'http://image.652615.com/2021/07/266dde805cf44b678cdc0f8d5e507845.png', 'numbers': 8823, 'passing': 0, 'rate': 0.03, 'rateType': 1, 'seal': '会员普贷', 'sealLogo': 'http://image.652615.com/2021/04/538031ad077142839159b9128aece342.png', 'tags': '', 'termMax': 12, 'termMaxType': 1, 'termMin': 1, 'termMinType': 1, 'title': '普咚花', 'vipLimit': 1}], 'message': ''})
2021-08-06 11:41:45,990 - apiSend.py - INFO: ================================================================================
2021-08-06 11:41:45,990 - apiSend.py - DEBUG: 请求头处理结果：{'Host': 'api.652615.com', 'X-Liuyi-App-Key': '735448165a81e5d026c69c653d5423b7', 'Accept': 'application/json, text/plain, */*', 'Authorization': 'Bearer 17d58d9224132591710dc7f6a251ce9f', 'Accept-Language': 'zh-cn', 'Accept-Encoding': 'gzip, deflate', 'Content-Type': 'application/x-www-form-urlencoded;charset=utf-8', 'X-Liuyi-Device-ID': '1B71FD42-A458-4E9A-9A0D-94AE0827AE7A', 'Origin': 'http://rest56.652615.com', 'User-Agent': 'Mozilla/5.0 (iPhone; CPU iPhone OS 12_5_2 like Mac OS X) AppleWebKit/605.1.15 (KHTML, like Gecko) Mobile/15E148', 'Referer': 'http://rest56.652615.com/?appKey=735448165a81e5d026c69c653d5423b7&deviceId=1B71FD42-A458-4E9A-9A0D-94AE0827AE7A&wechat=0', 'Connection': 'keep-alive'}
2021-08-06 11:41:45,990 - apiSend.py - DEBUG: 请求参数处理结果：{'aaa': 'bbb'}
2021-08-06 11:41:45,991 - apiSend.py - DEBUG: host处理结果： api.652615.com
2021-08-06 11:41:45,991 - apiSend.py - INFO: 请求接口：first_in
2021-08-06 11:41:45,991 - apiSend.py - INFO: 请求头: {'Host': 'api.652615.com', 'X-Liuyi-App-Key': '735448165a81e5d026c69c653d5423b7', 'Accept': 'application/json, text/plain, */*', 'Authorization': 'Bearer 17d58d9224132591710dc7f6a251ce9f', 'Accept-Language': 'zh-cn', 'Accept-Encoding': 'gzip, deflate', 'Content-Type': 'application/x-www-form-urlencoded;charset=utf-8', 'X-Liuyi-Device-ID': '1B71FD42-A458-4E9A-9A0D-94AE0827AE7A', 'Origin': 'http://rest56.652615.com', 'User-Agent': 'Mozilla/5.0 (iPhone; CPU iPhone OS 12_5_2 like Mac OS X) AppleWebKit/605.1.15 (KHTML, like Gecko) Mobile/15E148', 'Referer': 'http://rest56.652615.com/?appKey=735448165a81e5d026c69c653d5423b7&deviceId=1B71FD42-A458-4E9A-9A0D-94AE0827AE7A&wechat=0', 'Connection': 'keep-alive'}
2021-08-06 11:41:45,992 - apiSend.py - INFO: 请求参数: {'aaa': 'bbb'}
2021-08-06 11:41:45,992 - apiSend.py - INFO: 请求方法: GET
2021-08-06 11:41:45,995 - connectionpool.py - DEBUG: Starting new HTTP connection (1): api.652615.com:80
2021-08-06 11:41:46,085 - connectionpool.py - DEBUG: http://api.652615.com:80 "GET /liuyi/rest76/user/first_in?aaa=bbb HTTP/1.1" 200 53
2021-08-06 11:41:46,087 - apiSend.py - INFO: 请求接口结果：
 (200, {'code': 200, 'data': {'first': 1, 'type': 1}, 'message': ''})
2021-08-06 11:41:46,089 - apiSend.py - INFO: ================================================================================
2021-08-06 11:41:46,089 - apiSend.py - DEBUG: 请求头处理结果：{'Host': 'api.652615.com', 'X-Liuyi-App-Key': '735448165a81e5d026c69c653d5423b7', 'Accept': 'application/json, text/plain, */*', 'Authorization': 'Bearer 17d58d9224132591710dc7f6a251ce9f', 'Accept-Language': 'zh-cn', 'Accept-Encoding': 'gzip, deflate', 'Content-Type': 'application/x-www-form-urlencoded;charset=utf-8', 'X-Liuyi-Device-ID': '1B71FD42-A458-4E9A-9A0D-94AE0827AE7A', 'Origin': 'http://rest56.652615.com', 'User-Agent': 'Mozilla/5.0 (iPhone; CPU iPhone OS 12_5_2 like Mac OS X) AppleWebKit/605.1.15 (KHTML, like Gecko) Mobile/15E148', 'Referer': 'http://rest56.652615.com/?appKey=735448165a81e5d026c69c653d5423b7&deviceId=1B71FD42-A458-4E9A-9A0D-94AE0827AE7A&wechat=0', 'Connection': 'keep-alive'}
2021-08-06 11:41:46,089 - apiSend.py - DEBUG: 请求参数处理结果：{'aaa': 'bbb'}
2021-08-06 11:41:46,089 - apiSend.py - DEBUG: host处理结果： api.652615.com
2021-08-06 11:41:46,089 - apiSend.py - INFO: 请求接口：vip_info
2021-08-06 11:41:46,089 - apiSend.py - INFO: 请求头: {'Host': 'api.652615.com', 'X-Liuyi-App-Key': '735448165a81e5d026c69c653d5423b7', 'Accept': 'application/json, text/plain, */*', 'Authorization': 'Bearer 17d58d9224132591710dc7f6a251ce9f', 'Accept-Language': 'zh-cn', 'Accept-Encoding': 'gzip, deflate', 'Content-Type': 'application/x-www-form-urlencoded;charset=utf-8', 'X-Liuyi-Device-ID': '1B71FD42-A458-4E9A-9A0D-94AE0827AE7A', 'Origin': 'http://rest56.652615.com', 'User-Agent': 'Mozilla/5.0 (iPhone; CPU iPhone OS 12_5_2 like Mac OS X) AppleWebKit/605.1.15 (KHTML, like Gecko) Mobile/15E148', 'Referer': 'http://rest56.652615.com/?appKey=735448165a81e5d026c69c653d5423b7&deviceId=1B71FD42-A458-4E9A-9A0D-94AE0827AE7A&wechat=0', 'Connection': 'keep-alive'}
2021-08-06 11:41:46,089 - apiSend.py - INFO: 请求参数: {'aaa': 'bbb'}
2021-08-06 11:41:46,090 - apiSend.py - INFO: 请求方法: GET
2021-08-06 11:41:46,091 - connectionpool.py - DEBUG: Starting new HTTP connection (1): api.652615.com:80
2021-08-06 11:41:46,238 - connectionpool.py - DEBUG: http://api.652615.com:80 "GET /liuyi/rest76/user/vip_info?aaa=bbb HTTP/1.1" 200 68
2021-08-06 11:41:46,240 - apiSend.py - INFO: 请求接口结果：
 (200, {'code': 200, 'data': {'avaliable': 0, 'vip': 1, 'vipType': 1}, 'message': ''})
2021-08-06 15:52:58,959 - writeCaseYaml.py - DEBUG: 从F:/pythoncode/learn_pytest_20200720/data/目录下，读取文件first.chlsj
2021-08-06 15:52:58,960 - mkDir.py - DEBUG: logs目录已存在：F:/pythoncode/learn_pytest_20200720/page/user
2021-08-06 15:52:58,962 - writeCaseYaml.py - DEBUG: 从F:/pythoncode/learn_pytest_20200720/data/目录下，读取文件five.chlsj
2021-08-06 15:52:58,964 - mkDir.py - DEBUG: logs目录已存在：F:/pythoncode/learn_pytest_20200720/page/home
2021-08-06 15:52:58,964 - writeCaseYaml.py - DEBUG: 从F:/pythoncode/learn_pytest_20200720/data/目录下，读取文件four.chlsj
2021-08-06 15:52:58,965 - mkDir.py - DEBUG: logs目录已存在：F:/pythoncode/learn_pytest_20200720/page/home
2021-08-06 15:52:58,966 - writeCaseYaml.py - DEBUG: 从F:/pythoncode/learn_pytest_20200720/data/目录下，读取文件second.chlsj
2021-08-06 15:52:58,967 - mkDir.py - DEBUG: logs目录已存在：F:/pythoncode/learn_pytest_20200720/page/user
2021-08-06 15:52:58,967 - writeCaseYaml.py - DEBUG: 从F:/pythoncode/learn_pytest_20200720/data/目录下，读取文件six.chlsj
2021-08-06 15:52:58,967 - writeCaseYaml.py - ERROR: 未找到parameter: Expecting value: line 1 column 1 (char 0)
2021-08-06 16:44:16,428 - writeCaseYaml.py - DEBUG: 从F:/pythoncode/learn_pytest_20200720/data/目录下，读取文件first.chlsj
2021-08-06 16:44:16,428 - mkDir.py - DEBUG: logs目录已存在：F:/pythoncode/learn_pytest_20200720/page/user
2021-08-06 16:44:16,429 - writeCaseYaml.py - DEBUG: 从F:/pythoncode/learn_pytest_20200720/data/目录下，读取文件five.chlsj
2021-08-06 16:44:16,430 - mkDir.py - DEBUG: logs目录已存在：F:/pythoncode/learn_pytest_20200720/page/home
2021-08-06 16:44:16,430 - writeCaseYaml.py - DEBUG: 从F:/pythoncode/learn_pytest_20200720/data/目录下，读取文件four.chlsj
2021-08-06 16:44:16,431 - mkDir.py - DEBUG: logs目录已存在：F:/pythoncode/learn_pytest_20200720/page/home
2021-08-06 16:44:16,432 - writeCaseYaml.py - DEBUG: 从F:/pythoncode/learn_pytest_20200720/data/目录下，读取文件second.chlsj
2021-08-06 16:44:16,432 - mkDir.py - DEBUG: logs目录已存在：F:/pythoncode/learn_pytest_20200720/page/user
2021-08-06 16:44:16,433 - writeCaseYaml.py - DEBUG: 从F:/pythoncode/learn_pytest_20200720/data/目录下，读取文件six.chlsj
2021-08-06 16:44:16,451 - writeCaseYaml.py - DEBUG: 从F:/pythoncode/learn_pytest_20200720/page/magicnana目录下，写入测试文件F:/pythoncode/learn_pytest_20200720/page/magicnana/get_alias_by_app_key.yml
2021-08-06 16:44:16,460 - writeCaseYaml.py - DEBUG: 从F:/pythoncode/learn_pytest_20200720/data/目录下，读取文件three.chlsj
2021-08-06 16:44:16,461 - mkDir.py - DEBUG: logs目录已存在：F:/pythoncode/learn_pytest_20200720/page/home
2021-08-06 16:44:17,746 - apiSend.py - INFO: ================================================================================
2021-08-06 16:44:17,747 - apiSend.py - DEBUG: 请求头处理结果：{'Host': 'api.652615.com', 'X-Liuyi-App-Key': 'fa2f1a6dc9726b1ed50f3a4d430a9e67', 'Accept': 'application/json, text/plain, */*', 'Authorization': 'Bearer 9b5f39bae4784a8db7863d4fd3eea20b', 'Accept-Language': 'zh-cn', 'Accept-Encoding': 'gzip, deflate', 'Content-Type': 'application/x-www-form-urlencoded;charset=utf-8', 'X-Liuyi-Device-ID': 'fa2f1a6dc9726b1ed50f3a4d430a9e67', 'Origin': 'http://rest56.652615.com', 'User-Agent': 'Mozilla/5.0 (iPhone; CPU iPhone OS 12_5_2 like Mac OS X) AppleWebKit/605.1.15 (KHTML, like Gecko) Mobile/15E148', 'Referer': 'http://rest56.652615.com/?appKey=fa2f1a6dc9726b1ed50f3a4d430a9e67&deviceId=fa2f1a6dc9726b1ed50f3a4d430a9e67&wechat=0', 'Connection': 'keep-alive'}
2021-08-06 16:44:17,747 - apiSend.py - DEBUG: 请求参数处理结果：{'time': 1628157076}
2021-08-06 16:44:17,747 - apiSend.py - DEBUG: host处理结果： api.652615.com
2021-08-06 16:44:17,747 - apiSend.py - INFO: 请求接口：edugao
2021-08-06 16:44:17,747 - apiSend.py - INFO: 请求头: {'Host': 'api.652615.com', 'X-Liuyi-App-Key': 'fa2f1a6dc9726b1ed50f3a4d430a9e67', 'Accept': 'application/json, text/plain, */*', 'Authorization': 'Bearer 9b5f39bae4784a8db7863d4fd3eea20b', 'Accept-Language': 'zh-cn', 'Accept-Encoding': 'gzip, deflate', 'Content-Type': 'application/x-www-form-urlencoded;charset=utf-8', 'X-Liuyi-Device-ID': 'fa2f1a6dc9726b1ed50f3a4d430a9e67', 'Origin': 'http://rest56.652615.com', 'User-Agent': 'Mozilla/5.0 (iPhone; CPU iPhone OS 12_5_2 like Mac OS X) AppleWebKit/605.1.15 (KHTML, like Gecko) Mobile/15E148', 'Referer': 'http://rest56.652615.com/?appKey=fa2f1a6dc9726b1ed50f3a4d430a9e67&deviceId=fa2f1a6dc9726b1ed50f3a4d430a9e67&wechat=0', 'Connection': 'keep-alive'}
2021-08-06 16:44:17,747 - apiSend.py - INFO: 请求参数: {'time': 1628157076}
2021-08-06 16:44:17,747 - apiSend.py - INFO: 请求方法: GET
2021-08-06 16:44:17,751 - connectionpool.py - DEBUG: Starting new HTTP connection (1): api.652615.com:80
2021-08-06 16:44:17,902 - connectionpool.py - DEBUG: http://api.652615.com:80 "GET /liuyi/rest76/home/edugao?time=1628157076 HTTP/1.1" 200 691
2021-08-06 16:44:17,902 - apiSend.py - INFO: 请求接口结果：
 (200, {'code': 200, 'data': [{'applyProcess': 88, 'cover': 'http://image.652615.com/2021/07/3a79ee72da554b6780117298f58b257b.png', 'detail': '新用户注册 送好礼', 'id': '1070832215790419968', 'loanMax': 30000, 'loanMin': 8000, 'loanTerm': '12', 'loanUrl': 'https://h5.shanying-inc.com/eros-front/promoteChannel/midPage?uuid=3c32515cf8864938a5d3a61095a78d0e', 'logo': 'http://image.652615.com/2021/07/266dde805cf44b678cdc0f8d5e507845.png', 'numbers': 8823, 'passing': 0, 'rate': 0.03, 'rateType': 1, 'seal': '会员普贷', 'sealLogo': 'http://image.652615.com/2021/04/538031ad077142839159b9128aece342.png', 'tags': '', 'termMax': 12, 'termMaxType': 1, 'termMin': 1, 'termMinType': 1, 'title': '普咚花', 'vipLimit': 1}], 'message': ''})
2021-08-06 16:44:17,905 - apiSend.py - INFO: ================================================================================
2021-08-06 16:44:17,906 - apiSend.py - DEBUG: 请求头处理结果：{'Host': 'api.652615.com', 'X-Liuyi-App-Key': 'fa2f1a6dc9726b1ed50f3a4d430a9e67', 'Accept': 'application/json, text/plain, */*', 'Authorization': 'Bearer 9b5f39bae4784a8db7863d4fd3eea20b', 'Accept-Language': 'zh-cn', 'Accept-Encoding': 'gzip, deflate', 'Content-Type': 'application/x-www-form-urlencoded;charset=utf-8', 'X-Liuyi-Device-ID': 'fa2f1a6dc9726b1ed50f3a4d430a9e67', 'Origin': 'http://rest56.652615.com', 'User-Agent': 'Mozilla/5.0 (iPhone; CPU iPhone OS 12_5_2 like Mac OS X) AppleWebKit/605.1.15 (KHTML, like Gecko) Mobile/15E148', 'Referer': 'http://rest56.652615.com/?appKey=fa2f1a6dc9726b1ed50f3a4d430a9e67&deviceId=fa2f1a6dc9726b1ed50f3a4d430a9e67&wechat=0', 'Connection': 'keep-alive'}
2021-08-06 16:44:17,906 - apiSend.py - DEBUG: 请求参数处理结果：{'time': 1628151452}
2021-08-06 16:44:17,906 - apiSend.py - DEBUG: host处理结果： api.652615.com
2021-08-06 16:44:17,906 - apiSend.py - INFO: 请求接口：meirijingxuan
2021-08-06 16:44:17,906 - apiSend.py - INFO: 请求头: {'Host': 'api.652615.com', 'X-Liuyi-App-Key': 'fa2f1a6dc9726b1ed50f3a4d430a9e67', 'Accept': 'application/json, text/plain, */*', 'Authorization': 'Bearer 9b5f39bae4784a8db7863d4fd3eea20b', 'Accept-Language': 'zh-cn', 'Accept-Encoding': 'gzip, deflate', 'Content-Type': 'application/x-www-form-urlencoded;charset=utf-8', 'X-Liuyi-Device-ID': 'fa2f1a6dc9726b1ed50f3a4d430a9e67', 'Origin': 'http://rest56.652615.com', 'User-Agent': 'Mozilla/5.0 (iPhone; CPU iPhone OS 12_5_2 like Mac OS X) AppleWebKit/605.1.15 (KHTML, like Gecko) Mobile/15E148', 'Referer': 'http://rest56.652615.com/?appKey=fa2f1a6dc9726b1ed50f3a4d430a9e67&deviceId=fa2f1a6dc9726b1ed50f3a4d430a9e67&wechat=0', 'Connection': 'keep-alive'}
2021-08-06 16:44:17,906 - apiSend.py - INFO: 请求参数: {'time': 1628151452}
2021-08-06 16:44:17,906 - apiSend.py - INFO: 请求方法: GET
2021-08-06 16:44:17,908 - connectionpool.py - DEBUG: Starting new HTTP connection (1): api.652615.com:80
2021-08-06 16:44:18,069 - connectionpool.py - DEBUG: http://api.652615.com:80 "GET /liuyi/rest76/home/meirijingxuan?time=1628151452 HTTP/1.1" 200 3268
2021-08-06 16:44:18,070 - apiSend.py - INFO: 请求接口结果：
 (200, {'code': 200, 'data': [{'applyProcess': 88, 'cover': 'http://image.652615.com/2020/07/ae8c2bbc9dfa4a058ed11573c03b04bd.png', 'detail': '随借随还 30秒审批 1分钟到账', 'id': '1070461949172318208', 'loanMax': 30000, 'loanMin': 2000, 'loanTerm': '12', 'loanUrl': 'https://stg.shantaokeji.cn/channel/tjhChannelRegister.html?channel=zhangshanghua1', 'logo': 'http://image.652615.com/2021/07/9eb7451d9a404839aadcd625c1027b41.png', 'numbers': 4274, 'passing': 0, 'rate': 0.02, 'rateType': 1, 'seal': '会员淘金贷', 'sealLogo': 'http://image.652615.com/2020/12/cba7cf5f81ff4a4ebe38deb765950416.png', 'tags': '', 'termMax': 12, 'termMaxType': 1, 'termMin': 1, 'termMinType': 1, 'title': '淘金荟', 'vipLimit': 1}, {'applyProcess': 88, 'cover': 'http://image.652615.com/2021/07/3a79ee72da554b6780117298f58b257b.png', 'detail': '新用户注册 送好礼', 'id': '1070832215790419968', 'loanMax': 30000, 'loanMin': 8000, 'loanTerm': '12', 'loanUrl': 'https://h5.shanying-inc.com/eros-front/promoteChannel/midPage?uuid=3c32515cf8864938a5d3a61095a78d0e', 'logo': 'http://image.652615.com/2021/07/266dde805cf44b678cdc0f8d5e507845.png', 'numbers': 8823, 'passing': 0, 'rate': 0.03, 'rateType': 1, 'seal': '会员普贷', 'sealLogo': 'http://image.652615.com/2021/04/538031ad077142839159b9128aece342.png', 'tags': '', 'termMax': 12, 'termMaxType': 1, 'termMin': 1, 'termMinType': 1, 'title': '普咚花', 'vipLimit': 1}, {'applyProcess': 91, 'cover': 'http://image.652615.com/2020/03/25d2cc9eed024710b0d0135c286c18fb.png', 'detail': '简单申请坐等下款', 'id': '1070384239261794304', 'loanMax': 50000, 'loanMin': 2000, 'loanTerm': '12', 'loanUrl': 'https://jr.ly.com/mkt-wechat/activity/h5/AII6NJ?media=dczhangshanghua&woa=tc#/', 'logo': 'http://image.652615.com/2021/07/535306f96bfc45559ec3b895008a7642.png', 'numbers': 4341, 'passing': 0, 'rate': 0.02, 'rateType': 1, 'seal': '会员工薪贷', 'sealLogo': 'http://image.652615.com/2020/11/d875036b615c4d0882a429cc62ace768.png', 'tags': '', 'termMax': 12, 'termMaxType': 1, 'termMin': 1, 'termMinType': 1, 'title': '提钱游', 'vipLimit': 1}, {'applyProcess': 91, 'cover': 'http://image.652615.com/2021/06/772f218b02234b9fb7a1aa1422dbb9f1.png', 'detail': '一键申请 快到账', 'id': '1037112896605421568', 'loanMax': 30000, 'loanMin': 6000, 'loanTerm': '三个月', 'loanUrl': 'https://h5.channel.dai365.cn/lhq/register-new/tBK5FhEiIHzm7Kr5.html', 'logo': 'http://image.652615.com/2021/08/befaa59cf75c48b6bd0277463324d956.png', 'numbers': 38245, 'passing': 0, 'rate': 0.02, 'rateType': 0, 'seal': '会员工薪贷', 'sealLogo': 'http://image.652615.com/2020/09/2a23278c407b4c44865baae25278de64.png', 'tags': '极速下款', 'termMax': 12, 'termMaxType': 1, 'termMin': 1, 'termMinType': 1, 'title': '零花钱', 'vipLimit': 1}, {'applyProcess': 91, 'cover': 'http://image.652615.com/2020/03/25d2cc9eed024710b0d0135c286c18fb.png', 'detail': '持信用卡用户 必到账', 'id': '1051953181695705088', 'loanMax': 50000, 'loanMin': 2000, 'loanTerm': '6', 'loanUrl': 'https://tg.51gjj.com/act/request/link_redirect/download/1078/', 'logo': 'http://image.652615.com/2021/07/57ac0b695db8479a8e63700c612f99d2.png', 'numbers': 6379, 'passing': 0, 'rate': 0.02, 'rateType': 0, 'seal': '会员信用贷', 'sealLogo': 'http://image.652615.com/2020/10/ab15f900a77e4f33a14f7432f68881ed.png', 'tags': '', 'termMax': 12, 'termMaxType': 1, 'termMin': 1, 'termMinType': 1, 'title': '51公积金-首月减息', 'vipLimit': 1}], 'message': ''})
2021-08-06 16:44:18,073 - apiSend.py - INFO: ================================================================================
2021-08-06 16:44:18,073 - apiSend.py - DEBUG: 请求头处理结果：{'Host': 'api.652615.com', 'X-Liuyi-App-Key': 'fa2f1a6dc9726b1ed50f3a4d430a9e67', 'Accept': 'application/json, text/plain, */*', 'Authorization': 'Bearer 9b5f39bae4784a8db7863d4fd3eea20b', 'Accept-Language': 'zh-cn', 'Accept-Encoding': 'gzip, deflate', 'Content-Type': 'application/x-www-form-urlencoded;charset=utf-8', 'X-Liuyi-Device-ID': 'fa2f1a6dc9726b1ed50f3a4d430a9e67', 'Origin': 'http://rest56.652615.com', 'User-Agent': 'Mozilla/5.0 (iPhone; CPU iPhone OS 12_5_2 like Mac OS X) AppleWebKit/605.1.15 (KHTML, like Gecko) Mobile/15E148', 'Referer': 'http://rest56.652615.com/?appKey=fa2f1a6dc9726b1ed50f3a4d430a9e67&deviceId=fa2f1a6dc9726b1ed50f3a4d430a9e67&wechat=0', 'Connection': 'keep-alive'}
2021-08-06 16:44:18,073 - apiSend.py - DEBUG: 请求参数处理结果：{'pageNo': '1', 'pageSize': '5'}
2021-08-06 16:44:18,073 - apiSend.py - DEBUG: host处理结果： api.652615.com
2021-08-06 16:44:18,073 - apiSend.py - INFO: 请求接口：youxuantuijian
2021-08-06 16:44:18,073 - apiSend.py - INFO: 请求头: {'Host': 'api.652615.com', 'X-Liuyi-App-Key': 'fa2f1a6dc9726b1ed50f3a4d430a9e67', 'Accept': 'application/json, text/plain, */*', 'Authorization': 'Bearer 9b5f39bae4784a8db7863d4fd3eea20b', 'Accept-Language': 'zh-cn', 'Accept-Encoding': 'gzip, deflate', 'Content-Type': 'application/x-www-form-urlencoded;charset=utf-8', 'X-Liuyi-Device-ID': 'fa2f1a6dc9726b1ed50f3a4d430a9e67', 'Origin': 'http://rest56.652615.com', 'User-Agent': 'Mozilla/5.0 (iPhone; CPU iPhone OS 12_5_2 like Mac OS X) AppleWebKit/605.1.15 (KHTML, like Gecko) Mobile/15E148', 'Referer': 'http://rest56.652615.com/?appKey=fa2f1a6dc9726b1ed50f3a4d430a9e67&deviceId=fa2f1a6dc9726b1ed50f3a4d430a9e67&wechat=0', 'Connection': 'keep-alive'}
2021-08-06 16:44:18,074 - apiSend.py - INFO: 请求参数: {'pageNo': '1', 'pageSize': '5'}
2021-08-06 16:44:18,075 - apiSend.py - INFO: 请求方法: GET
2021-08-06 16:44:18,077 - connectionpool.py - DEBUG: Starting new HTTP connection (1): api.652615.com:80
2021-08-06 16:44:18,451 - connectionpool.py - DEBUG: http://api.652615.com:80 "GET /liuyi/rest76/home/youxuantuijian?pageNo=1&pageSize=5 HTTP/1.1" 200 3268
2021-08-06 16:44:18,453 - apiSend.py - INFO: 请求接口结果：
 (200, {'code': 200, 'data': [{'applyProcess': 94, 'cover': 'http://image.652615.com/2020/07/ae8c2bbc9dfa4a058ed11573c03b04bd.png', 'detail': '随借随还 30秒审批 1分钟到账', 'id': '1070461949172318208', 'loanMax': 30000, 'loanMin': 2000, 'loanTerm': '12', 'loanUrl': 'https://stg.shantaokeji.cn/channel/tjhChannelRegister.html?channel=zhangshanghua1', 'logo': 'http://image.652615.com/2021/07/9eb7451d9a404839aadcd625c1027b41.png', 'numbers': 4274, 'passing': 0, 'rate': 0.02, 'rateType': 1, 'seal': '会员淘金贷', 'sealLogo': 'http://image.652615.com/2020/12/cba7cf5f81ff4a4ebe38deb765950416.png', 'tags': '', 'termMax': 12, 'termMaxType': 1, 'termMin': 1, 'termMinType': 1, 'title': '淘金荟', 'vipLimit': 1}, {'applyProcess': 94, 'cover': 'http://image.652615.com/2021/06/772f218b02234b9fb7a1aa1422dbb9f1.png', 'detail': '一键申请 快到账', 'id': '1037112896605421568', 'loanMax': 30000, 'loanMin': 6000, 'loanTerm': '三个月', 'loanUrl': 'https://h5.channel.dai365.cn/lhq/register-new/tBK5FhEiIHzm7Kr5.html', 'logo': 'http://image.652615.com/2021/08/befaa59cf75c48b6bd0277463324d956.png', 'numbers': 38245, 'passing': 0, 'rate': 0.02, 'rateType': 0, 'seal': '会员工薪贷', 'sealLogo': 'http://image.652615.com/2020/09/2a23278c407b4c44865baae25278de64.png', 'tags': '极速下款', 'termMax': 12, 'termMaxType': 1, 'termMin': 1, 'termMinType': 1, 'title': '零花钱', 'vipLimit': 1}, {'applyProcess': 93, 'cover': 'http://image.652615.com/2021/07/3a79ee72da554b6780117298f58b257b.png', 'detail': '新用户注册 送好礼', 'id': '1070832215790419968', 'loanMax': 30000, 'loanMin': 8000, 'loanTerm': '12', 'loanUrl': 'https://h5.shanying-inc.com/eros-front/promoteChannel/midPage?uuid=3c32515cf8864938a5d3a61095a78d0e', 'logo': 'http://image.652615.com/2021/07/266dde805cf44b678cdc0f8d5e507845.png', 'numbers': 8823, 'passing': 0, 'rate': 0.03, 'rateType': 1, 'seal': '会员普贷', 'sealLogo': 'http://image.652615.com/2021/04/538031ad077142839159b9128aece342.png', 'tags': '', 'termMax': 12, 'termMaxType': 1, 'termMin': 1, 'termMinType': 1, 'title': '普咚花', 'vipLimit': 1}, {'applyProcess': 95, 'cover': 'http://image.652615.com/2020/03/25d2cc9eed024710b0d0135c286c18fb.png', 'detail': '简单申请坐等下款', 'id': '1070384239261794304', 'loanMax': 50000, 'loanMin': 2000, 'loanTerm': '12', 'loanUrl': 'https://jr.ly.com/mkt-wechat/activity/h5/AII6NJ?media=dczhangshanghua&woa=tc#/', 'logo': 'http://image.652615.com/2021/07/535306f96bfc45559ec3b895008a7642.png', 'numbers': 4341, 'passing': 0, 'rate': 0.02, 'rateType': 1, 'seal': '会员工薪贷', 'sealLogo': 'http://image.652615.com/2020/11/d875036b615c4d0882a429cc62ace768.png', 'tags': '', 'termMax': 12, 'termMaxType': 1, 'termMin': 1, 'termMinType': 1, 'title': '提钱游', 'vipLimit': 1}, {'applyProcess': 94, 'cover': 'http://image.652615.com/2020/03/25d2cc9eed024710b0d0135c286c18fb.png', 'detail': '持信用卡用户 必到账', 'id': '1051953181695705088', 'loanMax': 50000, 'loanMin': 2000, 'loanTerm': '6', 'loanUrl': 'https://tg.51gjj.com/act/request/link_redirect/download/1078/', 'logo': 'http://image.652615.com/2021/07/57ac0b695db8479a8e63700c612f99d2.png', 'numbers': 6379, 'passing': 0, 'rate': 0.02, 'rateType': 0, 'seal': '会员信用贷', 'sealLogo': 'http://image.652615.com/2020/10/ab15f900a77e4f33a14f7432f68881ed.png', 'tags': '', 'termMax': 12, 'termMaxType': 1, 'termMin': 1, 'termMinType': 1, 'title': '51公积金-首月减息', 'vipLimit': 1}], 'message': ''})
2021-08-06 16:44:18,457 - initializePremise.py - INFO: 执行测试用例前置接口
2021-08-06 16:44:18,457 - apiSend.py - INFO: ================================================================================
2021-08-06 16:44:18,458 - apiSend.py - DEBUG: 请求头处理结果：{'Host': 'api.652615.com', 'Origin': 'http://rest79.652615.com', 'X-Liuyi-Device-ID': '4bc8be9552bb0131', 'Authorization': 'Bearer 27bd767f5a3e0e4b3c2ae6d7e8334098', 'Content-Type': 'application/x-www-form-urlencoded;charset=utf-8', 'Accept': 'application/json, text/plain, */*', 'User-Agent': 'Mozilla/5.0 (Linux; Android 10; HRY-AL00a Build/HONORHRY-AL00a; wv) AppleWebKit/537.36 (KHTML, like Gecko) Version/4.0 Chrome/80.0.3987.99 Mobile Safari/537.36 AgentWeb/4.1.3  UCBrowser/11.6.4.950', 'X-Liuyi-App-Key': '6682119c5d55765c882bd2d9997df2c1', 'X-Requested-With': 'com.www.cn.zhimahaojie', 'Referer': 'http://rest79.652615.com/?appKey=6682119c5d55765c882bd2d9997df2c1&deviceId=4bc8be9552bb0131&wechat=0?deviceId=4bc8be9552bb0131&appName=%E8%8A%9D%E9%BA%BB%E5%A5%BD%E5%80%9F', 'Accept-Encoding': 'gzip, deflate', 'Accept-Language': 'zh-CN,zh;q=0.9,en-US;q=0.8,en;q=0.7', 'Connection': 'keep-alive'}
2021-08-06 16:44:18,458 - apiSend.py - DEBUG: 请求参数处理结果：{'appKey': '6682119c5d55765c882bd2d9997df2c1'}
2021-08-06 16:44:18,458 - apiSend.py - DEBUG: host处理结果： api.652615.com
2021-08-06 16:44:18,459 - apiSend.py - INFO: 请求接口：get_alias_by_app_key
2021-08-06 16:44:18,459 - apiSend.py - INFO: 请求头: {'Host': 'api.652615.com', 'Origin': 'http://rest79.652615.com', 'X-Liuyi-Device-ID': '4bc8be9552bb0131', 'Authorization': 'Bearer 27bd767f5a3e0e4b3c2ae6d7e8334098', 'Content-Type': 'application/x-www-form-urlencoded;charset=utf-8', 'Accept': 'application/json, text/plain, */*', 'User-Agent': 'Mozilla/5.0 (Linux; Android 10; HRY-AL00a Build/HONORHRY-AL00a; wv) AppleWebKit/537.36 (KHTML, like Gecko) Version/4.0 Chrome/80.0.3987.99 Mobile Safari/537.36 AgentWeb/4.1.3  UCBrowser/11.6.4.950', 'X-Liuyi-App-Key': '6682119c5d55765c882bd2d9997df2c1', 'X-Requested-With': 'com.www.cn.zhimahaojie', 'Referer': 'http://rest79.652615.com/?appKey=6682119c5d55765c882bd2d9997df2c1&deviceId=4bc8be9552bb0131&wechat=0?deviceId=4bc8be9552bb0131&appName=%E8%8A%9D%E9%BA%BB%E5%A5%BD%E5%80%9F', 'Accept-Encoding': 'gzip, deflate', 'Accept-Language': 'zh-CN,zh;q=0.9,en-US;q=0.8,en;q=0.7', 'Connection': 'keep-alive'}
2021-08-06 16:44:18,459 - apiSend.py - INFO: 请求参数: {'appKey': '6682119c5d55765c882bd2d9997df2c1'}
2021-08-06 16:44:18,460 - apiSend.py - INFO: 请求方法: GET
2021-08-06 16:44:18,463 - connectionpool.py - DEBUG: Starting new HTTP connection (1): api.652615.com:80
2021-08-06 16:44:18,505 - connectionpool.py - DEBUG: http://api.652615.com:80 "GET /liuyi/cloud/toggle/magicnana/get_alias_by_app_key?appKey=6682119c5d55765c882bd2d9997df2c1 HTTP/1.1" 200 47
2021-08-06 16:44:18,506 - apiSend.py - INFO: 请求接口结果：
 (200, {'code': 200, 'data': '芝麻好借', 'message': ''})
2021-08-06 16:44:18,507 - readResultRelevance.py - DEBUG: 从返回结果中根据关联键None提取值
2021-08-06 16:44:18,507 - readResultRelevance.py - DEBUG: 提取后，关联键对象
{}
2021-08-06 16:44:21,725 - initializePremise.py - INFO: 执行测试用例前置接口
2021-08-06 16:44:21,726 - apiSend.py - INFO: ================================================================================
2021-08-06 16:44:21,726 - apiSend.py - DEBUG: 请求头处理结果：{'Host': 'api.652615.com', 'Origin': 'http://rest79.652615.com', 'X-Liuyi-Device-ID': '4bc8be9552bb0131', 'Authorization': 'Bearer 27bd767f5a3e0e4b3c2ae6d7e8334098', 'Content-Type': 'application/x-www-form-urlencoded;charset=utf-8', 'Accept': 'application/json, text/plain, */*', 'User-Agent': 'Mozilla/5.0 (Linux; Android 10; HRY-AL00a Build/HONORHRY-AL00a; wv) AppleWebKit/537.36 (KHTML, like Gecko) Version/4.0 Chrome/80.0.3987.99 Mobile Safari/537.36 AgentWeb/4.1.3  UCBrowser/11.6.4.950', 'X-Liuyi-App-Key': '6682119c5d55765c882bd2d9997df2c1', 'X-Requested-With': 'com.www.cn.zhimahaojie', 'Referer': 'http://rest79.652615.com/?appKey=6682119c5d55765c882bd2d9997df2c1&deviceId=4bc8be9552bb0131&wechat=0?deviceId=4bc8be9552bb0131&appName=%E8%8A%9D%E9%BA%BB%E5%A5%BD%E5%80%9F', 'Accept-Encoding': 'gzip, deflate', 'Accept-Language': 'zh-CN,zh;q=0.9,en-US;q=0.8,en;q=0.7', 'Connection': 'keep-alive'}
2021-08-06 16:44:21,727 - apiSend.py - DEBUG: 请求参数处理结果：{'appKey': '6682119c5d55765c882bd2d9997df2c1'}
2021-08-06 16:44:21,727 - apiSend.py - DEBUG: host处理结果： api.652615.com
2021-08-06 16:44:21,727 - apiSend.py - INFO: 请求接口：get_alias_by_app_key
2021-08-06 16:44:21,728 - apiSend.py - INFO: 请求头: {'Host': 'api.652615.com', 'Origin': 'http://rest79.652615.com', 'X-Liuyi-Device-ID': '4bc8be9552bb0131', 'Authorization': 'Bearer 27bd767f5a3e0e4b3c2ae6d7e8334098', 'Content-Type': 'application/x-www-form-urlencoded;charset=utf-8', 'Accept': 'application/json, text/plain, */*', 'User-Agent': 'Mozilla/5.0 (Linux; Android 10; HRY-AL00a Build/HONORHRY-AL00a; wv) AppleWebKit/537.36 (KHTML, like Gecko) Version/4.0 Chrome/80.0.3987.99 Mobile Safari/537.36 AgentWeb/4.1.3  UCBrowser/11.6.4.950', 'X-Liuyi-App-Key': '6682119c5d55765c882bd2d9997df2c1', 'X-Requested-With': 'com.www.cn.zhimahaojie', 'Referer': 'http://rest79.652615.com/?appKey=6682119c5d55765c882bd2d9997df2c1&deviceId=4bc8be9552bb0131&wechat=0?deviceId=4bc8be9552bb0131&appName=%E8%8A%9D%E9%BA%BB%E5%A5%BD%E5%80%9F', 'Accept-Encoding': 'gzip, deflate', 'Accept-Language': 'zh-CN,zh;q=0.9,en-US;q=0.8,en;q=0.7', 'Connection': 'keep-alive'}
2021-08-06 16:44:21,728 - apiSend.py - INFO: 请求参数: {'appKey': '6682119c5d55765c882bd2d9997df2c1'}
2021-08-06 16:44:21,729 - apiSend.py - INFO: 请求方法: GET
2021-08-06 16:44:21,734 - connectionpool.py - DEBUG: Starting new HTTP connection (1): api.652615.com:80
2021-08-06 16:44:21,781 - connectionpool.py - DEBUG: http://api.652615.com:80 "GET /liuyi/cloud/toggle/magicnana/get_alias_by_app_key?appKey=6682119c5d55765c882bd2d9997df2c1 HTTP/1.1" 200 47
2021-08-06 16:44:21,783 - apiSend.py - INFO: 请求接口结果：
 (200, {'code': 200, 'data': '芝麻好借', 'message': ''})
2021-08-06 16:44:21,784 - readResultRelevance.py - DEBUG: 从返回结果中根据关联键None提取值
2021-08-06 16:44:21,784 - readResultRelevance.py - DEBUG: 提取后，关联键对象
{}
2021-08-06 16:44:24,802 - initializePremise.py - INFO: 执行测试用例前置接口
2021-08-06 16:44:24,803 - apiSend.py - INFO: ================================================================================
2021-08-06 16:44:24,803 - apiSend.py - DEBUG: 请求头处理结果：{'Host': 'api.652615.com', 'Origin': 'http://rest79.652615.com', 'X-Liuyi-Device-ID': '4bc8be9552bb0131', 'Authorization': 'Bearer 27bd767f5a3e0e4b3c2ae6d7e8334098', 'Content-Type': 'application/x-www-form-urlencoded;charset=utf-8', 'Accept': 'application/json, text/plain, */*', 'User-Agent': 'Mozilla/5.0 (Linux; Android 10; HRY-AL00a Build/HONORHRY-AL00a; wv) AppleWebKit/537.36 (KHTML, like Gecko) Version/4.0 Chrome/80.0.3987.99 Mobile Safari/537.36 AgentWeb/4.1.3  UCBrowser/11.6.4.950', 'X-Liuyi-App-Key': '6682119c5d55765c882bd2d9997df2c1', 'X-Requested-With': 'com.www.cn.zhimahaojie', 'Referer': 'http://rest79.652615.com/?appKey=6682119c5d55765c882bd2d9997df2c1&deviceId=4bc8be9552bb0131&wechat=0?deviceId=4bc8be9552bb0131&appName=%E8%8A%9D%E9%BA%BB%E5%A5%BD%E5%80%9F', 'Accept-Encoding': 'gzip, deflate', 'Accept-Language': 'zh-CN,zh;q=0.9,en-US;q=0.8,en;q=0.7', 'Connection': 'keep-alive'}
2021-08-06 16:44:24,804 - apiSend.py - DEBUG: 请求参数处理结果：{'appKey': '6682119c5d55765c882bd2d9997df2c1'}
2021-08-06 16:44:24,804 - apiSend.py - DEBUG: host处理结果： api.652615.com
2021-08-06 16:44:24,805 - apiSend.py - INFO: 请求接口：get_alias_by_app_key
2021-08-06 16:44:24,805 - apiSend.py - INFO: 请求头: {'Host': 'api.652615.com', 'Origin': 'http://rest79.652615.com', 'X-Liuyi-Device-ID': '4bc8be9552bb0131', 'Authorization': 'Bearer 27bd767f5a3e0e4b3c2ae6d7e8334098', 'Content-Type': 'application/x-www-form-urlencoded;charset=utf-8', 'Accept': 'application/json, text/plain, */*', 'User-Agent': 'Mozilla/5.0 (Linux; Android 10; HRY-AL00a Build/HONORHRY-AL00a; wv) AppleWebKit/537.36 (KHTML, like Gecko) Version/4.0 Chrome/80.0.3987.99 Mobile Safari/537.36 AgentWeb/4.1.3  UCBrowser/11.6.4.950', 'X-Liuyi-App-Key': '6682119c5d55765c882bd2d9997df2c1', 'X-Requested-With': 'com.www.cn.zhimahaojie', 'Referer': 'http://rest79.652615.com/?appKey=6682119c5d55765c882bd2d9997df2c1&deviceId=4bc8be9552bb0131&wechat=0?deviceId=4bc8be9552bb0131&appName=%E8%8A%9D%E9%BA%BB%E5%A5%BD%E5%80%9F', 'Accept-Encoding': 'gzip, deflate', 'Accept-Language': 'zh-CN,zh;q=0.9,en-US;q=0.8,en;q=0.7', 'Connection': 'keep-alive'}
2021-08-06 16:44:24,806 - apiSend.py - INFO: 请求参数: {'appKey': '6682119c5d55765c882bd2d9997df2c1'}
2021-08-06 16:44:24,806 - apiSend.py - INFO: 请求方法: GET
2021-08-06 16:44:24,812 - connectionpool.py - DEBUG: Starting new HTTP connection (1): api.652615.com:80
2021-08-06 16:44:25,059 - connectionpool.py - DEBUG: http://api.652615.com:80 "GET /liuyi/cloud/toggle/magicnana/get_alias_by_app_key?appKey=6682119c5d55765c882bd2d9997df2c1 HTTP/1.1" 200 47
2021-08-06 16:44:25,060 - apiSend.py - INFO: 请求接口结果：
 (200, {'code': 200, 'data': '芝麻好借', 'message': ''})
2021-08-06 16:44:25,060 - readResultRelevance.py - DEBUG: 从返回结果中根据关联键None提取值
2021-08-06 16:44:25,060 - readResultRelevance.py - DEBUG: 提取后，关联键对象
{}
2021-08-06 16:44:28,068 - initializePremise.py - INFO: 执行测试用例前置接口
2021-08-06 16:44:28,069 - apiSend.py - INFO: ================================================================================
2021-08-06 16:44:28,069 - apiSend.py - DEBUG: 请求头处理结果：{'Host': 'api.652615.com', 'Origin': 'http://rest79.652615.com', 'X-Liuyi-Device-ID': '4bc8be9552bb0131', 'Authorization': 'Bearer 27bd767f5a3e0e4b3c2ae6d7e8334098', 'Content-Type': 'application/x-www-form-urlencoded;charset=utf-8', 'Accept': 'application/json, text/plain, */*', 'User-Agent': 'Mozilla/5.0 (Linux; Android 10; HRY-AL00a Build/HONORHRY-AL00a; wv) AppleWebKit/537.36 (KHTML, like Gecko) Version/4.0 Chrome/80.0.3987.99 Mobile Safari/537.36 AgentWeb/4.1.3  UCBrowser/11.6.4.950', 'X-Liuyi-App-Key': '6682119c5d55765c882bd2d9997df2c1', 'X-Requested-With': 'com.www.cn.zhimahaojie', 'Referer': 'http://rest79.652615.com/?appKey=6682119c5d55765c882bd2d9997df2c1&deviceId=4bc8be9552bb0131&wechat=0?deviceId=4bc8be9552bb0131&appName=%E8%8A%9D%E9%BA%BB%E5%A5%BD%E5%80%9F', 'Accept-Encoding': 'gzip, deflate', 'Accept-Language': 'zh-CN,zh;q=0.9,en-US;q=0.8,en;q=0.7', 'Connection': 'keep-alive'}
2021-08-06 16:44:28,070 - apiSend.py - DEBUG: 请求参数处理结果：{'appKey': '6682119c5d55765c882bd2d9997df2c1'}
2021-08-06 16:44:28,070 - apiSend.py - DEBUG: host处理结果： api.652615.com
2021-08-06 16:44:28,071 - apiSend.py - INFO: 请求接口：get_alias_by_app_key
2021-08-06 16:44:28,071 - apiSend.py - INFO: 请求头: {'Host': 'api.652615.com', 'Origin': 'http://rest79.652615.com', 'X-Liuyi-Device-ID': '4bc8be9552bb0131', 'Authorization': 'Bearer 27bd767f5a3e0e4b3c2ae6d7e8334098', 'Content-Type': 'application/x-www-form-urlencoded;charset=utf-8', 'Accept': 'application/json, text/plain, */*', 'User-Agent': 'Mozilla/5.0 (Linux; Android 10; HRY-AL00a Build/HONORHRY-AL00a; wv) AppleWebKit/537.36 (KHTML, like Gecko) Version/4.0 Chrome/80.0.3987.99 Mobile Safari/537.36 AgentWeb/4.1.3  UCBrowser/11.6.4.950', 'X-Liuyi-App-Key': '6682119c5d55765c882bd2d9997df2c1', 'X-Requested-With': 'com.www.cn.zhimahaojie', 'Referer': 'http://rest79.652615.com/?appKey=6682119c5d55765c882bd2d9997df2c1&deviceId=4bc8be9552bb0131&wechat=0?deviceId=4bc8be9552bb0131&appName=%E8%8A%9D%E9%BA%BB%E5%A5%BD%E5%80%9F', 'Accept-Encoding': 'gzip, deflate', 'Accept-Language': 'zh-CN,zh;q=0.9,en-US;q=0.8,en;q=0.7', 'Connection': 'keep-alive'}
2021-08-06 16:44:28,072 - apiSend.py - INFO: 请求参数: {'appKey': '6682119c5d55765c882bd2d9997df2c1'}
2021-08-06 16:44:28,072 - apiSend.py - INFO: 请求方法: GET
2021-08-06 16:44:28,078 - connectionpool.py - DEBUG: Starting new HTTP connection (1): api.652615.com:80
2021-08-06 16:44:28,122 - connectionpool.py - DEBUG: http://api.652615.com:80 "GET /liuyi/cloud/toggle/magicnana/get_alias_by_app_key?appKey=6682119c5d55765c882bd2d9997df2c1 HTTP/1.1" 200 47
2021-08-06 16:44:28,123 - apiSend.py - INFO: 请求接口结果：
 (200, {'code': 200, 'data': '芝麻好借', 'message': ''})
2021-08-06 16:44:28,124 - readResultRelevance.py - DEBUG: 从返回结果中根据关联键None提取值
2021-08-06 16:44:28,124 - readResultRelevance.py - DEBUG: 提取后，关联键对象
{}
2021-08-06 16:44:28,134 - apiSend.py - INFO: ================================================================================
2021-08-06 16:44:28,135 - apiSend.py - DEBUG: 请求头处理结果：{'Host': 'api.652615.com', 'X-Liuyi-App-Key': '735448165a81e5d026c69c653d5423b7', 'Accept': 'application/json, text/plain, */*', 'Authorization': 'Bearer 17d58d9224132591710dc7f6a251ce9f', 'Accept-Language': 'zh-cn', 'Accept-Encoding': 'gzip, deflate', 'Content-Type': 'application/x-www-form-urlencoded;charset=utf-8', 'X-Liuyi-Device-ID': '1B71FD42-A458-4E9A-9A0D-94AE0827AE7A', 'Origin': 'http://rest56.652615.com', 'User-Agent': 'Mozilla/5.0 (iPhone; CPU iPhone OS 12_5_2 like Mac OS X) AppleWebKit/605.1.15 (KHTML, like Gecko) Mobile/15E148', 'Referer': 'http://rest56.652615.com/?appKey=735448165a81e5d026c69c653d5423b7&deviceId=1B71FD42-A458-4E9A-9A0D-94AE0827AE7A&wechat=0', 'Connection': 'keep-alive'}
2021-08-06 16:44:28,135 - apiSend.py - DEBUG: 请求参数处理结果：{'aaa': 'bbb'}
2021-08-06 16:44:28,135 - apiSend.py - DEBUG: host处理结果： api.652615.com
2021-08-06 16:44:28,135 - apiSend.py - INFO: 请求接口：first_in
2021-08-06 16:44:28,136 - apiSend.py - INFO: 请求头: {'Host': 'api.652615.com', 'X-Liuyi-App-Key': '735448165a81e5d026c69c653d5423b7', 'Accept': 'application/json, text/plain, */*', 'Authorization': 'Bearer 17d58d9224132591710dc7f6a251ce9f', 'Accept-Language': 'zh-cn', 'Accept-Encoding': 'gzip, deflate', 'Content-Type': 'application/x-www-form-urlencoded;charset=utf-8', 'X-Liuyi-Device-ID': '1B71FD42-A458-4E9A-9A0D-94AE0827AE7A', 'Origin': 'http://rest56.652615.com', 'User-Agent': 'Mozilla/5.0 (iPhone; CPU iPhone OS 12_5_2 like Mac OS X) AppleWebKit/605.1.15 (KHTML, like Gecko) Mobile/15E148', 'Referer': 'http://rest56.652615.com/?appKey=735448165a81e5d026c69c653d5423b7&deviceId=1B71FD42-A458-4E9A-9A0D-94AE0827AE7A&wechat=0', 'Connection': 'keep-alive'}
2021-08-06 16:44:28,136 - apiSend.py - INFO: 请求参数: {'aaa': 'bbb'}
2021-08-06 16:44:28,136 - apiSend.py - INFO: 请求方法: GET
2021-08-06 16:44:28,140 - connectionpool.py - DEBUG: Starting new HTTP connection (1): api.652615.com:80
2021-08-06 16:44:28,219 - connectionpool.py - DEBUG: http://api.652615.com:80 "GET /liuyi/rest76/user/first_in?aaa=bbb HTTP/1.1" 200 53
2021-08-06 16:44:28,221 - apiSend.py - INFO: 请求接口结果：
 (200, {'code': 200, 'data': {'first': 0, 'type': 1}, 'message': ''})
2021-08-06 16:44:28,225 - apiSend.py - INFO: ================================================================================
2021-08-06 16:44:28,225 - apiSend.py - DEBUG: 请求头处理结果：{'Host': 'api.652615.com', 'X-Liuyi-App-Key': '735448165a81e5d026c69c653d5423b7', 'Accept': 'application/json, text/plain, */*', 'Authorization': 'Bearer 17d58d9224132591710dc7f6a251ce9f', 'Accept-Language': 'zh-cn', 'Accept-Encoding': 'gzip, deflate', 'Content-Type': 'application/x-www-form-urlencoded;charset=utf-8', 'X-Liuyi-Device-ID': '1B71FD42-A458-4E9A-9A0D-94AE0827AE7A', 'Origin': 'http://rest56.652615.com', 'User-Agent': 'Mozilla/5.0 (iPhone; CPU iPhone OS 12_5_2 like Mac OS X) AppleWebKit/605.1.15 (KHTML, like Gecko) Mobile/15E148', 'Referer': 'http://rest56.652615.com/?appKey=735448165a81e5d026c69c653d5423b7&deviceId=1B71FD42-A458-4E9A-9A0D-94AE0827AE7A&wechat=0', 'Connection': 'keep-alive'}
2021-08-06 16:44:28,226 - apiSend.py - DEBUG: 请求参数处理结果：{'aaa': 'bbb'}
2021-08-06 16:44:28,226 - apiSend.py - DEBUG: host处理结果： api.652615.com
2021-08-06 16:44:28,226 - apiSend.py - INFO: 请求接口：vip_info
2021-08-06 16:44:28,226 - apiSend.py - INFO: 请求头: {'Host': 'api.652615.com', 'X-Liuyi-App-Key': '735448165a81e5d026c69c653d5423b7', 'Accept': 'application/json, text/plain, */*', 'Authorization': 'Bearer 17d58d9224132591710dc7f6a251ce9f', 'Accept-Language': 'zh-cn', 'Accept-Encoding': 'gzip, deflate', 'Content-Type': 'application/x-www-form-urlencoded;charset=utf-8', 'X-Liuyi-Device-ID': '1B71FD42-A458-4E9A-9A0D-94AE0827AE7A', 'Origin': 'http://rest56.652615.com', 'User-Agent': 'Mozilla/5.0 (iPhone; CPU iPhone OS 12_5_2 like Mac OS X) AppleWebKit/605.1.15 (KHTML, like Gecko) Mobile/15E148', 'Referer': 'http://rest56.652615.com/?appKey=735448165a81e5d026c69c653d5423b7&deviceId=1B71FD42-A458-4E9A-9A0D-94AE0827AE7A&wechat=0', 'Connection': 'keep-alive'}
2021-08-06 16:44:28,227 - apiSend.py - INFO: 请求参数: {'aaa': 'bbb'}
2021-08-06 16:44:28,227 - apiSend.py - INFO: 请求方法: GET
2021-08-06 16:44:28,230 - connectionpool.py - DEBUG: Starting new HTTP connection (1): api.652615.com:80
2021-08-06 16:44:28,611 - connectionpool.py - DEBUG: http://api.652615.com:80 "GET /liuyi/rest76/user/vip_info?aaa=bbb HTTP/1.1" 200 68
2021-08-06 16:44:28,613 - apiSend.py - INFO: 请求接口结果：
 (200, {'code': 200, 'data': {'avaliable': 0, 'vip': 1, 'vipType': 1}, 'message': ''})
2021-08-06 16:45:21,419 - writeCaseYaml.py - DEBUG: 从F:/pythoncode/learn_pytest_20200720/data/目录下，读取文件first.chlsj
2021-08-06 16:45:21,419 - mkDir.py - DEBUG: logs目录已存在：F:/pythoncode/learn_pytest_20200720/page/user
2021-08-06 16:45:21,420 - writeCaseYaml.py - DEBUG: 从F:/pythoncode/learn_pytest_20200720/data/目录下，读取文件five.chlsj
2021-08-06 16:45:21,421 - mkDir.py - DEBUG: logs目录已存在：F:/pythoncode/learn_pytest_20200720/page/home
2021-08-06 16:45:21,421 - writeCaseYaml.py - DEBUG: 从F:/pythoncode/learn_pytest_20200720/data/目录下，读取文件four.chlsj
2021-08-06 16:45:21,422 - mkDir.py - DEBUG: logs目录已存在：F:/pythoncode/learn_pytest_20200720/page/home
2021-08-06 16:45:21,423 - writeCaseYaml.py - DEBUG: 从F:/pythoncode/learn_pytest_20200720/data/目录下，读取文件second.chlsj
2021-08-06 16:45:21,423 - mkDir.py - DEBUG: logs目录已存在：F:/pythoncode/learn_pytest_20200720/page/user
2021-08-06 16:45:21,424 - writeCaseYaml.py - DEBUG: 从F:/pythoncode/learn_pytest_20200720/data/目录下，读取文件six.chlsj
2021-08-06 16:45:21,424 - mkDir.py - DEBUG: logs目录已存在：F:/pythoncode/learn_pytest_20200720/page/magicnana
2021-08-06 16:45:21,425 - writeCaseYaml.py - DEBUG: 从F:/pythoncode/learn_pytest_20200720/data/目录下，读取文件three.chlsj
2021-08-06 16:45:21,426 - mkDir.py - DEBUG: logs目录已存在：F:/pythoncode/learn_pytest_20200720/page/home
2021-08-06 16:45:22,414 - apiSend.py - INFO: ================================================================================
2021-08-06 16:45:22,414 - apiSend.py - DEBUG: 请求头处理结果：{'Host': 'api.652615.com', 'X-Liuyi-App-Key': 'fa2f1a6dc9726b1ed50f3a4d430a9e67', 'Accept': 'application/json, text/plain, */*', 'Authorization': 'Bearer 9b5f39bae4784a8db7863d4fd3eea20b', 'Accept-Language': 'zh-cn', 'Accept-Encoding': 'gzip, deflate', 'Content-Type': 'application/x-www-form-urlencoded;charset=utf-8', 'X-Liuyi-Device-ID': 'fa2f1a6dc9726b1ed50f3a4d430a9e67', 'Origin': 'http://rest56.652615.com', 'User-Agent': 'Mozilla/5.0 (iPhone; CPU iPhone OS 12_5_2 like Mac OS X) AppleWebKit/605.1.15 (KHTML, like Gecko) Mobile/15E148', 'Referer': 'http://rest56.652615.com/?appKey=fa2f1a6dc9726b1ed50f3a4d430a9e67&deviceId=fa2f1a6dc9726b1ed50f3a4d430a9e67&wechat=0', 'Connection': 'keep-alive'}
2021-08-06 16:45:22,415 - apiSend.py - DEBUG: 请求参数处理结果：{'time': 1628157076}
2021-08-06 16:45:22,415 - apiSend.py - DEBUG: host处理结果： api.652615.com
2021-08-06 16:45:22,415 - apiSend.py - INFO: 请求接口：edugao
2021-08-06 16:45:22,415 - apiSend.py - INFO: 请求头: {'Host': 'api.652615.com', 'X-Liuyi-App-Key': 'fa2f1a6dc9726b1ed50f3a4d430a9e67', 'Accept': 'application/json, text/plain, */*', 'Authorization': 'Bearer 9b5f39bae4784a8db7863d4fd3eea20b', 'Accept-Language': 'zh-cn', 'Accept-Encoding': 'gzip, deflate', 'Content-Type': 'application/x-www-form-urlencoded;charset=utf-8', 'X-Liuyi-Device-ID': 'fa2f1a6dc9726b1ed50f3a4d430a9e67', 'Origin': 'http://rest56.652615.com', 'User-Agent': 'Mozilla/5.0 (iPhone; CPU iPhone OS 12_5_2 like Mac OS X) AppleWebKit/605.1.15 (KHTML, like Gecko) Mobile/15E148', 'Referer': 'http://rest56.652615.com/?appKey=fa2f1a6dc9726b1ed50f3a4d430a9e67&deviceId=fa2f1a6dc9726b1ed50f3a4d430a9e67&wechat=0', 'Connection': 'keep-alive'}
2021-08-06 16:45:22,415 - apiSend.py - INFO: 请求参数: {'time': 1628157076}
2021-08-06 16:45:22,416 - apiSend.py - INFO: 请求方法: GET
2021-08-06 16:45:22,421 - connectionpool.py - DEBUG: Starting new HTTP connection (1): api.652615.com:80
2021-08-06 16:45:22,559 - connectionpool.py - DEBUG: http://api.652615.com:80 "GET /liuyi/rest76/home/edugao?time=1628157076 HTTP/1.1" 200 691
2021-08-06 16:45:22,559 - apiSend.py - INFO: 请求接口结果：
 (200, {'code': 200, 'data': [{'applyProcess': 97, 'cover': 'http://image.652615.com/2021/07/3a79ee72da554b6780117298f58b257b.png', 'detail': '新用户注册 送好礼', 'id': '1070832215790419968', 'loanMax': 30000, 'loanMin': 8000, 'loanTerm': '12', 'loanUrl': 'https://h5.shanying-inc.com/eros-front/promoteChannel/midPage?uuid=3c32515cf8864938a5d3a61095a78d0e', 'logo': 'http://image.652615.com/2021/07/266dde805cf44b678cdc0f8d5e507845.png', 'numbers': 8823, 'passing': 0, 'rate': 0.03, 'rateType': 1, 'seal': '会员普贷', 'sealLogo': 'http://image.652615.com/2021/04/538031ad077142839159b9128aece342.png', 'tags': '', 'termMax': 12, 'termMaxType': 1, 'termMin': 1, 'termMinType': 1, 'title': '普咚花', 'vipLimit': 1}], 'message': ''})
2021-08-06 16:45:22,562 - apiSend.py - INFO: ================================================================================
2021-08-06 16:45:22,562 - apiSend.py - DEBUG: 请求头处理结果：{'Host': 'api.652615.com', 'X-Liuyi-App-Key': 'fa2f1a6dc9726b1ed50f3a4d430a9e67', 'Accept': 'application/json, text/plain, */*', 'Authorization': 'Bearer 9b5f39bae4784a8db7863d4fd3eea20b', 'Accept-Language': 'zh-cn', 'Accept-Encoding': 'gzip, deflate', 'Content-Type': 'application/x-www-form-urlencoded;charset=utf-8', 'X-Liuyi-Device-ID': 'fa2f1a6dc9726b1ed50f3a4d430a9e67', 'Origin': 'http://rest56.652615.com', 'User-Agent': 'Mozilla/5.0 (iPhone; CPU iPhone OS 12_5_2 like Mac OS X) AppleWebKit/605.1.15 (KHTML, like Gecko) Mobile/15E148', 'Referer': 'http://rest56.652615.com/?appKey=fa2f1a6dc9726b1ed50f3a4d430a9e67&deviceId=fa2f1a6dc9726b1ed50f3a4d430a9e67&wechat=0', 'Connection': 'keep-alive'}
2021-08-06 16:45:22,562 - apiSend.py - DEBUG: 请求参数处理结果：{'time': 1628151452}
2021-08-06 16:45:22,562 - apiSend.py - DEBUG: host处理结果： api.652615.com
2021-08-06 16:45:22,562 - apiSend.py - INFO: 请求接口：meirijingxuan
2021-08-06 16:45:22,563 - apiSend.py - INFO: 请求头: {'Host': 'api.652615.com', 'X-Liuyi-App-Key': 'fa2f1a6dc9726b1ed50f3a4d430a9e67', 'Accept': 'application/json, text/plain, */*', 'Authorization': 'Bearer 9b5f39bae4784a8db7863d4fd3eea20b', 'Accept-Language': 'zh-cn', 'Accept-Encoding': 'gzip, deflate', 'Content-Type': 'application/x-www-form-urlencoded;charset=utf-8', 'X-Liuyi-Device-ID': 'fa2f1a6dc9726b1ed50f3a4d430a9e67', 'Origin': 'http://rest56.652615.com', 'User-Agent': 'Mozilla/5.0 (iPhone; CPU iPhone OS 12_5_2 like Mac OS X) AppleWebKit/605.1.15 (KHTML, like Gecko) Mobile/15E148', 'Referer': 'http://rest56.652615.com/?appKey=fa2f1a6dc9726b1ed50f3a4d430a9e67&deviceId=fa2f1a6dc9726b1ed50f3a4d430a9e67&wechat=0', 'Connection': 'keep-alive'}
2021-08-06 16:45:22,563 - apiSend.py - INFO: 请求参数: {'time': 1628151452}
2021-08-06 16:45:22,563 - apiSend.py - INFO: 请求方法: GET
2021-08-06 16:45:22,565 - connectionpool.py - DEBUG: Starting new HTTP connection (1): api.652615.com:80
2021-08-06 16:45:22,713 - connectionpool.py - DEBUG: http://api.652615.com:80 "GET /liuyi/rest76/home/meirijingxuan?time=1628151452 HTTP/1.1" 200 3268
2021-08-06 16:45:22,715 - apiSend.py - INFO: 请求接口结果：
 (200, {'code': 200, 'data': [{'applyProcess': 89, 'cover': 'http://image.652615.com/2020/07/ae8c2bbc9dfa4a058ed11573c03b04bd.png', 'detail': '随借随还 30秒审批 1分钟到账', 'id': '1070461949172318208', 'loanMax': 30000, 'loanMin': 2000, 'loanTerm': '12', 'loanUrl': 'https://stg.shantaokeji.cn/channel/tjhChannelRegister.html?channel=zhangshanghua1', 'logo': 'http://image.652615.com/2021/07/9eb7451d9a404839aadcd625c1027b41.png', 'numbers': 4274, 'passing': 0, 'rate': 0.02, 'rateType': 1, 'seal': '会员淘金贷', 'sealLogo': 'http://image.652615.com/2020/12/cba7cf5f81ff4a4ebe38deb765950416.png', 'tags': '', 'termMax': 12, 'termMaxType': 1, 'termMin': 1, 'termMinType': 1, 'title': '淘金荟', 'vipLimit': 1}, {'applyProcess': 92, 'cover': 'http://image.652615.com/2021/07/3a79ee72da554b6780117298f58b257b.png', 'detail': '新用户注册 送好礼', 'id': '1070832215790419968', 'loanMax': 30000, 'loanMin': 8000, 'loanTerm': '12', 'loanUrl': 'https://h5.shanying-inc.com/eros-front/promoteChannel/midPage?uuid=3c32515cf8864938a5d3a61095a78d0e', 'logo': 'http://image.652615.com/2021/07/266dde805cf44b678cdc0f8d5e507845.png', 'numbers': 8823, 'passing': 0, 'rate': 0.03, 'rateType': 1, 'seal': '会员普贷', 'sealLogo': 'http://image.652615.com/2021/04/538031ad077142839159b9128aece342.png', 'tags': '', 'termMax': 12, 'termMaxType': 1, 'termMin': 1, 'termMinType': 1, 'title': '普咚花', 'vipLimit': 1}, {'applyProcess': 97, 'cover': 'http://image.652615.com/2020/03/25d2cc9eed024710b0d0135c286c18fb.png', 'detail': '简单申请坐等下款', 'id': '1070384239261794304', 'loanMax': 50000, 'loanMin': 2000, 'loanTerm': '12', 'loanUrl': 'https://jr.ly.com/mkt-wechat/activity/h5/AII6NJ?media=dczhangshanghua&woa=tc#/', 'logo': 'http://image.652615.com/2021/07/535306f96bfc45559ec3b895008a7642.png', 'numbers': 4341, 'passing': 0, 'rate': 0.02, 'rateType': 1, 'seal': '会员工薪贷', 'sealLogo': 'http://image.652615.com/2020/11/d875036b615c4d0882a429cc62ace768.png', 'tags': '', 'termMax': 12, 'termMaxType': 1, 'termMin': 1, 'termMinType': 1, 'title': '提钱游', 'vipLimit': 1}, {'applyProcess': 95, 'cover': 'http://image.652615.com/2021/06/772f218b02234b9fb7a1aa1422dbb9f1.png', 'detail': '一键申请 快到账', 'id': '1037112896605421568', 'loanMax': 30000, 'loanMin': 6000, 'loanTerm': '三个月', 'loanUrl': 'https://h5.channel.dai365.cn/lhq/register-new/tBK5FhEiIHzm7Kr5.html', 'logo': 'http://image.652615.com/2021/08/befaa59cf75c48b6bd0277463324d956.png', 'numbers': 38245, 'passing': 0, 'rate': 0.02, 'rateType': 0, 'seal': '会员工薪贷', 'sealLogo': 'http://image.652615.com/2020/09/2a23278c407b4c44865baae25278de64.png', 'tags': '极速下款', 'termMax': 12, 'termMaxType': 1, 'termMin': 1, 'termMinType': 1, 'title': '零花钱', 'vipLimit': 1}, {'applyProcess': 92, 'cover': 'http://image.652615.com/2020/03/25d2cc9eed024710b0d0135c286c18fb.png', 'detail': '持信用卡用户 必到账', 'id': '1051953181695705088', 'loanMax': 50000, 'loanMin': 2000, 'loanTerm': '6', 'loanUrl': 'https://tg.51gjj.com/act/request/link_redirect/download/1078/', 'logo': 'http://image.652615.com/2021/07/57ac0b695db8479a8e63700c612f99d2.png', 'numbers': 6379, 'passing': 0, 'rate': 0.02, 'rateType': 0, 'seal': '会员信用贷', 'sealLogo': 'http://image.652615.com/2020/10/ab15f900a77e4f33a14f7432f68881ed.png', 'tags': '', 'termMax': 12, 'termMaxType': 1, 'termMin': 1, 'termMinType': 1, 'title': '51公积金-首月减息', 'vipLimit': 1}], 'message': ''})
2021-08-06 16:45:22,720 - apiSend.py - INFO: ================================================================================
2021-08-06 16:45:22,720 - apiSend.py - DEBUG: 请求头处理结果：{'Host': 'api.652615.com', 'X-Liuyi-App-Key': 'fa2f1a6dc9726b1ed50f3a4d430a9e67', 'Accept': 'application/json, text/plain, */*', 'Authorization': 'Bearer 9b5f39bae4784a8db7863d4fd3eea20b', 'Accept-Language': 'zh-cn', 'Accept-Encoding': 'gzip, deflate', 'Content-Type': 'application/x-www-form-urlencoded;charset=utf-8', 'X-Liuyi-Device-ID': 'fa2f1a6dc9726b1ed50f3a4d430a9e67', 'Origin': 'http://rest56.652615.com', 'User-Agent': 'Mozilla/5.0 (iPhone; CPU iPhone OS 12_5_2 like Mac OS X) AppleWebKit/605.1.15 (KHTML, like Gecko) Mobile/15E148', 'Referer': 'http://rest56.652615.com/?appKey=fa2f1a6dc9726b1ed50f3a4d430a9e67&deviceId=fa2f1a6dc9726b1ed50f3a4d430a9e67&wechat=0', 'Connection': 'keep-alive'}
2021-08-06 16:45:22,720 - apiSend.py - DEBUG: 请求参数处理结果：{'pageNo': '1', 'pageSize': '5'}
2021-08-06 16:45:22,721 - apiSend.py - DEBUG: host处理结果： api.652615.com
2021-08-06 16:45:22,721 - apiSend.py - INFO: 请求接口：youxuantuijian
2021-08-06 16:45:22,721 - apiSend.py - INFO: 请求头: {'Host': 'api.652615.com', 'X-Liuyi-App-Key': 'fa2f1a6dc9726b1ed50f3a4d430a9e67', 'Accept': 'application/json, text/plain, */*', 'Authorization': 'Bearer 9b5f39bae4784a8db7863d4fd3eea20b', 'Accept-Language': 'zh-cn', 'Accept-Encoding': 'gzip, deflate', 'Content-Type': 'application/x-www-form-urlencoded;charset=utf-8', 'X-Liuyi-Device-ID': 'fa2f1a6dc9726b1ed50f3a4d430a9e67', 'Origin': 'http://rest56.652615.com', 'User-Agent': 'Mozilla/5.0 (iPhone; CPU iPhone OS 12_5_2 like Mac OS X) AppleWebKit/605.1.15 (KHTML, like Gecko) Mobile/15E148', 'Referer': 'http://rest56.652615.com/?appKey=fa2f1a6dc9726b1ed50f3a4d430a9e67&deviceId=fa2f1a6dc9726b1ed50f3a4d430a9e67&wechat=0', 'Connection': 'keep-alive'}
2021-08-06 16:45:22,721 - apiSend.py - INFO: 请求参数: {'pageNo': '1', 'pageSize': '5'}
2021-08-06 16:45:22,722 - apiSend.py - INFO: 请求方法: GET
2021-08-06 16:45:22,724 - connectionpool.py - DEBUG: Starting new HTTP connection (1): api.652615.com:80
2021-08-06 16:45:22,880 - connectionpool.py - DEBUG: http://api.652615.com:80 "GET /liuyi/rest76/home/youxuantuijian?pageNo=1&pageSize=5 HTTP/1.1" 200 3268
2021-08-06 16:45:22,882 - apiSend.py - INFO: 请求接口结果：
 (200, {'code': 200, 'data': [{'applyProcess': 88, 'cover': 'http://image.652615.com/2020/07/ae8c2bbc9dfa4a058ed11573c03b04bd.png', 'detail': '随借随还 30秒审批 1分钟到账', 'id': '1070461949172318208', 'loanMax': 30000, 'loanMin': 2000, 'loanTerm': '12', 'loanUrl': 'https://stg.shantaokeji.cn/channel/tjhChannelRegister.html?channel=zhangshanghua1', 'logo': 'http://image.652615.com/2021/07/9eb7451d9a404839aadcd625c1027b41.png', 'numbers': 4274, 'passing': 0, 'rate': 0.02, 'rateType': 1, 'seal': '会员淘金贷', 'sealLogo': 'http://image.652615.com/2020/12/cba7cf5f81ff4a4ebe38deb765950416.png', 'tags': '', 'termMax': 12, 'termMaxType': 1, 'termMin': 1, 'termMinType': 1, 'title': '淘金荟', 'vipLimit': 1}, {'applyProcess': 94, 'cover': 'http://image.652615.com/2021/06/772f218b02234b9fb7a1aa1422dbb9f1.png', 'detail': '一键申请 快到账', 'id': '1037112896605421568', 'loanMax': 30000, 'loanMin': 6000, 'loanTerm': '三个月', 'loanUrl': 'https://h5.channel.dai365.cn/lhq/register-new/tBK5FhEiIHzm7Kr5.html', 'logo': 'http://image.652615.com/2021/08/befaa59cf75c48b6bd0277463324d956.png', 'numbers': 38245, 'passing': 0, 'rate': 0.02, 'rateType': 0, 'seal': '会员工薪贷', 'sealLogo': 'http://image.652615.com/2020/09/2a23278c407b4c44865baae25278de64.png', 'tags': '极速下款', 'termMax': 12, 'termMaxType': 1, 'termMin': 1, 'termMinType': 1, 'title': '零花钱', 'vipLimit': 1}, {'applyProcess': 97, 'cover': 'http://image.652615.com/2021/07/3a79ee72da554b6780117298f58b257b.png', 'detail': '新用户注册 送好礼', 'id': '1070832215790419968', 'loanMax': 30000, 'loanMin': 8000, 'loanTerm': '12', 'loanUrl': 'https://h5.shanying-inc.com/eros-front/promoteChannel/midPage?uuid=3c32515cf8864938a5d3a61095a78d0e', 'logo': 'http://image.652615.com/2021/07/266dde805cf44b678cdc0f8d5e507845.png', 'numbers': 8823, 'passing': 0, 'rate': 0.03, 'rateType': 1, 'seal': '会员普贷', 'sealLogo': 'http://image.652615.com/2021/04/538031ad077142839159b9128aece342.png', 'tags': '', 'termMax': 12, 'termMaxType': 1, 'termMin': 1, 'termMinType': 1, 'title': '普咚花', 'vipLimit': 1}, {'applyProcess': 96, 'cover': 'http://image.652615.com/2020/03/25d2cc9eed024710b0d0135c286c18fb.png', 'detail': '简单申请坐等下款', 'id': '1070384239261794304', 'loanMax': 50000, 'loanMin': 2000, 'loanTerm': '12', 'loanUrl': 'https://jr.ly.com/mkt-wechat/activity/h5/AII6NJ?media=dczhangshanghua&woa=tc#/', 'logo': 'http://image.652615.com/2021/07/535306f96bfc45559ec3b895008a7642.png', 'numbers': 4341, 'passing': 0, 'rate': 0.02, 'rateType': 1, 'seal': '会员工薪贷', 'sealLogo': 'http://image.652615.com/2020/11/d875036b615c4d0882a429cc62ace768.png', 'tags': '', 'termMax': 12, 'termMaxType': 1, 'termMin': 1, 'termMinType': 1, 'title': '提钱游', 'vipLimit': 1}, {'applyProcess': 90, 'cover': 'http://image.652615.com/2020/03/25d2cc9eed024710b0d0135c286c18fb.png', 'detail': '持信用卡用户 必到账', 'id': '1051953181695705088', 'loanMax': 50000, 'loanMin': 2000, 'loanTerm': '6', 'loanUrl': 'https://tg.51gjj.com/act/request/link_redirect/download/1078/', 'logo': 'http://image.652615.com/2021/07/57ac0b695db8479a8e63700c612f99d2.png', 'numbers': 6379, 'passing': 0, 'rate': 0.02, 'rateType': 0, 'seal': '会员信用贷', 'sealLogo': 'http://image.652615.com/2020/10/ab15f900a77e4f33a14f7432f68881ed.png', 'tags': '', 'termMax': 12, 'termMaxType': 1, 'termMin': 1, 'termMinType': 1, 'title': '51公积金-首月减息', 'vipLimit': 1}], 'message': ''})
2021-08-06 16:45:22,886 - initializePremise.py - INFO: 执行测试用例前置接口
2021-08-06 16:45:22,887 - apiSend.py - INFO: ================================================================================
2021-08-06 16:45:22,887 - apiSend.py - DEBUG: 请求头处理结果：{'Host': 'api.652615.com', 'Origin': 'http://rest79.652615.com', 'X-Liuyi-Device-ID': '4bc8be9552bb0131', 'Authorization': 'Bearer 27bd767f5a3e0e4b3c2ae6d7e8334098', 'Content-Type': 'application/x-www-form-urlencoded;charset=utf-8', 'Accept': 'application/json, text/plain, */*', 'User-Agent': 'Mozilla/5.0 (Linux; Android 10; HRY-AL00a Build/HONORHRY-AL00a; wv) AppleWebKit/537.36 (KHTML, like Gecko) Version/4.0 Chrome/80.0.3987.99 Mobile Safari/537.36 AgentWeb/4.1.3  UCBrowser/11.6.4.950', 'X-Liuyi-App-Key': '6682119c5d55765c882bd2d9997df2c1', 'X-Requested-With': 'com.www.cn.zhimahaojie', 'Referer': 'http://rest79.652615.com/?appKey=6682119c5d55765c882bd2d9997df2c1&deviceId=4bc8be9552bb0131&wechat=0?deviceId=4bc8be9552bb0131&appName=%E8%8A%9D%E9%BA%BB%E5%A5%BD%E5%80%9F', 'Accept-Encoding': 'gzip, deflate', 'Accept-Language': 'zh-CN,zh;q=0.9,en-US;q=0.8,en;q=0.7', 'Connection': 'keep-alive'}
2021-08-06 16:45:22,888 - apiSend.py - DEBUG: 请求参数处理结果：{'appKey': '6682119c5d55765c882bd2d9997df2c1'}
2021-08-06 16:45:22,888 - apiSend.py - DEBUG: host处理结果： api.652615.com
2021-08-06 16:45:22,888 - apiSend.py - INFO: 请求接口：get_alias_by_app_key
2021-08-06 16:45:22,889 - apiSend.py - INFO: 请求头: {'Host': 'api.652615.com', 'Origin': 'http://rest79.652615.com', 'X-Liuyi-Device-ID': '4bc8be9552bb0131', 'Authorization': 'Bearer 27bd767f5a3e0e4b3c2ae6d7e8334098', 'Content-Type': 'application/x-www-form-urlencoded;charset=utf-8', 'Accept': 'application/json, text/plain, */*', 'User-Agent': 'Mozilla/5.0 (Linux; Android 10; HRY-AL00a Build/HONORHRY-AL00a; wv) AppleWebKit/537.36 (KHTML, like Gecko) Version/4.0 Chrome/80.0.3987.99 Mobile Safari/537.36 AgentWeb/4.1.3  UCBrowser/11.6.4.950', 'X-Liuyi-App-Key': '6682119c5d55765c882bd2d9997df2c1', 'X-Requested-With': 'com.www.cn.zhimahaojie', 'Referer': 'http://rest79.652615.com/?appKey=6682119c5d55765c882bd2d9997df2c1&deviceId=4bc8be9552bb0131&wechat=0?deviceId=4bc8be9552bb0131&appName=%E8%8A%9D%E9%BA%BB%E5%A5%BD%E5%80%9F', 'Accept-Encoding': 'gzip, deflate', 'Accept-Language': 'zh-CN,zh;q=0.9,en-US;q=0.8,en;q=0.7', 'Connection': 'keep-alive'}
2021-08-06 16:45:22,889 - apiSend.py - INFO: 请求参数: {'appKey': '6682119c5d55765c882bd2d9997df2c1'}
2021-08-06 16:45:22,889 - apiSend.py - INFO: 请求方法: GET
2021-08-06 16:45:22,891 - connectionpool.py - DEBUG: Starting new HTTP connection (1): api.652615.com:80
2021-08-06 16:45:22,932 - connectionpool.py - DEBUG: http://api.652615.com:80 "GET /liuyi/cloud/toggle/magicnana/get_alias_by_app_key?appKey=6682119c5d55765c882bd2d9997df2c1 HTTP/1.1" 200 47
2021-08-06 16:45:22,933 - apiSend.py - INFO: 请求接口结果：
 (200, {'code': 200, 'data': '芝麻好借', 'message': ''})
2021-08-06 16:45:22,933 - readResultRelevance.py - DEBUG: 从返回结果中根据关联键data提取值
2021-08-06 16:45:22,934 - readResultRelevance.py - DEBUG: 提取后，关联键对象
{'data': '芝麻好借'}
2021-08-06 16:45:26,014 - initializePremise.py - INFO: 执行测试用例前置接口
2021-08-06 16:45:26,015 - apiSend.py - INFO: ================================================================================
2021-08-06 16:45:26,015 - apiSend.py - DEBUG: 请求头处理结果：{'Host': 'api.652615.com', 'Origin': 'http://rest79.652615.com', 'X-Liuyi-Device-ID': '4bc8be9552bb0131', 'Authorization': 'Bearer 27bd767f5a3e0e4b3c2ae6d7e8334098', 'Content-Type': 'application/x-www-form-urlencoded;charset=utf-8', 'Accept': 'application/json, text/plain, */*', 'User-Agent': 'Mozilla/5.0 (Linux; Android 10; HRY-AL00a Build/HONORHRY-AL00a; wv) AppleWebKit/537.36 (KHTML, like Gecko) Version/4.0 Chrome/80.0.3987.99 Mobile Safari/537.36 AgentWeb/4.1.3  UCBrowser/11.6.4.950', 'X-Liuyi-App-Key': '6682119c5d55765c882bd2d9997df2c1', 'X-Requested-With': 'com.www.cn.zhimahaojie', 'Referer': 'http://rest79.652615.com/?appKey=6682119c5d55765c882bd2d9997df2c1&deviceId=4bc8be9552bb0131&wechat=0?deviceId=4bc8be9552bb0131&appName=%E8%8A%9D%E9%BA%BB%E5%A5%BD%E5%80%9F', 'Accept-Encoding': 'gzip, deflate', 'Accept-Language': 'zh-CN,zh;q=0.9,en-US;q=0.8,en;q=0.7', 'Connection': 'keep-alive'}
2021-08-06 16:45:26,016 - apiSend.py - DEBUG: 请求参数处理结果：{'appKey': '6682119c5d55765c882bd2d9997df2c1'}
2021-08-06 16:45:26,016 - apiSend.py - DEBUG: host处理结果： api.652615.com
2021-08-06 16:45:26,016 - apiSend.py - INFO: 请求接口：get_alias_by_app_key
2021-08-06 16:45:26,017 - apiSend.py - INFO: 请求头: {'Host': 'api.652615.com', 'Origin': 'http://rest79.652615.com', 'X-Liuyi-Device-ID': '4bc8be9552bb0131', 'Authorization': 'Bearer 27bd767f5a3e0e4b3c2ae6d7e8334098', 'Content-Type': 'application/x-www-form-urlencoded;charset=utf-8', 'Accept': 'application/json, text/plain, */*', 'User-Agent': 'Mozilla/5.0 (Linux; Android 10; HRY-AL00a Build/HONORHRY-AL00a; wv) AppleWebKit/537.36 (KHTML, like Gecko) Version/4.0 Chrome/80.0.3987.99 Mobile Safari/537.36 AgentWeb/4.1.3  UCBrowser/11.6.4.950', 'X-Liuyi-App-Key': '6682119c5d55765c882bd2d9997df2c1', 'X-Requested-With': 'com.www.cn.zhimahaojie', 'Referer': 'http://rest79.652615.com/?appKey=6682119c5d55765c882bd2d9997df2c1&deviceId=4bc8be9552bb0131&wechat=0?deviceId=4bc8be9552bb0131&appName=%E8%8A%9D%E9%BA%BB%E5%A5%BD%E5%80%9F', 'Accept-Encoding': 'gzip, deflate', 'Accept-Language': 'zh-CN,zh;q=0.9,en-US;q=0.8,en;q=0.7', 'Connection': 'keep-alive'}
2021-08-06 16:45:26,017 - apiSend.py - INFO: 请求参数: {'appKey': '6682119c5d55765c882bd2d9997df2c1'}
2021-08-06 16:45:26,018 - apiSend.py - INFO: 请求方法: GET
2021-08-06 16:45:26,023 - connectionpool.py - DEBUG: Starting new HTTP connection (1): api.652615.com:80
2021-08-06 16:45:26,070 - connectionpool.py - DEBUG: http://api.652615.com:80 "GET /liuyi/cloud/toggle/magicnana/get_alias_by_app_key?appKey=6682119c5d55765c882bd2d9997df2c1 HTTP/1.1" 200 47
2021-08-06 16:45:26,072 - apiSend.py - INFO: 请求接口结果：
 (200, {'code': 200, 'data': '芝麻好借', 'message': ''})
2021-08-06 16:45:26,073 - readResultRelevance.py - DEBUG: 从返回结果中根据关联键data提取值
2021-08-06 16:45:26,073 - readResultRelevance.py - DEBUG: 提取后，关联键对象
{'data': '芝麻好借'}
2021-08-06 16:45:29,093 - initializePremise.py - INFO: 执行测试用例前置接口
2021-08-06 16:45:29,094 - apiSend.py - INFO: ================================================================================
2021-08-06 16:45:29,094 - apiSend.py - DEBUG: 请求头处理结果：{'Host': 'api.652615.com', 'Origin': 'http://rest79.652615.com', 'X-Liuyi-Device-ID': '4bc8be9552bb0131', 'Authorization': 'Bearer 27bd767f5a3e0e4b3c2ae6d7e8334098', 'Content-Type': 'application/x-www-form-urlencoded;charset=utf-8', 'Accept': 'application/json, text/plain, */*', 'User-Agent': 'Mozilla/5.0 (Linux; Android 10; HRY-AL00a Build/HONORHRY-AL00a; wv) AppleWebKit/537.36 (KHTML, like Gecko) Version/4.0 Chrome/80.0.3987.99 Mobile Safari/537.36 AgentWeb/4.1.3  UCBrowser/11.6.4.950', 'X-Liuyi-App-Key': '6682119c5d55765c882bd2d9997df2c1', 'X-Requested-With': 'com.www.cn.zhimahaojie', 'Referer': 'http://rest79.652615.com/?appKey=6682119c5d55765c882bd2d9997df2c1&deviceId=4bc8be9552bb0131&wechat=0?deviceId=4bc8be9552bb0131&appName=%E8%8A%9D%E9%BA%BB%E5%A5%BD%E5%80%9F', 'Accept-Encoding': 'gzip, deflate', 'Accept-Language': 'zh-CN,zh;q=0.9,en-US;q=0.8,en;q=0.7', 'Connection': 'keep-alive'}
2021-08-06 16:45:29,095 - apiSend.py - DEBUG: 请求参数处理结果：{'appKey': '6682119c5d55765c882bd2d9997df2c1'}
2021-08-06 16:45:29,095 - apiSend.py - DEBUG: host处理结果： api.652615.com
2021-08-06 16:45:29,095 - apiSend.py - INFO: 请求接口：get_alias_by_app_key
2021-08-06 16:45:29,096 - apiSend.py - INFO: 请求头: {'Host': 'api.652615.com', 'Origin': 'http://rest79.652615.com', 'X-Liuyi-Device-ID': '4bc8be9552bb0131', 'Authorization': 'Bearer 27bd767f5a3e0e4b3c2ae6d7e8334098', 'Content-Type': 'application/x-www-form-urlencoded;charset=utf-8', 'Accept': 'application/json, text/plain, */*', 'User-Agent': 'Mozilla/5.0 (Linux; Android 10; HRY-AL00a Build/HONORHRY-AL00a; wv) AppleWebKit/537.36 (KHTML, like Gecko) Version/4.0 Chrome/80.0.3987.99 Mobile Safari/537.36 AgentWeb/4.1.3  UCBrowser/11.6.4.950', 'X-Liuyi-App-Key': '6682119c5d55765c882bd2d9997df2c1', 'X-Requested-With': 'com.www.cn.zhimahaojie', 'Referer': 'http://rest79.652615.com/?appKey=6682119c5d55765c882bd2d9997df2c1&deviceId=4bc8be9552bb0131&wechat=0?deviceId=4bc8be9552bb0131&appName=%E8%8A%9D%E9%BA%BB%E5%A5%BD%E5%80%9F', 'Accept-Encoding': 'gzip, deflate', 'Accept-Language': 'zh-CN,zh;q=0.9,en-US;q=0.8,en;q=0.7', 'Connection': 'keep-alive'}
2021-08-06 16:45:29,097 - apiSend.py - INFO: 请求参数: {'appKey': '6682119c5d55765c882bd2d9997df2c1'}
2021-08-06 16:45:29,098 - apiSend.py - INFO: 请求方法: GET
2021-08-06 16:45:29,104 - connectionpool.py - DEBUG: Starting new HTTP connection (1): api.652615.com:80
2021-08-06 16:45:29,141 - connectionpool.py - DEBUG: http://api.652615.com:80 "GET /liuyi/cloud/toggle/magicnana/get_alias_by_app_key?appKey=6682119c5d55765c882bd2d9997df2c1 HTTP/1.1" 200 47
2021-08-06 16:45:29,144 - apiSend.py - INFO: 请求接口结果：
 (200, {'code': 200, 'data': '芝麻好借', 'message': ''})
2021-08-06 16:45:29,144 - readResultRelevance.py - DEBUG: 从返回结果中根据关联键data提取值
2021-08-06 16:45:29,145 - readResultRelevance.py - DEBUG: 提取后，关联键对象
{'data': '芝麻好借'}
2021-08-06 16:45:32,162 - initializePremise.py - INFO: 执行测试用例前置接口
2021-08-06 16:45:32,163 - apiSend.py - INFO: ================================================================================
2021-08-06 16:45:32,163 - apiSend.py - DEBUG: 请求头处理结果：{'Host': 'api.652615.com', 'Origin': 'http://rest79.652615.com', 'X-Liuyi-Device-ID': '4bc8be9552bb0131', 'Authorization': 'Bearer 27bd767f5a3e0e4b3c2ae6d7e8334098', 'Content-Type': 'application/x-www-form-urlencoded;charset=utf-8', 'Accept': 'application/json, text/plain, */*', 'User-Agent': 'Mozilla/5.0 (Linux; Android 10; HRY-AL00a Build/HONORHRY-AL00a; wv) AppleWebKit/537.36 (KHTML, like Gecko) Version/4.0 Chrome/80.0.3987.99 Mobile Safari/537.36 AgentWeb/4.1.3  UCBrowser/11.6.4.950', 'X-Liuyi-App-Key': '6682119c5d55765c882bd2d9997df2c1', 'X-Requested-With': 'com.www.cn.zhimahaojie', 'Referer': 'http://rest79.652615.com/?appKey=6682119c5d55765c882bd2d9997df2c1&deviceId=4bc8be9552bb0131&wechat=0?deviceId=4bc8be9552bb0131&appName=%E8%8A%9D%E9%BA%BB%E5%A5%BD%E5%80%9F', 'Accept-Encoding': 'gzip, deflate', 'Accept-Language': 'zh-CN,zh;q=0.9,en-US;q=0.8,en;q=0.7', 'Connection': 'keep-alive'}
2021-08-06 16:45:32,164 - apiSend.py - DEBUG: 请求参数处理结果：{'appKey': '6682119c5d55765c882bd2d9997df2c1'}
2021-08-06 16:45:32,164 - apiSend.py - DEBUG: host处理结果： api.652615.com
2021-08-06 16:45:32,164 - apiSend.py - INFO: 请求接口：get_alias_by_app_key
2021-08-06 16:45:32,165 - apiSend.py - INFO: 请求头: {'Host': 'api.652615.com', 'Origin': 'http://rest79.652615.com', 'X-Liuyi-Device-ID': '4bc8be9552bb0131', 'Authorization': 'Bearer 27bd767f5a3e0e4b3c2ae6d7e8334098', 'Content-Type': 'application/x-www-form-urlencoded;charset=utf-8', 'Accept': 'application/json, text/plain, */*', 'User-Agent': 'Mozilla/5.0 (Linux; Android 10; HRY-AL00a Build/HONORHRY-AL00a; wv) AppleWebKit/537.36 (KHTML, like Gecko) Version/4.0 Chrome/80.0.3987.99 Mobile Safari/537.36 AgentWeb/4.1.3  UCBrowser/11.6.4.950', 'X-Liuyi-App-Key': '6682119c5d55765c882bd2d9997df2c1', 'X-Requested-With': 'com.www.cn.zhimahaojie', 'Referer': 'http://rest79.652615.com/?appKey=6682119c5d55765c882bd2d9997df2c1&deviceId=4bc8be9552bb0131&wechat=0?deviceId=4bc8be9552bb0131&appName=%E8%8A%9D%E9%BA%BB%E5%A5%BD%E5%80%9F', 'Accept-Encoding': 'gzip, deflate', 'Accept-Language': 'zh-CN,zh;q=0.9,en-US;q=0.8,en;q=0.7', 'Connection': 'keep-alive'}
2021-08-06 16:45:32,165 - apiSend.py - INFO: 请求参数: {'appKey': '6682119c5d55765c882bd2d9997df2c1'}
2021-08-06 16:45:32,166 - apiSend.py - INFO: 请求方法: GET
2021-08-06 16:45:32,171 - connectionpool.py - DEBUG: Starting new HTTP connection (1): api.652615.com:80
2021-08-06 16:45:32,218 - connectionpool.py - DEBUG: http://api.652615.com:80 "GET /liuyi/cloud/toggle/magicnana/get_alias_by_app_key?appKey=6682119c5d55765c882bd2d9997df2c1 HTTP/1.1" 200 47
2021-08-06 16:45:32,220 - apiSend.py - INFO: 请求接口结果：
 (200, {'code': 200, 'data': '芝麻好借', 'message': ''})
2021-08-06 16:45:32,221 - readResultRelevance.py - DEBUG: 从返回结果中根据关联键data提取值
2021-08-06 16:45:32,221 - readResultRelevance.py - DEBUG: 提取后，关联键对象
{'data': '芝麻好借'}
2021-08-06 16:45:32,240 - apiSend.py - INFO: ================================================================================
2021-08-06 16:45:32,240 - apiSend.py - DEBUG: 请求头处理结果：{'Host': 'api.652615.com', 'X-Liuyi-App-Key': '735448165a81e5d026c69c653d5423b7', 'Accept': 'application/json, text/plain, */*', 'Authorization': 'Bearer 17d58d9224132591710dc7f6a251ce9f', 'Accept-Language': 'zh-cn', 'Accept-Encoding': 'gzip, deflate', 'Content-Type': 'application/x-www-form-urlencoded;charset=utf-8', 'X-Liuyi-Device-ID': '1B71FD42-A458-4E9A-9A0D-94AE0827AE7A', 'Origin': 'http://rest56.652615.com', 'User-Agent': 'Mozilla/5.0 (iPhone; CPU iPhone OS 12_5_2 like Mac OS X) AppleWebKit/605.1.15 (KHTML, like Gecko) Mobile/15E148', 'Referer': 'http://rest56.652615.com/?appKey=735448165a81e5d026c69c653d5423b7&deviceId=1B71FD42-A458-4E9A-9A0D-94AE0827AE7A&wechat=0', 'Connection': 'keep-alive'}
2021-08-06 16:45:32,241 - apiSend.py - DEBUG: 请求参数处理结果：{'aaa': 'bbb'}
2021-08-06 16:45:32,241 - apiSend.py - DEBUG: host处理结果： api.652615.com
2021-08-06 16:45:32,242 - apiSend.py - INFO: 请求接口：first_in
2021-08-06 16:45:32,242 - apiSend.py - INFO: 请求头: {'Host': 'api.652615.com', 'X-Liuyi-App-Key': '735448165a81e5d026c69c653d5423b7', 'Accept': 'application/json, text/plain, */*', 'Authorization': 'Bearer 17d58d9224132591710dc7f6a251ce9f', 'Accept-Language': 'zh-cn', 'Accept-Encoding': 'gzip, deflate', 'Content-Type': 'application/x-www-form-urlencoded;charset=utf-8', 'X-Liuyi-Device-ID': '1B71FD42-A458-4E9A-9A0D-94AE0827AE7A', 'Origin': 'http://rest56.652615.com', 'User-Agent': 'Mozilla/5.0 (iPhone; CPU iPhone OS 12_5_2 like Mac OS X) AppleWebKit/605.1.15 (KHTML, like Gecko) Mobile/15E148', 'Referer': 'http://rest56.652615.com/?appKey=735448165a81e5d026c69c653d5423b7&deviceId=1B71FD42-A458-4E9A-9A0D-94AE0827AE7A&wechat=0', 'Connection': 'keep-alive'}
2021-08-06 16:45:32,243 - apiSend.py - INFO: 请求参数: {'aaa': 'bbb'}
2021-08-06 16:45:32,243 - apiSend.py - INFO: 请求方法: GET
2021-08-06 16:45:32,249 - connectionpool.py - DEBUG: Starting new HTTP connection (1): api.652615.com:80
2021-08-06 16:45:32,541 - connectionpool.py - DEBUG: http://api.652615.com:80 "GET /liuyi/rest76/user/first_in?aaa=bbb HTTP/1.1" 200 53
2021-08-06 16:45:32,543 - apiSend.py - INFO: 请求接口结果：
 (200, {'code': 200, 'data': {'first': 0, 'type': 1}, 'message': ''})
2021-08-06 16:45:32,550 - apiSend.py - INFO: ================================================================================
2021-08-06 16:45:32,550 - apiSend.py - DEBUG: 请求头处理结果：{'Host': 'api.652615.com', 'X-Liuyi-App-Key': '735448165a81e5d026c69c653d5423b7', 'Accept': 'application/json, text/plain, */*', 'Authorization': 'Bearer 17d58d9224132591710dc7f6a251ce9f', 'Accept-Language': 'zh-cn', 'Accept-Encoding': 'gzip, deflate', 'Content-Type': 'application/x-www-form-urlencoded;charset=utf-8', 'X-Liuyi-Device-ID': '1B71FD42-A458-4E9A-9A0D-94AE0827AE7A', 'Origin': 'http://rest56.652615.com', 'User-Agent': 'Mozilla/5.0 (iPhone; CPU iPhone OS 12_5_2 like Mac OS X) AppleWebKit/605.1.15 (KHTML, like Gecko) Mobile/15E148', 'Referer': 'http://rest56.652615.com/?appKey=735448165a81e5d026c69c653d5423b7&deviceId=1B71FD42-A458-4E9A-9A0D-94AE0827AE7A&wechat=0', 'Connection': 'keep-alive'}
2021-08-06 16:45:32,551 - apiSend.py - DEBUG: 请求参数处理结果：{'aaa': 'bbb'}
2021-08-06 16:45:32,551 - apiSend.py - DEBUG: host处理结果： api.652615.com
2021-08-06 16:45:32,552 - apiSend.py - INFO: 请求接口：vip_info
2021-08-06 16:45:32,552 - apiSend.py - INFO: 请求头: {'Host': 'api.652615.com', 'X-Liuyi-App-Key': '735448165a81e5d026c69c653d5423b7', 'Accept': 'application/json, text/plain, */*', 'Authorization': 'Bearer 17d58d9224132591710dc7f6a251ce9f', 'Accept-Language': 'zh-cn', 'Accept-Encoding': 'gzip, deflate', 'Content-Type': 'application/x-www-form-urlencoded;charset=utf-8', 'X-Liuyi-Device-ID': '1B71FD42-A458-4E9A-9A0D-94AE0827AE7A', 'Origin': 'http://rest56.652615.com', 'User-Agent': 'Mozilla/5.0 (iPhone; CPU iPhone OS 12_5_2 like Mac OS X) AppleWebKit/605.1.15 (KHTML, like Gecko) Mobile/15E148', 'Referer': 'http://rest56.652615.com/?appKey=735448165a81e5d026c69c653d5423b7&deviceId=1B71FD42-A458-4E9A-9A0D-94AE0827AE7A&wechat=0', 'Connection': 'keep-alive'}
2021-08-06 16:45:32,553 - apiSend.py - INFO: 请求参数: {'aaa': 'bbb'}
2021-08-06 16:45:32,553 - apiSend.py - INFO: 请求方法: GET
2021-08-06 16:45:32,559 - connectionpool.py - DEBUG: Starting new HTTP connection (1): api.652615.com:80
2021-08-06 16:45:32,716 - connectionpool.py - DEBUG: http://api.652615.com:80 "GET /liuyi/rest76/user/vip_info?aaa=bbb HTTP/1.1" 200 68
2021-08-06 16:45:32,719 - apiSend.py - INFO: 请求接口结果：
 (200, {'code': 200, 'data': {'avaliable': 0, 'vip': 1, 'vipType': 1}, 'message': ''})
