2021-07-26 10:28:32,873 - writeCaseYaml.py - DEBUG: 从F:/pythoncode/learn_pytest_20200720/data/目录下，读取文件kkk.chlsj
2021-07-26 10:28:33,067 - writeCaseYaml.py - DEBUG: 从F:/pythoncode/learn_pytest_20200720/page/home目录下，写入测试文件F:/pythoncode/learn_pytest_20200720/page/home/famous_list.yml
2021-07-26 10:29:17,124 - writeCaseYaml.py - DEBUG: 从F:/pythoncode/learn_pytest_20200720/data/目录下，读取文件kkk.chlsj
2021-07-26 10:29:17,125 - mkDir.py - DEBUG: logs目录已存在：F:/pythoncode/learn_pytest_20200720/page/home
2021-07-26 10:34:07,548 - writeCaseYaml.py - DEBUG: 从F:/pythoncode/learn_pytest_20200720/data/目录下，读取文件kkk.chlsj
2021-07-26 10:34:07,551 - writeCaseYaml.py - DEBUG: 从F:/pythoncode/learn_pytest_20200720/page/home目录下，写入测试文件F:/pythoncode/learn_pytest_20200720/page/home/famous_list.yml
2021-07-26 10:34:07,557 - mkDir.py - DEBUG: logs目录已存在：F:/pythoncode/learn_pytest_20200720/testcase/home
2021-07-26 10:47:52,308 - writeCaseYaml.py - DEBUG: 从F:/pythoncode/learn_pytest_20200720/data/目录下，读取文件kkk.chlsj
2021-07-26 10:47:52,309 - mkDir.py - DEBUG: logs目录已存在：F:/pythoncode/learn_pytest_20200720/page/home
2021-07-26 10:48:18,885 - writeCaseYaml.py - DEBUG: 从F:/pythoncode/learn_pytest_20200720/data/目录下，读取文件kkk.chlsj
2021-07-26 10:48:18,886 - mkDir.py - DEBUG: logs目录已存在：F:/pythoncode/learn_pytest_20200720/page/home
2021-07-26 10:48:58,536 - writeCaseYaml.py - DEBUG: 从F:/pythoncode/learn_pytest_20200720/data/目录下，读取文件kkk.chlsj
2021-07-26 10:48:58,537 - mkDir.py - DEBUG: logs目录已存在：F:/pythoncode/learn_pytest_20200720/page/home
2021-07-26 10:58:17,547 - writeCaseYaml.py - DEBUG: 从F:/pythoncode/learn_pytest_20200720/data/目录下，读取文件kkk.chlsj
2021-07-26 10:58:17,548 - mkDir.py - DEBUG: logs目录已存在：F:/pythoncode/learn_pytest_20200720/page/home
2021-07-26 11:07:04,971 - writeCaseYaml.py - DEBUG: 从F:/pythoncode/learn_pytest_20200720/data/目录下，读取文件kkk.chlsj
2021-07-26 11:07:04,972 - mkDir.py - DEBUG: logs目录已存在：F:/pythoncode/learn_pytest_20200720/page/home
2021-07-26 11:16:00,325 - writeCaseYaml.py - DEBUG: 从F:/pythoncode/learn_pytest_20200720/data/目录下，读取文件kkk.chlsj
2021-07-26 11:16:00,325 - mkDir.py - DEBUG: logs目录已存在：F:/pythoncode/learn_pytest_20200720/page/home
2021-07-26 11:16:52,972 - writeCaseYaml.py - DEBUG: 从F:/pythoncode/learn_pytest_20200720/data/目录下，读取文件kkk.chlsj
2021-07-26 11:16:52,974 - mkDir.py - DEBUG: logs目录已存在：F:/pythoncode/learn_pytest_20200720/page/home
2021-07-26 11:34:31,200 - writeCaseYaml.py - DEBUG: 从F:/pythoncode/learn_pytest_20200720/data/目录下，读取文件kkk.chlsj
2021-07-26 11:34:31,201 - mkDir.py - DEBUG: logs目录已存在：F:/pythoncode/learn_pytest_20200720/page/home
2021-07-26 11:34:36,036 - writeCaseYaml.py - DEBUG: 从F:/pythoncode/learn_pytest_20200720/data/目录下，读取文件kkk.chlsj
2021-07-26 11:34:36,037 - mkDir.py - DEBUG: logs目录已存在：F:/pythoncode/learn_pytest_20200720/page/home
2021-07-26 13:24:48,356 - writeCaseYaml.py - DEBUG: 从F:/pythoncode/learn_pytest_20200720/data/目录下，读取文件kkk.chlsj
2021-07-26 13:24:48,356 - mkDir.py - DEBUG: logs目录已存在：F:/pythoncode/learn_pytest_20200720/page/home
2021-07-26 14:01:54,886 - writeCaseYaml.py - DEBUG: 从F:/pythoncode/learn_pytest_20200720/data/目录下，读取文件kkk.chlsj
2021-07-26 14:01:54,887 - mkDir.py - DEBUG: logs目录已存在：F:/pythoncode/learn_pytest_20200720/page/home
2021-07-26 14:03:02,370 - writeCaseYaml.py - DEBUG: 从F:/pythoncode/learn_pytest_20200720/data/目录下，读取文件kkk.chlsj
2021-07-26 14:03:02,371 - mkDir.py - DEBUG: logs目录已存在：F:/pythoncode/learn_pytest_20200720/page/home
2021-07-26 14:03:02,869 - initializePremise.py - INFO: 执行测试用例前置接口
2021-07-26 14:03:06,043 - initializePremise.py - INFO: 执行测试用例前置接口
2021-07-26 14:03:09,064 - initializePremise.py - INFO: 执行测试用例前置接口
2021-07-26 14:03:12,082 - initializePremise.py - INFO: 执行测试用例前置接口
2021-07-26 14:04:14,237 - writeCaseYaml.py - DEBUG: 从F:/pythoncode/learn_pytest_20200720/data/目录下，读取文件kkk.chlsj
2021-07-26 14:04:14,238 - mkDir.py - DEBUG: logs目录已存在：F:/pythoncode/learn_pytest_20200720/page/home
2021-07-26 14:04:35,616 - writeCaseYaml.py - DEBUG: 从F:/pythoncode/learn_pytest_20200720/data/目录下，读取文件kkk.chlsj
2021-07-26 14:04:35,616 - mkDir.py - DEBUG: logs目录已存在：F:/pythoncode/learn_pytest_20200720/page/home
2021-07-26 14:04:49,349 - writeCaseYaml.py - DEBUG: 从F:/pythoncode/learn_pytest_20200720/data/目录下，读取文件kkk.chlsj
2021-07-26 14:04:49,350 - mkDir.py - DEBUG: logs目录已存在：F:/pythoncode/learn_pytest_20200720/page/home
2021-07-26 14:05:04,363 - writeCaseYaml.py - DEBUG: 从F:/pythoncode/learn_pytest_20200720/data/目录下，读取文件kkk.chlsj
2021-07-26 14:05:04,364 - mkDir.py - DEBUG: logs目录已存在：F:/pythoncode/learn_pytest_20200720/page/home
