2021-08-12 09:49:38,972 - writeCaseYaml.py - DEBUG: 从F:/pythoncode/learn_pytest_20200720/data/目录下，读取文件first.chlsj
2021-08-12 09:49:39,028 - mkDir.py - DEBUG: logs目录已存在：F:/pythoncode/learn_pytest_20200720/page/user
2021-08-12 09:49:39,031 - writeCaseYaml.py - DEBUG: 从F:/pythoncode/learn_pytest_20200720/data/目录下，读取文件five.chlsj
2021-08-12 09:49:39,043 - mkDir.py - DEBUG: logs目录已存在：F:/pythoncode/learn_pytest_20200720/page/home
2021-08-12 09:49:39,046 - writeCaseYaml.py - DEBUG: 从F:/pythoncode/learn_pytest_20200720/data/目录下，读取文件four.chlsj
2021-08-12 09:49:39,062 - mkDir.py - DEBUG: logs目录已存在：F:/pythoncode/learn_pytest_20200720/page/home
2021-08-12 09:49:39,066 - writeCaseYaml.py - DEBUG: 从F:/pythoncode/learn_pytest_20200720/data/目录下，读取文件second.chlsj
2021-08-12 09:49:39,075 - mkDir.py - DEBUG: logs目录已存在：F:/pythoncode/learn_pytest_20200720/page/user
2021-08-12 09:49:39,078 - writeCaseYaml.py - DEBUG: 从F:/pythoncode/learn_pytest_20200720/data/目录下，读取文件six.chlsj
2021-08-12 09:49:39,095 - mkDir.py - DEBUG: logs目录已存在：F:/pythoncode/learn_pytest_20200720/page/magicnana
2021-08-12 09:49:39,098 - writeCaseYaml.py - DEBUG: 从F:/pythoncode/learn_pytest_20200720/data/目录下，读取文件three.chlsj
2021-08-12 09:49:39,108 - mkDir.py - DEBUG: logs目录已存在：F:/pythoncode/learn_pytest_20200720/page/home
2021-08-12 09:49:39,112 - writeCaseYaml.py - DEBUG: 从F:/pythoncode/learn_pytest_20200720/data/目录下，读取文件twenty.chlsj
2021-08-12 09:49:39,127 - mkDir.py - DEBUG: logs目录已存在：F:/pythoncode/learn_pytest_20200720/page/pay
2021-08-12 09:49:39,130 - writeCaseYaml.py - DEBUG: 从F:/pythoncode/learn_pytest_20200720/data/目录下，读取文件twentyone.chlsj
2021-08-12 09:49:39,137 - writeCaseYaml.py - ERROR: 未找到parameter: Expecting value: line 1 column 1 (char 0)
2021-08-12 09:49:39,139 - mkDir.py - DEBUG: logs目录已存在：F:/pythoncode/learn_pytest_20200720/page/user
2021-08-12 09:49:39,143 - writeCaseYaml.py - DEBUG: 从F:/pythoncode/learn_pytest_20200720/data/目录下，读取文件twentytwo.chlsj
2021-08-12 09:49:39,158 - mkDir.py - DEBUG: logs目录已存在：F:/pythoncode/learn_pytest_20200720/page/user
2021-08-12 09:49:46,055 - apiSend.py - INFO: ================================================================================
2021-08-12 09:49:46,055 - apiSend.py - DEBUG: 请求头处理结果：{'Host': 'api.652615.com', 'X-Liuyi-App-Key': 'fa2f1a6dc9726b1ed50f3a4d430a9e67', 'Accept': 'application/json, text/plain, */*', 'Authorization': 'Bearer 9b5f39bae4784a8db7863d4fd3eea20b', 'Accept-Language': 'zh-cn', 'Accept-Encoding': 'gzip, deflate', 'Content-Type': 'application/x-www-form-urlencoded;charset=utf-8', 'X-Liuyi-Device-ID': 'fa2f1a6dc9726b1ed50f3a4d430a9e67', 'Origin': 'http://rest56.652615.com', 'User-Agent': 'Mozilla/5.0 (iPhone; CPU iPhone OS 12_5_2 like Mac OS X) AppleWebKit/605.1.15 (KHTML, like Gecko) Mobile/15E148', 'Referer': 'http://rest56.652615.com/?appKey=fa2f1a6dc9726b1ed50f3a4d430a9e67&deviceId=fa2f1a6dc9726b1ed50f3a4d430a9e67&wechat=0', 'Connection': 'keep-alive'}
2021-08-12 09:49:46,081 - apiSend.py - DEBUG: 请求参数处理结果：{'time': 1628157076}
2021-08-12 09:49:46,082 - apiSend.py - DEBUG: host处理结果： api.652615.com
2021-08-12 09:49:46,082 - apiSend.py - INFO: 请求接口：edugao
2021-08-12 09:49:46,082 - apiSend.py - INFO: 请求头: {'Host': 'api.652615.com', 'X-Liuyi-App-Key': 'fa2f1a6dc9726b1ed50f3a4d430a9e67', 'Accept': 'application/json, text/plain, */*', 'Authorization': 'Bearer 9b5f39bae4784a8db7863d4fd3eea20b', 'Accept-Language': 'zh-cn', 'Accept-Encoding': 'gzip, deflate', 'Content-Type': 'application/x-www-form-urlencoded;charset=utf-8', 'X-Liuyi-Device-ID': 'fa2f1a6dc9726b1ed50f3a4d430a9e67', 'Origin': 'http://rest56.652615.com', 'User-Agent': 'Mozilla/5.0 (iPhone; CPU iPhone OS 12_5_2 like Mac OS X) AppleWebKit/605.1.15 (KHTML, like Gecko) Mobile/15E148', 'Referer': 'http://rest56.652615.com/?appKey=fa2f1a6dc9726b1ed50f3a4d430a9e67&deviceId=fa2f1a6dc9726b1ed50f3a4d430a9e67&wechat=0', 'Connection': 'keep-alive'}
2021-08-12 09:49:46,082 - apiSend.py - INFO: 请求参数: {'time': 1628157076}
2021-08-12 09:49:46,084 - apiSend.py - INFO: 请求方法: GET
2021-08-12 09:49:46,148 - connectionpool.py - DEBUG: Starting new HTTP connection (1): api.652615.com:80
2021-08-12 09:49:46,237 - connectionpool.py - DEBUG: http://api.652615.com:80 "GET /liuyi/rest76/home/edugao?time=1628157076 HTTP/1.1" 401 49
2021-08-12 09:49:46,256 - apiSend.py - INFO: 请求接口结果：
 (401, {'code': 401, 'data': None, 'message': '非法 token'})
2021-08-12 09:49:49,474 - apiSend.py - INFO: ================================================================================
2021-08-12 09:49:49,474 - apiSend.py - DEBUG: 请求头处理结果：{'Host': 'api.652615.com', 'X-Liuyi-App-Key': 'fa2f1a6dc9726b1ed50f3a4d430a9e67', 'Accept': 'application/json, text/plain, */*', 'Authorization': 'Bearer 9b5f39bae4784a8db7863d4fd3eea20b', 'Accept-Language': 'zh-cn', 'Accept-Encoding': 'gzip, deflate', 'Content-Type': 'application/x-www-form-urlencoded;charset=utf-8', 'X-Liuyi-Device-ID': 'fa2f1a6dc9726b1ed50f3a4d430a9e67', 'Origin': 'http://rest56.652615.com', 'User-Agent': 'Mozilla/5.0 (iPhone; CPU iPhone OS 12_5_2 like Mac OS X) AppleWebKit/605.1.15 (KHTML, like Gecko) Mobile/15E148', 'Referer': 'http://rest56.652615.com/?appKey=fa2f1a6dc9726b1ed50f3a4d430a9e67&deviceId=fa2f1a6dc9726b1ed50f3a4d430a9e67&wechat=0', 'Connection': 'keep-alive'}
2021-08-12 09:49:49,474 - apiSend.py - DEBUG: 请求参数处理结果：{'time': 1628157076}
2021-08-12 09:49:49,474 - apiSend.py - DEBUG: host处理结果： api.652615.com
2021-08-12 09:49:49,474 - apiSend.py - INFO: 请求接口：edugao
2021-08-12 09:49:49,474 - apiSend.py - INFO: 请求头: {'Host': 'api.652615.com', 'X-Liuyi-App-Key': 'fa2f1a6dc9726b1ed50f3a4d430a9e67', 'Accept': 'application/json, text/plain, */*', 'Authorization': 'Bearer 9b5f39bae4784a8db7863d4fd3eea20b', 'Accept-Language': 'zh-cn', 'Accept-Encoding': 'gzip, deflate', 'Content-Type': 'application/x-www-form-urlencoded;charset=utf-8', 'X-Liuyi-Device-ID': 'fa2f1a6dc9726b1ed50f3a4d430a9e67', 'Origin': 'http://rest56.652615.com', 'User-Agent': 'Mozilla/5.0 (iPhone; CPU iPhone OS 12_5_2 like Mac OS X) AppleWebKit/605.1.15 (KHTML, like Gecko) Mobile/15E148', 'Referer': 'http://rest56.652615.com/?appKey=fa2f1a6dc9726b1ed50f3a4d430a9e67&deviceId=fa2f1a6dc9726b1ed50f3a4d430a9e67&wechat=0', 'Connection': 'keep-alive'}
2021-08-12 09:49:49,474 - apiSend.py - INFO: 请求参数: {'time': 1628157076}
2021-08-12 09:49:49,477 - apiSend.py - INFO: 请求方法: GET
2021-08-12 09:49:49,479 - connectionpool.py - DEBUG: Starting new HTTP connection (1): api.652615.com:80
2021-08-12 09:49:49,533 - connectionpool.py - DEBUG: http://api.652615.com:80 "GET /liuyi/rest76/home/edugao?time=1628157076 HTTP/1.1" 401 49
2021-08-12 09:49:49,534 - apiSend.py - INFO: 请求接口结果：
 (401, {'code': 401, 'data': None, 'message': '非法 token'})
2021-08-12 09:49:52,581 - apiSend.py - INFO: ================================================================================
2021-08-12 09:49:52,582 - apiSend.py - DEBUG: 请求头处理结果：{'Host': 'api.652615.com', 'X-Liuyi-App-Key': 'fa2f1a6dc9726b1ed50f3a4d430a9e67', 'Accept': 'application/json, text/plain, */*', 'Authorization': 'Bearer 9b5f39bae4784a8db7863d4fd3eea20b', 'Accept-Language': 'zh-cn', 'Accept-Encoding': 'gzip, deflate', 'Content-Type': 'application/x-www-form-urlencoded;charset=utf-8', 'X-Liuyi-Device-ID': 'fa2f1a6dc9726b1ed50f3a4d430a9e67', 'Origin': 'http://rest56.652615.com', 'User-Agent': 'Mozilla/5.0 (iPhone; CPU iPhone OS 12_5_2 like Mac OS X) AppleWebKit/605.1.15 (KHTML, like Gecko) Mobile/15E148', 'Referer': 'http://rest56.652615.com/?appKey=fa2f1a6dc9726b1ed50f3a4d430a9e67&deviceId=fa2f1a6dc9726b1ed50f3a4d430a9e67&wechat=0', 'Connection': 'keep-alive'}
2021-08-12 09:49:52,582 - apiSend.py - DEBUG: 请求参数处理结果：{'time': 1628157076}
2021-08-12 09:49:52,583 - apiSend.py - DEBUG: host处理结果： api.652615.com
2021-08-12 09:49:52,584 - apiSend.py - INFO: 请求接口：edugao
2021-08-12 09:49:52,584 - apiSend.py - INFO: 请求头: {'Host': 'api.652615.com', 'X-Liuyi-App-Key': 'fa2f1a6dc9726b1ed50f3a4d430a9e67', 'Accept': 'application/json, text/plain, */*', 'Authorization': 'Bearer 9b5f39bae4784a8db7863d4fd3eea20b', 'Accept-Language': 'zh-cn', 'Accept-Encoding': 'gzip, deflate', 'Content-Type': 'application/x-www-form-urlencoded;charset=utf-8', 'X-Liuyi-Device-ID': 'fa2f1a6dc9726b1ed50f3a4d430a9e67', 'Origin': 'http://rest56.652615.com', 'User-Agent': 'Mozilla/5.0 (iPhone; CPU iPhone OS 12_5_2 like Mac OS X) AppleWebKit/605.1.15 (KHTML, like Gecko) Mobile/15E148', 'Referer': 'http://rest56.652615.com/?appKey=fa2f1a6dc9726b1ed50f3a4d430a9e67&deviceId=fa2f1a6dc9726b1ed50f3a4d430a9e67&wechat=0', 'Connection': 'keep-alive'}
2021-08-12 09:49:52,585 - apiSend.py - INFO: 请求参数: {'time': 1628157076}
2021-08-12 09:49:52,597 - apiSend.py - INFO: 请求方法: GET
2021-08-12 09:49:52,602 - connectionpool.py - DEBUG: Starting new HTTP connection (1): api.652615.com:80
2021-08-12 09:49:52,644 - connectionpool.py - DEBUG: http://api.652615.com:80 "GET /liuyi/rest76/home/edugao?time=1628157076 HTTP/1.1" 401 49
2021-08-12 09:49:52,646 - apiSend.py - INFO: 请求接口结果：
 (401, {'code': 401, 'data': None, 'message': '非法 token'})
2021-08-12 09:49:55,679 - apiSend.py - INFO: ================================================================================
2021-08-12 09:49:55,680 - apiSend.py - DEBUG: 请求头处理结果：{'Host': 'api.652615.com', 'X-Liuyi-App-Key': 'fa2f1a6dc9726b1ed50f3a4d430a9e67', 'Accept': 'application/json, text/plain, */*', 'Authorization': 'Bearer 9b5f39bae4784a8db7863d4fd3eea20b', 'Accept-Language': 'zh-cn', 'Accept-Encoding': 'gzip, deflate', 'Content-Type': 'application/x-www-form-urlencoded;charset=utf-8', 'X-Liuyi-Device-ID': 'fa2f1a6dc9726b1ed50f3a4d430a9e67', 'Origin': 'http://rest56.652615.com', 'User-Agent': 'Mozilla/5.0 (iPhone; CPU iPhone OS 12_5_2 like Mac OS X) AppleWebKit/605.1.15 (KHTML, like Gecko) Mobile/15E148', 'Referer': 'http://rest56.652615.com/?appKey=fa2f1a6dc9726b1ed50f3a4d430a9e67&deviceId=fa2f1a6dc9726b1ed50f3a4d430a9e67&wechat=0', 'Connection': 'keep-alive'}
2021-08-12 09:49:55,680 - apiSend.py - DEBUG: 请求参数处理结果：{'time': 1628157076}
2021-08-12 09:49:55,681 - apiSend.py - DEBUG: host处理结果： api.652615.com
2021-08-12 09:49:55,681 - apiSend.py - INFO: 请求接口：edugao
2021-08-12 09:49:55,682 - apiSend.py - INFO: 请求头: {'Host': 'api.652615.com', 'X-Liuyi-App-Key': 'fa2f1a6dc9726b1ed50f3a4d430a9e67', 'Accept': 'application/json, text/plain, */*', 'Authorization': 'Bearer 9b5f39bae4784a8db7863d4fd3eea20b', 'Accept-Language': 'zh-cn', 'Accept-Encoding': 'gzip, deflate', 'Content-Type': 'application/x-www-form-urlencoded;charset=utf-8', 'X-Liuyi-Device-ID': 'fa2f1a6dc9726b1ed50f3a4d430a9e67', 'Origin': 'http://rest56.652615.com', 'User-Agent': 'Mozilla/5.0 (iPhone; CPU iPhone OS 12_5_2 like Mac OS X) AppleWebKit/605.1.15 (KHTML, like Gecko) Mobile/15E148', 'Referer': 'http://rest56.652615.com/?appKey=fa2f1a6dc9726b1ed50f3a4d430a9e67&deviceId=fa2f1a6dc9726b1ed50f3a4d430a9e67&wechat=0', 'Connection': 'keep-alive'}
2021-08-12 09:49:55,682 - apiSend.py - INFO: 请求参数: {'time': 1628157076}
2021-08-12 09:49:55,690 - apiSend.py - INFO: 请求方法: GET
2021-08-12 09:49:55,696 - connectionpool.py - DEBUG: Starting new HTTP connection (1): api.652615.com:80
2021-08-12 09:49:55,753 - connectionpool.py - DEBUG: http://api.652615.com:80 "GET /liuyi/rest76/home/edugao?time=1628157076 HTTP/1.1" 401 49
2021-08-12 09:49:55,755 - apiSend.py - INFO: 请求接口结果：
 (401, {'code': 401, 'data': None, 'message': '非法 token'})
2021-08-12 09:49:55,797 - apiSend.py - INFO: ================================================================================
2021-08-12 09:49:55,797 - apiSend.py - DEBUG: 请求头处理结果：{'Host': 'api.652615.com', 'X-Liuyi-App-Key': 'fa2f1a6dc9726b1ed50f3a4d430a9e67', 'Accept': 'application/json, text/plain, */*', 'Authorization': 'Bearer 9b5f39bae4784a8db7863d4fd3eea20b', 'Accept-Language': 'zh-cn', 'Accept-Encoding': 'gzip, deflate', 'Content-Type': 'application/x-www-form-urlencoded;charset=utf-8', 'X-Liuyi-Device-ID': 'fa2f1a6dc9726b1ed50f3a4d430a9e67', 'Origin': 'http://rest56.652615.com', 'User-Agent': 'Mozilla/5.0 (iPhone; CPU iPhone OS 12_5_2 like Mac OS X) AppleWebKit/605.1.15 (KHTML, like Gecko) Mobile/15E148', 'Referer': 'http://rest56.652615.com/?appKey=fa2f1a6dc9726b1ed50f3a4d430a9e67&deviceId=fa2f1a6dc9726b1ed50f3a4d430a9e67&wechat=0', 'Connection': 'keep-alive'}
2021-08-12 09:49:55,798 - apiSend.py - DEBUG: 请求参数处理结果：{'time': 1628151452}
2021-08-12 09:49:55,798 - apiSend.py - DEBUG: host处理结果： api.652615.com
2021-08-12 09:49:55,798 - apiSend.py - INFO: 请求接口：meirijingxuan
2021-08-12 09:49:55,798 - apiSend.py - INFO: 请求头: {'Host': 'api.652615.com', 'X-Liuyi-App-Key': 'fa2f1a6dc9726b1ed50f3a4d430a9e67', 'Accept': 'application/json, text/plain, */*', 'Authorization': 'Bearer 9b5f39bae4784a8db7863d4fd3eea20b', 'Accept-Language': 'zh-cn', 'Accept-Encoding': 'gzip, deflate', 'Content-Type': 'application/x-www-form-urlencoded;charset=utf-8', 'X-Liuyi-Device-ID': 'fa2f1a6dc9726b1ed50f3a4d430a9e67', 'Origin': 'http://rest56.652615.com', 'User-Agent': 'Mozilla/5.0 (iPhone; CPU iPhone OS 12_5_2 like Mac OS X) AppleWebKit/605.1.15 (KHTML, like Gecko) Mobile/15E148', 'Referer': 'http://rest56.652615.com/?appKey=fa2f1a6dc9726b1ed50f3a4d430a9e67&deviceId=fa2f1a6dc9726b1ed50f3a4d430a9e67&wechat=0', 'Connection': 'keep-alive'}
2021-08-12 09:49:55,798 - apiSend.py - INFO: 请求参数: {'time': 1628151452}
2021-08-12 09:49:55,802 - apiSend.py - INFO: 请求方法: GET
2021-08-12 09:49:55,804 - connectionpool.py - DEBUG: Starting new HTTP connection (1): api.652615.com:80
2021-08-12 09:49:55,860 - connectionpool.py - DEBUG: http://api.652615.com:80 "GET /liuyi/rest76/home/meirijingxuan?time=1628151452 HTTP/1.1" 401 49
2021-08-12 09:49:55,862 - apiSend.py - INFO: 请求接口结果：
 (401, {'code': 401, 'data': None, 'message': '非法 token'})
2021-08-12 09:49:58,982 - apiSend.py - INFO: ================================================================================
2021-08-12 09:49:58,983 - apiSend.py - DEBUG: 请求头处理结果：{'Host': 'api.652615.com', 'X-Liuyi-App-Key': 'fa2f1a6dc9726b1ed50f3a4d430a9e67', 'Accept': 'application/json, text/plain, */*', 'Authorization': 'Bearer 9b5f39bae4784a8db7863d4fd3eea20b', 'Accept-Language': 'zh-cn', 'Accept-Encoding': 'gzip, deflate', 'Content-Type': 'application/x-www-form-urlencoded;charset=utf-8', 'X-Liuyi-Device-ID': 'fa2f1a6dc9726b1ed50f3a4d430a9e67', 'Origin': 'http://rest56.652615.com', 'User-Agent': 'Mozilla/5.0 (iPhone; CPU iPhone OS 12_5_2 like Mac OS X) AppleWebKit/605.1.15 (KHTML, like Gecko) Mobile/15E148', 'Referer': 'http://rest56.652615.com/?appKey=fa2f1a6dc9726b1ed50f3a4d430a9e67&deviceId=fa2f1a6dc9726b1ed50f3a4d430a9e67&wechat=0', 'Connection': 'keep-alive'}
2021-08-12 09:49:58,983 - apiSend.py - DEBUG: 请求参数处理结果：{'time': 1628151452}
2021-08-12 09:49:58,983 - apiSend.py - DEBUG: host处理结果： api.652615.com
2021-08-12 09:49:58,984 - apiSend.py - INFO: 请求接口：meirijingxuan
2021-08-12 09:49:58,984 - apiSend.py - INFO: 请求头: {'Host': 'api.652615.com', 'X-Liuyi-App-Key': 'fa2f1a6dc9726b1ed50f3a4d430a9e67', 'Accept': 'application/json, text/plain, */*', 'Authorization': 'Bearer 9b5f39bae4784a8db7863d4fd3eea20b', 'Accept-Language': 'zh-cn', 'Accept-Encoding': 'gzip, deflate', 'Content-Type': 'application/x-www-form-urlencoded;charset=utf-8', 'X-Liuyi-Device-ID': 'fa2f1a6dc9726b1ed50f3a4d430a9e67', 'Origin': 'http://rest56.652615.com', 'User-Agent': 'Mozilla/5.0 (iPhone; CPU iPhone OS 12_5_2 like Mac OS X) AppleWebKit/605.1.15 (KHTML, like Gecko) Mobile/15E148', 'Referer': 'http://rest56.652615.com/?appKey=fa2f1a6dc9726b1ed50f3a4d430a9e67&deviceId=fa2f1a6dc9726b1ed50f3a4d430a9e67&wechat=0', 'Connection': 'keep-alive'}
2021-08-12 09:49:58,985 - apiSend.py - INFO: 请求参数: {'time': 1628151452}
2021-08-12 09:49:58,999 - apiSend.py - INFO: 请求方法: GET
2021-08-12 09:49:59,004 - connectionpool.py - DEBUG: Starting new HTTP connection (1): api.652615.com:80
2021-08-12 09:49:59,062 - connectionpool.py - DEBUG: http://api.652615.com:80 "GET /liuyi/rest76/home/meirijingxuan?time=1628151452 HTTP/1.1" 401 49
2021-08-12 09:49:59,065 - apiSend.py - INFO: 请求接口结果：
 (401, {'code': 401, 'data': None, 'message': '非法 token'})
2021-08-12 09:50:02,107 - apiSend.py - INFO: ================================================================================
2021-08-12 09:50:02,108 - apiSend.py - DEBUG: 请求头处理结果：{'Host': 'api.652615.com', 'X-Liuyi-App-Key': 'fa2f1a6dc9726b1ed50f3a4d430a9e67', 'Accept': 'application/json, text/plain, */*', 'Authorization': 'Bearer 9b5f39bae4784a8db7863d4fd3eea20b', 'Accept-Language': 'zh-cn', 'Accept-Encoding': 'gzip, deflate', 'Content-Type': 'application/x-www-form-urlencoded;charset=utf-8', 'X-Liuyi-Device-ID': 'fa2f1a6dc9726b1ed50f3a4d430a9e67', 'Origin': 'http://rest56.652615.com', 'User-Agent': 'Mozilla/5.0 (iPhone; CPU iPhone OS 12_5_2 like Mac OS X) AppleWebKit/605.1.15 (KHTML, like Gecko) Mobile/15E148', 'Referer': 'http://rest56.652615.com/?appKey=fa2f1a6dc9726b1ed50f3a4d430a9e67&deviceId=fa2f1a6dc9726b1ed50f3a4d430a9e67&wechat=0', 'Connection': 'keep-alive'}
2021-08-12 09:50:02,108 - apiSend.py - DEBUG: 请求参数处理结果：{'time': 1628151452}
2021-08-12 09:50:02,109 - apiSend.py - DEBUG: host处理结果： api.652615.com
2021-08-12 09:50:02,109 - apiSend.py - INFO: 请求接口：meirijingxuan
2021-08-12 09:50:02,110 - apiSend.py - INFO: 请求头: {'Host': 'api.652615.com', 'X-Liuyi-App-Key': 'fa2f1a6dc9726b1ed50f3a4d430a9e67', 'Accept': 'application/json, text/plain, */*', 'Authorization': 'Bearer 9b5f39bae4784a8db7863d4fd3eea20b', 'Accept-Language': 'zh-cn', 'Accept-Encoding': 'gzip, deflate', 'Content-Type': 'application/x-www-form-urlencoded;charset=utf-8', 'X-Liuyi-Device-ID': 'fa2f1a6dc9726b1ed50f3a4d430a9e67', 'Origin': 'http://rest56.652615.com', 'User-Agent': 'Mozilla/5.0 (iPhone; CPU iPhone OS 12_5_2 like Mac OS X) AppleWebKit/605.1.15 (KHTML, like Gecko) Mobile/15E148', 'Referer': 'http://rest56.652615.com/?appKey=fa2f1a6dc9726b1ed50f3a4d430a9e67&deviceId=fa2f1a6dc9726b1ed50f3a4d430a9e67&wechat=0', 'Connection': 'keep-alive'}
2021-08-12 09:50:02,110 - apiSend.py - INFO: 请求参数: {'time': 1628151452}
2021-08-12 09:50:02,119 - apiSend.py - INFO: 请求方法: GET
2021-08-12 09:50:02,124 - connectionpool.py - DEBUG: Starting new HTTP connection (1): api.652615.com:80
2021-08-12 09:50:02,171 - connectionpool.py - DEBUG: http://api.652615.com:80 "GET /liuyi/rest76/home/meirijingxuan?time=1628151452 HTTP/1.1" 401 49
2021-08-12 09:50:02,173 - apiSend.py - INFO: 请求接口结果：
 (401, {'code': 401, 'data': None, 'message': '非法 token'})
2021-08-12 09:50:05,223 - apiSend.py - INFO: ================================================================================
2021-08-12 09:50:05,224 - apiSend.py - DEBUG: 请求头处理结果：{'Host': 'api.652615.com', 'X-Liuyi-App-Key': 'fa2f1a6dc9726b1ed50f3a4d430a9e67', 'Accept': 'application/json, text/plain, */*', 'Authorization': 'Bearer 9b5f39bae4784a8db7863d4fd3eea20b', 'Accept-Language': 'zh-cn', 'Accept-Encoding': 'gzip, deflate', 'Content-Type': 'application/x-www-form-urlencoded;charset=utf-8', 'X-Liuyi-Device-ID': 'fa2f1a6dc9726b1ed50f3a4d430a9e67', 'Origin': 'http://rest56.652615.com', 'User-Agent': 'Mozilla/5.0 (iPhone; CPU iPhone OS 12_5_2 like Mac OS X) AppleWebKit/605.1.15 (KHTML, like Gecko) Mobile/15E148', 'Referer': 'http://rest56.652615.com/?appKey=fa2f1a6dc9726b1ed50f3a4d430a9e67&deviceId=fa2f1a6dc9726b1ed50f3a4d430a9e67&wechat=0', 'Connection': 'keep-alive'}
2021-08-12 09:50:05,225 - apiSend.py - DEBUG: 请求参数处理结果：{'time': 1628151452}
2021-08-12 09:50:05,225 - apiSend.py - DEBUG: host处理结果： api.652615.com
2021-08-12 09:50:05,226 - apiSend.py - INFO: 请求接口：meirijingxuan
2021-08-12 09:50:05,226 - apiSend.py - INFO: 请求头: {'Host': 'api.652615.com', 'X-Liuyi-App-Key': 'fa2f1a6dc9726b1ed50f3a4d430a9e67', 'Accept': 'application/json, text/plain, */*', 'Authorization': 'Bearer 9b5f39bae4784a8db7863d4fd3eea20b', 'Accept-Language': 'zh-cn', 'Accept-Encoding': 'gzip, deflate', 'Content-Type': 'application/x-www-form-urlencoded;charset=utf-8', 'X-Liuyi-Device-ID': 'fa2f1a6dc9726b1ed50f3a4d430a9e67', 'Origin': 'http://rest56.652615.com', 'User-Agent': 'Mozilla/5.0 (iPhone; CPU iPhone OS 12_5_2 like Mac OS X) AppleWebKit/605.1.15 (KHTML, like Gecko) Mobile/15E148', 'Referer': 'http://rest56.652615.com/?appKey=fa2f1a6dc9726b1ed50f3a4d430a9e67&deviceId=fa2f1a6dc9726b1ed50f3a4d430a9e67&wechat=0', 'Connection': 'keep-alive'}
2021-08-12 09:50:05,227 - apiSend.py - INFO: 请求参数: {'time': 1628151452}
2021-08-12 09:50:05,311 - apiSend.py - INFO: 请求方法: GET
2021-08-12 09:50:05,314 - connectionpool.py - DEBUG: Starting new HTTP connection (1): api.652615.com:80
2021-08-12 09:50:05,360 - connectionpool.py - DEBUG: http://api.652615.com:80 "GET /liuyi/rest76/home/meirijingxuan?time=1628151452 HTTP/1.1" 401 49
2021-08-12 09:50:05,363 - apiSend.py - INFO: 请求接口结果：
 (401, {'code': 401, 'data': None, 'message': '非法 token'})
2021-08-12 09:50:05,432 - apiSend.py - INFO: ================================================================================
2021-08-12 09:50:05,432 - apiSend.py - DEBUG: 请求头处理结果：{'Host': 'api.652615.com', 'X-Liuyi-App-Key': 'fa2f1a6dc9726b1ed50f3a4d430a9e67', 'Accept': 'application/json, text/plain, */*', 'Authorization': 'Bearer 9b5f39bae4784a8db7863d4fd3eea20b', 'Accept-Language': 'zh-cn', 'Accept-Encoding': 'gzip, deflate', 'Content-Type': 'application/x-www-form-urlencoded;charset=utf-8', 'X-Liuyi-Device-ID': 'fa2f1a6dc9726b1ed50f3a4d430a9e67', 'Origin': 'http://rest56.652615.com', 'User-Agent': 'Mozilla/5.0 (iPhone; CPU iPhone OS 12_5_2 like Mac OS X) AppleWebKit/605.1.15 (KHTML, like Gecko) Mobile/15E148', 'Referer': 'http://rest56.652615.com/?appKey=fa2f1a6dc9726b1ed50f3a4d430a9e67&deviceId=fa2f1a6dc9726b1ed50f3a4d430a9e67&wechat=0', 'Connection': 'keep-alive'}
2021-08-12 09:50:05,432 - apiSend.py - DEBUG: 请求参数处理结果：{'pageNo': '1', 'pageSize': '5'}
2021-08-12 09:50:05,432 - apiSend.py - DEBUG: host处理结果： api.652615.com
2021-08-12 09:50:05,433 - apiSend.py - INFO: 请求接口：youxuantuijian
2021-08-12 09:50:05,433 - apiSend.py - INFO: 请求头: {'Host': 'api.652615.com', 'X-Liuyi-App-Key': 'fa2f1a6dc9726b1ed50f3a4d430a9e67', 'Accept': 'application/json, text/plain, */*', 'Authorization': 'Bearer 9b5f39bae4784a8db7863d4fd3eea20b', 'Accept-Language': 'zh-cn', 'Accept-Encoding': 'gzip, deflate', 'Content-Type': 'application/x-www-form-urlencoded;charset=utf-8', 'X-Liuyi-Device-ID': 'fa2f1a6dc9726b1ed50f3a4d430a9e67', 'Origin': 'http://rest56.652615.com', 'User-Agent': 'Mozilla/5.0 (iPhone; CPU iPhone OS 12_5_2 like Mac OS X) AppleWebKit/605.1.15 (KHTML, like Gecko) Mobile/15E148', 'Referer': 'http://rest56.652615.com/?appKey=fa2f1a6dc9726b1ed50f3a4d430a9e67&deviceId=fa2f1a6dc9726b1ed50f3a4d430a9e67&wechat=0', 'Connection': 'keep-alive'}
2021-08-12 09:50:05,433 - apiSend.py - INFO: 请求参数: {'pageNo': '1', 'pageSize': '5'}
2021-08-12 09:50:05,437 - apiSend.py - INFO: 请求方法: GET
2021-08-12 09:50:05,440 - connectionpool.py - DEBUG: Starting new HTTP connection (1): api.652615.com:80
2021-08-12 09:50:05,481 - connectionpool.py - DEBUG: http://api.652615.com:80 "GET /liuyi/rest76/home/youxuantuijian?pageNo=1&pageSize=5 HTTP/1.1" 401 49
2021-08-12 09:50:05,484 - apiSend.py - INFO: 请求接口结果：
 (401, {'code': 401, 'data': None, 'message': '非法 token'})
2021-08-12 09:50:08,541 - apiSend.py - INFO: ================================================================================
2021-08-12 09:50:08,542 - apiSend.py - DEBUG: 请求头处理结果：{'Host': 'api.652615.com', 'X-Liuyi-App-Key': 'fa2f1a6dc9726b1ed50f3a4d430a9e67', 'Accept': 'application/json, text/plain, */*', 'Authorization': 'Bearer 9b5f39bae4784a8db7863d4fd3eea20b', 'Accept-Language': 'zh-cn', 'Accept-Encoding': 'gzip, deflate', 'Content-Type': 'application/x-www-form-urlencoded;charset=utf-8', 'X-Liuyi-Device-ID': 'fa2f1a6dc9726b1ed50f3a4d430a9e67', 'Origin': 'http://rest56.652615.com', 'User-Agent': 'Mozilla/5.0 (iPhone; CPU iPhone OS 12_5_2 like Mac OS X) AppleWebKit/605.1.15 (KHTML, like Gecko) Mobile/15E148', 'Referer': 'http://rest56.652615.com/?appKey=fa2f1a6dc9726b1ed50f3a4d430a9e67&deviceId=fa2f1a6dc9726b1ed50f3a4d430a9e67&wechat=0', 'Connection': 'keep-alive'}
2021-08-12 09:50:08,543 - apiSend.py - DEBUG: 请求参数处理结果：{'pageNo': '1', 'pageSize': '5'}
2021-08-12 09:50:08,544 - apiSend.py - DEBUG: host处理结果： api.652615.com
2021-08-12 09:50:08,544 - apiSend.py - INFO: 请求接口：youxuantuijian
2021-08-12 09:50:08,545 - apiSend.py - INFO: 请求头: {'Host': 'api.652615.com', 'X-Liuyi-App-Key': 'fa2f1a6dc9726b1ed50f3a4d430a9e67', 'Accept': 'application/json, text/plain, */*', 'Authorization': 'Bearer 9b5f39bae4784a8db7863d4fd3eea20b', 'Accept-Language': 'zh-cn', 'Accept-Encoding': 'gzip, deflate', 'Content-Type': 'application/x-www-form-urlencoded;charset=utf-8', 'X-Liuyi-Device-ID': 'fa2f1a6dc9726b1ed50f3a4d430a9e67', 'Origin': 'http://rest56.652615.com', 'User-Agent': 'Mozilla/5.0 (iPhone; CPU iPhone OS 12_5_2 like Mac OS X) AppleWebKit/605.1.15 (KHTML, like Gecko) Mobile/15E148', 'Referer': 'http://rest56.652615.com/?appKey=fa2f1a6dc9726b1ed50f3a4d430a9e67&deviceId=fa2f1a6dc9726b1ed50f3a4d430a9e67&wechat=0', 'Connection': 'keep-alive'}
2021-08-12 09:50:08,546 - apiSend.py - INFO: 请求参数: {'pageNo': '1', 'pageSize': '5'}
2021-08-12 09:50:08,562 - apiSend.py - INFO: 请求方法: GET
2021-08-12 09:50:08,567 - connectionpool.py - DEBUG: Starting new HTTP connection (1): api.652615.com:80
2021-08-12 09:50:08,644 - connectionpool.py - DEBUG: http://api.652615.com:80 "GET /liuyi/rest76/home/youxuantuijian?pageNo=1&pageSize=5 HTTP/1.1" 401 49
2021-08-12 09:50:08,645 - apiSend.py - INFO: 请求接口结果：
 (401, {'code': 401, 'data': None, 'message': '非法 token'})
2021-08-12 09:50:11,659 - apiSend.py - INFO: ================================================================================
2021-08-12 09:50:11,660 - apiSend.py - DEBUG: 请求头处理结果：{'Host': 'api.652615.com', 'X-Liuyi-App-Key': 'fa2f1a6dc9726b1ed50f3a4d430a9e67', 'Accept': 'application/json, text/plain, */*', 'Authorization': 'Bearer 9b5f39bae4784a8db7863d4fd3eea20b', 'Accept-Language': 'zh-cn', 'Accept-Encoding': 'gzip, deflate', 'Content-Type': 'application/x-www-form-urlencoded;charset=utf-8', 'X-Liuyi-Device-ID': 'fa2f1a6dc9726b1ed50f3a4d430a9e67', 'Origin': 'http://rest56.652615.com', 'User-Agent': 'Mozilla/5.0 (iPhone; CPU iPhone OS 12_5_2 like Mac OS X) AppleWebKit/605.1.15 (KHTML, like Gecko) Mobile/15E148', 'Referer': 'http://rest56.652615.com/?appKey=fa2f1a6dc9726b1ed50f3a4d430a9e67&deviceId=fa2f1a6dc9726b1ed50f3a4d430a9e67&wechat=0', 'Connection': 'keep-alive'}
2021-08-12 09:50:11,660 - apiSend.py - DEBUG: 请求参数处理结果：{'pageNo': '1', 'pageSize': '5'}
2021-08-12 09:50:11,660 - apiSend.py - DEBUG: host处理结果： api.652615.com
2021-08-12 09:50:11,660 - apiSend.py - INFO: 请求接口：youxuantuijian
2021-08-12 09:50:11,660 - apiSend.py - INFO: 请求头: {'Host': 'api.652615.com', 'X-Liuyi-App-Key': 'fa2f1a6dc9726b1ed50f3a4d430a9e67', 'Accept': 'application/json, text/plain, */*', 'Authorization': 'Bearer 9b5f39bae4784a8db7863d4fd3eea20b', 'Accept-Language': 'zh-cn', 'Accept-Encoding': 'gzip, deflate', 'Content-Type': 'application/x-www-form-urlencoded;charset=utf-8', 'X-Liuyi-Device-ID': 'fa2f1a6dc9726b1ed50f3a4d430a9e67', 'Origin': 'http://rest56.652615.com', 'User-Agent': 'Mozilla/5.0 (iPhone; CPU iPhone OS 12_5_2 like Mac OS X) AppleWebKit/605.1.15 (KHTML, like Gecko) Mobile/15E148', 'Referer': 'http://rest56.652615.com/?appKey=fa2f1a6dc9726b1ed50f3a4d430a9e67&deviceId=fa2f1a6dc9726b1ed50f3a4d430a9e67&wechat=0', 'Connection': 'keep-alive'}
2021-08-12 09:50:11,660 - apiSend.py - INFO: 请求参数: {'pageNo': '1', 'pageSize': '5'}
2021-08-12 09:50:11,662 - apiSend.py - INFO: 请求方法: GET
2021-08-12 09:50:11,664 - connectionpool.py - DEBUG: Starting new HTTP connection (1): api.652615.com:80
2021-08-12 09:50:11,721 - connectionpool.py - DEBUG: http://api.652615.com:80 "GET /liuyi/rest76/home/youxuantuijian?pageNo=1&pageSize=5 HTTP/1.1" 401 49
2021-08-12 09:50:11,722 - apiSend.py - INFO: 请求接口结果：
 (401, {'code': 401, 'data': None, 'message': '非法 token'})
2021-08-12 09:50:14,741 - apiSend.py - INFO: ================================================================================
2021-08-12 09:50:14,742 - apiSend.py - DEBUG: 请求头处理结果：{'Host': 'api.652615.com', 'X-Liuyi-App-Key': 'fa2f1a6dc9726b1ed50f3a4d430a9e67', 'Accept': 'application/json, text/plain, */*', 'Authorization': 'Bearer 9b5f39bae4784a8db7863d4fd3eea20b', 'Accept-Language': 'zh-cn', 'Accept-Encoding': 'gzip, deflate', 'Content-Type': 'application/x-www-form-urlencoded;charset=utf-8', 'X-Liuyi-Device-ID': 'fa2f1a6dc9726b1ed50f3a4d430a9e67', 'Origin': 'http://rest56.652615.com', 'User-Agent': 'Mozilla/5.0 (iPhone; CPU iPhone OS 12_5_2 like Mac OS X) AppleWebKit/605.1.15 (KHTML, like Gecko) Mobile/15E148', 'Referer': 'http://rest56.652615.com/?appKey=fa2f1a6dc9726b1ed50f3a4d430a9e67&deviceId=fa2f1a6dc9726b1ed50f3a4d430a9e67&wechat=0', 'Connection': 'keep-alive'}
2021-08-12 09:50:14,743 - apiSend.py - DEBUG: 请求参数处理结果：{'pageNo': '1', 'pageSize': '5'}
2021-08-12 09:50:14,743 - apiSend.py - DEBUG: host处理结果： api.652615.com
2021-08-12 09:50:14,743 - apiSend.py - INFO: 请求接口：youxuantuijian
2021-08-12 09:50:14,744 - apiSend.py - INFO: 请求头: {'Host': 'api.652615.com', 'X-Liuyi-App-Key': 'fa2f1a6dc9726b1ed50f3a4d430a9e67', 'Accept': 'application/json, text/plain, */*', 'Authorization': 'Bearer 9b5f39bae4784a8db7863d4fd3eea20b', 'Accept-Language': 'zh-cn', 'Accept-Encoding': 'gzip, deflate', 'Content-Type': 'application/x-www-form-urlencoded;charset=utf-8', 'X-Liuyi-Device-ID': 'fa2f1a6dc9726b1ed50f3a4d430a9e67', 'Origin': 'http://rest56.652615.com', 'User-Agent': 'Mozilla/5.0 (iPhone; CPU iPhone OS 12_5_2 like Mac OS X) AppleWebKit/605.1.15 (KHTML, like Gecko) Mobile/15E148', 'Referer': 'http://rest56.652615.com/?appKey=fa2f1a6dc9726b1ed50f3a4d430a9e67&deviceId=fa2f1a6dc9726b1ed50f3a4d430a9e67&wechat=0', 'Connection': 'keep-alive'}
2021-08-12 09:50:14,744 - apiSend.py - INFO: 请求参数: {'pageNo': '1', 'pageSize': '5'}
2021-08-12 09:50:14,751 - apiSend.py - INFO: 请求方法: GET
2021-08-12 09:50:14,754 - connectionpool.py - DEBUG: Starting new HTTP connection (1): api.652615.com:80
2021-08-12 09:50:14,810 - connectionpool.py - DEBUG: http://api.652615.com:80 "GET /liuyi/rest76/home/youxuantuijian?pageNo=1&pageSize=5 HTTP/1.1" 401 49
2021-08-12 09:50:14,812 - apiSend.py - INFO: 请求接口结果：
 (401, {'code': 401, 'data': None, 'message': '非法 token'})
2021-08-12 09:50:14,854 - initializePremise.py - INFO: 执行测试用例前置接口
2021-08-12 09:50:14,855 - apiSend.py - INFO: ================================================================================
2021-08-12 09:50:14,855 - apiSend.py - DEBUG: 请求头处理结果：{'Accept': 'application/json, text/plain, */*', 'Accept-Encoding': 'gzip, deflate', 'Accept-Language': 'zh-CN,zh;q=0.9,en-US;q=0.8,en;q=0.7', 'Authorization': 'Bearer 27bd767f5a3e0e4b3c2ae6d7e8334098', 'Connection': 'keep-alive', 'Content-Type': 'application/x-www-form-urlencoded;charset=utf-8', 'Host': 'api.652615.com', 'Origin': 'http://rest79.652615.com', 'Referer': 'http://rest79.652615.com/?appKey=6682119c5d55765c882bd2d9997df2c1&deviceId=4bc8be9552bb0131&wechat=0?deviceId=4bc8be9552bb0131&appName=%E8%8A%9D%E9%BA%BB%E5%A5%BD%E5%80%9F', 'User-Agent': 'Mozilla/5.0 (Linux; Android 10; HRY-AL00a Build/HONORHRY-AL00a; wv) AppleWebKit/537.36 (KHTML, like Gecko) Version/4.0 Chrome/80.0.3987.99 Mobile Safari/537.36 AgentWeb/4.1.3  UCBrowser/11.6.4.950', 'X-Liuyi-App-Key': '6682119c5d55765c882bd2d9997df2c1', 'X-Liuyi-Device-ID': '4bc8be9552bb0131', 'X-Requested-With': 'com.www.cn.zhimahaojie'}
2021-08-12 09:50:14,855 - apiSend.py - DEBUG: 请求参数处理结果：{'appKey': '6682119c5d55765c882bd2d9997df2c1'}
2021-08-12 09:50:14,855 - apiSend.py - DEBUG: host处理结果： api.652615.com
2021-08-12 09:50:14,856 - apiSend.py - INFO: 请求接口：get_alias_by_app_key
2021-08-12 09:50:14,856 - apiSend.py - INFO: 请求头: {'Accept': 'application/json, text/plain, */*', 'Accept-Encoding': 'gzip, deflate', 'Accept-Language': 'zh-CN,zh;q=0.9,en-US;q=0.8,en;q=0.7', 'Authorization': 'Bearer 27bd767f5a3e0e4b3c2ae6d7e8334098', 'Connection': 'keep-alive', 'Content-Type': 'application/x-www-form-urlencoded;charset=utf-8', 'Host': 'api.652615.com', 'Origin': 'http://rest79.652615.com', 'Referer': 'http://rest79.652615.com/?appKey=6682119c5d55765c882bd2d9997df2c1&deviceId=4bc8be9552bb0131&wechat=0?deviceId=4bc8be9552bb0131&appName=%E8%8A%9D%E9%BA%BB%E5%A5%BD%E5%80%9F', 'User-Agent': 'Mozilla/5.0 (Linux; Android 10; HRY-AL00a Build/HONORHRY-AL00a; wv) AppleWebKit/537.36 (KHTML, like Gecko) Version/4.0 Chrome/80.0.3987.99 Mobile Safari/537.36 AgentWeb/4.1.3  UCBrowser/11.6.4.950', 'X-Liuyi-App-Key': '6682119c5d55765c882bd2d9997df2c1', 'X-Liuyi-Device-ID': '4bc8be9552bb0131', 'X-Requested-With': 'com.www.cn.zhimahaojie'}
2021-08-12 09:50:14,856 - apiSend.py - INFO: 请求参数: {'appKey': '6682119c5d55765c882bd2d9997df2c1'}
2021-08-12 09:50:14,861 - apiSend.py - INFO: 请求方法: GET
2021-08-12 09:50:14,863 - connectionpool.py - DEBUG: Starting new HTTP connection (1): api.652615.com:80
2021-08-12 09:50:14,906 - connectionpool.py - DEBUG: http://api.652615.com:80 "GET /liuyi/cloud/toggle/magicnana/get_alias_by_app_key?appKey=6682119c5d55765c882bd2d9997df2c1 HTTP/1.1" 200 47
2021-08-12 09:50:14,909 - apiSend.py - INFO: 请求接口结果：
 (200, {'code': 200, 'data': '芝麻好借', 'message': ''})
2021-08-12 09:50:14,909 - readResultRelevance.py - DEBUG: 从返回结果中根据关联键data提取值
2021-08-12 09:50:14,910 - readResultRelevance.py - DEBUG: 提取后，关联键对象
{'data': '芝麻好借'}
2021-08-12 09:50:14,968 - apiSend.py - INFO: ================================================================================
2021-08-12 09:50:14,968 - apiSend.py - DEBUG: 请求头处理结果：{'Accept': 'application/json, text/plain, */*', 'Accept-Encoding': 'gzip, deflate', 'Accept-Language': 'zh-CN,zh;q=0.9,en-US;q=0.8,en;q=0.7', 'Authorization': 'Bearer 27bd767f5a3e0e4b3c2ae6d7e8334098', 'Connection': 'keep-alive', 'Content-Type': 'application/x-www-form-urlencoded;charset=utf-8', 'Host': 'api.652615.com', 'Origin': 'http://rest79.652615.com', 'Referer': 'http://rest79.652615.com/?appKey=6682119c5d55765c882bd2d9997df2c1&deviceId=4bc8be9552bb0131&wechat=0?deviceId=4bc8be9552bb0131&appName=%E8%8A%9D%E9%BA%BB%E5%A5%BD%E5%80%9F', 'User-Agent': 'Mozilla/5.0 (Linux; Android 10; HRY-AL00a Build/HONORHRY-AL00a; wv) AppleWebKit/537.36 (KHTML, like Gecko) Version/4.0 Chrome/80.0.3987.99 Mobile Safari/537.36 AgentWeb/4.1.3  UCBrowser/11.6.4.950', 'X-Liuyi-App-Key': '6682119c5d55765c882bd2d9997df2c1', 'X-Liuyi-Device-ID': '4bc8be9552bb0131', 'X-Requested-With': 'com.www.cn.zhimahaojie'}
2021-08-12 09:50:14,968 - apiSend.py - DEBUG: 请求参数处理结果：{'appKey': '6682119c5d55765c882bd2d9997df2c1', 'data': '芝麻好借'}
2021-08-12 09:50:14,968 - apiSend.py - DEBUG: host处理结果： api.652615.com
2021-08-12 09:50:14,968 - apiSend.py - INFO: 请求接口：get_alias_by_app_key
2021-08-12 09:50:14,968 - apiSend.py - INFO: 请求头: {'Accept': 'application/json, text/plain, */*', 'Accept-Encoding': 'gzip, deflate', 'Accept-Language': 'zh-CN,zh;q=0.9,en-US;q=0.8,en;q=0.7', 'Authorization': 'Bearer 27bd767f5a3e0e4b3c2ae6d7e8334098', 'Connection': 'keep-alive', 'Content-Type': 'application/x-www-form-urlencoded;charset=utf-8', 'Host': 'api.652615.com', 'Origin': 'http://rest79.652615.com', 'Referer': 'http://rest79.652615.com/?appKey=6682119c5d55765c882bd2d9997df2c1&deviceId=4bc8be9552bb0131&wechat=0?deviceId=4bc8be9552bb0131&appName=%E8%8A%9D%E9%BA%BB%E5%A5%BD%E5%80%9F', 'User-Agent': 'Mozilla/5.0 (Linux; Android 10; HRY-AL00a Build/HONORHRY-AL00a; wv) AppleWebKit/537.36 (KHTML, like Gecko) Version/4.0 Chrome/80.0.3987.99 Mobile Safari/537.36 AgentWeb/4.1.3  UCBrowser/11.6.4.950', 'X-Liuyi-App-Key': '6682119c5d55765c882bd2d9997df2c1', 'X-Liuyi-Device-ID': '4bc8be9552bb0131', 'X-Requested-With': 'com.www.cn.zhimahaojie'}
2021-08-12 09:50:14,968 - apiSend.py - INFO: 请求参数: {'appKey': '6682119c5d55765c882bd2d9997df2c1', 'data': '芝麻好借'}
2021-08-12 09:50:14,971 - apiSend.py - INFO: 请求方法: GET
2021-08-12 09:50:14,973 - connectionpool.py - DEBUG: Starting new HTTP connection (1): api.652615.com:80
2021-08-12 09:50:15,005 - connectionpool.py - DEBUG: http://api.652615.com:80 "GET /liuyi/cloud/toggle/magicnana/get_alias_by_app_key?appKey=6682119c5d55765c882bd2d9997df2c1&data=%E8%8A%9D%E9%BA%BB%E5%A5%BD%E5%80%9F HTTP/1.1" 200 47
2021-08-12 09:50:15,006 - apiSend.py - INFO: 请求接口结果：
 (200, {'code': 200, 'data': '芝麻好借', 'message': ''})
2021-08-12 09:50:15,013 - initializePremise.py - INFO: 执行测试用例前置接口
2021-08-12 09:50:15,013 - apiSend.py - INFO: ================================================================================
2021-08-12 09:50:15,013 - apiSend.py - DEBUG: 请求头处理结果：{'Accept': 'application/json, text/plain, */*', 'Accept-Encoding': 'gzip, deflate', 'Accept-Language': 'zh-CN,zh;q=0.9,en-US;q=0.8,en;q=0.7', 'Authorization': 'Bearer 8b2d411cd28a52f78df06fe6a38994ab', 'Connection': 'keep-alive', 'Content-Type': 'application/x-www-form-urlencoded;charset=utf-8', 'Host': 'api.652615.com', 'Origin': 'http://rest79.652615.com', 'Referer': 'http://rest79.652615.com/?appKey=6682119c5d55765c882bd2d9997df2c1&deviceId=4bc8be9552bb0131&wechat=0?deviceId=4bc8be9552bb0131&appName=%E8%8A%9D%E9%BA%BB%E5%A5%BD%E5%80%9F', 'User-Agent': 'Mozilla/5.0 (Linux; Android 10; HRY-AL00a Build/HONORHRY-AL00a; wv) AppleWebKit/537.36 (KHTML, like Gecko) Version/4.0 Chrome/80.0.3987.99 Mobile Safari/537.36 AgentWeb/4.1.3  UCBrowser/11.6.4.950', 'X-Liuyi-App-Key': '6682119c5d55765c882bd2d9997df2c1', 'X-Liuyi-Device-ID': '4bc8be9552bb0131', 'X-Requested-With': 'com.www.cn.zhimahaojie'}
2021-08-12 09:50:15,013 - apiSend.py - DEBUG: 请求参数处理结果：{'bizKey': '6', 'couponId': '', 'goodsId': '769', 'pay': 'alipay', 'returnUrl': '%2Ffind', 'way': 'alipay_app'}
2021-08-12 09:50:15,014 - apiSend.py - DEBUG: host处理结果： api.652615.com
2021-08-12 09:50:15,014 - apiSend.py - INFO: 请求接口：acquire
2021-08-12 09:50:15,014 - apiSend.py - INFO: 请求头: {'Accept': 'application/json, text/plain, */*', 'Accept-Encoding': 'gzip, deflate', 'Accept-Language': 'zh-CN,zh;q=0.9,en-US;q=0.8,en;q=0.7', 'Authorization': 'Bearer 8b2d411cd28a52f78df06fe6a38994ab', 'Connection': 'keep-alive', 'Content-Type': 'application/x-www-form-urlencoded;charset=utf-8', 'Host': 'api.652615.com', 'Origin': 'http://rest79.652615.com', 'Referer': 'http://rest79.652615.com/?appKey=6682119c5d55765c882bd2d9997df2c1&deviceId=4bc8be9552bb0131&wechat=0?deviceId=4bc8be9552bb0131&appName=%E8%8A%9D%E9%BA%BB%E5%A5%BD%E5%80%9F', 'User-Agent': 'Mozilla/5.0 (Linux; Android 10; HRY-AL00a Build/HONORHRY-AL00a; wv) AppleWebKit/537.36 (KHTML, like Gecko) Version/4.0 Chrome/80.0.3987.99 Mobile Safari/537.36 AgentWeb/4.1.3  UCBrowser/11.6.4.950', 'X-Liuyi-App-Key': '6682119c5d55765c882bd2d9997df2c1', 'X-Liuyi-Device-ID': '4bc8be9552bb0131', 'X-Requested-With': 'com.www.cn.zhimahaojie'}
2021-08-12 09:50:15,014 - apiSend.py - INFO: 请求参数: {'bizKey': '6', 'couponId': '', 'goodsId': '769', 'pay': 'alipay', 'returnUrl': '%2Ffind', 'way': 'alipay_app'}
2021-08-12 09:50:15,016 - apiSend.py - INFO: 请求方法: GET
2021-08-12 09:50:15,018 - connectionpool.py - DEBUG: Starting new HTTP connection (1): api.652615.com:80
2021-08-12 09:50:15,104 - connectionpool.py - DEBUG: http://api.652615.com:80 "GET /liuyi/rest79/pay/ticket?bizKey=6&couponId=&goodsId=769&pay=alipay&returnUrl=%252Ffind&way=alipay_app HTTP/1.1" 200 67
2021-08-12 09:50:15,106 - apiSend.py - INFO: 请求接口结果：
 (200, {'code': 200, 'data': '44f0e72097506893683aa09a29c0ad9c', 'message': ''})
2021-08-12 09:50:15,107 - readResultRelevance.py - DEBUG: 从返回结果中根据关联键data提取值
2021-08-12 09:50:15,107 - readResultRelevance.py - DEBUG: 提取后，关联键对象
{'data': '44f0e72097506893683aa09a29c0ad9c'}
2021-08-12 09:50:15,172 - apiSend.py - INFO: ================================================================================
2021-08-12 09:50:15,173 - apiSend.py - DEBUG: 请求头处理结果：{'Accept': 'application/json, text/plain, */*', 'Accept-Encoding': 'gzip, deflate', 'Accept-Language': 'zh-CN,zh;q=0.9,en-US;q=0.8,en;q=0.7', 'Authorization': 'Bearer 8b2d411cd28a52f78df06fe6a38994ab', 'Connection': 'keep-alive', 'Content-Type': 'application/x-www-form-urlencoded;charset=utf-8', 'Host': 'api.652615.com', 'Origin': 'http://rest79.652615.com', 'Referer': 'http://rest79.652615.com/?appKey=6682119c5d55765c882bd2d9997df2c1&deviceId=4bc8be9552bb0131&wechat=0?deviceId=4bc8be9552bb0131&appName=%E8%8A%9D%E9%BA%BB%E5%A5%BD%E5%80%9F', 'User-Agent': 'Mozilla/5.0 (Linux; Android 10; HRY-AL00a Build/HONORHRY-AL00a; wv) AppleWebKit/537.36 (KHTML, like Gecko) Version/4.0 Chrome/80.0.3987.99 Mobile Safari/537.36 AgentWeb/4.1.3  UCBrowser/11.6.4.950', 'X-Liuyi-App-Key': '6682119c5d55765c882bd2d9997df2c1', 'X-Liuyi-Device-ID': '4bc8be9552bb0131', 'X-Requested-With': 'com.www.cn.zhimahaojie'}
2021-08-12 09:50:15,173 - apiSend.py - DEBUG: 请求参数处理结果：{'bizKey': '6', 'couponId': '', 'goodsId': '769', 'pay': 'alipay', 'returnUrl': '%2Ffind', 'ticket': '44f0e72097506893683aa09a29c0ad9c', 'way': 'alipay_app'}
2021-08-12 09:50:15,173 - apiSend.py - DEBUG: host处理结果： api.652615.com
2021-08-12 09:50:15,173 - apiSend.py - INFO: 请求接口：acquire
2021-08-12 09:50:15,173 - apiSend.py - INFO: 请求头: {'Accept': 'application/json, text/plain, */*', 'Accept-Encoding': 'gzip, deflate', 'Accept-Language': 'zh-CN,zh;q=0.9,en-US;q=0.8,en;q=0.7', 'Authorization': 'Bearer 8b2d411cd28a52f78df06fe6a38994ab', 'Connection': 'keep-alive', 'Content-Type': 'application/x-www-form-urlencoded;charset=utf-8', 'Host': 'api.652615.com', 'Origin': 'http://rest79.652615.com', 'Referer': 'http://rest79.652615.com/?appKey=6682119c5d55765c882bd2d9997df2c1&deviceId=4bc8be9552bb0131&wechat=0?deviceId=4bc8be9552bb0131&appName=%E8%8A%9D%E9%BA%BB%E5%A5%BD%E5%80%9F', 'User-Agent': 'Mozilla/5.0 (Linux; Android 10; HRY-AL00a Build/HONORHRY-AL00a; wv) AppleWebKit/537.36 (KHTML, like Gecko) Version/4.0 Chrome/80.0.3987.99 Mobile Safari/537.36 AgentWeb/4.1.3  UCBrowser/11.6.4.950', 'X-Liuyi-App-Key': '6682119c5d55765c882bd2d9997df2c1', 'X-Liuyi-Device-ID': '4bc8be9552bb0131', 'X-Requested-With': 'com.www.cn.zhimahaojie'}
2021-08-12 09:50:15,173 - apiSend.py - INFO: 请求参数: {'bizKey': '6', 'couponId': '', 'goodsId': '769', 'pay': 'alipay', 'returnUrl': '%2Ffind', 'ticket': '44f0e72097506893683aa09a29c0ad9c', 'way': 'alipay_app'}
2021-08-12 09:50:15,176 - apiSend.py - INFO: 请求方法: GET
2021-08-12 09:50:15,179 - connectionpool.py - DEBUG: Starting new HTTP connection (1): api.652615.com:80
2021-08-12 09:50:15,761 - connectionpool.py - DEBUG: http://api.652615.com:80 "GET /liuyi/rest79/pay/acquire?bizKey=6&couponId=&goodsId=769&pay=alipay&returnUrl=%252Ffind&ticket=44f0e72097506893683aa09a29c0ad9c&way=alipay_app HTTP/1.1" 200 1307
2021-08-12 09:50:15,763 - apiSend.py - INFO: 请求接口结果：
 (200, {'code': 200, 'data': {'amount': 49.9, 'bizKey': '6', 'body': 'alipay_sdk=alipay-sdk-java-3.7.73.ALL&app_id=2019110168771520&biz_content=%7B%22body%22%3A%22%E5%B0%8A%E4%BA%ABVIP%EF%BC%88+%E5%AE%A2%E6%9C%8DWX%EF%BC%9Afmy1357+%29%22%2C%22out_trade_no%22%3A%222557672501602205696%22%2C%22product_code%22%3A%22QUICK_MSECURITY_PAY%22%2C%22subject%22%3A%22%E5%B0%8A%E4%BA%ABVIP%EF%BC%88+%E5%AE%A2%E6%9C%8DWX%EF%BC%9Afmy1357+%29%22%2C%22total_amount%22%3A%2249.9%22%7D&charset=UTF-8&format=json&method=alipay.trade.app.pay&notify_url=http%3A%2F%2Fapi.652615.com%2Fliuyi%2Fcloud%2Fuser%2Fpayment%2Fali_notify&sign=a60oW7JEgCtCDPka9OlgxAAwFp8gnsnDQNStl6dJRDM0wMKJTO9QyHNKM2DH3yXob%2FV25Pft5rHbU0xAWcqczb9fte5Wwg0nf2jHpBHiH332I1Vm2F%2Ba2COgyz5nWilBEpwNTRa1uWEMUYCW%2FJm5hzClwkqRNNyiEvDMYbZsT%2BKzncA8NB2JXdX%2Bqww7TzkSw6QoZviIM8UhNxXSE9z%2BlGJtS1lEJmPgukAmSnsbkclezGlhZ%2F7o6BmC2UKJBZ37Rt0tyn2A2MJTJ%2BLNi8bit5gs%2BmyTbQM63PNAqVPXvCkll%2B%2Bi%2F8jIfev3R%2BJe4AIj9kVcLg05iYduxZ%2FT7aYl1w%3D%3D&sign_type=RSA2&timestamp=2021-08-12+09%3A50%3A45&version=1.0', 'code_url': '', 'couponAmount': 0, 'cp': None, 'discountPrice': 49.9, 'goodsDesc': '尊享VIP（ 客服WX：fmy1357 )', 'goodsName': '月卡', 'goodsQuantity': 1, 'mweb_url': '', 'out_trade_no': '2557672501602205696', 'payType': '', 'payWay': '', 'prepay_id': '', 'price': 69.9}, 'message': ''})
2021-08-12 09:50:15,785 - apiSend.py - INFO: ================================================================================
2021-08-12 09:50:15,785 - apiSend.py - DEBUG: 请求头处理结果：{'Host': 'api.652615.com', 'X-Liuyi-App-Key': '735448165a81e5d026c69c653d5423b7', 'Accept': 'application/json, text/plain, */*', 'Authorization': 'Bearer 17d58d9224132591710dc7f6a251ce9f', 'Accept-Language': 'zh-cn', 'Accept-Encoding': 'gzip, deflate', 'Content-Type': 'application/x-www-form-urlencoded;charset=utf-8', 'X-Liuyi-Device-ID': '1B71FD42-A458-4E9A-9A0D-94AE0827AE7A', 'Origin': 'http://rest56.652615.com', 'User-Agent': 'Mozilla/5.0 (iPhone; CPU iPhone OS 12_5_2 like Mac OS X) AppleWebKit/605.1.15 (KHTML, like Gecko) Mobile/15E148', 'Referer': 'http://rest56.652615.com/?appKey=735448165a81e5d026c69c653d5423b7&deviceId=1B71FD42-A458-4E9A-9A0D-94AE0827AE7A&wechat=0', 'Connection': 'keep-alive'}
2021-08-12 09:50:15,785 - apiSend.py - DEBUG: 请求参数处理结果：{'aaa': 'bbb'}
2021-08-12 09:50:15,785 - apiSend.py - DEBUG: host处理结果： api.652615.com
2021-08-12 09:50:15,785 - apiSend.py - INFO: 请求接口：first_in
2021-08-12 09:50:15,786 - apiSend.py - INFO: 请求头: {'Host': 'api.652615.com', 'X-Liuyi-App-Key': '735448165a81e5d026c69c653d5423b7', 'Accept': 'application/json, text/plain, */*', 'Authorization': 'Bearer 17d58d9224132591710dc7f6a251ce9f', 'Accept-Language': 'zh-cn', 'Accept-Encoding': 'gzip, deflate', 'Content-Type': 'application/x-www-form-urlencoded;charset=utf-8', 'X-Liuyi-Device-ID': '1B71FD42-A458-4E9A-9A0D-94AE0827AE7A', 'Origin': 'http://rest56.652615.com', 'User-Agent': 'Mozilla/5.0 (iPhone; CPU iPhone OS 12_5_2 like Mac OS X) AppleWebKit/605.1.15 (KHTML, like Gecko) Mobile/15E148', 'Referer': 'http://rest56.652615.com/?appKey=735448165a81e5d026c69c653d5423b7&deviceId=1B71FD42-A458-4E9A-9A0D-94AE0827AE7A&wechat=0', 'Connection': 'keep-alive'}
2021-08-12 09:50:15,786 - apiSend.py - INFO: 请求参数: {'aaa': 'bbb'}
2021-08-12 09:50:15,789 - apiSend.py - INFO: 请求方法: GET
2021-08-12 09:50:15,791 - connectionpool.py - DEBUG: Starting new HTTP connection (1): api.652615.com:80
2021-08-12 09:50:15,837 - connectionpool.py - DEBUG: http://api.652615.com:80 "GET /liuyi/rest76/user/first_in?aaa=bbb HTTP/1.1" 401 49
2021-08-12 09:50:15,839 - apiSend.py - INFO: 请求接口结果：
 (401, {'code': 401, 'data': None, 'message': '非法 token'})
2021-08-12 09:50:18,872 - apiSend.py - INFO: ================================================================================
2021-08-12 09:50:18,872 - apiSend.py - DEBUG: 请求头处理结果：{'Host': 'api.652615.com', 'X-Liuyi-App-Key': '735448165a81e5d026c69c653d5423b7', 'Accept': 'application/json, text/plain, */*', 'Authorization': 'Bearer 17d58d9224132591710dc7f6a251ce9f', 'Accept-Language': 'zh-cn', 'Accept-Encoding': 'gzip, deflate', 'Content-Type': 'application/x-www-form-urlencoded;charset=utf-8', 'X-Liuyi-Device-ID': '1B71FD42-A458-4E9A-9A0D-94AE0827AE7A', 'Origin': 'http://rest56.652615.com', 'User-Agent': 'Mozilla/5.0 (iPhone; CPU iPhone OS 12_5_2 like Mac OS X) AppleWebKit/605.1.15 (KHTML, like Gecko) Mobile/15E148', 'Referer': 'http://rest56.652615.com/?appKey=735448165a81e5d026c69c653d5423b7&deviceId=1B71FD42-A458-4E9A-9A0D-94AE0827AE7A&wechat=0', 'Connection': 'keep-alive'}
2021-08-12 09:50:18,873 - apiSend.py - DEBUG: 请求参数处理结果：{'aaa': 'bbb'}
2021-08-12 09:50:18,873 - apiSend.py - DEBUG: host处理结果： api.652615.com
2021-08-12 09:50:18,874 - apiSend.py - INFO: 请求接口：first_in
2021-08-12 09:50:18,874 - apiSend.py - INFO: 请求头: {'Host': 'api.652615.com', 'X-Liuyi-App-Key': '735448165a81e5d026c69c653d5423b7', 'Accept': 'application/json, text/plain, */*', 'Authorization': 'Bearer 17d58d9224132591710dc7f6a251ce9f', 'Accept-Language': 'zh-cn', 'Accept-Encoding': 'gzip, deflate', 'Content-Type': 'application/x-www-form-urlencoded;charset=utf-8', 'X-Liuyi-Device-ID': '1B71FD42-A458-4E9A-9A0D-94AE0827AE7A', 'Origin': 'http://rest56.652615.com', 'User-Agent': 'Mozilla/5.0 (iPhone; CPU iPhone OS 12_5_2 like Mac OS X) AppleWebKit/605.1.15 (KHTML, like Gecko) Mobile/15E148', 'Referer': 'http://rest56.652615.com/?appKey=735448165a81e5d026c69c653d5423b7&deviceId=1B71FD42-A458-4E9A-9A0D-94AE0827AE7A&wechat=0', 'Connection': 'keep-alive'}
2021-08-12 09:50:18,875 - apiSend.py - INFO: 请求参数: {'aaa': 'bbb'}
2021-08-12 09:50:18,980 - apiSend.py - INFO: 请求方法: GET
2021-08-12 09:50:18,986 - connectionpool.py - DEBUG: Starting new HTTP connection (1): api.652615.com:80
2021-08-12 09:50:19,042 - connectionpool.py - DEBUG: http://api.652615.com:80 "GET /liuyi/rest76/user/first_in?aaa=bbb HTTP/1.1" 401 49
2021-08-12 09:50:19,044 - apiSend.py - INFO: 请求接口结果：
 (401, {'code': 401, 'data': None, 'message': '非法 token'})
2021-08-12 09:50:22,084 - apiSend.py - INFO: ================================================================================
2021-08-12 09:50:22,084 - apiSend.py - DEBUG: 请求头处理结果：{'Host': 'api.652615.com', 'X-Liuyi-App-Key': '735448165a81e5d026c69c653d5423b7', 'Accept': 'application/json, text/plain, */*', 'Authorization': 'Bearer 17d58d9224132591710dc7f6a251ce9f', 'Accept-Language': 'zh-cn', 'Accept-Encoding': 'gzip, deflate', 'Content-Type': 'application/x-www-form-urlencoded;charset=utf-8', 'X-Liuyi-Device-ID': '1B71FD42-A458-4E9A-9A0D-94AE0827AE7A', 'Origin': 'http://rest56.652615.com', 'User-Agent': 'Mozilla/5.0 (iPhone; CPU iPhone OS 12_5_2 like Mac OS X) AppleWebKit/605.1.15 (KHTML, like Gecko) Mobile/15E148', 'Referer': 'http://rest56.652615.com/?appKey=735448165a81e5d026c69c653d5423b7&deviceId=1B71FD42-A458-4E9A-9A0D-94AE0827AE7A&wechat=0', 'Connection': 'keep-alive'}
2021-08-12 09:50:22,085 - apiSend.py - DEBUG: 请求参数处理结果：{'aaa': 'bbb'}
2021-08-12 09:50:22,085 - apiSend.py - DEBUG: host处理结果： api.652615.com
2021-08-12 09:50:22,085 - apiSend.py - INFO: 请求接口：first_in
2021-08-12 09:50:22,085 - apiSend.py - INFO: 请求头: {'Host': 'api.652615.com', 'X-Liuyi-App-Key': '735448165a81e5d026c69c653d5423b7', 'Accept': 'application/json, text/plain, */*', 'Authorization': 'Bearer 17d58d9224132591710dc7f6a251ce9f', 'Accept-Language': 'zh-cn', 'Accept-Encoding': 'gzip, deflate', 'Content-Type': 'application/x-www-form-urlencoded;charset=utf-8', 'X-Liuyi-Device-ID': '1B71FD42-A458-4E9A-9A0D-94AE0827AE7A', 'Origin': 'http://rest56.652615.com', 'User-Agent': 'Mozilla/5.0 (iPhone; CPU iPhone OS 12_5_2 like Mac OS X) AppleWebKit/605.1.15 (KHTML, like Gecko) Mobile/15E148', 'Referer': 'http://rest56.652615.com/?appKey=735448165a81e5d026c69c653d5423b7&deviceId=1B71FD42-A458-4E9A-9A0D-94AE0827AE7A&wechat=0', 'Connection': 'keep-alive'}
2021-08-12 09:50:22,085 - apiSend.py - INFO: 请求参数: {'aaa': 'bbb'}
2021-08-12 09:50:22,092 - apiSend.py - INFO: 请求方法: GET
2021-08-12 09:50:22,095 - connectionpool.py - DEBUG: Starting new HTTP connection (1): api.652615.com:80
2021-08-12 09:50:22,151 - connectionpool.py - DEBUG: http://api.652615.com:80 "GET /liuyi/rest76/user/first_in?aaa=bbb HTTP/1.1" 401 49
2021-08-12 09:50:22,153 - apiSend.py - INFO: 请求接口结果：
 (401, {'code': 401, 'data': None, 'message': '非法 token'})
2021-08-12 09:50:25,201 - apiSend.py - INFO: ================================================================================
2021-08-12 09:50:25,202 - apiSend.py - DEBUG: 请求头处理结果：{'Host': 'api.652615.com', 'X-Liuyi-App-Key': '735448165a81e5d026c69c653d5423b7', 'Accept': 'application/json, text/plain, */*', 'Authorization': 'Bearer 17d58d9224132591710dc7f6a251ce9f', 'Accept-Language': 'zh-cn', 'Accept-Encoding': 'gzip, deflate', 'Content-Type': 'application/x-www-form-urlencoded;charset=utf-8', 'X-Liuyi-Device-ID': '1B71FD42-A458-4E9A-9A0D-94AE0827AE7A', 'Origin': 'http://rest56.652615.com', 'User-Agent': 'Mozilla/5.0 (iPhone; CPU iPhone OS 12_5_2 like Mac OS X) AppleWebKit/605.1.15 (KHTML, like Gecko) Mobile/15E148', 'Referer': 'http://rest56.652615.com/?appKey=735448165a81e5d026c69c653d5423b7&deviceId=1B71FD42-A458-4E9A-9A0D-94AE0827AE7A&wechat=0', 'Connection': 'keep-alive'}
2021-08-12 09:50:25,202 - apiSend.py - DEBUG: 请求参数处理结果：{'aaa': 'bbb'}
2021-08-12 09:50:25,202 - apiSend.py - DEBUG: host处理结果： api.652615.com
2021-08-12 09:50:25,203 - apiSend.py - INFO: 请求接口：first_in
2021-08-12 09:50:25,203 - apiSend.py - INFO: 请求头: {'Host': 'api.652615.com', 'X-Liuyi-App-Key': '735448165a81e5d026c69c653d5423b7', 'Accept': 'application/json, text/plain, */*', 'Authorization': 'Bearer 17d58d9224132591710dc7f6a251ce9f', 'Accept-Language': 'zh-cn', 'Accept-Encoding': 'gzip, deflate', 'Content-Type': 'application/x-www-form-urlencoded;charset=utf-8', 'X-Liuyi-Device-ID': '1B71FD42-A458-4E9A-9A0D-94AE0827AE7A', 'Origin': 'http://rest56.652615.com', 'User-Agent': 'Mozilla/5.0 (iPhone; CPU iPhone OS 12_5_2 like Mac OS X) AppleWebKit/605.1.15 (KHTML, like Gecko) Mobile/15E148', 'Referer': 'http://rest56.652615.com/?appKey=735448165a81e5d026c69c653d5423b7&deviceId=1B71FD42-A458-4E9A-9A0D-94AE0827AE7A&wechat=0', 'Connection': 'keep-alive'}
2021-08-12 09:50:25,204 - apiSend.py - INFO: 请求参数: {'aaa': 'bbb'}
2021-08-12 09:50:25,212 - apiSend.py - INFO: 请求方法: GET
2021-08-12 09:50:25,217 - connectionpool.py - DEBUG: Starting new HTTP connection (1): api.652615.com:80
2021-08-12 09:50:25,277 - connectionpool.py - DEBUG: http://api.652615.com:80 "GET /liuyi/rest76/user/first_in?aaa=bbb HTTP/1.1" 401 49
2021-08-12 09:50:25,279 - apiSend.py - INFO: 请求接口结果：
 (401, {'code': 401, 'data': None, 'message': '非法 token'})
2021-08-12 09:50:25,319 - initializePremise.py - INFO: 执行测试用例前置接口
2021-08-12 09:50:25,319 - apiSend.py - INFO: ================================================================================
2021-08-12 09:50:25,320 - apiSend.py - DEBUG: 请求头处理结果：{'Accept': 'application/json, text/plain, */*', 'Accept-Encoding': 'gzip, deflate', 'Accept-Language': 'zh-CN,zh;q=0.9,en-US;q=0.8,en;q=0.7', 'Authorization': 'Bearer 8b2d411cd28a52f78df06fe6a38994ab', 'Connection': 'keep-alive', 'Content-Length': '0', 'Content-Type': 'application/x-www-form-urlencoded;charset=UTF-8', 'Host': 'api.652615.com', 'Origin': 'http://rest79.652615.com', 'Referer': 'http://rest79.652615.com/?appKey=6682119c5d55765c882bd2d9997df2c1&deviceId=4bc8be9552bb0131&wechat=0?deviceId=4bc8be9552bb0131&appName=%E8%8A%9D%E9%BA%BB%E5%A5%BD%E5%80%9F', 'User-Agent': 'Mozilla/5.0 (Linux; Android 10; HRY-AL00a Build/HONORHRY-AL00a; wv) AppleWebKit/537.36 (KHTML, like Gecko) Version/4.0 Chrome/80.0.3987.99 Mobile Safari/537.36 AgentWeb/4.1.3  UCBrowser/11.6.4.950', 'X-Liuyi-App-Key': '6682119c5d55765c882bd2d9997df2c1', 'X-Liuyi-Device-ID': '4bc8be9552bb0131', 'X-Requested-With': 'com.www.cn.zhimahaojie'}
2021-08-12 09:50:25,320 - apiSend.py - DEBUG: 请求参数处理结果：{'time': 1628646722}
2021-08-12 09:50:25,320 - apiSend.py - DEBUG: host处理结果： api.652615.com
2021-08-12 09:50:25,320 - apiSend.py - INFO: 请求接口：get_coupon
2021-08-12 09:50:25,320 - apiSend.py - INFO: 请求头: {'Accept': 'application/json, text/plain, */*', 'Accept-Encoding': 'gzip, deflate', 'Accept-Language': 'zh-CN,zh;q=0.9,en-US;q=0.8,en;q=0.7', 'Authorization': 'Bearer 8b2d411cd28a52f78df06fe6a38994ab', 'Connection': 'keep-alive', 'Content-Length': '0', 'Content-Type': 'application/x-www-form-urlencoded;charset=UTF-8', 'Host': 'api.652615.com', 'Origin': 'http://rest79.652615.com', 'Referer': 'http://rest79.652615.com/?appKey=6682119c5d55765c882bd2d9997df2c1&deviceId=4bc8be9552bb0131&wechat=0?deviceId=4bc8be9552bb0131&appName=%E8%8A%9D%E9%BA%BB%E5%A5%BD%E5%80%9F', 'User-Agent': 'Mozilla/5.0 (Linux; Android 10; HRY-AL00a Build/HONORHRY-AL00a; wv) AppleWebKit/537.36 (KHTML, like Gecko) Version/4.0 Chrome/80.0.3987.99 Mobile Safari/537.36 AgentWeb/4.1.3  UCBrowser/11.6.4.950', 'X-Liuyi-App-Key': '6682119c5d55765c882bd2d9997df2c1', 'X-Liuyi-Device-ID': '4bc8be9552bb0131', 'X-Requested-With': 'com.www.cn.zhimahaojie'}
2021-08-12 09:50:25,321 - apiSend.py - INFO: 请求参数: {'time': 1628646722}
2021-08-12 09:50:25,321 - apiSend.py - INFO: 请求方法: POST
2021-08-12 09:50:25,326 - connectionpool.py - DEBUG: Starting new HTTP connection (1): api.652615.com:80
2021-08-12 09:50:25,395 - connectionpool.py - DEBUG: http://api.652615.com:80 "POST /liuyi/rest79/pay/ticket HTTP/1.1" 405 72
2021-08-12 09:50:25,397 - apiSend.py - INFO: 请求接口结果：
 (405, '{"code":405,"data":null,"message":"Request method \'POST\' not supported"}')
2021-08-12 09:50:25,398 - readResultRelevance.py - DEBUG: 从返回结果中根据关联键data提取值
2021-08-12 09:50:25,398 - readResultRelevance.py - DEBUG: 提取后，关联键对象
{'data': '44f0e72097506893683aa09a29c0ad9c'}
2021-08-12 09:50:25,466 - apiSend.py - INFO: ================================================================================
2021-08-12 09:50:25,467 - apiSend.py - DEBUG: 请求头处理结果：{'Accept': 'application/json, text/plain, */*', 'Accept-Encoding': 'gzip, deflate', 'Accept-Language': 'zh-CN,zh;q=0.9,en-US;q=0.8,en;q=0.7', 'Authorization': 'Bearer 8b2d411cd28a52f78df06fe6a38994ab', 'Connection': 'keep-alive', 'Content-Length': '0', 'Content-Type': 'application/x-www-form-urlencoded;charset=UTF-8', 'Host': 'api.652615.com', 'Origin': 'http://rest79.652615.com', 'Referer': 'http://rest79.652615.com/?appKey=6682119c5d55765c882bd2d9997df2c1&deviceId=4bc8be9552bb0131&wechat=0?deviceId=4bc8be9552bb0131&appName=%E8%8A%9D%E9%BA%BB%E5%A5%BD%E5%80%9F', 'User-Agent': 'Mozilla/5.0 (Linux; Android 10; HRY-AL00a Build/HONORHRY-AL00a; wv) AppleWebKit/537.36 (KHTML, like Gecko) Version/4.0 Chrome/80.0.3987.99 Mobile Safari/537.36 AgentWeb/4.1.3  UCBrowser/11.6.4.950', 'X-Liuyi-App-Key': '6682119c5d55765c882bd2d9997df2c1', 'X-Liuyi-Device-ID': '4bc8be9552bb0131', 'X-Requested-With': 'com.www.cn.zhimahaojie'}
2021-08-12 09:50:25,467 - apiSend.py - DEBUG: 请求参数处理结果：{'ticket': '44f0e72097506893683aa09a29c0ad9c', 'time': 1628646722}
2021-08-12 09:50:25,467 - apiSend.py - DEBUG: host处理结果： api.652615.com
2021-08-12 09:50:25,467 - apiSend.py - INFO: 请求接口：get_coupon
2021-08-12 09:50:25,467 - apiSend.py - INFO: 请求头: {'Accept': 'application/json, text/plain, */*', 'Accept-Encoding': 'gzip, deflate', 'Accept-Language': 'zh-CN,zh;q=0.9,en-US;q=0.8,en;q=0.7', 'Authorization': 'Bearer 8b2d411cd28a52f78df06fe6a38994ab', 'Connection': 'keep-alive', 'Content-Length': '0', 'Content-Type': 'application/x-www-form-urlencoded;charset=UTF-8', 'Host': 'api.652615.com', 'Origin': 'http://rest79.652615.com', 'Referer': 'http://rest79.652615.com/?appKey=6682119c5d55765c882bd2d9997df2c1&deviceId=4bc8be9552bb0131&wechat=0?deviceId=4bc8be9552bb0131&appName=%E8%8A%9D%E9%BA%BB%E5%A5%BD%E5%80%9F', 'User-Agent': 'Mozilla/5.0 (Linux; Android 10; HRY-AL00a Build/HONORHRY-AL00a; wv) AppleWebKit/537.36 (KHTML, like Gecko) Version/4.0 Chrome/80.0.3987.99 Mobile Safari/537.36 AgentWeb/4.1.3  UCBrowser/11.6.4.950', 'X-Liuyi-App-Key': '6682119c5d55765c882bd2d9997df2c1', 'X-Liuyi-Device-ID': '4bc8be9552bb0131', 'X-Requested-With': 'com.www.cn.zhimahaojie'}
2021-08-12 09:50:25,467 - apiSend.py - INFO: 请求参数: {'ticket': '44f0e72097506893683aa09a29c0ad9c', 'time': 1628646722}
2021-08-12 09:50:25,467 - apiSend.py - INFO: 请求方法: POST
2021-08-12 09:50:25,470 - connectionpool.py - DEBUG: Starting new HTTP connection (1): api.652615.com:80
2021-08-12 09:50:25,644 - connectionpool.py - DEBUG: http://api.652615.com:80 "POST /liuyi/rest79/user/get_coupon HTTP/1.1" 200 35
2021-08-12 09:50:25,647 - apiSend.py - INFO: 请求接口结果：
 (200, {'code': 200, 'data': {}, 'message': ''})
2021-08-12 09:50:25,672 - apiSend.py - INFO: ================================================================================
2021-08-12 09:50:25,672 - apiSend.py - DEBUG: 请求头处理结果：{'Host': 'api.652615.com', 'Origin': 'http://rest79.652615.com', 'X-Liuyi-Device-ID': '4bc8be9552bb0131', 'Authorization': 'Bearer 8b2d411cd28a52f78df06fe6a38994ab', 'Content-Type': 'application/x-www-form-urlencoded;charset=utf-8', 'Accept': 'application/json, text/plain, */*', 'User-Agent': 'Mozilla/5.0 (Linux; Android 10; HRY-AL00a Build/HONORHRY-AL00a; wv) AppleWebKit/537.36 (KHTML, like Gecko) Version/4.0 Chrome/80.0.3987.99 Mobile Safari/537.36 AgentWeb/4.1.3  UCBrowser/11.6.4.950', 'X-Liuyi-App-Key': '6682119c5d55765c882bd2d9997df2c1', 'X-Requested-With': 'com.www.cn.zhimahaojie', 'Referer': 'http://rest79.652615.com/?appKey=6682119c5d55765c882bd2d9997df2c1&deviceId=4bc8be9552bb0131&wechat=0?deviceId=4bc8be9552bb0131&appName=%E8%8A%9D%E9%BA%BB%E5%A5%BD%E5%80%9F', 'Accept-Encoding': 'gzip, deflate', 'Accept-Language': 'zh-CN,zh;q=0.9,en-US;q=0.8,en;q=0.7', 'Connection': 'keep-alive'}
2021-08-12 09:50:25,672 - apiSend.py - DEBUG: 请求参数处理结果：{'time': 1628646865}
2021-08-12 09:50:25,672 - apiSend.py - DEBUG: host处理结果： api.652615.com
2021-08-12 09:50:25,673 - apiSend.py - INFO: 请求接口：vip_goods_of_yueka
2021-08-12 09:50:25,673 - apiSend.py - INFO: 请求头: {'Host': 'api.652615.com', 'Origin': 'http://rest79.652615.com', 'X-Liuyi-Device-ID': '4bc8be9552bb0131', 'Authorization': 'Bearer 8b2d411cd28a52f78df06fe6a38994ab', 'Content-Type': 'application/x-www-form-urlencoded;charset=utf-8', 'Accept': 'application/json, text/plain, */*', 'User-Agent': 'Mozilla/5.0 (Linux; Android 10; HRY-AL00a Build/HONORHRY-AL00a; wv) AppleWebKit/537.36 (KHTML, like Gecko) Version/4.0 Chrome/80.0.3987.99 Mobile Safari/537.36 AgentWeb/4.1.3  UCBrowser/11.6.4.950', 'X-Liuyi-App-Key': '6682119c5d55765c882bd2d9997df2c1', 'X-Requested-With': 'com.www.cn.zhimahaojie', 'Referer': 'http://rest79.652615.com/?appKey=6682119c5d55765c882bd2d9997df2c1&deviceId=4bc8be9552bb0131&wechat=0?deviceId=4bc8be9552bb0131&appName=%E8%8A%9D%E9%BA%BB%E5%A5%BD%E5%80%9F', 'Accept-Encoding': 'gzip, deflate', 'Accept-Language': 'zh-CN,zh;q=0.9,en-US;q=0.8,en;q=0.7', 'Connection': 'keep-alive'}
2021-08-12 09:50:25,673 - apiSend.py - INFO: 请求参数: {'time': 1628646865}
2021-08-12 09:50:25,678 - apiSend.py - INFO: 请求方法: GET
2021-08-12 09:50:25,680 - connectionpool.py - DEBUG: Starting new HTTP connection (1): api.652615.com:80
2021-08-12 09:50:25,764 - connectionpool.py - DEBUG: http://api.652615.com:80 "GET /liuyi/rest79/user/vip_goods_of_yueka?time=1628646865 HTTP/1.1" 200 834
2021-08-12 09:50:25,766 - apiSend.py - INFO: 请求接口结果：
 (200, {'code': 200, 'data': [{'category': 0, 'createTime': '2020-10-22 10:17:03', 'description': '尊享VIP（ 客服WX：fmy1357 )', 'discountPrice': 49.9, 'duration': '30', 'id': '769', 'logo': '', 'name': '月卡', 'originPrice': 69.9, 'platformKey': '7.9', 'state': 1, 'type': 1, 'updateTime': '2020-10-22 10:17:03', 'url': ''}, {'category': 0, 'createTime': '2021-03-04 10:59:15', 'description': '一个月有效', 'discountPrice': 69.9, 'duration': '90', 'id': '772', 'logo': '', 'name': '季卡', 'originPrice': 99.9, 'platformKey': '7.9', 'state': 1, 'type': 1, 'updateTime': '2020-10-22 10:17:03', 'url': ''}, {'category': 0, 'createTime': '2021-03-04 10:59:16', 'description': '一个月有效', 'discountPrice': 99.9, 'duration': '365', 'id': '773', 'logo': '', 'name': '年卡', 'originPrice': 199.9, 'platformKey': '7.9', 'state': 1, 'type': 1, 'updateTime': '2020-10-22 10:17:03', 'url': ''}], 'message': ''})
2021-08-12 09:50:25,807 - apiSend.py - INFO: ================================================================================
2021-08-12 09:50:25,808 - apiSend.py - DEBUG: 请求头处理结果：{'Host': 'api.652615.com', 'X-Liuyi-App-Key': '735448165a81e5d026c69c653d5423b7', 'Accept': 'application/json, text/plain, */*', 'Authorization': 'Bearer 17d58d9224132591710dc7f6a251ce9f', 'Accept-Language': 'zh-cn', 'Accept-Encoding': 'gzip, deflate', 'Content-Type': 'application/x-www-form-urlencoded;charset=utf-8', 'X-Liuyi-Device-ID': '1B71FD42-A458-4E9A-9A0D-94AE0827AE7A', 'Origin': 'http://rest56.652615.com', 'User-Agent': 'Mozilla/5.0 (iPhone; CPU iPhone OS 12_5_2 like Mac OS X) AppleWebKit/605.1.15 (KHTML, like Gecko) Mobile/15E148', 'Referer': 'http://rest56.652615.com/?appKey=735448165a81e5d026c69c653d5423b7&deviceId=1B71FD42-A458-4E9A-9A0D-94AE0827AE7A&wechat=0', 'Connection': 'keep-alive'}
2021-08-12 09:50:25,808 - apiSend.py - DEBUG: 请求参数处理结果：{'aaa': 'bbb'}
2021-08-12 09:50:25,809 - apiSend.py - DEBUG: host处理结果： api.652615.com
2021-08-12 09:50:25,809 - apiSend.py - INFO: 请求接口：vip_info
2021-08-12 09:50:25,810 - apiSend.py - INFO: 请求头: {'Host': 'api.652615.com', 'X-Liuyi-App-Key': '735448165a81e5d026c69c653d5423b7', 'Accept': 'application/json, text/plain, */*', 'Authorization': 'Bearer 17d58d9224132591710dc7f6a251ce9f', 'Accept-Language': 'zh-cn', 'Accept-Encoding': 'gzip, deflate', 'Content-Type': 'application/x-www-form-urlencoded;charset=utf-8', 'X-Liuyi-Device-ID': '1B71FD42-A458-4E9A-9A0D-94AE0827AE7A', 'Origin': 'http://rest56.652615.com', 'User-Agent': 'Mozilla/5.0 (iPhone; CPU iPhone OS 12_5_2 like Mac OS X) AppleWebKit/605.1.15 (KHTML, like Gecko) Mobile/15E148', 'Referer': 'http://rest56.652615.com/?appKey=735448165a81e5d026c69c653d5423b7&deviceId=1B71FD42-A458-4E9A-9A0D-94AE0827AE7A&wechat=0', 'Connection': 'keep-alive'}
2021-08-12 09:50:25,810 - apiSend.py - INFO: 请求参数: {'aaa': 'bbb'}
2021-08-12 09:50:25,818 - apiSend.py - INFO: 请求方法: GET
2021-08-12 09:50:25,822 - connectionpool.py - DEBUG: Starting new HTTP connection (1): api.652615.com:80
2021-08-12 09:50:25,879 - connectionpool.py - DEBUG: http://api.652615.com:80 "GET /liuyi/rest76/user/vip_info?aaa=bbb HTTP/1.1" 401 49
2021-08-12 09:50:25,882 - apiSend.py - INFO: 请求接口结果：
 (401, {'code': 401, 'data': None, 'message': '非法 token'})
2021-08-12 09:50:29,066 - apiSend.py - INFO: ================================================================================
2021-08-12 09:50:29,067 - apiSend.py - DEBUG: 请求头处理结果：{'Host': 'api.652615.com', 'X-Liuyi-App-Key': '735448165a81e5d026c69c653d5423b7', 'Accept': 'application/json, text/plain, */*', 'Authorization': 'Bearer 17d58d9224132591710dc7f6a251ce9f', 'Accept-Language': 'zh-cn', 'Accept-Encoding': 'gzip, deflate', 'Content-Type': 'application/x-www-form-urlencoded;charset=utf-8', 'X-Liuyi-Device-ID': '1B71FD42-A458-4E9A-9A0D-94AE0827AE7A', 'Origin': 'http://rest56.652615.com', 'User-Agent': 'Mozilla/5.0 (iPhone; CPU iPhone OS 12_5_2 like Mac OS X) AppleWebKit/605.1.15 (KHTML, like Gecko) Mobile/15E148', 'Referer': 'http://rest56.652615.com/?appKey=735448165a81e5d026c69c653d5423b7&deviceId=1B71FD42-A458-4E9A-9A0D-94AE0827AE7A&wechat=0', 'Connection': 'keep-alive'}
2021-08-12 09:50:29,067 - apiSend.py - DEBUG: 请求参数处理结果：{'aaa': 'bbb'}
2021-08-12 09:50:29,068 - apiSend.py - DEBUG: host处理结果： api.652615.com
2021-08-12 09:50:29,068 - apiSend.py - INFO: 请求接口：vip_info
2021-08-12 09:50:29,068 - apiSend.py - INFO: 请求头: {'Host': 'api.652615.com', 'X-Liuyi-App-Key': '735448165a81e5d026c69c653d5423b7', 'Accept': 'application/json, text/plain, */*', 'Authorization': 'Bearer 17d58d9224132591710dc7f6a251ce9f', 'Accept-Language': 'zh-cn', 'Accept-Encoding': 'gzip, deflate', 'Content-Type': 'application/x-www-form-urlencoded;charset=utf-8', 'X-Liuyi-Device-ID': '1B71FD42-A458-4E9A-9A0D-94AE0827AE7A', 'Origin': 'http://rest56.652615.com', 'User-Agent': 'Mozilla/5.0 (iPhone; CPU iPhone OS 12_5_2 like Mac OS X) AppleWebKit/605.1.15 (KHTML, like Gecko) Mobile/15E148', 'Referer': 'http://rest56.652615.com/?appKey=735448165a81e5d026c69c653d5423b7&deviceId=1B71FD42-A458-4E9A-9A0D-94AE0827AE7A&wechat=0', 'Connection': 'keep-alive'}
2021-08-12 09:50:29,069 - apiSend.py - INFO: 请求参数: {'aaa': 'bbb'}
2021-08-12 09:50:29,077 - apiSend.py - INFO: 请求方法: GET
2021-08-12 09:50:29,083 - connectionpool.py - DEBUG: Starting new HTTP connection (1): api.652615.com:80
2021-08-12 09:50:29,142 - connectionpool.py - DEBUG: http://api.652615.com:80 "GET /liuyi/rest76/user/vip_info?aaa=bbb HTTP/1.1" 401 49
2021-08-12 09:50:29,145 - apiSend.py - INFO: 请求接口结果：
 (401, {'code': 401, 'data': None, 'message': '非法 token'})
2021-08-12 09:50:32,180 - apiSend.py - INFO: ================================================================================
2021-08-12 09:50:32,181 - apiSend.py - DEBUG: 请求头处理结果：{'Host': 'api.652615.com', 'X-Liuyi-App-Key': '735448165a81e5d026c69c653d5423b7', 'Accept': 'application/json, text/plain, */*', 'Authorization': 'Bearer 17d58d9224132591710dc7f6a251ce9f', 'Accept-Language': 'zh-cn', 'Accept-Encoding': 'gzip, deflate', 'Content-Type': 'application/x-www-form-urlencoded;charset=utf-8', 'X-Liuyi-Device-ID': '1B71FD42-A458-4E9A-9A0D-94AE0827AE7A', 'Origin': 'http://rest56.652615.com', 'User-Agent': 'Mozilla/5.0 (iPhone; CPU iPhone OS 12_5_2 like Mac OS X) AppleWebKit/605.1.15 (KHTML, like Gecko) Mobile/15E148', 'Referer': 'http://rest56.652615.com/?appKey=735448165a81e5d026c69c653d5423b7&deviceId=1B71FD42-A458-4E9A-9A0D-94AE0827AE7A&wechat=0', 'Connection': 'keep-alive'}
2021-08-12 09:50:32,182 - apiSend.py - DEBUG: 请求参数处理结果：{'aaa': 'bbb'}
2021-08-12 09:50:32,182 - apiSend.py - DEBUG: host处理结果： api.652615.com
2021-08-12 09:50:32,183 - apiSend.py - INFO: 请求接口：vip_info
2021-08-12 09:50:32,183 - apiSend.py - INFO: 请求头: {'Host': 'api.652615.com', 'X-Liuyi-App-Key': '735448165a81e5d026c69c653d5423b7', 'Accept': 'application/json, text/plain, */*', 'Authorization': 'Bearer 17d58d9224132591710dc7f6a251ce9f', 'Accept-Language': 'zh-cn', 'Accept-Encoding': 'gzip, deflate', 'Content-Type': 'application/x-www-form-urlencoded;charset=utf-8', 'X-Liuyi-Device-ID': '1B71FD42-A458-4E9A-9A0D-94AE0827AE7A', 'Origin': 'http://rest56.652615.com', 'User-Agent': 'Mozilla/5.0 (iPhone; CPU iPhone OS 12_5_2 like Mac OS X) AppleWebKit/605.1.15 (KHTML, like Gecko) Mobile/15E148', 'Referer': 'http://rest56.652615.com/?appKey=735448165a81e5d026c69c653d5423b7&deviceId=1B71FD42-A458-4E9A-9A0D-94AE0827AE7A&wechat=0', 'Connection': 'keep-alive'}
2021-08-12 09:50:32,184 - apiSend.py - INFO: 请求参数: {'aaa': 'bbb'}
2021-08-12 09:50:32,193 - apiSend.py - INFO: 请求方法: GET
2021-08-12 09:50:32,202 - connectionpool.py - DEBUG: Starting new HTTP connection (1): api.652615.com:80
2021-08-12 09:50:32,249 - connectionpool.py - DEBUG: http://api.652615.com:80 "GET /liuyi/rest76/user/vip_info?aaa=bbb HTTP/1.1" 401 49
2021-08-12 09:50:32,252 - apiSend.py - INFO: 请求接口结果：
 (401, {'code': 401, 'data': None, 'message': '非法 token'})
2021-08-12 09:50:35,304 - apiSend.py - INFO: ================================================================================
2021-08-12 09:50:35,305 - apiSend.py - DEBUG: 请求头处理结果：{'Host': 'api.652615.com', 'X-Liuyi-App-Key': '735448165a81e5d026c69c653d5423b7', 'Accept': 'application/json, text/plain, */*', 'Authorization': 'Bearer 17d58d9224132591710dc7f6a251ce9f', 'Accept-Language': 'zh-cn', 'Accept-Encoding': 'gzip, deflate', 'Content-Type': 'application/x-www-form-urlencoded;charset=utf-8', 'X-Liuyi-Device-ID': '1B71FD42-A458-4E9A-9A0D-94AE0827AE7A', 'Origin': 'http://rest56.652615.com', 'User-Agent': 'Mozilla/5.0 (iPhone; CPU iPhone OS 12_5_2 like Mac OS X) AppleWebKit/605.1.15 (KHTML, like Gecko) Mobile/15E148', 'Referer': 'http://rest56.652615.com/?appKey=735448165a81e5d026c69c653d5423b7&deviceId=1B71FD42-A458-4E9A-9A0D-94AE0827AE7A&wechat=0', 'Connection': 'keep-alive'}
2021-08-12 09:50:35,306 - apiSend.py - DEBUG: 请求参数处理结果：{'aaa': 'bbb'}
2021-08-12 09:50:35,306 - apiSend.py - DEBUG: host处理结果： api.652615.com
2021-08-12 09:50:35,306 - apiSend.py - INFO: 请求接口：vip_info
2021-08-12 09:50:35,307 - apiSend.py - INFO: 请求头: {'Host': 'api.652615.com', 'X-Liuyi-App-Key': '735448165a81e5d026c69c653d5423b7', 'Accept': 'application/json, text/plain, */*', 'Authorization': 'Bearer 17d58d9224132591710dc7f6a251ce9f', 'Accept-Language': 'zh-cn', 'Accept-Encoding': 'gzip, deflate', 'Content-Type': 'application/x-www-form-urlencoded;charset=utf-8', 'X-Liuyi-Device-ID': '1B71FD42-A458-4E9A-9A0D-94AE0827AE7A', 'Origin': 'http://rest56.652615.com', 'User-Agent': 'Mozilla/5.0 (iPhone; CPU iPhone OS 12_5_2 like Mac OS X) AppleWebKit/605.1.15 (KHTML, like Gecko) Mobile/15E148', 'Referer': 'http://rest56.652615.com/?appKey=735448165a81e5d026c69c653d5423b7&deviceId=1B71FD42-A458-4E9A-9A0D-94AE0827AE7A&wechat=0', 'Connection': 'keep-alive'}
2021-08-12 09:50:35,307 - apiSend.py - INFO: 请求参数: {'aaa': 'bbb'}
2021-08-12 09:50:35,315 - apiSend.py - INFO: 请求方法: GET
2021-08-12 09:50:35,322 - connectionpool.py - DEBUG: Starting new HTTP connection (1): api.652615.com:80
2021-08-12 09:50:35,376 - connectionpool.py - DEBUG: http://api.652615.com:80 "GET /liuyi/rest76/user/vip_info?aaa=bbb HTTP/1.1" 401 49
2021-08-12 09:50:35,378 - apiSend.py - INFO: 请求接口结果：
 (401, {'code': 401, 'data': None, 'message': '非法 token'})
