2021-08-05 10:35:29,628 - writeCaseYaml.py - DEBUG: 从F:/pythoncode/learn_pytest_20200720/data/目录下，读取文件first.chlsj
2021-08-05 10:35:29,711 - mkDir.py - DEBUG: logs目录已存在：F:/pythoncode/learn_pytest_20200720/page/user
2021-08-05 10:35:29,714 - writeCaseYaml.py - DEBUG: 从F:/pythoncode/learn_pytest_20200720/data/目录下，读取文件second.chlsj
2021-08-05 10:35:29,726 - mkDir.py - DEBUG: logs目录已存在：F:/pythoncode/learn_pytest_20200720/page/user
2021-08-05 10:35:31,152 - apiSend.py - INFO: ================================================================================
2021-08-05 10:35:31,153 - apiSend.py - DEBUG: 请求头处理结果：{'Host': 'api.652615.com', 'X-Liuyi-App-Key': '735448165a81e5d026c69c653d5423b7', 'Accept': 'application/json, text/plain, */*', 'Authorization': 'Bearer 17d58d9224132591710dc7f6a251ce9f', 'Accept-Language': 'zh-cn', 'Accept-Encoding': 'gzip, deflate', 'Content-Type': 'application/x-www-form-urlencoded;charset=utf-8', 'X-Liuyi-Device-ID': '1B71FD42-A458-4E9A-9A0D-94AE0827AE7A', 'Origin': 'http://rest56.652615.com', 'User-Agent': 'Mozilla/5.0 (iPhone; CPU iPhone OS 12_5_2 like Mac OS X) AppleWebKit/605.1.15 (KHTML, like Gecko) Mobile/15E148', 'Referer': 'http://rest56.652615.com/?appKey=735448165a81e5d026c69c653d5423b7&deviceId=1B71FD42-A458-4E9A-9A0D-94AE0827AE7A&wechat=0', 'Connection': 'keep-alive'}
2021-08-05 10:35:31,165 - apiSend.py - DEBUG: 请求参数处理结果：{'aaa': 'bbb'}
2021-08-05 10:35:31,165 - apiSend.py - DEBUG: host处理结果： api.652615.com
2021-08-05 10:35:31,165 - apiSend.py - INFO: 请求接口：first_in
2021-08-05 10:35:31,166 - apiSend.py - INFO: 请求头: {'Host': 'api.652615.com', 'X-Liuyi-App-Key': '735448165a81e5d026c69c653d5423b7', 'Accept': 'application/json, text/plain, */*', 'Authorization': 'Bearer 17d58d9224132591710dc7f6a251ce9f', 'Accept-Language': 'zh-cn', 'Accept-Encoding': 'gzip, deflate', 'Content-Type': 'application/x-www-form-urlencoded;charset=utf-8', 'X-Liuyi-Device-ID': '1B71FD42-A458-4E9A-9A0D-94AE0827AE7A', 'Origin': 'http://rest56.652615.com', 'User-Agent': 'Mozilla/5.0 (iPhone; CPU iPhone OS 12_5_2 like Mac OS X) AppleWebKit/605.1.15 (KHTML, like Gecko) Mobile/15E148', 'Referer': 'http://rest56.652615.com/?appKey=735448165a81e5d026c69c653d5423b7&deviceId=1B71FD42-A458-4E9A-9A0D-94AE0827AE7A&wechat=0', 'Connection': 'keep-alive'}
2021-08-05 10:35:31,166 - apiSend.py - INFO: 请求参数: {'aaa': 'bbb'}
2021-08-05 10:35:31,166 - apiSend.py - INFO: 请求方法: GET
2021-08-05 10:35:31,168 - connectionpool.py - DEBUG: Starting new HTTP connection (1): api.652615.com:80
2021-08-05 10:35:31,262 - connectionpool.py - DEBUG: http://api.652615.com:80 "GET /liuyi/rest76/user/first_in?aaa=bbb HTTP/1.1" 200 53
2021-08-05 10:35:31,264 - apiSend.py - INFO: 请求接口结果：
 (200, {'code': 200, 'data': {'first': 0, 'type': 1}, 'message': ''})
2021-08-05 10:35:31,268 - apiSend.py - INFO: ================================================================================
2021-08-05 10:35:31,269 - apiSend.py - DEBUG: 请求头处理结果：{'Host': 'api.652615.com', 'X-Liuyi-App-Key': '735448165a81e5d026c69c653d5423b7', 'Accept': 'application/json, text/plain, */*', 'Authorization': 'Bearer 17d58d9224132591710dc7f6a251ce9f', 'Accept-Language': 'zh-cn', 'Accept-Encoding': 'gzip, deflate', 'Content-Type': 'application/x-www-form-urlencoded;charset=utf-8', 'X-Liuyi-Device-ID': '1B71FD42-A458-4E9A-9A0D-94AE0827AE7A', 'Origin': 'http://rest56.652615.com', 'User-Agent': 'Mozilla/5.0 (iPhone; CPU iPhone OS 12_5_2 like Mac OS X) AppleWebKit/605.1.15 (KHTML, like Gecko) Mobile/15E148', 'Referer': 'http://rest56.652615.com/?appKey=735448165a81e5d026c69c653d5423b7&deviceId=1B71FD42-A458-4E9A-9A0D-94AE0827AE7A&wechat=0', 'Connection': 'keep-alive'}
2021-08-05 10:35:31,269 - apiSend.py - DEBUG: 请求参数处理结果：{'aaa': 'bbb'}
2021-08-05 10:35:31,269 - apiSend.py - DEBUG: host处理结果： api.652615.com
2021-08-05 10:35:31,270 - apiSend.py - INFO: 请求接口：vip_info
2021-08-05 10:35:31,270 - apiSend.py - INFO: 请求头: {'Host': 'api.652615.com', 'X-Liuyi-App-Key': '735448165a81e5d026c69c653d5423b7', 'Accept': 'application/json, text/plain, */*', 'Authorization': 'Bearer 17d58d9224132591710dc7f6a251ce9f', 'Accept-Language': 'zh-cn', 'Accept-Encoding': 'gzip, deflate', 'Content-Type': 'application/x-www-form-urlencoded;charset=utf-8', 'X-Liuyi-Device-ID': '1B71FD42-A458-4E9A-9A0D-94AE0827AE7A', 'Origin': 'http://rest56.652615.com', 'User-Agent': 'Mozilla/5.0 (iPhone; CPU iPhone OS 12_5_2 like Mac OS X) AppleWebKit/605.1.15 (KHTML, like Gecko) Mobile/15E148', 'Referer': 'http://rest56.652615.com/?appKey=735448165a81e5d026c69c653d5423b7&deviceId=1B71FD42-A458-4E9A-9A0D-94AE0827AE7A&wechat=0', 'Connection': 'keep-alive'}
2021-08-05 10:35:31,270 - apiSend.py - INFO: 请求参数: {'aaa': 'bbb'}
2021-08-05 10:35:31,271 - apiSend.py - INFO: 请求方法: GET
2021-08-05 10:35:31,275 - connectionpool.py - DEBUG: Starting new HTTP connection (1): api.652615.com:80
2021-08-05 10:35:31,431 - connectionpool.py - DEBUG: http://api.652615.com:80 "GET /liuyi/rest76/user/vip_info?aaa=bbb HTTP/1.1" 200 68
2021-08-05 10:35:31,432 - apiSend.py - INFO: 请求接口结果：
 (200, {'code': 200, 'data': {'avaliable': 0, 'vip': 1, 'vipType': 1}, 'message': ''})
2021-08-05 13:22:21,683 - writeCaseYaml.py - DEBUG: 从F:/pythoncode/learn_pytest_20200720/data/目录下，读取文件first.chlsj
2021-08-05 13:22:21,683 - mkDir.py - DEBUG: logs目录已存在：F:/pythoncode/learn_pytest_20200720/page/user
2021-08-05 13:22:21,684 - writeCaseYaml.py - DEBUG: 从F:/pythoncode/learn_pytest_20200720/data/目录下，读取文件second.chlsj
2021-08-05 13:22:21,685 - mkDir.py - DEBUG: logs目录已存在：F:/pythoncode/learn_pytest_20200720/page/user
2021-08-05 13:22:22,598 - apiSend.py - INFO: ================================================================================
2021-08-05 13:22:22,598 - apiSend.py - DEBUG: 请求头处理结果：{'Host': 'api.652615.com', 'X-Liuyi-App-Key': '735448165a81e5d026c69c653d5423b7', 'Accept': 'application/json, text/plain, */*', 'Authorization': 'Bearer 17d58d9224132591710dc7f6a251ce9f', 'Accept-Language': 'zh-cn', 'Accept-Encoding': 'gzip, deflate', 'Content-Type': 'application/x-www-form-urlencoded;charset=utf-8', 'X-Liuyi-Device-ID': '1B71FD42-A458-4E9A-9A0D-94AE0827AE7A', 'Origin': 'http://rest56.652615.com', 'User-Agent': 'Mozilla/5.0 (iPhone; CPU iPhone OS 12_5_2 like Mac OS X) AppleWebKit/605.1.15 (KHTML, like Gecko) Mobile/15E148', 'Referer': 'http://rest56.652615.com/?appKey=735448165a81e5d026c69c653d5423b7&deviceId=1B71FD42-A458-4E9A-9A0D-94AE0827AE7A&wechat=0', 'Connection': 'keep-alive'}
2021-08-05 13:22:22,598 - apiSend.py - DEBUG: 请求参数处理结果：{'aaa': 'bbb'}
2021-08-05 13:22:22,599 - apiSend.py - DEBUG: host处理结果： api.652615.com
2021-08-05 13:22:22,599 - apiSend.py - INFO: 请求接口：first_in
2021-08-05 13:22:22,599 - apiSend.py - INFO: 请求头: {'Host': 'api.652615.com', 'X-Liuyi-App-Key': '735448165a81e5d026c69c653d5423b7', 'Accept': 'application/json, text/plain, */*', 'Authorization': 'Bearer 17d58d9224132591710dc7f6a251ce9f', 'Accept-Language': 'zh-cn', 'Accept-Encoding': 'gzip, deflate', 'Content-Type': 'application/x-www-form-urlencoded;charset=utf-8', 'X-Liuyi-Device-ID': '1B71FD42-A458-4E9A-9A0D-94AE0827AE7A', 'Origin': 'http://rest56.652615.com', 'User-Agent': 'Mozilla/5.0 (iPhone; CPU iPhone OS 12_5_2 like Mac OS X) AppleWebKit/605.1.15 (KHTML, like Gecko) Mobile/15E148', 'Referer': 'http://rest56.652615.com/?appKey=735448165a81e5d026c69c653d5423b7&deviceId=1B71FD42-A458-4E9A-9A0D-94AE0827AE7A&wechat=0', 'Connection': 'keep-alive'}
2021-08-05 13:22:22,599 - apiSend.py - INFO: 请求参数: {'aaa': 'bbb'}
2021-08-05 13:22:22,599 - apiSend.py - INFO: 请求方法: GET
2021-08-05 13:22:22,604 - connectionpool.py - DEBUG: Starting new HTTP connection (1): api.652615.com:80
2021-08-05 13:22:22,695 - connectionpool.py - DEBUG: http://api.652615.com:80 "GET /liuyi/rest76/user/first_in?aaa=bbb HTTP/1.1" 200 53
2021-08-05 13:22:22,696 - apiSend.py - INFO: 请求接口结果：
 (200, {'code': 200, 'data': {'first': 0, 'type': 1}, 'message': ''})
2021-08-05 13:22:22,697 - apiSend.py - INFO: ================================================================================
2021-08-05 13:22:22,697 - apiSend.py - DEBUG: 请求头处理结果：{'Host': 'api.652615.com', 'X-Liuyi-App-Key': '735448165a81e5d026c69c653d5423b7', 'Accept': 'application/json, text/plain, */*', 'Authorization': 'Bearer 17d58d9224132591710dc7f6a251ce9f', 'Accept-Language': 'zh-cn', 'Accept-Encoding': 'gzip, deflate', 'Content-Type': 'application/x-www-form-urlencoded;charset=utf-8', 'X-Liuyi-Device-ID': '1B71FD42-A458-4E9A-9A0D-94AE0827AE7A', 'Origin': 'http://rest56.652615.com', 'User-Agent': 'Mozilla/5.0 (iPhone; CPU iPhone OS 12_5_2 like Mac OS X) AppleWebKit/605.1.15 (KHTML, like Gecko) Mobile/15E148', 'Referer': 'http://rest56.652615.com/?appKey=735448165a81e5d026c69c653d5423b7&deviceId=1B71FD42-A458-4E9A-9A0D-94AE0827AE7A&wechat=0', 'Connection': 'keep-alive'}
2021-08-05 13:22:22,698 - apiSend.py - DEBUG: 请求参数处理结果：{'aaa': 'bbb'}
2021-08-05 13:22:22,698 - apiSend.py - DEBUG: host处理结果： api.652615.com
2021-08-05 13:22:22,698 - apiSend.py - INFO: 请求接口：vip_info
2021-08-05 13:22:22,698 - apiSend.py - INFO: 请求头: {'Host': 'api.652615.com', 'X-Liuyi-App-Key': '735448165a81e5d026c69c653d5423b7', 'Accept': 'application/json, text/plain, */*', 'Authorization': 'Bearer 17d58d9224132591710dc7f6a251ce9f', 'Accept-Language': 'zh-cn', 'Accept-Encoding': 'gzip, deflate', 'Content-Type': 'application/x-www-form-urlencoded;charset=utf-8', 'X-Liuyi-Device-ID': '1B71FD42-A458-4E9A-9A0D-94AE0827AE7A', 'Origin': 'http://rest56.652615.com', 'User-Agent': 'Mozilla/5.0 (iPhone; CPU iPhone OS 12_5_2 like Mac OS X) AppleWebKit/605.1.15 (KHTML, like Gecko) Mobile/15E148', 'Referer': 'http://rest56.652615.com/?appKey=735448165a81e5d026c69c653d5423b7&deviceId=1B71FD42-A458-4E9A-9A0D-94AE0827AE7A&wechat=0', 'Connection': 'keep-alive'}
2021-08-05 13:22:22,698 - apiSend.py - INFO: 请求参数: {'aaa': 'bbb'}
2021-08-05 13:22:22,698 - apiSend.py - INFO: 请求方法: GET
2021-08-05 13:22:22,700 - connectionpool.py - DEBUG: Starting new HTTP connection (1): api.652615.com:80
2021-08-05 13:22:22,855 - connectionpool.py - DEBUG: http://api.652615.com:80 "GET /liuyi/rest76/user/vip_info?aaa=bbb HTTP/1.1" 200 68
2021-08-05 13:22:22,856 - apiSend.py - INFO: 请求接口结果：
 (200, {'code': 200, 'data': {'avaliable': 0, 'vip': 1, 'vipType': 1}, 'message': ''})
2021-08-05 14:09:08,381 - writeCaseYaml.py - DEBUG: 从F:/pythoncode/learn_pytest_20200720/data/目录下，读取文件first.chlsj
2021-08-05 14:09:08,382 - mkDir.py - DEBUG: logs目录已存在：F:/pythoncode/learn_pytest_20200720/page/user
2021-08-05 14:09:08,383 - writeCaseYaml.py - DEBUG: 从F:/pythoncode/learn_pytest_20200720/data/目录下，读取文件second.chlsj
2021-08-05 14:09:08,383 - mkDir.py - DEBUG: logs目录已存在：F:/pythoncode/learn_pytest_20200720/page/user
2021-08-05 14:09:08,384 - writeCaseYaml.py - DEBUG: 从F:/pythoncode/learn_pytest_20200720/data/目录下，读取文件three.chlsj
2021-08-05 14:09:08,485 - writeCaseYaml.py - DEBUG: 从F:/pythoncode/learn_pytest_20200720/page/home目录下，写入测试文件F:/pythoncode/learn_pytest_20200720/page/home/youxuantuijian.yml
2021-08-05 14:09:18,589 - apiSend.py - INFO: ================================================================================
2021-08-05 14:09:18,589 - apiSend.py - DEBUG: 请求头处理结果：{'Host': 'api.652615.com', 'X-Liuyi-App-Key': '735448165a81e5d026c69c653d5423b7', 'Accept': 'application/json, text/plain, */*', 'Authorization': 'Bearer 17d58d9224132591710dc7f6a251ce9f', 'Accept-Language': 'zh-cn', 'Accept-Encoding': 'gzip, deflate', 'Content-Type': 'application/x-www-form-urlencoded;charset=utf-8', 'X-Liuyi-Device-ID': '1B71FD42-A458-4E9A-9A0D-94AE0827AE7A', 'Origin': 'http://rest56.652615.com', 'User-Agent': 'Mozilla/5.0 (iPhone; CPU iPhone OS 12_5_2 like Mac OS X) AppleWebKit/605.1.15 (KHTML, like Gecko) Mobile/15E148', 'Referer': 'http://rest56.652615.com/?appKey=735448165a81e5d026c69c653d5423b7&deviceId=1B71FD42-A458-4E9A-9A0D-94AE0827AE7A&wechat=0', 'Connection': 'keep-alive'}
2021-08-05 14:09:18,589 - apiSend.py - DEBUG: 请求参数处理结果：{'aaa': 'bbb'}
2021-08-05 14:09:18,589 - apiSend.py - DEBUG: host处理结果： api.652615.com
2021-08-05 14:09:18,589 - apiSend.py - INFO: 请求接口：first_in
2021-08-05 14:09:18,589 - apiSend.py - INFO: 请求头: {'Host': 'api.652615.com', 'X-Liuyi-App-Key': '735448165a81e5d026c69c653d5423b7', 'Accept': 'application/json, text/plain, */*', 'Authorization': 'Bearer 17d58d9224132591710dc7f6a251ce9f', 'Accept-Language': 'zh-cn', 'Accept-Encoding': 'gzip, deflate', 'Content-Type': 'application/x-www-form-urlencoded;charset=utf-8', 'X-Liuyi-Device-ID': '1B71FD42-A458-4E9A-9A0D-94AE0827AE7A', 'Origin': 'http://rest56.652615.com', 'User-Agent': 'Mozilla/5.0 (iPhone; CPU iPhone OS 12_5_2 like Mac OS X) AppleWebKit/605.1.15 (KHTML, like Gecko) Mobile/15E148', 'Referer': 'http://rest56.652615.com/?appKey=735448165a81e5d026c69c653d5423b7&deviceId=1B71FD42-A458-4E9A-9A0D-94AE0827AE7A&wechat=0', 'Connection': 'keep-alive'}
2021-08-05 14:09:18,589 - apiSend.py - INFO: 请求参数: {'aaa': 'bbb'}
2021-08-05 14:09:18,589 - apiSend.py - INFO: 请求方法: GET
2021-08-05 14:09:18,592 - connectionpool.py - DEBUG: Starting new HTTP connection (1): api.652615.com:80
2021-08-05 14:09:18,687 - connectionpool.py - DEBUG: http://api.652615.com:80 "GET /liuyi/rest76/user/first_in?aaa=bbb HTTP/1.1" 200 53
2021-08-05 14:09:18,688 - apiSend.py - INFO: 请求接口结果：
 (200, {'code': 200, 'data': {'first': 0, 'type': 1}, 'message': ''})
2021-08-05 14:09:18,689 - apiSend.py - INFO: ================================================================================
2021-08-05 14:09:18,690 - apiSend.py - DEBUG: 请求头处理结果：{'Host': 'api.652615.com', 'X-Liuyi-App-Key': '735448165a81e5d026c69c653d5423b7', 'Accept': 'application/json, text/plain, */*', 'Authorization': 'Bearer 17d58d9224132591710dc7f6a251ce9f', 'Accept-Language': 'zh-cn', 'Accept-Encoding': 'gzip, deflate', 'Content-Type': 'application/x-www-form-urlencoded;charset=utf-8', 'X-Liuyi-Device-ID': '1B71FD42-A458-4E9A-9A0D-94AE0827AE7A', 'Origin': 'http://rest56.652615.com', 'User-Agent': 'Mozilla/5.0 (iPhone; CPU iPhone OS 12_5_2 like Mac OS X) AppleWebKit/605.1.15 (KHTML, like Gecko) Mobile/15E148', 'Referer': 'http://rest56.652615.com/?appKey=735448165a81e5d026c69c653d5423b7&deviceId=1B71FD42-A458-4E9A-9A0D-94AE0827AE7A&wechat=0', 'Connection': 'keep-alive'}
2021-08-05 14:09:18,690 - apiSend.py - DEBUG: 请求参数处理结果：{'aaa': 'bbb'}
2021-08-05 14:09:18,690 - apiSend.py - DEBUG: host处理结果： api.652615.com
2021-08-05 14:09:18,690 - apiSend.py - INFO: 请求接口：vip_info
2021-08-05 14:09:18,690 - apiSend.py - INFO: 请求头: {'Host': 'api.652615.com', 'X-Liuyi-App-Key': '735448165a81e5d026c69c653d5423b7', 'Accept': 'application/json, text/plain, */*', 'Authorization': 'Bearer 17d58d9224132591710dc7f6a251ce9f', 'Accept-Language': 'zh-cn', 'Accept-Encoding': 'gzip, deflate', 'Content-Type': 'application/x-www-form-urlencoded;charset=utf-8', 'X-Liuyi-Device-ID': '1B71FD42-A458-4E9A-9A0D-94AE0827AE7A', 'Origin': 'http://rest56.652615.com', 'User-Agent': 'Mozilla/5.0 (iPhone; CPU iPhone OS 12_5_2 like Mac OS X) AppleWebKit/605.1.15 (KHTML, like Gecko) Mobile/15E148', 'Referer': 'http://rest56.652615.com/?appKey=735448165a81e5d026c69c653d5423b7&deviceId=1B71FD42-A458-4E9A-9A0D-94AE0827AE7A&wechat=0', 'Connection': 'keep-alive'}
2021-08-05 14:09:18,690 - apiSend.py - INFO: 请求参数: {'aaa': 'bbb'}
2021-08-05 14:09:18,690 - apiSend.py - INFO: 请求方法: GET
2021-08-05 14:09:18,692 - connectionpool.py - DEBUG: Starting new HTTP connection (1): api.652615.com:80
2021-08-05 14:09:18,844 - connectionpool.py - DEBUG: http://api.652615.com:80 "GET /liuyi/rest76/user/vip_info?aaa=bbb HTTP/1.1" 200 68
2021-08-05 14:09:18,845 - apiSend.py - INFO: 请求接口结果：
 (200, {'code': 200, 'data': {'avaliable': 0, 'vip': 1, 'vipType': 1}, 'message': ''})
2021-08-05 14:12:34,363 - writeCaseYaml.py - DEBUG: 从F:/pythoncode/learn_pytest_20200720/data/目录下，读取文件first.chlsj
2021-08-05 14:12:34,363 - mkDir.py - DEBUG: logs目录已存在：F:/pythoncode/learn_pytest_20200720/page/user
2021-08-05 14:12:34,364 - writeCaseYaml.py - DEBUG: 从F:/pythoncode/learn_pytest_20200720/data/目录下，读取文件second.chlsj
2021-08-05 14:12:34,365 - mkDir.py - DEBUG: logs目录已存在：F:/pythoncode/learn_pytest_20200720/page/user
2021-08-05 14:12:34,365 - writeCaseYaml.py - DEBUG: 从F:/pythoncode/learn_pytest_20200720/data/目录下，读取文件three.chlsj
2021-08-05 14:12:34,366 - mkDir.py - DEBUG: logs目录已存在：F:/pythoncode/learn_pytest_20200720/page/home
2021-08-05 14:12:35,329 - apiSend.py - INFO: ================================================================================
2021-08-05 14:12:35,329 - apiSend.py - DEBUG: 请求头处理结果：{'Host': 'api.652615.com', 'X-Liuyi-App-Key': 'fa2f1a6dc9726b1ed50f3a4d430a9e67', 'Accept': 'application/json, text/plain, */*', 'Authorization': 'Bearer 9b5f39bae4784a8db7863d4fd3eea20b', 'Accept-Language': 'zh-cn', 'Accept-Encoding': 'gzip, deflate', 'Content-Type': 'application/x-www-form-urlencoded;charset=utf-8', 'X-Liuyi-Device-ID': 'fa2f1a6dc9726b1ed50f3a4d430a9e67', 'Origin': 'http://rest56.652615.com', 'User-Agent': 'Mozilla/5.0 (iPhone; CPU iPhone OS 12_5_2 like Mac OS X) AppleWebKit/605.1.15 (KHTML, like Gecko) Mobile/15E148', 'Referer': 'http://rest56.652615.com/?appKey=fa2f1a6dc9726b1ed50f3a4d430a9e67&deviceId=fa2f1a6dc9726b1ed50f3a4d430a9e67&wechat=0', 'Connection': 'keep-alive'}
2021-08-05 14:12:35,330 - apiSend.py - DEBUG: 请求参数处理结果：{'pageNo': '1', 'pageSize': '5'}
2021-08-05 14:12:35,330 - apiSend.py - DEBUG: host处理结果： api.652615.com
2021-08-05 14:12:35,330 - apiSend.py - INFO: 请求接口：youxuantuijian
2021-08-05 14:12:35,330 - apiSend.py - INFO: 请求头: {'Host': 'api.652615.com', 'X-Liuyi-App-Key': 'fa2f1a6dc9726b1ed50f3a4d430a9e67', 'Accept': 'application/json, text/plain, */*', 'Authorization': 'Bearer 9b5f39bae4784a8db7863d4fd3eea20b', 'Accept-Language': 'zh-cn', 'Accept-Encoding': 'gzip, deflate', 'Content-Type': 'application/x-www-form-urlencoded;charset=utf-8', 'X-Liuyi-Device-ID': 'fa2f1a6dc9726b1ed50f3a4d430a9e67', 'Origin': 'http://rest56.652615.com', 'User-Agent': 'Mozilla/5.0 (iPhone; CPU iPhone OS 12_5_2 like Mac OS X) AppleWebKit/605.1.15 (KHTML, like Gecko) Mobile/15E148', 'Referer': 'http://rest56.652615.com/?appKey=fa2f1a6dc9726b1ed50f3a4d430a9e67&deviceId=fa2f1a6dc9726b1ed50f3a4d430a9e67&wechat=0', 'Connection': 'keep-alive'}
2021-08-05 14:12:35,330 - apiSend.py - INFO: 请求参数: {'pageNo': '1', 'pageSize': '5'}
2021-08-05 14:12:35,331 - apiSend.py - INFO: 请求方法: GET
2021-08-05 14:12:35,333 - connectionpool.py - DEBUG: Starting new HTTP connection (1): api.652615.com:80
2021-08-05 14:12:35,482 - connectionpool.py - DEBUG: http://api.652615.com:80 "GET /liuyi/rest76/home/youxuantuijian?pageNo=1&pageSize=5 HTTP/1.1" 200 3236
2021-08-05 14:12:35,516 - apiSend.py - INFO: 请求接口结果：
 (200, {'code': 200, 'data': [{'applyProcess': 92, 'cover': 'http://image.652615.com/2021/07/fcde43c30f024582a1bb2eeb961797c0.png', 'detail': '5万额度，轻松借款', 'id': '1037092466658295808', 'loanMax': 50000, 'loanMin': 3000, 'loanTerm': '三个月', 'loanUrl': 'https://vufqob5o.ynjdpsp.cn/ch_register?channels_code=niuzhuan2', 'logo': 'http://image.652615.com/2021/08/5519508c5c7b4aa5ad29a52d6a91767b.png', 'numbers': 9877, 'passing': 0, 'rate': 0.02, 'rateType': 0, 'seal': '会员极速贷', 'sealLogo': 'http://image.652615.com/2021/05/ed5700df7a3c48d6955ccb2743c081e8.png', 'tags': '', 'termMax': 12, 'termMaxType': 0, 'termMin': 1, 'termMinType': 0, 'title': '借钱分期', 'vipLimit': 1}, {'applyProcess': 95, 'cover': 'http://image.652615.com/2021/06/4128870cdbba4c5fbadd41bffe73c9d9.png', 'detail': '好额度 易申请', 'id': '1037096592884547584', 'loanMax': 100000, 'loanMin': 5000, 'loanTerm': '三个月 ', 'loanUrl': 'http://qyapi.kaibeikeji.cn/web/mk/regist01?channel=829', 'logo': 'http://image.652615.com/2021/08/adfa2066ee7e4c369612754411c996c0.png', 'numbers': 6432, 'passing': 0, 'rate': 0.02, 'rateType': 0, 'seal': '会员爱借', 'sealLogo': 'http://image.652615.com/2021/03/c4edcf172b0c470cb47a12dd0266817d.png', 'tags': '', 'termMax': 36, 'termMaxType': 0, 'termMin': 1, 'termMinType': 0, 'title': '花花优品', 'vipLimit': 0}, {'applyProcess': 89, 'cover': 'http://image.652615.com/2020/07/ae8c2bbc9dfa4a058ed11573c03b04bd.png', 'detail': '随借随还 30秒审批 1分钟到账', 'id': '1070461949172318208', 'loanMax': 30000, 'loanMin': 2000, 'loanTerm': '12', 'loanUrl': 'https://stg.shantaokeji.cn/channel/tjhChannelRegister.html?channel=zhangshanghua1', 'logo': 'http://image.652615.com/2021/07/9eb7451d9a404839aadcd625c1027b41.png', 'numbers': 4274, 'passing': 0, 'rate': 0.02, 'rateType': 1, 'seal': '会员淘金贷', 'sealLogo': 'http://image.652615.com/2020/12/cba7cf5f81ff4a4ebe38deb765950416.png', 'tags': '', 'termMax': 12, 'termMaxType': 1, 'termMin': 1, 'termMinType': 1, 'title': '淘金荟', 'vipLimit': 1}, {'applyProcess': 92, 'cover': 'http://image.652615.com/2021/07/3a79ee72da554b6780117298f58b257b.png', 'detail': '新用户注册 送好礼', 'id': '1070832215790419968', 'loanMax': 30000, 'loanMin': 8000, 'loanTerm': '12', 'loanUrl': 'https://h5.shanying-inc.com/eros-front/promoteChannel/midPage?uuid=3c32515cf8864938a5d3a61095a78d0e', 'logo': 'http://image.652615.com/2021/07/266dde805cf44b678cdc0f8d5e507845.png', 'numbers': 8823, 'passing': 0, 'rate': 0.03, 'rateType': 1, 'seal': '会员普贷', 'sealLogo': 'http://image.652615.com/2021/04/538031ad077142839159b9128aece342.png', 'tags': '', 'termMax': 12, 'termMaxType': 1, 'termMin': 1, 'termMinType': 1, 'title': '普咚花', 'vipLimit': 1}, {'applyProcess': 97, 'cover': 'http://image.652615.com/2020/03/25d2cc9eed024710b0d0135c286c18fb.png', 'detail': '简单申请坐等下款', 'id': '1070384239261794304', 'loanMax': 50000, 'loanMin': 2000, 'loanTerm': '12', 'loanUrl': 'https://jr.ly.com/mkt-wechat/activity/h5/AII6NJ?media=dczhangshanghua&woa=tc#/', 'logo': 'http://image.652615.com/2021/07/535306f96bfc45559ec3b895008a7642.png', 'numbers': 4341, 'passing': 0, 'rate': 0.02, 'rateType': 1, 'seal': '会员工薪贷', 'sealLogo': 'http://image.652615.com/2020/11/d875036b615c4d0882a429cc62ace768.png', 'tags': '', 'termMax': 12, 'termMaxType': 1, 'termMin': 1, 'termMinType': 1, 'title': '提钱游', 'vipLimit': 1}], 'message': ''})
2021-08-05 14:12:35,520 - apiSend.py - INFO: ================================================================================
2021-08-05 14:12:35,520 - apiSend.py - DEBUG: 请求头处理结果：{'Host': 'api.652615.com', 'X-Liuyi-App-Key': '735448165a81e5d026c69c653d5423b7', 'Accept': 'application/json, text/plain, */*', 'Authorization': 'Bearer 17d58d9224132591710dc7f6a251ce9f', 'Accept-Language': 'zh-cn', 'Accept-Encoding': 'gzip, deflate', 'Content-Type': 'application/x-www-form-urlencoded;charset=utf-8', 'X-Liuyi-Device-ID': '1B71FD42-A458-4E9A-9A0D-94AE0827AE7A', 'Origin': 'http://rest56.652615.com', 'User-Agent': 'Mozilla/5.0 (iPhone; CPU iPhone OS 12_5_2 like Mac OS X) AppleWebKit/605.1.15 (KHTML, like Gecko) Mobile/15E148', 'Referer': 'http://rest56.652615.com/?appKey=735448165a81e5d026c69c653d5423b7&deviceId=1B71FD42-A458-4E9A-9A0D-94AE0827AE7A&wechat=0', 'Connection': 'keep-alive'}
2021-08-05 14:12:35,520 - apiSend.py - DEBUG: 请求参数处理结果：{'aaa': 'bbb'}
2021-08-05 14:12:35,520 - apiSend.py - DEBUG: host处理结果： api.652615.com
2021-08-05 14:12:35,521 - apiSend.py - INFO: 请求接口：first_in
2021-08-05 14:12:35,521 - apiSend.py - INFO: 请求头: {'Host': 'api.652615.com', 'X-Liuyi-App-Key': '735448165a81e5d026c69c653d5423b7', 'Accept': 'application/json, text/plain, */*', 'Authorization': 'Bearer 17d58d9224132591710dc7f6a251ce9f', 'Accept-Language': 'zh-cn', 'Accept-Encoding': 'gzip, deflate', 'Content-Type': 'application/x-www-form-urlencoded;charset=utf-8', 'X-Liuyi-Device-ID': '1B71FD42-A458-4E9A-9A0D-94AE0827AE7A', 'Origin': 'http://rest56.652615.com', 'User-Agent': 'Mozilla/5.0 (iPhone; CPU iPhone OS 12_5_2 like Mac OS X) AppleWebKit/605.1.15 (KHTML, like Gecko) Mobile/15E148', 'Referer': 'http://rest56.652615.com/?appKey=735448165a81e5d026c69c653d5423b7&deviceId=1B71FD42-A458-4E9A-9A0D-94AE0827AE7A&wechat=0', 'Connection': 'keep-alive'}
2021-08-05 14:12:35,521 - apiSend.py - INFO: 请求参数: {'aaa': 'bbb'}
2021-08-05 14:12:35,521 - apiSend.py - INFO: 请求方法: GET
2021-08-05 14:12:35,522 - connectionpool.py - DEBUG: Starting new HTTP connection (1): api.652615.com:80
2021-08-05 14:12:35,608 - connectionpool.py - DEBUG: http://api.652615.com:80 "GET /liuyi/rest76/user/first_in?aaa=bbb HTTP/1.1" 200 53
2021-08-05 14:12:35,609 - apiSend.py - INFO: 请求接口结果：
 (200, {'code': 200, 'data': {'first': 0, 'type': 1}, 'message': ''})
2021-08-05 14:12:35,612 - apiSend.py - INFO: ================================================================================
2021-08-05 14:12:35,612 - apiSend.py - DEBUG: 请求头处理结果：{'Host': 'api.652615.com', 'X-Liuyi-App-Key': '735448165a81e5d026c69c653d5423b7', 'Accept': 'application/json, text/plain, */*', 'Authorization': 'Bearer 17d58d9224132591710dc7f6a251ce9f', 'Accept-Language': 'zh-cn', 'Accept-Encoding': 'gzip, deflate', 'Content-Type': 'application/x-www-form-urlencoded;charset=utf-8', 'X-Liuyi-Device-ID': '1B71FD42-A458-4E9A-9A0D-94AE0827AE7A', 'Origin': 'http://rest56.652615.com', 'User-Agent': 'Mozilla/5.0 (iPhone; CPU iPhone OS 12_5_2 like Mac OS X) AppleWebKit/605.1.15 (KHTML, like Gecko) Mobile/15E148', 'Referer': 'http://rest56.652615.com/?appKey=735448165a81e5d026c69c653d5423b7&deviceId=1B71FD42-A458-4E9A-9A0D-94AE0827AE7A&wechat=0', 'Connection': 'keep-alive'}
2021-08-05 14:12:35,613 - apiSend.py - DEBUG: 请求参数处理结果：{'aaa': 'bbb'}
2021-08-05 14:12:35,613 - apiSend.py - DEBUG: host处理结果： api.652615.com
2021-08-05 14:12:35,613 - apiSend.py - INFO: 请求接口：vip_info
2021-08-05 14:12:35,613 - apiSend.py - INFO: 请求头: {'Host': 'api.652615.com', 'X-Liuyi-App-Key': '735448165a81e5d026c69c653d5423b7', 'Accept': 'application/json, text/plain, */*', 'Authorization': 'Bearer 17d58d9224132591710dc7f6a251ce9f', 'Accept-Language': 'zh-cn', 'Accept-Encoding': 'gzip, deflate', 'Content-Type': 'application/x-www-form-urlencoded;charset=utf-8', 'X-Liuyi-Device-ID': '1B71FD42-A458-4E9A-9A0D-94AE0827AE7A', 'Origin': 'http://rest56.652615.com', 'User-Agent': 'Mozilla/5.0 (iPhone; CPU iPhone OS 12_5_2 like Mac OS X) AppleWebKit/605.1.15 (KHTML, like Gecko) Mobile/15E148', 'Referer': 'http://rest56.652615.com/?appKey=735448165a81e5d026c69c653d5423b7&deviceId=1B71FD42-A458-4E9A-9A0D-94AE0827AE7A&wechat=0', 'Connection': 'keep-alive'}
2021-08-05 14:12:35,613 - apiSend.py - INFO: 请求参数: {'aaa': 'bbb'}
2021-08-05 14:12:35,614 - apiSend.py - INFO: 请求方法: GET
2021-08-05 14:12:35,615 - connectionpool.py - DEBUG: Starting new HTTP connection (1): api.652615.com:80
2021-08-05 14:12:35,772 - connectionpool.py - DEBUG: http://api.652615.com:80 "GET /liuyi/rest76/user/vip_info?aaa=bbb HTTP/1.1" 200 68
2021-08-05 14:12:35,773 - apiSend.py - INFO: 请求接口结果：
 (200, {'code': 200, 'data': {'avaliable': 0, 'vip': 1, 'vipType': 1}, 'message': ''})
2021-08-05 14:13:29,048 - writeCaseYaml.py - DEBUG: 从F:/pythoncode/learn_pytest_20200720/data/目录下，读取文件first.chlsj
2021-08-05 14:13:29,049 - mkDir.py - DEBUG: logs目录已存在：F:/pythoncode/learn_pytest_20200720/page/user
2021-08-05 14:13:29,050 - writeCaseYaml.py - DEBUG: 从F:/pythoncode/learn_pytest_20200720/data/目录下，读取文件second.chlsj
2021-08-05 14:13:29,050 - mkDir.py - DEBUG: logs目录已存在：F:/pythoncode/learn_pytest_20200720/page/user
2021-08-05 14:13:29,051 - writeCaseYaml.py - DEBUG: 从F:/pythoncode/learn_pytest_20200720/data/目录下，读取文件three.chlsj
2021-08-05 14:13:29,052 - mkDir.py - DEBUG: logs目录已存在：F:/pythoncode/learn_pytest_20200720/page/home
2021-08-05 14:13:29,936 - apiSend.py - INFO: ================================================================================
2021-08-05 14:13:29,936 - apiSend.py - DEBUG: 请求头处理结果：{'Host': 'api.652615.com', 'X-Liuyi-App-Key': 'fa2f1a6dc9726b1ed50f3a4d430a9e67', 'Accept': 'application/json, text/plain, */*', 'Authorization': 'Bearer 9b5f39bae4784a8db7863d4fd3eea20b', 'Accept-Language': 'zh-cn', 'Accept-Encoding': 'gzip, deflate', 'Content-Type': 'application/x-www-form-urlencoded;charset=utf-8', 'X-Liuyi-Device-ID': 'fa2f1a6dc9726b1ed50f3a4d430a9e67', 'Origin': 'http://rest56.652615.com', 'User-Agent': 'Mozilla/5.0 (iPhone; CPU iPhone OS 12_5_2 like Mac OS X) AppleWebKit/605.1.15 (KHTML, like Gecko) Mobile/15E148', 'Referer': 'http://rest56.652615.com/?appKey=fa2f1a6dc9726b1ed50f3a4d430a9e67&deviceId=fa2f1a6dc9726b1ed50f3a4d430a9e67&wechat=0', 'Connection': 'keep-alive'}
2021-08-05 14:13:29,936 - apiSend.py - DEBUG: 请求参数处理结果：{'pageNo': '1', 'pageSize': '5'}
2021-08-05 14:13:29,936 - apiSend.py - DEBUG: host处理结果： api.652615.com
2021-08-05 14:13:29,936 - apiSend.py - INFO: 请求接口：youxuantuijian
2021-08-05 14:13:29,936 - apiSend.py - INFO: 请求头: {'Host': 'api.652615.com', 'X-Liuyi-App-Key': 'fa2f1a6dc9726b1ed50f3a4d430a9e67', 'Accept': 'application/json, text/plain, */*', 'Authorization': 'Bearer 9b5f39bae4784a8db7863d4fd3eea20b', 'Accept-Language': 'zh-cn', 'Accept-Encoding': 'gzip, deflate', 'Content-Type': 'application/x-www-form-urlencoded;charset=utf-8', 'X-Liuyi-Device-ID': 'fa2f1a6dc9726b1ed50f3a4d430a9e67', 'Origin': 'http://rest56.652615.com', 'User-Agent': 'Mozilla/5.0 (iPhone; CPU iPhone OS 12_5_2 like Mac OS X) AppleWebKit/605.1.15 (KHTML, like Gecko) Mobile/15E148', 'Referer': 'http://rest56.652615.com/?appKey=fa2f1a6dc9726b1ed50f3a4d430a9e67&deviceId=fa2f1a6dc9726b1ed50f3a4d430a9e67&wechat=0', 'Connection': 'keep-alive'}
2021-08-05 14:13:29,936 - apiSend.py - INFO: 请求参数: {'pageNo': '1', 'pageSize': '5'}
2021-08-05 14:13:29,937 - apiSend.py - INFO: 请求方法: GET
2021-08-05 14:13:29,939 - connectionpool.py - DEBUG: Starting new HTTP connection (1): api.652615.com:80
2021-08-05 14:13:30,082 - connectionpool.py - DEBUG: http://api.652615.com:80 "GET /liuyi/rest76/home/youxuantuijian?pageNo=1&pageSize=5 HTTP/1.1" 200 3236
2021-08-05 14:13:30,083 - apiSend.py - INFO: 请求接口结果：
 (200, {'code': 200, 'data': [{'applyProcess': 90, 'cover': 'http://image.652615.com/2021/07/fcde43c30f024582a1bb2eeb961797c0.png', 'detail': '5万额度，轻松借款', 'id': '1037092466658295808', 'loanMax': 50000, 'loanMin': 3000, 'loanTerm': '三个月', 'loanUrl': 'https://vufqob5o.ynjdpsp.cn/ch_register?channels_code=niuzhuan2', 'logo': 'http://image.652615.com/2021/08/5519508c5c7b4aa5ad29a52d6a91767b.png', 'numbers': 9877, 'passing': 0, 'rate': 0.02, 'rateType': 0, 'seal': '会员极速贷', 'sealLogo': 'http://image.652615.com/2021/05/ed5700df7a3c48d6955ccb2743c081e8.png', 'tags': '', 'termMax': 12, 'termMaxType': 0, 'termMin': 1, 'termMinType': 0, 'title': '借钱分期', 'vipLimit': 1}, {'applyProcess': 93, 'cover': 'http://image.652615.com/2021/06/4128870cdbba4c5fbadd41bffe73c9d9.png', 'detail': '好额度 易申请', 'id': '1037096592884547584', 'loanMax': 100000, 'loanMin': 5000, 'loanTerm': '三个月 ', 'loanUrl': 'http://qyapi.kaibeikeji.cn/web/mk/regist01?channel=829', 'logo': 'http://image.652615.com/2021/08/adfa2066ee7e4c369612754411c996c0.png', 'numbers': 6432, 'passing': 0, 'rate': 0.02, 'rateType': 0, 'seal': '会员爱借', 'sealLogo': 'http://image.652615.com/2021/03/c4edcf172b0c470cb47a12dd0266817d.png', 'tags': '', 'termMax': 36, 'termMaxType': 0, 'termMin': 1, 'termMinType': 0, 'title': '花花优品', 'vipLimit': 0}, {'applyProcess': 94, 'cover': 'http://image.652615.com/2020/07/ae8c2bbc9dfa4a058ed11573c03b04bd.png', 'detail': '随借随还 30秒审批 1分钟到账', 'id': '1070461949172318208', 'loanMax': 30000, 'loanMin': 2000, 'loanTerm': '12', 'loanUrl': 'https://stg.shantaokeji.cn/channel/tjhChannelRegister.html?channel=zhangshanghua1', 'logo': 'http://image.652615.com/2021/07/9eb7451d9a404839aadcd625c1027b41.png', 'numbers': 4274, 'passing': 0, 'rate': 0.02, 'rateType': 1, 'seal': '会员淘金贷', 'sealLogo': 'http://image.652615.com/2020/12/cba7cf5f81ff4a4ebe38deb765950416.png', 'tags': '', 'termMax': 12, 'termMaxType': 1, 'termMin': 1, 'termMinType': 1, 'title': '淘金荟', 'vipLimit': 1}, {'applyProcess': 93, 'cover': 'http://image.652615.com/2021/07/3a79ee72da554b6780117298f58b257b.png', 'detail': '新用户注册 送好礼', 'id': '1070832215790419968', 'loanMax': 30000, 'loanMin': 8000, 'loanTerm': '12', 'loanUrl': 'https://h5.shanying-inc.com/eros-front/promoteChannel/midPage?uuid=3c32515cf8864938a5d3a61095a78d0e', 'logo': 'http://image.652615.com/2021/07/266dde805cf44b678cdc0f8d5e507845.png', 'numbers': 8823, 'passing': 0, 'rate': 0.03, 'rateType': 1, 'seal': '会员普贷', 'sealLogo': 'http://image.652615.com/2021/04/538031ad077142839159b9128aece342.png', 'tags': '', 'termMax': 12, 'termMaxType': 1, 'termMin': 1, 'termMinType': 1, 'title': '普咚花', 'vipLimit': 1}, {'applyProcess': 90, 'cover': 'http://image.652615.com/2020/03/25d2cc9eed024710b0d0135c286c18fb.png', 'detail': '简单申请坐等下款', 'id': '1070384239261794304', 'loanMax': 50000, 'loanMin': 2000, 'loanTerm': '12', 'loanUrl': 'https://jr.ly.com/mkt-wechat/activity/h5/AII6NJ?media=dczhangshanghua&woa=tc#/', 'logo': 'http://image.652615.com/2021/07/535306f96bfc45559ec3b895008a7642.png', 'numbers': 4341, 'passing': 0, 'rate': 0.02, 'rateType': 1, 'seal': '会员工薪贷', 'sealLogo': 'http://image.652615.com/2020/11/d875036b615c4d0882a429cc62ace768.png', 'tags': '', 'termMax': 12, 'termMaxType': 1, 'termMin': 1, 'termMinType': 1, 'title': '提钱游', 'vipLimit': 1}], 'message': ''})
2021-08-05 14:13:30,086 - apiSend.py - INFO: ================================================================================
2021-08-05 14:13:30,086 - apiSend.py - DEBUG: 请求头处理结果：{'Host': 'api.652615.com', 'X-Liuyi-App-Key': '735448165a81e5d026c69c653d5423b7', 'Accept': 'application/json, text/plain, */*', 'Authorization': 'Bearer 17d58d9224132591710dc7f6a251ce9f', 'Accept-Language': 'zh-cn', 'Accept-Encoding': 'gzip, deflate', 'Content-Type': 'application/x-www-form-urlencoded;charset=utf-8', 'X-Liuyi-Device-ID': '1B71FD42-A458-4E9A-9A0D-94AE0827AE7A', 'Origin': 'http://rest56.652615.com', 'User-Agent': 'Mozilla/5.0 (iPhone; CPU iPhone OS 12_5_2 like Mac OS X) AppleWebKit/605.1.15 (KHTML, like Gecko) Mobile/15E148', 'Referer': 'http://rest56.652615.com/?appKey=735448165a81e5d026c69c653d5423b7&deviceId=1B71FD42-A458-4E9A-9A0D-94AE0827AE7A&wechat=0', 'Connection': 'keep-alive'}
2021-08-05 14:13:30,086 - apiSend.py - DEBUG: 请求参数处理结果：{'aaa': 'bbb'}
2021-08-05 14:13:30,086 - apiSend.py - DEBUG: host处理结果： api.652615.com
2021-08-05 14:13:30,086 - apiSend.py - INFO: 请求接口：first_in
2021-08-05 14:13:30,086 - apiSend.py - INFO: 请求头: {'Host': 'api.652615.com', 'X-Liuyi-App-Key': '735448165a81e5d026c69c653d5423b7', 'Accept': 'application/json, text/plain, */*', 'Authorization': 'Bearer 17d58d9224132591710dc7f6a251ce9f', 'Accept-Language': 'zh-cn', 'Accept-Encoding': 'gzip, deflate', 'Content-Type': 'application/x-www-form-urlencoded;charset=utf-8', 'X-Liuyi-Device-ID': '1B71FD42-A458-4E9A-9A0D-94AE0827AE7A', 'Origin': 'http://rest56.652615.com', 'User-Agent': 'Mozilla/5.0 (iPhone; CPU iPhone OS 12_5_2 like Mac OS X) AppleWebKit/605.1.15 (KHTML, like Gecko) Mobile/15E148', 'Referer': 'http://rest56.652615.com/?appKey=735448165a81e5d026c69c653d5423b7&deviceId=1B71FD42-A458-4E9A-9A0D-94AE0827AE7A&wechat=0', 'Connection': 'keep-alive'}
2021-08-05 14:13:30,087 - apiSend.py - INFO: 请求参数: {'aaa': 'bbb'}
2021-08-05 14:13:30,087 - apiSend.py - INFO: 请求方法: GET
2021-08-05 14:13:30,089 - connectionpool.py - DEBUG: Starting new HTTP connection (1): api.652615.com:80
2021-08-05 14:13:30,177 - connectionpool.py - DEBUG: http://api.652615.com:80 "GET /liuyi/rest76/user/first_in?aaa=bbb HTTP/1.1" 200 53
2021-08-05 14:13:30,179 - apiSend.py - INFO: 请求接口结果：
 (200, {'code': 200, 'data': {'first': 0, 'type': 1}, 'message': ''})
2021-08-05 14:13:30,182 - apiSend.py - INFO: ================================================================================
2021-08-05 14:13:30,182 - apiSend.py - DEBUG: 请求头处理结果：{'Host': 'api.652615.com', 'X-Liuyi-App-Key': '735448165a81e5d026c69c653d5423b7', 'Accept': 'application/json, text/plain, */*', 'Authorization': 'Bearer 17d58d9224132591710dc7f6a251ce9f', 'Accept-Language': 'zh-cn', 'Accept-Encoding': 'gzip, deflate', 'Content-Type': 'application/x-www-form-urlencoded;charset=utf-8', 'X-Liuyi-Device-ID': '1B71FD42-A458-4E9A-9A0D-94AE0827AE7A', 'Origin': 'http://rest56.652615.com', 'User-Agent': 'Mozilla/5.0 (iPhone; CPU iPhone OS 12_5_2 like Mac OS X) AppleWebKit/605.1.15 (KHTML, like Gecko) Mobile/15E148', 'Referer': 'http://rest56.652615.com/?appKey=735448165a81e5d026c69c653d5423b7&deviceId=1B71FD42-A458-4E9A-9A0D-94AE0827AE7A&wechat=0', 'Connection': 'keep-alive'}
2021-08-05 14:13:30,183 - apiSend.py - DEBUG: 请求参数处理结果：{'aaa': 'bbb'}
2021-08-05 14:13:30,183 - apiSend.py - DEBUG: host处理结果： api.652615.com
2021-08-05 14:13:30,183 - apiSend.py - INFO: 请求接口：vip_info
2021-08-05 14:13:30,183 - apiSend.py - INFO: 请求头: {'Host': 'api.652615.com', 'X-Liuyi-App-Key': '735448165a81e5d026c69c653d5423b7', 'Accept': 'application/json, text/plain, */*', 'Authorization': 'Bearer 17d58d9224132591710dc7f6a251ce9f', 'Accept-Language': 'zh-cn', 'Accept-Encoding': 'gzip, deflate', 'Content-Type': 'application/x-www-form-urlencoded;charset=utf-8', 'X-Liuyi-Device-ID': '1B71FD42-A458-4E9A-9A0D-94AE0827AE7A', 'Origin': 'http://rest56.652615.com', 'User-Agent': 'Mozilla/5.0 (iPhone; CPU iPhone OS 12_5_2 like Mac OS X) AppleWebKit/605.1.15 (KHTML, like Gecko) Mobile/15E148', 'Referer': 'http://rest56.652615.com/?appKey=735448165a81e5d026c69c653d5423b7&deviceId=1B71FD42-A458-4E9A-9A0D-94AE0827AE7A&wechat=0', 'Connection': 'keep-alive'}
2021-08-05 14:13:30,183 - apiSend.py - INFO: 请求参数: {'aaa': 'bbb'}
2021-08-05 14:13:30,183 - apiSend.py - INFO: 请求方法: GET
2021-08-05 14:13:30,185 - connectionpool.py - DEBUG: Starting new HTTP connection (1): api.652615.com:80
2021-08-05 14:13:30,327 - connectionpool.py - DEBUG: http://api.652615.com:80 "GET /liuyi/rest76/user/vip_info?aaa=bbb HTTP/1.1" 200 68
2021-08-05 14:13:30,329 - apiSend.py - INFO: 请求接口结果：
 (200, {'code': 200, 'data': {'avaliable': 0, 'vip': 1, 'vipType': 1}, 'message': ''})
2021-08-05 16:17:32,009 - writeCaseYaml.py - DEBUG: 从F:/pythoncode/learn_pytest_20200720/data/目录下，读取文件first.chlsj
2021-08-05 16:17:32,010 - mkDir.py - DEBUG: logs目录已存在：F:/pythoncode/learn_pytest_20200720/page/user
2021-08-05 16:17:32,010 - writeCaseYaml.py - DEBUG: 从F:/pythoncode/learn_pytest_20200720/data/目录下，读取文件four.chlsj
2021-08-05 16:17:32,011 - mkDir.py - DEBUG: logs目录已存在：F:/pythoncode/learn_pytest_20200720/page/home
2021-08-05 16:17:32,013 - writeCaseYaml.py - DEBUG: 从F:/pythoncode/learn_pytest_20200720/page/home目录下，写入测试文件F:/pythoncode/learn_pytest_20200720/page/home/meirijingxuan.yml
2021-08-05 16:17:32,020 - writeCaseYaml.py - DEBUG: 从F:/pythoncode/learn_pytest_20200720/data/目录下，读取文件second.chlsj
2021-08-05 16:17:32,021 - mkDir.py - DEBUG: logs目录已存在：F:/pythoncode/learn_pytest_20200720/page/user
2021-08-05 16:17:32,021 - writeCaseYaml.py - DEBUG: 从F:/pythoncode/learn_pytest_20200720/data/目录下，读取文件three.chlsj
2021-08-05 16:17:32,022 - mkDir.py - DEBUG: logs目录已存在：F:/pythoncode/learn_pytest_20200720/page/home
2021-08-05 16:17:32,023 - mkDir.py - DEBUG: logs目录已存在：F:/pythoncode/learn_pytest_20200720/testcase/home
2021-08-05 16:17:32,980 - apiSend.py - INFO: ================================================================================
2021-08-05 16:17:32,980 - apiSend.py - DEBUG: 请求头处理结果：{'Host': 'api.652615.com', 'X-Liuyi-App-Key': 'fa2f1a6dc9726b1ed50f3a4d430a9e67', 'Accept': 'application/json, text/plain, */*', 'Authorization': 'Bearer 9b5f39bae4784a8db7863d4fd3eea20b', 'Accept-Language': 'zh-cn', 'Accept-Encoding': 'gzip, deflate', 'Content-Type': 'application/x-www-form-urlencoded;charset=utf-8', 'X-Liuyi-Device-ID': 'fa2f1a6dc9726b1ed50f3a4d430a9e67', 'Origin': 'http://rest56.652615.com', 'User-Agent': 'Mozilla/5.0 (iPhone; CPU iPhone OS 12_5_2 like Mac OS X) AppleWebKit/605.1.15 (KHTML, like Gecko) Mobile/15E148', 'Referer': 'http://rest56.652615.com/?appKey=fa2f1a6dc9726b1ed50f3a4d430a9e67&deviceId=fa2f1a6dc9726b1ed50f3a4d430a9e67&wechat=0', 'Connection': 'keep-alive'}
2021-08-05 16:17:32,980 - apiSend.py - DEBUG: 请求参数处理结果：{'time': 1628151452}
2021-08-05 16:17:32,980 - apiSend.py - DEBUG: host处理结果： api.652615.com
2021-08-05 16:17:32,980 - apiSend.py - INFO: 请求接口：meirijingxuan
2021-08-05 16:17:32,980 - apiSend.py - INFO: 请求头: {'Host': 'api.652615.com', 'X-Liuyi-App-Key': 'fa2f1a6dc9726b1ed50f3a4d430a9e67', 'Accept': 'application/json, text/plain, */*', 'Authorization': 'Bearer 9b5f39bae4784a8db7863d4fd3eea20b', 'Accept-Language': 'zh-cn', 'Accept-Encoding': 'gzip, deflate', 'Content-Type': 'application/x-www-form-urlencoded;charset=utf-8', 'X-Liuyi-Device-ID': 'fa2f1a6dc9726b1ed50f3a4d430a9e67', 'Origin': 'http://rest56.652615.com', 'User-Agent': 'Mozilla/5.0 (iPhone; CPU iPhone OS 12_5_2 like Mac OS X) AppleWebKit/605.1.15 (KHTML, like Gecko) Mobile/15E148', 'Referer': 'http://rest56.652615.com/?appKey=fa2f1a6dc9726b1ed50f3a4d430a9e67&deviceId=fa2f1a6dc9726b1ed50f3a4d430a9e67&wechat=0', 'Connection': 'keep-alive'}
2021-08-05 16:17:32,981 - apiSend.py - INFO: 请求参数: {'time': 1628151452}
2021-08-05 16:17:32,981 - apiSend.py - INFO: 请求方法: GET
2021-08-05 16:17:32,983 - connectionpool.py - DEBUG: Starting new HTTP connection (1): api.652615.com:80
2021-08-05 16:17:33,131 - connectionpool.py - DEBUG: http://api.652615.com:80 "GET /liuyi/rest76/home/meirijingxuan?time=1628151452 HTTP/1.1" 200 3151
2021-08-05 16:17:33,132 - apiSend.py - INFO: 请求接口结果：
 (200, {'code': 200, 'data': [{'applyProcess': 91, 'cover': 'http://image.652615.com/2021/08/1071c91345044aaca6d45f2427811e36.png', 'detail': '额度20万 零担保', 'id': '1067895048821260288', 'loanMax': 20000, 'loanMin': 8000, 'loanTerm': '12', 'loanUrl': 'https://lfqcha.hzxiaojiu.cn/api/c/iexa', 'logo': 'http://image.652615.com/2021/07/bd2c75380140484f8fcc5c3eb2cf1f4b.png', 'numbers': 5000, 'passing': 0, 'rate': 0.02, 'rateType': 0, 'seal': '', 'sealLogo': '', 'tags': '', 'termMax': 12, 'termMaxType': 1, 'termMin': 1, 'termMinType': 1, 'title': '天使优品-极速', 'vipLimit': 0}, {'applyProcess': 92, 'cover': 'http://image.652615.com/2020/07/ae8c2bbc9dfa4a058ed11573c03b04bd.png', 'detail': '随借随还 30秒审批 1分钟到账', 'id': '1070461949172318208', 'loanMax': 30000, 'loanMin': 2000, 'loanTerm': '12', 'loanUrl': 'https://stg.shantaokeji.cn/channel/tjhChannelRegister.html?channel=zhangshanghua1', 'logo': 'http://image.652615.com/2021/07/9eb7451d9a404839aadcd625c1027b41.png', 'numbers': 4274, 'passing': 0, 'rate': 0.02, 'rateType': 1, 'seal': '会员淘金贷', 'sealLogo': 'http://image.652615.com/2020/12/cba7cf5f81ff4a4ebe38deb765950416.png', 'tags': '', 'termMax': 12, 'termMaxType': 1, 'termMin': 1, 'termMinType': 1, 'title': '淘金荟', 'vipLimit': 1}, {'applyProcess': 95, 'cover': 'http://image.652615.com/2021/07/3a79ee72da554b6780117298f58b257b.png', 'detail': '新用户注册 送好礼', 'id': '1070832215790419968', 'loanMax': 30000, 'loanMin': 8000, 'loanTerm': '12', 'loanUrl': 'https://h5.shanying-inc.com/eros-front/promoteChannel/midPage?uuid=3c32515cf8864938a5d3a61095a78d0e', 'logo': 'http://image.652615.com/2021/07/266dde805cf44b678cdc0f8d5e507845.png', 'numbers': 8823, 'passing': 0, 'rate': 0.03, 'rateType': 1, 'seal': '会员普贷', 'sealLogo': 'http://image.652615.com/2021/04/538031ad077142839159b9128aece342.png', 'tags': '', 'termMax': 12, 'termMaxType': 1, 'termMin': 1, 'termMinType': 1, 'title': '普咚花', 'vipLimit': 1}, {'applyProcess': 95, 'cover': 'http://image.652615.com/2020/03/25d2cc9eed024710b0d0135c286c18fb.png', 'detail': '简单申请坐等下款', 'id': '1070384239261794304', 'loanMax': 50000, 'loanMin': 2000, 'loanTerm': '12', 'loanUrl': 'https://jr.ly.com/mkt-wechat/activity/h5/AII6NJ?media=dczhangshanghua&woa=tc#/', 'logo': 'http://image.652615.com/2021/07/535306f96bfc45559ec3b895008a7642.png', 'numbers': 4341, 'passing': 0, 'rate': 0.02, 'rateType': 1, 'seal': '会员工薪贷', 'sealLogo': 'http://image.652615.com/2020/11/d875036b615c4d0882a429cc62ace768.png', 'tags': '', 'termMax': 12, 'termMaxType': 1, 'termMin': 1, 'termMinType': 1, 'title': '提钱游', 'vipLimit': 1}, {'applyProcess': 91, 'cover': 'http://image.652615.com/2021/06/772f218b02234b9fb7a1aa1422dbb9f1.png', 'detail': '一键申请 快到账', 'id': '1037112896605421568', 'loanMax': 30000, 'loanMin': 6000, 'loanTerm': '三个月', 'loanUrl': 'https://h5.channel.dai365.cn/lhq/register-new/tBK5FhEiIHzm7Kr5.html', 'logo': 'http://image.652615.com/2021/08/befaa59cf75c48b6bd0277463324d956.png', 'numbers': 38245, 'passing': 0, 'rate': 0.02, 'rateType': 0, 'seal': '会员工薪贷', 'sealLogo': 'http://image.652615.com/2020/09/2a23278c407b4c44865baae25278de64.png', 'tags': '极速下款', 'termMax': 12, 'termMaxType': 1, 'termMin': 1, 'termMinType': 1, 'title': '零花钱', 'vipLimit': 1}], 'message': ''})
2021-08-05 16:17:33,134 - apiSend.py - INFO: ================================================================================
2021-08-05 16:17:33,134 - apiSend.py - DEBUG: 请求头处理结果：{'Host': 'api.652615.com', 'X-Liuyi-App-Key': 'fa2f1a6dc9726b1ed50f3a4d430a9e67', 'Accept': 'application/json, text/plain, */*', 'Authorization': 'Bearer 9b5f39bae4784a8db7863d4fd3eea20b', 'Accept-Language': 'zh-cn', 'Accept-Encoding': 'gzip, deflate', 'Content-Type': 'application/x-www-form-urlencoded;charset=utf-8', 'X-Liuyi-Device-ID': 'fa2f1a6dc9726b1ed50f3a4d430a9e67', 'Origin': 'http://rest56.652615.com', 'User-Agent': 'Mozilla/5.0 (iPhone; CPU iPhone OS 12_5_2 like Mac OS X) AppleWebKit/605.1.15 (KHTML, like Gecko) Mobile/15E148', 'Referer': 'http://rest56.652615.com/?appKey=fa2f1a6dc9726b1ed50f3a4d430a9e67&deviceId=fa2f1a6dc9726b1ed50f3a4d430a9e67&wechat=0', 'Connection': 'keep-alive'}
2021-08-05 16:17:33,134 - apiSend.py - DEBUG: 请求参数处理结果：{'pageNo': '1', 'pageSize': '5'}
2021-08-05 16:17:33,134 - apiSend.py - DEBUG: host处理结果： api.652615.com
2021-08-05 16:17:33,134 - apiSend.py - INFO: 请求接口：youxuantuijian
2021-08-05 16:17:33,135 - apiSend.py - INFO: 请求头: {'Host': 'api.652615.com', 'X-Liuyi-App-Key': 'fa2f1a6dc9726b1ed50f3a4d430a9e67', 'Accept': 'application/json, text/plain, */*', 'Authorization': 'Bearer 9b5f39bae4784a8db7863d4fd3eea20b', 'Accept-Language': 'zh-cn', 'Accept-Encoding': 'gzip, deflate', 'Content-Type': 'application/x-www-form-urlencoded;charset=utf-8', 'X-Liuyi-Device-ID': 'fa2f1a6dc9726b1ed50f3a4d430a9e67', 'Origin': 'http://rest56.652615.com', 'User-Agent': 'Mozilla/5.0 (iPhone; CPU iPhone OS 12_5_2 like Mac OS X) AppleWebKit/605.1.15 (KHTML, like Gecko) Mobile/15E148', 'Referer': 'http://rest56.652615.com/?appKey=fa2f1a6dc9726b1ed50f3a4d430a9e67&deviceId=fa2f1a6dc9726b1ed50f3a4d430a9e67&wechat=0', 'Connection': 'keep-alive'}
2021-08-05 16:17:33,135 - apiSend.py - INFO: 请求参数: {'pageNo': '1', 'pageSize': '5'}
2021-08-05 16:17:33,135 - apiSend.py - INFO: 请求方法: GET
2021-08-05 16:17:33,137 - connectionpool.py - DEBUG: Starting new HTTP connection (1): api.652615.com:80
2021-08-05 16:17:33,288 - connectionpool.py - DEBUG: http://api.652615.com:80 "GET /liuyi/rest76/home/youxuantuijian?pageNo=1&pageSize=5 HTTP/1.1" 200 3268
2021-08-05 16:17:33,289 - apiSend.py - INFO: 请求接口结果：
 (200, {'code': 200, 'data': [{'applyProcess': 94, 'cover': 'http://image.652615.com/2020/07/ae8c2bbc9dfa4a058ed11573c03b04bd.png', 'detail': '随借随还 30秒审批 1分钟到账', 'id': '1070461949172318208', 'loanMax': 30000, 'loanMin': 2000, 'loanTerm': '12', 'loanUrl': 'https://stg.shantaokeji.cn/channel/tjhChannelRegister.html?channel=zhangshanghua1', 'logo': 'http://image.652615.com/2021/07/9eb7451d9a404839aadcd625c1027b41.png', 'numbers': 4274, 'passing': 0, 'rate': 0.02, 'rateType': 1, 'seal': '会员淘金贷', 'sealLogo': 'http://image.652615.com/2020/12/cba7cf5f81ff4a4ebe38deb765950416.png', 'tags': '', 'termMax': 12, 'termMaxType': 1, 'termMin': 1, 'termMinType': 1, 'title': '淘金荟', 'vipLimit': 1}, {'applyProcess': 90, 'cover': 'http://image.652615.com/2021/07/3a79ee72da554b6780117298f58b257b.png', 'detail': '新用户注册 送好礼', 'id': '1070832215790419968', 'loanMax': 30000, 'loanMin': 8000, 'loanTerm': '12', 'loanUrl': 'https://h5.shanying-inc.com/eros-front/promoteChannel/midPage?uuid=3c32515cf8864938a5d3a61095a78d0e', 'logo': 'http://image.652615.com/2021/07/266dde805cf44b678cdc0f8d5e507845.png', 'numbers': 8823, 'passing': 0, 'rate': 0.03, 'rateType': 1, 'seal': '会员普贷', 'sealLogo': 'http://image.652615.com/2021/04/538031ad077142839159b9128aece342.png', 'tags': '', 'termMax': 12, 'termMaxType': 1, 'termMin': 1, 'termMinType': 1, 'title': '普咚花', 'vipLimit': 1}, {'applyProcess': 88, 'cover': 'http://image.652615.com/2021/06/772f218b02234b9fb7a1aa1422dbb9f1.png', 'detail': '一键申请 快到账', 'id': '1037112896605421568', 'loanMax': 30000, 'loanMin': 6000, 'loanTerm': '三个月', 'loanUrl': 'https://h5.channel.dai365.cn/lhq/register-new/tBK5FhEiIHzm7Kr5.html', 'logo': 'http://image.652615.com/2021/08/befaa59cf75c48b6bd0277463324d956.png', 'numbers': 38245, 'passing': 0, 'rate': 0.02, 'rateType': 0, 'seal': '会员工薪贷', 'sealLogo': 'http://image.652615.com/2020/09/2a23278c407b4c44865baae25278de64.png', 'tags': '极速下款', 'termMax': 12, 'termMaxType': 1, 'termMin': 1, 'termMinType': 1, 'title': '零花钱', 'vipLimit': 1}, {'applyProcess': 89, 'cover': 'http://image.652615.com/2020/03/25d2cc9eed024710b0d0135c286c18fb.png', 'detail': '简单申请坐等下款', 'id': '1070384239261794304', 'loanMax': 50000, 'loanMin': 2000, 'loanTerm': '12', 'loanUrl': 'https://jr.ly.com/mkt-wechat/activity/h5/AII6NJ?media=dczhangshanghua&woa=tc#/', 'logo': 'http://image.652615.com/2021/07/535306f96bfc45559ec3b895008a7642.png', 'numbers': 4341, 'passing': 0, 'rate': 0.02, 'rateType': 1, 'seal': '会员工薪贷', 'sealLogo': 'http://image.652615.com/2020/11/d875036b615c4d0882a429cc62ace768.png', 'tags': '', 'termMax': 12, 'termMaxType': 1, 'termMin': 1, 'termMinType': 1, 'title': '提钱游', 'vipLimit': 1}, {'applyProcess': 93, 'cover': 'http://image.652615.com/2020/03/25d2cc9eed024710b0d0135c286c18fb.png', 'detail': '持信用卡用户 必到账', 'id': '1051953181695705088', 'loanMax': 50000, 'loanMin': 2000, 'loanTerm': '6', 'loanUrl': 'https://tg.51gjj.com/act/request/link_redirect/download/1078/', 'logo': 'http://image.652615.com/2021/07/57ac0b695db8479a8e63700c612f99d2.png', 'numbers': 6379, 'passing': 0, 'rate': 0.02, 'rateType': 0, 'seal': '会员信用贷', 'sealLogo': 'http://image.652615.com/2020/10/ab15f900a77e4f33a14f7432f68881ed.png', 'tags': '', 'termMax': 12, 'termMaxType': 1, 'termMin': 1, 'termMinType': 1, 'title': '51公积金-首月减息', 'vipLimit': 1}], 'message': ''})
2021-08-05 16:17:33,292 - apiSend.py - INFO: ================================================================================
2021-08-05 16:17:33,293 - apiSend.py - DEBUG: 请求头处理结果：{'Host': 'api.652615.com', 'X-Liuyi-App-Key': '735448165a81e5d026c69c653d5423b7', 'Accept': 'application/json, text/plain, */*', 'Authorization': 'Bearer 17d58d9224132591710dc7f6a251ce9f', 'Accept-Language': 'zh-cn', 'Accept-Encoding': 'gzip, deflate', 'Content-Type': 'application/x-www-form-urlencoded;charset=utf-8', 'X-Liuyi-Device-ID': '1B71FD42-A458-4E9A-9A0D-94AE0827AE7A', 'Origin': 'http://rest56.652615.com', 'User-Agent': 'Mozilla/5.0 (iPhone; CPU iPhone OS 12_5_2 like Mac OS X) AppleWebKit/605.1.15 (KHTML, like Gecko) Mobile/15E148', 'Referer': 'http://rest56.652615.com/?appKey=735448165a81e5d026c69c653d5423b7&deviceId=1B71FD42-A458-4E9A-9A0D-94AE0827AE7A&wechat=0', 'Connection': 'keep-alive'}
2021-08-05 16:17:33,293 - apiSend.py - DEBUG: 请求参数处理结果：{'aaa': 'bbb'}
2021-08-05 16:17:33,293 - apiSend.py - DEBUG: host处理结果： api.652615.com
2021-08-05 16:17:33,293 - apiSend.py - INFO: 请求接口：first_in
2021-08-05 16:17:33,293 - apiSend.py - INFO: 请求头: {'Host': 'api.652615.com', 'X-Liuyi-App-Key': '735448165a81e5d026c69c653d5423b7', 'Accept': 'application/json, text/plain, */*', 'Authorization': 'Bearer 17d58d9224132591710dc7f6a251ce9f', 'Accept-Language': 'zh-cn', 'Accept-Encoding': 'gzip, deflate', 'Content-Type': 'application/x-www-form-urlencoded;charset=utf-8', 'X-Liuyi-Device-ID': '1B71FD42-A458-4E9A-9A0D-94AE0827AE7A', 'Origin': 'http://rest56.652615.com', 'User-Agent': 'Mozilla/5.0 (iPhone; CPU iPhone OS 12_5_2 like Mac OS X) AppleWebKit/605.1.15 (KHTML, like Gecko) Mobile/15E148', 'Referer': 'http://rest56.652615.com/?appKey=735448165a81e5d026c69c653d5423b7&deviceId=1B71FD42-A458-4E9A-9A0D-94AE0827AE7A&wechat=0', 'Connection': 'keep-alive'}
2021-08-05 16:17:33,293 - apiSend.py - INFO: 请求参数: {'aaa': 'bbb'}
2021-08-05 16:17:33,293 - apiSend.py - INFO: 请求方法: GET
2021-08-05 16:17:33,294 - connectionpool.py - DEBUG: Starting new HTTP connection (1): api.652615.com:80
2021-08-05 16:17:33,370 - connectionpool.py - DEBUG: http://api.652615.com:80 "GET /liuyi/rest76/user/first_in?aaa=bbb HTTP/1.1" 200 53
2021-08-05 16:17:33,371 - apiSend.py - INFO: 请求接口结果：
 (200, {'code': 200, 'data': {'first': 0, 'type': 1}, 'message': ''})
2021-08-05 16:17:33,372 - apiSend.py - INFO: ================================================================================
2021-08-05 16:17:33,373 - apiSend.py - DEBUG: 请求头处理结果：{'Host': 'api.652615.com', 'X-Liuyi-App-Key': '735448165a81e5d026c69c653d5423b7', 'Accept': 'application/json, text/plain, */*', 'Authorization': 'Bearer 17d58d9224132591710dc7f6a251ce9f', 'Accept-Language': 'zh-cn', 'Accept-Encoding': 'gzip, deflate', 'Content-Type': 'application/x-www-form-urlencoded;charset=utf-8', 'X-Liuyi-Device-ID': '1B71FD42-A458-4E9A-9A0D-94AE0827AE7A', 'Origin': 'http://rest56.652615.com', 'User-Agent': 'Mozilla/5.0 (iPhone; CPU iPhone OS 12_5_2 like Mac OS X) AppleWebKit/605.1.15 (KHTML, like Gecko) Mobile/15E148', 'Referer': 'http://rest56.652615.com/?appKey=735448165a81e5d026c69c653d5423b7&deviceId=1B71FD42-A458-4E9A-9A0D-94AE0827AE7A&wechat=0', 'Connection': 'keep-alive'}
2021-08-05 16:17:33,373 - apiSend.py - DEBUG: 请求参数处理结果：{'aaa': 'bbb'}
2021-08-05 16:17:33,373 - apiSend.py - DEBUG: host处理结果： api.652615.com
2021-08-05 16:17:33,373 - apiSend.py - INFO: 请求接口：vip_info
2021-08-05 16:17:33,373 - apiSend.py - INFO: 请求头: {'Host': 'api.652615.com', 'X-Liuyi-App-Key': '735448165a81e5d026c69c653d5423b7', 'Accept': 'application/json, text/plain, */*', 'Authorization': 'Bearer 17d58d9224132591710dc7f6a251ce9f', 'Accept-Language': 'zh-cn', 'Accept-Encoding': 'gzip, deflate', 'Content-Type': 'application/x-www-form-urlencoded;charset=utf-8', 'X-Liuyi-Device-ID': '1B71FD42-A458-4E9A-9A0D-94AE0827AE7A', 'Origin': 'http://rest56.652615.com', 'User-Agent': 'Mozilla/5.0 (iPhone; CPU iPhone OS 12_5_2 like Mac OS X) AppleWebKit/605.1.15 (KHTML, like Gecko) Mobile/15E148', 'Referer': 'http://rest56.652615.com/?appKey=735448165a81e5d026c69c653d5423b7&deviceId=1B71FD42-A458-4E9A-9A0D-94AE0827AE7A&wechat=0', 'Connection': 'keep-alive'}
2021-08-05 16:17:33,373 - apiSend.py - INFO: 请求参数: {'aaa': 'bbb'}
2021-08-05 16:17:33,373 - apiSend.py - INFO: 请求方法: GET
2021-08-05 16:17:33,375 - connectionpool.py - DEBUG: Starting new HTTP connection (1): api.652615.com:80
2021-08-05 16:17:33,533 - connectionpool.py - DEBUG: http://api.652615.com:80 "GET /liuyi/rest76/user/vip_info?aaa=bbb HTTP/1.1" 200 68
2021-08-05 16:17:33,534 - apiSend.py - INFO: 请求接口结果：
 (200, {'code': 200, 'data': {'avaliable': 0, 'vip': 1, 'vipType': 1}, 'message': ''})
2021-08-05 17:51:16,599 - writeCaseYaml.py - DEBUG: 从F:/pythoncode/learn_pytest_20200720/data/目录下，读取文件first.chlsj
2021-08-05 17:51:16,600 - mkDir.py - DEBUG: logs目录已存在：F:/pythoncode/learn_pytest_20200720/page/user
2021-08-05 17:51:16,601 - writeCaseYaml.py - DEBUG: 从F:/pythoncode/learn_pytest_20200720/data/目录下，读取文件five.chlsj
2021-08-05 17:51:16,602 - mkDir.py - DEBUG: logs目录已存在：F:/pythoncode/learn_pytest_20200720/page/home
2021-08-05 17:51:16,603 - writeCaseYaml.py - DEBUG: 从F:/pythoncode/learn_pytest_20200720/page/home目录下，写入测试文件F:/pythoncode/learn_pytest_20200720/page/home/edugao.yml
2021-08-05 17:51:16,611 - writeCaseYaml.py - DEBUG: 从F:/pythoncode/learn_pytest_20200720/data/目录下，读取文件four.chlsj
2021-08-05 17:51:16,612 - mkDir.py - DEBUG: logs目录已存在：F:/pythoncode/learn_pytest_20200720/page/home
2021-08-05 17:51:16,612 - writeCaseYaml.py - DEBUG: 从F:/pythoncode/learn_pytest_20200720/data/目录下，读取文件second.chlsj
2021-08-05 17:51:16,613 - mkDir.py - DEBUG: logs目录已存在：F:/pythoncode/learn_pytest_20200720/page/user
2021-08-05 17:51:16,614 - writeCaseYaml.py - DEBUG: 从F:/pythoncode/learn_pytest_20200720/data/目录下，读取文件three.chlsj
2021-08-05 17:51:16,615 - mkDir.py - DEBUG: logs目录已存在：F:/pythoncode/learn_pytest_20200720/page/home
2021-08-05 17:51:16,617 - mkDir.py - DEBUG: logs目录已存在：F:/pythoncode/learn_pytest_20200720/testcase/home
2021-08-05 17:51:17,724 - apiSend.py - INFO: ================================================================================
2021-08-05 17:51:17,724 - apiSend.py - DEBUG: 请求头处理结果：{'Host': 'api.652615.com', 'X-Liuyi-App-Key': 'fa2f1a6dc9726b1ed50f3a4d430a9e67', 'Accept': 'application/json, text/plain, */*', 'Authorization': 'Bearer 9b5f39bae4784a8db7863d4fd3eea20b', 'Accept-Language': 'zh-cn', 'Accept-Encoding': 'gzip, deflate', 'Content-Type': 'application/x-www-form-urlencoded;charset=utf-8', 'X-Liuyi-Device-ID': 'fa2f1a6dc9726b1ed50f3a4d430a9e67', 'Origin': 'http://rest56.652615.com', 'User-Agent': 'Mozilla/5.0 (iPhone; CPU iPhone OS 12_5_2 like Mac OS X) AppleWebKit/605.1.15 (KHTML, like Gecko) Mobile/15E148', 'Referer': 'http://rest56.652615.com/?appKey=fa2f1a6dc9726b1ed50f3a4d430a9e67&deviceId=fa2f1a6dc9726b1ed50f3a4d430a9e67&wechat=0', 'Connection': 'keep-alive'}
2021-08-05 17:51:17,724 - apiSend.py - DEBUG: 请求参数处理结果：{'time': 1628157076}
2021-08-05 17:51:17,725 - apiSend.py - DEBUG: host处理结果： api.652615.com
2021-08-05 17:51:17,725 - apiSend.py - INFO: 请求接口：edugao
2021-08-05 17:51:17,725 - apiSend.py - INFO: 请求头: {'Host': 'api.652615.com', 'X-Liuyi-App-Key': 'fa2f1a6dc9726b1ed50f3a4d430a9e67', 'Accept': 'application/json, text/plain, */*', 'Authorization': 'Bearer 9b5f39bae4784a8db7863d4fd3eea20b', 'Accept-Language': 'zh-cn', 'Accept-Encoding': 'gzip, deflate', 'Content-Type': 'application/x-www-form-urlencoded;charset=utf-8', 'X-Liuyi-Device-ID': 'fa2f1a6dc9726b1ed50f3a4d430a9e67', 'Origin': 'http://rest56.652615.com', 'User-Agent': 'Mozilla/5.0 (iPhone; CPU iPhone OS 12_5_2 like Mac OS X) AppleWebKit/605.1.15 (KHTML, like Gecko) Mobile/15E148', 'Referer': 'http://rest56.652615.com/?appKey=fa2f1a6dc9726b1ed50f3a4d430a9e67&deviceId=fa2f1a6dc9726b1ed50f3a4d430a9e67&wechat=0', 'Connection': 'keep-alive'}
2021-08-05 17:51:17,725 - apiSend.py - INFO: 请求参数: {'time': 1628157076}
2021-08-05 17:51:17,725 - apiSend.py - INFO: 请求方法: GET
2021-08-05 17:51:17,727 - connectionpool.py - DEBUG: Starting new HTTP connection (1): api.652615.com:80
2021-08-05 17:51:17,869 - connectionpool.py - DEBUG: http://api.652615.com:80 "GET /liuyi/rest76/home/edugao?time=1628157076 HTTP/1.1" 200 691
2021-08-05 17:51:17,872 - apiSend.py - INFO: 请求接口结果：
 (200, {'code': 200, 'data': [{'applyProcess': 97, 'cover': 'http://image.652615.com/2021/07/3a79ee72da554b6780117298f58b257b.png', 'detail': '新用户注册 送好礼', 'id': '1070832215790419968', 'loanMax': 30000, 'loanMin': 8000, 'loanTerm': '12', 'loanUrl': 'https://h5.shanying-inc.com/eros-front/promoteChannel/midPage?uuid=3c32515cf8864938a5d3a61095a78d0e', 'logo': 'http://image.652615.com/2021/07/266dde805cf44b678cdc0f8d5e507845.png', 'numbers': 8823, 'passing': 0, 'rate': 0.03, 'rateType': 1, 'seal': '会员普贷', 'sealLogo': 'http://image.652615.com/2021/04/538031ad077142839159b9128aece342.png', 'tags': '', 'termMax': 12, 'termMaxType': 1, 'termMin': 1, 'termMinType': 1, 'title': '普咚花', 'vipLimit': 1}], 'message': ''})
2021-08-05 17:51:17,879 - apiSend.py - INFO: ================================================================================
2021-08-05 17:51:17,880 - apiSend.py - DEBUG: 请求头处理结果：{'Host': 'api.652615.com', 'X-Liuyi-App-Key': 'fa2f1a6dc9726b1ed50f3a4d430a9e67', 'Accept': 'application/json, text/plain, */*', 'Authorization': 'Bearer 9b5f39bae4784a8db7863d4fd3eea20b', 'Accept-Language': 'zh-cn', 'Accept-Encoding': 'gzip, deflate', 'Content-Type': 'application/x-www-form-urlencoded;charset=utf-8', 'X-Liuyi-Device-ID': 'fa2f1a6dc9726b1ed50f3a4d430a9e67', 'Origin': 'http://rest56.652615.com', 'User-Agent': 'Mozilla/5.0 (iPhone; CPU iPhone OS 12_5_2 like Mac OS X) AppleWebKit/605.1.15 (KHTML, like Gecko) Mobile/15E148', 'Referer': 'http://rest56.652615.com/?appKey=fa2f1a6dc9726b1ed50f3a4d430a9e67&deviceId=fa2f1a6dc9726b1ed50f3a4d430a9e67&wechat=0', 'Connection': 'keep-alive'}
2021-08-05 17:51:17,880 - apiSend.py - DEBUG: 请求参数处理结果：{'time': 1628151452}
2021-08-05 17:51:17,881 - apiSend.py - DEBUG: host处理结果： api.652615.com
2021-08-05 17:51:17,881 - apiSend.py - INFO: 请求接口：meirijingxuan
2021-08-05 17:51:17,881 - apiSend.py - INFO: 请求头: {'Host': 'api.652615.com', 'X-Liuyi-App-Key': 'fa2f1a6dc9726b1ed50f3a4d430a9e67', 'Accept': 'application/json, text/plain, */*', 'Authorization': 'Bearer 9b5f39bae4784a8db7863d4fd3eea20b', 'Accept-Language': 'zh-cn', 'Accept-Encoding': 'gzip, deflate', 'Content-Type': 'application/x-www-form-urlencoded;charset=utf-8', 'X-Liuyi-Device-ID': 'fa2f1a6dc9726b1ed50f3a4d430a9e67', 'Origin': 'http://rest56.652615.com', 'User-Agent': 'Mozilla/5.0 (iPhone; CPU iPhone OS 12_5_2 like Mac OS X) AppleWebKit/605.1.15 (KHTML, like Gecko) Mobile/15E148', 'Referer': 'http://rest56.652615.com/?appKey=fa2f1a6dc9726b1ed50f3a4d430a9e67&deviceId=fa2f1a6dc9726b1ed50f3a4d430a9e67&wechat=0', 'Connection': 'keep-alive'}
2021-08-05 17:51:17,882 - apiSend.py - INFO: 请求参数: {'time': 1628151452}
2021-08-05 17:51:17,883 - apiSend.py - INFO: 请求方法: GET
2021-08-05 17:51:17,887 - connectionpool.py - DEBUG: Starting new HTTP connection (1): api.652615.com:80
2021-08-05 17:51:18,036 - connectionpool.py - DEBUG: http://api.652615.com:80 "GET /liuyi/rest76/home/meirijingxuan?time=1628151452 HTTP/1.1" 200 3268
2021-08-05 17:51:18,039 - apiSend.py - INFO: 请求接口结果：
 (200, {'code': 200, 'data': [{'applyProcess': 97, 'cover': 'http://image.652615.com/2020/07/ae8c2bbc9dfa4a058ed11573c03b04bd.png', 'detail': '随借随还 30秒审批 1分钟到账', 'id': '1070461949172318208', 'loanMax': 30000, 'loanMin': 2000, 'loanTerm': '12', 'loanUrl': 'https://stg.shantaokeji.cn/channel/tjhChannelRegister.html?channel=zhangshanghua1', 'logo': 'http://image.652615.com/2021/07/9eb7451d9a404839aadcd625c1027b41.png', 'numbers': 4274, 'passing': 0, 'rate': 0.02, 'rateType': 1, 'seal': '会员淘金贷', 'sealLogo': 'http://image.652615.com/2020/12/cba7cf5f81ff4a4ebe38deb765950416.png', 'tags': '', 'termMax': 12, 'termMaxType': 1, 'termMin': 1, 'termMinType': 1, 'title': '淘金荟', 'vipLimit': 1}, {'applyProcess': 95, 'cover': 'http://image.652615.com/2021/07/3a79ee72da554b6780117298f58b257b.png', 'detail': '新用户注册 送好礼', 'id': '1070832215790419968', 'loanMax': 30000, 'loanMin': 8000, 'loanTerm': '12', 'loanUrl': 'https://h5.shanying-inc.com/eros-front/promoteChannel/midPage?uuid=3c32515cf8864938a5d3a61095a78d0e', 'logo': 'http://image.652615.com/2021/07/266dde805cf44b678cdc0f8d5e507845.png', 'numbers': 8823, 'passing': 0, 'rate': 0.03, 'rateType': 1, 'seal': '会员普贷', 'sealLogo': 'http://image.652615.com/2021/04/538031ad077142839159b9128aece342.png', 'tags': '', 'termMax': 12, 'termMaxType': 1, 'termMin': 1, 'termMinType': 1, 'title': '普咚花', 'vipLimit': 1}, {'applyProcess': 89, 'cover': 'http://image.652615.com/2020/03/25d2cc9eed024710b0d0135c286c18fb.png', 'detail': '简单申请坐等下款', 'id': '1070384239261794304', 'loanMax': 50000, 'loanMin': 2000, 'loanTerm': '12', 'loanUrl': 'https://jr.ly.com/mkt-wechat/activity/h5/AII6NJ?media=dczhangshanghua&woa=tc#/', 'logo': 'http://image.652615.com/2021/07/535306f96bfc45559ec3b895008a7642.png', 'numbers': 4341, 'passing': 0, 'rate': 0.02, 'rateType': 1, 'seal': '会员工薪贷', 'sealLogo': 'http://image.652615.com/2020/11/d875036b615c4d0882a429cc62ace768.png', 'tags': '', 'termMax': 12, 'termMaxType': 1, 'termMin': 1, 'termMinType': 1, 'title': '提钱游', 'vipLimit': 1}, {'applyProcess': 95, 'cover': 'http://image.652615.com/2021/06/772f218b02234b9fb7a1aa1422dbb9f1.png', 'detail': '一键申请 快到账', 'id': '1037112896605421568', 'loanMax': 30000, 'loanMin': 6000, 'loanTerm': '三个月', 'loanUrl': 'https://h5.channel.dai365.cn/lhq/register-new/tBK5FhEiIHzm7Kr5.html', 'logo': 'http://image.652615.com/2021/08/befaa59cf75c48b6bd0277463324d956.png', 'numbers': 38245, 'passing': 0, 'rate': 0.02, 'rateType': 0, 'seal': '会员工薪贷', 'sealLogo': 'http://image.652615.com/2020/09/2a23278c407b4c44865baae25278de64.png', 'tags': '极速下款', 'termMax': 12, 'termMaxType': 1, 'termMin': 1, 'termMinType': 1, 'title': '零花钱', 'vipLimit': 1}, {'applyProcess': 96, 'cover': 'http://image.652615.com/2020/03/25d2cc9eed024710b0d0135c286c18fb.png', 'detail': '持信用卡用户 必到账', 'id': '1051953181695705088', 'loanMax': 50000, 'loanMin': 2000, 'loanTerm': '6', 'loanUrl': 'https://tg.51gjj.com/act/request/link_redirect/download/1078/', 'logo': 'http://image.652615.com/2021/07/57ac0b695db8479a8e63700c612f99d2.png', 'numbers': 6379, 'passing': 0, 'rate': 0.02, 'rateType': 0, 'seal': '会员信用贷', 'sealLogo': 'http://image.652615.com/2020/10/ab15f900a77e4f33a14f7432f68881ed.png', 'tags': '', 'termMax': 12, 'termMaxType': 1, 'termMin': 1, 'termMinType': 1, 'title': '51公积金-首月减息', 'vipLimit': 1}], 'message': ''})
2021-08-05 17:51:18,047 - apiSend.py - INFO: ================================================================================
2021-08-05 17:51:18,048 - apiSend.py - DEBUG: 请求头处理结果：{'Host': 'api.652615.com', 'X-Liuyi-App-Key': 'fa2f1a6dc9726b1ed50f3a4d430a9e67', 'Accept': 'application/json, text/plain, */*', 'Authorization': 'Bearer 9b5f39bae4784a8db7863d4fd3eea20b', 'Accept-Language': 'zh-cn', 'Accept-Encoding': 'gzip, deflate', 'Content-Type': 'application/x-www-form-urlencoded;charset=utf-8', 'X-Liuyi-Device-ID': 'fa2f1a6dc9726b1ed50f3a4d430a9e67', 'Origin': 'http://rest56.652615.com', 'User-Agent': 'Mozilla/5.0 (iPhone; CPU iPhone OS 12_5_2 like Mac OS X) AppleWebKit/605.1.15 (KHTML, like Gecko) Mobile/15E148', 'Referer': 'http://rest56.652615.com/?appKey=fa2f1a6dc9726b1ed50f3a4d430a9e67&deviceId=fa2f1a6dc9726b1ed50f3a4d430a9e67&wechat=0', 'Connection': 'keep-alive'}
2021-08-05 17:51:18,048 - apiSend.py - DEBUG: 请求参数处理结果：{'pageNo': '1', 'pageSize': '5'}
2021-08-05 17:51:18,049 - apiSend.py - DEBUG: host处理结果： api.652615.com
2021-08-05 17:51:18,050 - apiSend.py - INFO: 请求接口：youxuantuijian
2021-08-05 17:51:18,050 - apiSend.py - INFO: 请求头: {'Host': 'api.652615.com', 'X-Liuyi-App-Key': 'fa2f1a6dc9726b1ed50f3a4d430a9e67', 'Accept': 'application/json, text/plain, */*', 'Authorization': 'Bearer 9b5f39bae4784a8db7863d4fd3eea20b', 'Accept-Language': 'zh-cn', 'Accept-Encoding': 'gzip, deflate', 'Content-Type': 'application/x-www-form-urlencoded;charset=utf-8', 'X-Liuyi-Device-ID': 'fa2f1a6dc9726b1ed50f3a4d430a9e67', 'Origin': 'http://rest56.652615.com', 'User-Agent': 'Mozilla/5.0 (iPhone; CPU iPhone OS 12_5_2 like Mac OS X) AppleWebKit/605.1.15 (KHTML, like Gecko) Mobile/15E148', 'Referer': 'http://rest56.652615.com/?appKey=fa2f1a6dc9726b1ed50f3a4d430a9e67&deviceId=fa2f1a6dc9726b1ed50f3a4d430a9e67&wechat=0', 'Connection': 'keep-alive'}
2021-08-05 17:51:18,051 - apiSend.py - INFO: 请求参数: {'pageNo': '1', 'pageSize': '5'}
2021-08-05 17:51:18,052 - apiSend.py - INFO: 请求方法: GET
2021-08-05 17:51:18,058 - connectionpool.py - DEBUG: Starting new HTTP connection (1): api.652615.com:80
2021-08-05 17:51:18,187 - connectionpool.py - DEBUG: http://api.652615.com:80 "GET /liuyi/rest76/home/youxuantuijian?pageNo=1&pageSize=5 HTTP/1.1" 200 3268
2021-08-05 17:51:18,190 - apiSend.py - INFO: 请求接口结果：
 (200, {'code': 200, 'data': [{'applyProcess': 94, 'cover': 'http://image.652615.com/2020/07/ae8c2bbc9dfa4a058ed11573c03b04bd.png', 'detail': '随借随还 30秒审批 1分钟到账', 'id': '1070461949172318208', 'loanMax': 30000, 'loanMin': 2000, 'loanTerm': '12', 'loanUrl': 'https://stg.shantaokeji.cn/channel/tjhChannelRegister.html?channel=zhangshanghua1', 'logo': 'http://image.652615.com/2021/07/9eb7451d9a404839aadcd625c1027b41.png', 'numbers': 4274, 'passing': 0, 'rate': 0.02, 'rateType': 1, 'seal': '会员淘金贷', 'sealLogo': 'http://image.652615.com/2020/12/cba7cf5f81ff4a4ebe38deb765950416.png', 'tags': '', 'termMax': 12, 'termMaxType': 1, 'termMin': 1, 'termMinType': 1, 'title': '淘金荟', 'vipLimit': 1}, {'applyProcess': 94, 'cover': 'http://image.652615.com/2021/07/3a79ee72da554b6780117298f58b257b.png', 'detail': '新用户注册 送好礼', 'id': '1070832215790419968', 'loanMax': 30000, 'loanMin': 8000, 'loanTerm': '12', 'loanUrl': 'https://h5.shanying-inc.com/eros-front/promoteChannel/midPage?uuid=3c32515cf8864938a5d3a61095a78d0e', 'logo': 'http://image.652615.com/2021/07/266dde805cf44b678cdc0f8d5e507845.png', 'numbers': 8823, 'passing': 0, 'rate': 0.03, 'rateType': 1, 'seal': '会员普贷', 'sealLogo': 'http://image.652615.com/2021/04/538031ad077142839159b9128aece342.png', 'tags': '', 'termMax': 12, 'termMaxType': 1, 'termMin': 1, 'termMinType': 1, 'title': '普咚花', 'vipLimit': 1}, {'applyProcess': 88, 'cover': 'http://image.652615.com/2021/06/772f218b02234b9fb7a1aa1422dbb9f1.png', 'detail': '一键申请 快到账', 'id': '1037112896605421568', 'loanMax': 30000, 'loanMin': 6000, 'loanTerm': '三个月', 'loanUrl': 'https://h5.channel.dai365.cn/lhq/register-new/tBK5FhEiIHzm7Kr5.html', 'logo': 'http://image.652615.com/2021/08/befaa59cf75c48b6bd0277463324d956.png', 'numbers': 38245, 'passing': 0, 'rate': 0.02, 'rateType': 0, 'seal': '会员工薪贷', 'sealLogo': 'http://image.652615.com/2020/09/2a23278c407b4c44865baae25278de64.png', 'tags': '极速下款', 'termMax': 12, 'termMaxType': 1, 'termMin': 1, 'termMinType': 1, 'title': '零花钱', 'vipLimit': 1}, {'applyProcess': 90, 'cover': 'http://image.652615.com/2020/03/25d2cc9eed024710b0d0135c286c18fb.png', 'detail': '简单申请坐等下款', 'id': '1070384239261794304', 'loanMax': 50000, 'loanMin': 2000, 'loanTerm': '12', 'loanUrl': 'https://jr.ly.com/mkt-wechat/activity/h5/AII6NJ?media=dczhangshanghua&woa=tc#/', 'logo': 'http://image.652615.com/2021/07/535306f96bfc45559ec3b895008a7642.png', 'numbers': 4341, 'passing': 0, 'rate': 0.02, 'rateType': 1, 'seal': '会员工薪贷', 'sealLogo': 'http://image.652615.com/2020/11/d875036b615c4d0882a429cc62ace768.png', 'tags': '', 'termMax': 12, 'termMaxType': 1, 'termMin': 1, 'termMinType': 1, 'title': '提钱游', 'vipLimit': 1}, {'applyProcess': 93, 'cover': 'http://image.652615.com/2020/03/25d2cc9eed024710b0d0135c286c18fb.png', 'detail': '持信用卡用户 必到账', 'id': '1051953181695705088', 'loanMax': 50000, 'loanMin': 2000, 'loanTerm': '6', 'loanUrl': 'https://tg.51gjj.com/act/request/link_redirect/download/1078/', 'logo': 'http://image.652615.com/2021/07/57ac0b695db8479a8e63700c612f99d2.png', 'numbers': 6379, 'passing': 0, 'rate': 0.02, 'rateType': 0, 'seal': '会员信用贷', 'sealLogo': 'http://image.652615.com/2020/10/ab15f900a77e4f33a14f7432f68881ed.png', 'tags': '', 'termMax': 12, 'termMaxType': 1, 'termMin': 1, 'termMinType': 1, 'title': '51公积金-首月减息', 'vipLimit': 1}], 'message': ''})
2021-08-05 17:51:18,199 - apiSend.py - INFO: ================================================================================
2021-08-05 17:51:18,200 - apiSend.py - DEBUG: 请求头处理结果：{'Host': 'api.652615.com', 'X-Liuyi-App-Key': '735448165a81e5d026c69c653d5423b7', 'Accept': 'application/json, text/plain, */*', 'Authorization': 'Bearer 17d58d9224132591710dc7f6a251ce9f', 'Accept-Language': 'zh-cn', 'Accept-Encoding': 'gzip, deflate', 'Content-Type': 'application/x-www-form-urlencoded;charset=utf-8', 'X-Liuyi-Device-ID': '1B71FD42-A458-4E9A-9A0D-94AE0827AE7A', 'Origin': 'http://rest56.652615.com', 'User-Agent': 'Mozilla/5.0 (iPhone; CPU iPhone OS 12_5_2 like Mac OS X) AppleWebKit/605.1.15 (KHTML, like Gecko) Mobile/15E148', 'Referer': 'http://rest56.652615.com/?appKey=735448165a81e5d026c69c653d5423b7&deviceId=1B71FD42-A458-4E9A-9A0D-94AE0827AE7A&wechat=0', 'Connection': 'keep-alive'}
2021-08-05 17:51:18,200 - apiSend.py - DEBUG: 请求参数处理结果：{'aaa': 'bbb'}
2021-08-05 17:51:18,201 - apiSend.py - DEBUG: host处理结果： api.652615.com
2021-08-05 17:51:18,201 - apiSend.py - INFO: 请求接口：first_in
2021-08-05 17:51:18,202 - apiSend.py - INFO: 请求头: {'Host': 'api.652615.com', 'X-Liuyi-App-Key': '735448165a81e5d026c69c653d5423b7', 'Accept': 'application/json, text/plain, */*', 'Authorization': 'Bearer 17d58d9224132591710dc7f6a251ce9f', 'Accept-Language': 'zh-cn', 'Accept-Encoding': 'gzip, deflate', 'Content-Type': 'application/x-www-form-urlencoded;charset=utf-8', 'X-Liuyi-Device-ID': '1B71FD42-A458-4E9A-9A0D-94AE0827AE7A', 'Origin': 'http://rest56.652615.com', 'User-Agent': 'Mozilla/5.0 (iPhone; CPU iPhone OS 12_5_2 like Mac OS X) AppleWebKit/605.1.15 (KHTML, like Gecko) Mobile/15E148', 'Referer': 'http://rest56.652615.com/?appKey=735448165a81e5d026c69c653d5423b7&deviceId=1B71FD42-A458-4E9A-9A0D-94AE0827AE7A&wechat=0', 'Connection': 'keep-alive'}
2021-08-05 17:51:18,202 - apiSend.py - INFO: 请求参数: {'aaa': 'bbb'}
2021-08-05 17:51:18,203 - apiSend.py - INFO: 请求方法: GET
2021-08-05 17:51:18,208 - connectionpool.py - DEBUG: Starting new HTTP connection (1): api.652615.com:80
2021-08-05 17:51:18,300 - connectionpool.py - DEBUG: http://api.652615.com:80 "GET /liuyi/rest76/user/first_in?aaa=bbb HTTP/1.1" 200 53
2021-08-05 17:51:18,302 - apiSend.py - INFO: 请求接口结果：
 (200, {'code': 200, 'data': {'first': 0, 'type': 1}, 'message': ''})
2021-08-05 17:51:18,305 - apiSend.py - INFO: ================================================================================
2021-08-05 17:51:18,306 - apiSend.py - DEBUG: 请求头处理结果：{'Host': 'api.652615.com', 'X-Liuyi-App-Key': '735448165a81e5d026c69c653d5423b7', 'Accept': 'application/json, text/plain, */*', 'Authorization': 'Bearer 17d58d9224132591710dc7f6a251ce9f', 'Accept-Language': 'zh-cn', 'Accept-Encoding': 'gzip, deflate', 'Content-Type': 'application/x-www-form-urlencoded;charset=utf-8', 'X-Liuyi-Device-ID': '1B71FD42-A458-4E9A-9A0D-94AE0827AE7A', 'Origin': 'http://rest56.652615.com', 'User-Agent': 'Mozilla/5.0 (iPhone; CPU iPhone OS 12_5_2 like Mac OS X) AppleWebKit/605.1.15 (KHTML, like Gecko) Mobile/15E148', 'Referer': 'http://rest56.652615.com/?appKey=735448165a81e5d026c69c653d5423b7&deviceId=1B71FD42-A458-4E9A-9A0D-94AE0827AE7A&wechat=0', 'Connection': 'keep-alive'}
2021-08-05 17:51:18,306 - apiSend.py - DEBUG: 请求参数处理结果：{'aaa': 'bbb'}
2021-08-05 17:51:18,306 - apiSend.py - DEBUG: host处理结果： api.652615.com
2021-08-05 17:51:18,306 - apiSend.py - INFO: 请求接口：vip_info
2021-08-05 17:51:18,307 - apiSend.py - INFO: 请求头: {'Host': 'api.652615.com', 'X-Liuyi-App-Key': '735448165a81e5d026c69c653d5423b7', 'Accept': 'application/json, text/plain, */*', 'Authorization': 'Bearer 17d58d9224132591710dc7f6a251ce9f', 'Accept-Language': 'zh-cn', 'Accept-Encoding': 'gzip, deflate', 'Content-Type': 'application/x-www-form-urlencoded;charset=utf-8', 'X-Liuyi-Device-ID': '1B71FD42-A458-4E9A-9A0D-94AE0827AE7A', 'Origin': 'http://rest56.652615.com', 'User-Agent': 'Mozilla/5.0 (iPhone; CPU iPhone OS 12_5_2 like Mac OS X) AppleWebKit/605.1.15 (KHTML, like Gecko) Mobile/15E148', 'Referer': 'http://rest56.652615.com/?appKey=735448165a81e5d026c69c653d5423b7&deviceId=1B71FD42-A458-4E9A-9A0D-94AE0827AE7A&wechat=0', 'Connection': 'keep-alive'}
2021-08-05 17:51:18,307 - apiSend.py - INFO: 请求参数: {'aaa': 'bbb'}
2021-08-05 17:51:18,307 - apiSend.py - INFO: 请求方法: GET
2021-08-05 17:51:18,310 - connectionpool.py - DEBUG: Starting new HTTP connection (1): api.652615.com:80
2021-08-05 17:51:18,502 - connectionpool.py - DEBUG: http://api.652615.com:80 "GET /liuyi/rest76/user/vip_info?aaa=bbb HTTP/1.1" 200 68
2021-08-05 17:51:18,503 - apiSend.py - INFO: 请求接口结果：
 (200, {'code': 200, 'data': {'avaliable': 0, 'vip': 1, 'vipType': 1}, 'message': ''})
